[0.054s] Invoking command in '/home/turtlebot/nav2_ws/build/dwb_plugins': AMENT_PREFIX_PATH=/home/turtlebot/nav2_ws/install/dwb_core:/home/turtlebot/nav2_ws/install/nav2_core:/home/turtlebot/nav2_ws/install/nav2_costmap_2d:/home/turtlebot/nav2_ws/install/nav_2d_utils:/home/turtlebot/nav2_ws/install/nav2_util:/home/turtlebot/nav2_ws/install/nav2_voxel_grid:/home/turtlebot/nav2_ws/install/nav2_msgs:/home/turtlebot/nav2_ws/install/dwb_msgs:/home/turtlebot/nav2_ws/install/nav_2d_msgs:/home/turtlebot/nav2_ws/install/nav2_common:${AMENT_PREFIX_PATH} CMAKE_PREFIX_PATH=/home/turtlebot/nav2_ws/install/dwb_core:/home/turtlebot/nav2_ws/install/nav2_core:/home/turtlebot/nav2_ws/install/nav2_costmap_2d:/home/turtlebot/nav2_ws/install/nav_2d_utils:/home/turtlebot/nav2_ws/install/nav2_util:/home/turtlebot/nav2_ws/install/nav2_voxel_grid:/home/turtlebot/nav2_ws/install/nav2_msgs:/home/turtlebot/nav2_ws/install/dwb_msgs:/home/turtlebot/nav2_ws/install/nav_2d_msgs:/home/turtlebot/nav2_ws/install/nav2_common:/home/turtlebot/robot_ws/install/turtlebot3:/home/turtlebot/robot_ws/install/nav2_example:/home/turtlebot/robot_ws/install/my_package:/home/turtlebot/robot_ws/install/my_navigation_pkg:/home/turtlebot/robot_ws/install/forward1:/opt/ros/foxy LD_LIBRARY_PATH=/home/turtlebot/nav2_ws/install/dwb_core/lib:/home/turtlebot/nav2_ws/install/nav2_costmap_2d/lib:/home/turtlebot/nav2_ws/install/nav_2d_utils/lib:/home/turtlebot/nav2_ws/install/nav2_util/lib:/home/turtlebot/nav2_ws/install/nav2_voxel_grid/lib:/home/turtlebot/nav2_ws/install/nav2_msgs/lib:/home/turtlebot/nav2_ws/install/dwb_msgs/lib:/home/turtlebot/nav2_ws/install/nav_2d_msgs/lib:${LD_LIBRARY_PATH} PYTHONPATH=/home/turtlebot/nav2_ws/install/nav2_msgs/lib/python3.8/site-packages:/home/turtlebot/nav2_ws/install/dwb_msgs/lib/python3.8/site-packages:/home/turtlebot/nav2_ws/install/nav_2d_msgs/lib/python3.8/site-packages:/home/turtlebot/nav2_ws/install/nav2_common/lib/python3.8/site-packages:${PYTHONPATH} /usr/bin/cmake /home/turtlebot/nav2_ws/src/navigation2/nav2_dwb_controller/dwb_plugins -DAMENT_CMAKE_SYMLINK_INSTALL=1 -DCMAKE_INSTALL_PREFIX=/home/turtlebot/nav2_ws/install/dwb_plugins
[0.135s] -- The C compiler identification is GNU 9.4.0
[0.207s] -- The CXX compiler identification is GNU 9.4.0
[0.215s] -- Check for working C compiler: /usr/bin/cc
[0.313s] -- Check for working C compiler: /usr/bin/cc -- works
[0.313s] -- Detecting C compiler ABI info
[0.415s] -- Detecting C compiler ABI info - done
[0.433s] -- Detecting C compile features
[0.434s] -- Detecting C compile features - done
[0.438s] -- Check for working CXX compiler: /usr/bin/c++
[0.554s] -- Check for working CXX compiler: /usr/bin/c++ -- works
[0.554s] -- Detecting CXX compiler ABI info
[0.665s] -- Detecting CXX compiler ABI info - done
[0.674s] -- Detecting CXX compile features
[0.674s] -- Detecting CXX compile features - done
[0.678s] -- Found ament_cmake: 0.9.11 (/opt/ros/foxy/share/ament_cmake/cmake)
[0.729s] -- Found PythonInterp: /usr/bin/python3 (found suitable version "3.8.10", minimum required is "3") 
[0.729s] -- Using PYTHON_EXECUTABLE: /usr/bin/python3
[0.989s] -- Override CMake install command with custom implementation using symlinks instead of copying resources
[1.031s] -- Found nav2_common: 0.4.7 (/home/turtlebot/nav2_ws/install/nav2_common/share/nav2_common/cmake)
[1.035s] -- Found angles: 1.12.6 (/opt/ros/foxy/share/angles/cmake)
[1.037s] -- Found dwb_core: 0.4.7 (/home/turtlebot/nav2_ws/install/dwb_core/share/dwb_core/cmake)
[1.136s] -- Using all available rosidl_typesupport_c: rosidl_typesupport_fastrtps_c;rosidl_typesupport_introspection_c
[1.149s] -- Found rosidl_adapter: 1.3.0 (/opt/ros/foxy/share/rosidl_adapter/cmake)
[1.265s] -- Found OpenSSL: /usr/lib/x86_64-linux-gnu/libcrypto.so (found version "1.1.1f")  
[1.306s] -- Found FastRTPS: /opt/ros/foxy/include  
[1.425s] -- Using all available rosidl_typesupport_cpp: rosidl_typesupport_fastrtps_cpp;rosidl_typesupport_introspection_cpp
[1.513s] -- Found rmw_implementation_cmake: 1.0.4 (/opt/ros/foxy/share/rmw_implementation_cmake/cmake)
[1.516s] -- Using RMW implementation 'rmw_fastrtps_cpp' as default
[1.518s] -- Looking for pthread.h
[1.629s] -- Looking for pthread.h - found
[1.629s] -- Performing Test CMAKE_HAVE_LIBC_PTHREAD
[1.732s] -- Performing Test CMAKE_HAVE_LIBC_PTHREAD - Failed
[1.732s] -- Looking for pthread_create in pthreads
[1.817s] -- Looking for pthread_create in pthreads - not found
[1.817s] -- Looking for pthread_create in pthread
[1.917s] -- Looking for pthread_create in pthread - found
[1.917s] -- Found Threads: TRUE  
[4.172s] -- Found Eigen3: TRUE (found version "3.3.7") 
[9.331s] -- Setting build type to Release as none was specified.
[17.361s] -- Found ament_lint_auto: 0.9.8 (/opt/ros/foxy/share/ament_lint_auto/cmake)
[17.674s] -- Found gtest sources under '/opt/ros/foxy/src/gtest_vendor': C++ tests using 'Google Test' will be built
[17.683s] -- Check if compiler accepts -pthread
[17.967s] -- Check if compiler accepts -pthread - yes
[18.017s] -- Added test 'cppcheck' to perform static code analysis on C / C++ code
[18.019s] -- Configured cppcheck include dirs: /home/turtlebot/nav2_ws/src/navigation2/nav2_dwb_controller/dwb_plugins/include
[18.020s] -- Configured cppcheck exclude dirs and/or files: 
[18.027s] -- Added test 'cpplint' to check C / C++ code against the Google style
[18.028s] -- Configured cpplint exclude dirs and/or files: 
[18.033s] -- Added test 'lint_cmake' to check CMake code style
[18.040s] -- Added test 'uncrustify' to check C / C++ code style
[18.041s] -- Configured uncrustify additional arguments: 
[18.047s] -- Added test 'xmllint' to check XML markup files
[18.080s] -- Configuring done
[18.361s] -- Generating done
[18.372s] -- Build files have been written to: /home/turtlebot/nav2_ws/build/dwb_plugins
[18.406s] Invoked command in '/home/turtlebot/nav2_ws/build/dwb_plugins' returned '0': AMENT_PREFIX_PATH=/home/turtlebot/nav2_ws/install/dwb_core:/home/turtlebot/nav2_ws/install/nav2_core:/home/turtlebot/nav2_ws/install/nav2_costmap_2d:/home/turtlebot/nav2_ws/install/nav_2d_utils:/home/turtlebot/nav2_ws/install/nav2_util:/home/turtlebot/nav2_ws/install/nav2_voxel_grid:/home/turtlebot/nav2_ws/install/nav2_msgs:/home/turtlebot/nav2_ws/install/dwb_msgs:/home/turtlebot/nav2_ws/install/nav_2d_msgs:/home/turtlebot/nav2_ws/install/nav2_common:${AMENT_PREFIX_PATH} CMAKE_PREFIX_PATH=/home/turtlebot/nav2_ws/install/dwb_core:/home/turtlebot/nav2_ws/install/nav2_core:/home/turtlebot/nav2_ws/install/nav2_costmap_2d:/home/turtlebot/nav2_ws/install/nav_2d_utils:/home/turtlebot/nav2_ws/install/nav2_util:/home/turtlebot/nav2_ws/install/nav2_voxel_grid:/home/turtlebot/nav2_ws/install/nav2_msgs:/home/turtlebot/nav2_ws/install/dwb_msgs:/home/turtlebot/nav2_ws/install/nav_2d_msgs:/home/turtlebot/nav2_ws/install/nav2_common:/home/turtlebot/robot_ws/install/turtlebot3:/home/turtlebot/robot_ws/install/nav2_example:/home/turtlebot/robot_ws/install/my_package:/home/turtlebot/robot_ws/install/my_navigation_pkg:/home/turtlebot/robot_ws/install/forward1:/opt/ros/foxy LD_LIBRARY_PATH=/home/turtlebot/nav2_ws/install/dwb_core/lib:/home/turtlebot/nav2_ws/install/nav2_costmap_2d/lib:/home/turtlebot/nav2_ws/install/nav_2d_utils/lib:/home/turtlebot/nav2_ws/install/nav2_util/lib:/home/turtlebot/nav2_ws/install/nav2_voxel_grid/lib:/home/turtlebot/nav2_ws/install/nav2_msgs/lib:/home/turtlebot/nav2_ws/install/dwb_msgs/lib:/home/turtlebot/nav2_ws/install/nav_2d_msgs/lib:${LD_LIBRARY_PATH} PYTHONPATH=/home/turtlebot/nav2_ws/install/nav2_msgs/lib/python3.8/site-packages:/home/turtlebot/nav2_ws/install/dwb_msgs/lib/python3.8/site-packages:/home/turtlebot/nav2_ws/install/nav_2d_msgs/lib/python3.8/site-packages:/home/turtlebot/nav2_ws/install/nav2_common/lib/python3.8/site-packages:${PYTHONPATH} /usr/bin/cmake /home/turtlebot/nav2_ws/src/navigation2/nav2_dwb_controller/dwb_plugins -DAMENT_CMAKE_SYMLINK_INSTALL=1 -DCMAKE_INSTALL_PREFIX=/home/turtlebot/nav2_ws/install/dwb_plugins
[18.416s] Invoking command in '/home/turtlebot/nav2_ws/build/dwb_plugins': AMENT_PREFIX_PATH=/home/turtlebot/nav2_ws/install/dwb_core:/home/turtlebot/nav2_ws/install/nav2_core:/home/turtlebot/nav2_ws/install/nav2_costmap_2d:/home/turtlebot/nav2_ws/install/nav_2d_utils:/home/turtlebot/nav2_ws/install/nav2_util:/home/turtlebot/nav2_ws/install/nav2_voxel_grid:/home/turtlebot/nav2_ws/install/nav2_msgs:/home/turtlebot/nav2_ws/install/dwb_msgs:/home/turtlebot/nav2_ws/install/nav_2d_msgs:/home/turtlebot/nav2_ws/install/nav2_common:${AMENT_PREFIX_PATH} CMAKE_PREFIX_PATH=/home/turtlebot/nav2_ws/install/dwb_core:/home/turtlebot/nav2_ws/install/nav2_core:/home/turtlebot/nav2_ws/install/nav2_costmap_2d:/home/turtlebot/nav2_ws/install/nav_2d_utils:/home/turtlebot/nav2_ws/install/nav2_util:/home/turtlebot/nav2_ws/install/nav2_voxel_grid:/home/turtlebot/nav2_ws/install/nav2_msgs:/home/turtlebot/nav2_ws/install/dwb_msgs:/home/turtlebot/nav2_ws/install/nav_2d_msgs:/home/turtlebot/nav2_ws/install/nav2_common:/home/turtlebot/robot_ws/install/turtlebot3:/home/turtlebot/robot_ws/install/nav2_example:/home/turtlebot/robot_ws/install/my_package:/home/turtlebot/robot_ws/install/my_navigation_pkg:/home/turtlebot/robot_ws/install/forward1:/opt/ros/foxy LD_LIBRARY_PATH=/home/turtlebot/nav2_ws/install/dwb_core/lib:/home/turtlebot/nav2_ws/install/nav2_costmap_2d/lib:/home/turtlebot/nav2_ws/install/nav_2d_utils/lib:/home/turtlebot/nav2_ws/install/nav2_util/lib:/home/turtlebot/nav2_ws/install/nav2_voxel_grid/lib:/home/turtlebot/nav2_ws/install/nav2_msgs/lib:/home/turtlebot/nav2_ws/install/dwb_msgs/lib:/home/turtlebot/nav2_ws/install/nav_2d_msgs/lib:${LD_LIBRARY_PATH} PYTHONPATH=/home/turtlebot/nav2_ws/install/nav2_msgs/lib/python3.8/site-packages:/home/turtlebot/nav2_ws/install/dwb_msgs/lib/python3.8/site-packages:/home/turtlebot/nav2_ws/install/nav_2d_msgs/lib/python3.8/site-packages:/home/turtlebot/nav2_ws/install/nav2_common/lib/python3.8/site-packages:${PYTHONPATH} /usr/bin/cmake --build /home/turtlebot/nav2_ws/build/dwb_plugins -- -j2 -l2
[18.597s] [35m[1mScanning dependencies of target standard_traj_generator[0m
[18.834s] [  7%] [32mBuilding CXX object CMakeFiles/standard_traj_generator.dir/src/standard_traj_generator.cpp.o[0m
[30.041s] [ 15%] [32mBuilding CXX object CMakeFiles/standard_traj_generator.dir/src/limited_accel_generator.cpp.o[0m
[38.290s] [ 23%] [32mBuilding CXX object CMakeFiles/standard_traj_generator.dir/src/kinematic_parameters.cpp.o[0m
[48.018s] [ 30%] [32mBuilding CXX object CMakeFiles/standard_traj_generator.dir/src/xy_theta_iterator.cpp.o[0m
[51.000s] [ 38%] [32m[1mLinking CXX shared library libstandard_traj_generator.so[0m
[51.268s] [ 38%] Built target standard_traj_generator
[51.284s] [35m[1mScanning dependencies of target gtest[0m
[51.308s] [ 46%] [32mBuilding CXX object gtest/CMakeFiles/gtest.dir/src/gtest-all.cc.o[0m
[61.100s] [ 53%] [32m[1mLinking CXX static library libgtest.a[0m
[61.158s] [ 53%] Built target gtest
[61.174s] [35m[1mScanning dependencies of target gtest_main[0m
[61.195s] [ 61%] [32mBuilding CXX object gtest/CMakeFiles/gtest_main.dir/src/gtest_main.cc.o[0m
[62.239s] [ 69%] [32m[1mLinking CXX static library libgtest_main.a[0m
[62.294s] [ 69%] Built target gtest_main
[62.311s] [35m[1mScanning dependencies of target twist_gen_test[0m
[62.393s] [ 76%] [32mBuilding CXX object test/CMakeFiles/twist_gen_test.dir/twist_gen.cpp.o[0m
[69.050s] [ 84%] [32m[1mLinking CXX executable twist_gen_test[0m
[69.368s] [ 84%] Built target twist_gen_test
[69.385s] [35m[1mScanning dependencies of target vtest[0m
[69.407s] [ 92%] [32mBuilding CXX object test/CMakeFiles/vtest.dir/velocity_iterator_test.cpp.o[0m
[71.011s] [100%] [32m[1mLinking CXX executable vtest[0m
[71.133s] [100%] Built target vtest
[71.150s] Invoked command in '/home/turtlebot/nav2_ws/build/dwb_plugins' returned '0': AMENT_PREFIX_PATH=/home/turtlebot/nav2_ws/install/dwb_core:/home/turtlebot/nav2_ws/install/nav2_core:/home/turtlebot/nav2_ws/install/nav2_costmap_2d:/home/turtlebot/nav2_ws/install/nav_2d_utils:/home/turtlebot/nav2_ws/install/nav2_util:/home/turtlebot/nav2_ws/install/nav2_voxel_grid:/home/turtlebot/nav2_ws/install/nav2_msgs:/home/turtlebot/nav2_ws/install/dwb_msgs:/home/turtlebot/nav2_ws/install/nav_2d_msgs:/home/turtlebot/nav2_ws/install/nav2_common:${AMENT_PREFIX_PATH} CMAKE_PREFIX_PATH=/home/turtlebot/nav2_ws/install/dwb_core:/home/turtlebot/nav2_ws/install/nav2_core:/home/turtlebot/nav2_ws/install/nav2_costmap_2d:/home/turtlebot/nav2_ws/install/nav_2d_utils:/home/turtlebot/nav2_ws/install/nav2_util:/home/turtlebot/nav2_ws/install/nav2_voxel_grid:/home/turtlebot/nav2_ws/install/nav2_msgs:/home/turtlebot/nav2_ws/install/dwb_msgs:/home/turtlebot/nav2_ws/install/nav_2d_msgs:/home/turtlebot/nav2_ws/install/nav2_common:/home/turtlebot/robot_ws/install/turtlebot3:/home/turtlebot/robot_ws/install/nav2_example:/home/turtlebot/robot_ws/install/my_package:/home/turtlebot/robot_ws/install/my_navigation_pkg:/home/turtlebot/robot_ws/install/forward1:/opt/ros/foxy LD_LIBRARY_PATH=/home/turtlebot/nav2_ws/install/dwb_core/lib:/home/turtlebot/nav2_ws/install/nav2_costmap_2d/lib:/home/turtlebot/nav2_ws/install/nav_2d_utils/lib:/home/turtlebot/nav2_ws/install/nav2_util/lib:/home/turtlebot/nav2_ws/install/nav2_voxel_grid/lib:/home/turtlebot/nav2_ws/install/nav2_msgs/lib:/home/turtlebot/nav2_ws/install/dwb_msgs/lib:/home/turtlebot/nav2_ws/install/nav_2d_msgs/lib:${LD_LIBRARY_PATH} PYTHONPATH=/home/turtlebot/nav2_ws/install/nav2_msgs/lib/python3.8/site-packages:/home/turtlebot/nav2_ws/install/dwb_msgs/lib/python3.8/site-packages:/home/turtlebot/nav2_ws/install/nav_2d_msgs/lib/python3.8/site-packages:/home/turtlebot/nav2_ws/install/nav2_common/lib/python3.8/site-packages:${PYTHONPATH} /usr/bin/cmake --build /home/turtlebot/nav2_ws/build/dwb_plugins -- -j2 -l2
[71.198s] Invoking command in '/home/turtlebot/nav2_ws/build/dwb_plugins': AMENT_PREFIX_PATH=/home/turtlebot/nav2_ws/install/dwb_core:/home/turtlebot/nav2_ws/install/nav2_core:/home/turtlebot/nav2_ws/install/nav2_costmap_2d:/home/turtlebot/nav2_ws/install/nav_2d_utils:/home/turtlebot/nav2_ws/install/nav2_util:/home/turtlebot/nav2_ws/install/nav2_voxel_grid:/home/turtlebot/nav2_ws/install/nav2_msgs:/home/turtlebot/nav2_ws/install/dwb_msgs:/home/turtlebot/nav2_ws/install/nav_2d_msgs:/home/turtlebot/nav2_ws/install/nav2_common:${AMENT_PREFIX_PATH} CMAKE_PREFIX_PATH=/home/turtlebot/nav2_ws/install/dwb_core:/home/turtlebot/nav2_ws/install/nav2_core:/home/turtlebot/nav2_ws/install/nav2_costmap_2d:/home/turtlebot/nav2_ws/install/nav_2d_utils:/home/turtlebot/nav2_ws/install/nav2_util:/home/turtlebot/nav2_ws/install/nav2_voxel_grid:/home/turtlebot/nav2_ws/install/nav2_msgs:/home/turtlebot/nav2_ws/install/dwb_msgs:/home/turtlebot/nav2_ws/install/nav_2d_msgs:/home/turtlebot/nav2_ws/install/nav2_common:/home/turtlebot/robot_ws/install/turtlebot3:/home/turtlebot/robot_ws/install/nav2_example:/home/turtlebot/robot_ws/install/my_package:/home/turtlebot/robot_ws/install/my_navigation_pkg:/home/turtlebot/robot_ws/install/forward1:/opt/ros/foxy LD_LIBRARY_PATH=/home/turtlebot/nav2_ws/install/dwb_core/lib:/home/turtlebot/nav2_ws/install/nav2_costmap_2d/lib:/home/turtlebot/nav2_ws/install/nav_2d_utils/lib:/home/turtlebot/nav2_ws/install/nav2_util/lib:/home/turtlebot/nav2_ws/install/nav2_voxel_grid/lib:/home/turtlebot/nav2_ws/install/nav2_msgs/lib:/home/turtlebot/nav2_ws/install/dwb_msgs/lib:/home/turtlebot/nav2_ws/install/nav_2d_msgs/lib:${LD_LIBRARY_PATH} PYTHONPATH=/home/turtlebot/nav2_ws/install/nav2_msgs/lib/python3.8/site-packages:/home/turtlebot/nav2_ws/install/dwb_msgs/lib/python3.8/site-packages:/home/turtlebot/nav2_ws/install/nav_2d_msgs/lib/python3.8/site-packages:/home/turtlebot/nav2_ws/install/nav2_common/lib/python3.8/site-packages:${PYTHONPATH} /usr/bin/cmake --install /home/turtlebot/nav2_ws/build/dwb_plugins
[71.215s] -- Install configuration: "Release"
[71.216s] -- Execute custom install script
[71.217s] -- Symlinking: /home/turtlebot/nav2_ws/install/dwb_plugins/lib/libstandard_traj_generator.so
[71.232s] -- Symlinking: /home/turtlebot/nav2_ws/install/dwb_plugins/include//dwb_plugins/kinematic_parameters.hpp
[71.247s] -- Symlinking: /home/turtlebot/nav2_ws/install/dwb_plugins/include//dwb_plugins/limited_accel_generator.hpp
[71.261s] -- Symlinking: /home/turtlebot/nav2_ws/install/dwb_plugins/include//dwb_plugins/one_d_velocity_iterator.hpp
[71.275s] -- Symlinking: /home/turtlebot/nav2_ws/install/dwb_plugins/include//dwb_plugins/standard_traj_generator.hpp
[71.290s] -- Symlinking: /home/turtlebot/nav2_ws/install/dwb_plugins/include//dwb_plugins/velocity_iterator.hpp
[71.304s] -- Symlinking: /home/turtlebot/nav2_ws/install/dwb_plugins/include//dwb_plugins/xy_theta_iterator.hpp
[71.320s] -- Symlinking: /home/turtlebot/nav2_ws/install/dwb_plugins/share/dwb_plugins/plugins.xml
[71.335s] -- Symlinking: /home/turtlebot/nav2_ws/install/dwb_plugins/share/dwb_plugins/environment/library_path.sh
[71.350s] -- Symlinking: /home/turtlebot/nav2_ws/install/dwb_plugins/share/dwb_plugins/environment/library_path.dsv
[71.364s] -- Up-to-date symlink: /home/turtlebot/nav2_ws/install/dwb_plugins/share/dwb_plugins//plugins.xml
[71.365s] -- Symlinking: /home/turtlebot/nav2_ws/install/dwb_plugins/share/ament_index/resource_index/package_run_dependencies/dwb_plugins
[71.380s] -- Symlinking: /home/turtlebot/nav2_ws/install/dwb_plugins/share/ament_index/resource_index/parent_prefix_path/dwb_plugins
[71.395s] -- Symlinking: /home/turtlebot/nav2_ws/install/dwb_plugins/share/dwb_plugins/environment/ament_prefix_path.sh
[71.412s] -- Symlinking: /home/turtlebot/nav2_ws/install/dwb_plugins/share/dwb_plugins/environment/ament_prefix_path.dsv
[71.426s] -- Symlinking: /home/turtlebot/nav2_ws/install/dwb_plugins/share/dwb_plugins/environment/path.sh
[71.440s] -- Symlinking: /home/turtlebot/nav2_ws/install/dwb_plugins/share/dwb_plugins/environment/path.dsv
[71.454s] -- Symlinking: /home/turtlebot/nav2_ws/install/dwb_plugins/share/dwb_plugins/local_setup.bash
[71.468s] -- Symlinking: /home/turtlebot/nav2_ws/install/dwb_plugins/share/dwb_plugins/local_setup.sh
[71.483s] -- Symlinking: /home/turtlebot/nav2_ws/install/dwb_plugins/share/dwb_plugins/local_setup.zsh
[71.498s] -- Symlinking: /home/turtlebot/nav2_ws/install/dwb_plugins/share/dwb_plugins/local_setup.dsv
[71.515s] -- Symlinking: /home/turtlebot/nav2_ws/install/dwb_plugins/share/dwb_plugins/package.dsv
[71.530s] -- Symlinking: /home/turtlebot/nav2_ws/install/dwb_plugins/share/ament_index/resource_index/packages/dwb_plugins
[71.544s] -- Symlinking: /home/turtlebot/nav2_ws/install/dwb_plugins/share/ament_index/resource_index/dwb_core__pluginlib__plugin/dwb_plugins
[71.558s] -- Symlinking: /home/turtlebot/nav2_ws/install/dwb_plugins/share/dwb_plugins/cmake/ament_cmake_export_include_directories-extras.cmake
[71.572s] -- Symlinking: /home/turtlebot/nav2_ws/install/dwb_plugins/share/dwb_plugins/cmake/ament_cmake_export_libraries-extras.cmake
[71.586s] -- Symlinking: /home/turtlebot/nav2_ws/install/dwb_plugins/share/dwb_plugins/cmake/ament_cmake_export_definitions-extras.cmake
[71.601s] -- Symlinking: /home/turtlebot/nav2_ws/install/dwb_plugins/share/dwb_plugins/cmake/dwb_pluginsConfig.cmake
[71.616s] -- Symlinking: /home/turtlebot/nav2_ws/install/dwb_plugins/share/dwb_plugins/cmake/dwb_pluginsConfig-version.cmake
[71.631s] -- Symlinking: /home/turtlebot/nav2_ws/install/dwb_plugins/share/dwb_plugins/package.xml
[71.654s] Invoked command in '/home/turtlebot/nav2_ws/build/dwb_plugins' returned '0': AMENT_PREFIX_PATH=/home/turtlebot/nav2_ws/install/dwb_core:/home/turtlebot/nav2_ws/install/nav2_core:/home/turtlebot/nav2_ws/install/nav2_costmap_2d:/home/turtlebot/nav2_ws/install/nav_2d_utils:/home/turtlebot/nav2_ws/install/nav2_util:/home/turtlebot/nav2_ws/install/nav2_voxel_grid:/home/turtlebot/nav2_ws/install/nav2_msgs:/home/turtlebot/nav2_ws/install/dwb_msgs:/home/turtlebot/nav2_ws/install/nav_2d_msgs:/home/turtlebot/nav2_ws/install/nav2_common:${AMENT_PREFIX_PATH} CMAKE_PREFIX_PATH=/home/turtlebot/nav2_ws/install/dwb_core:/home/turtlebot/nav2_ws/install/nav2_core:/home/turtlebot/nav2_ws/install/nav2_costmap_2d:/home/turtlebot/nav2_ws/install/nav_2d_utils:/home/turtlebot/nav2_ws/install/nav2_util:/home/turtlebot/nav2_ws/install/nav2_voxel_grid:/home/turtlebot/nav2_ws/install/nav2_msgs:/home/turtlebot/nav2_ws/install/dwb_msgs:/home/turtlebot/nav2_ws/install/nav_2d_msgs:/home/turtlebot/nav2_ws/install/nav2_common:/home/turtlebot/robot_ws/install/turtlebot3:/home/turtlebot/robot_ws/install/nav2_example:/home/turtlebot/robot_ws/install/my_package:/home/turtlebot/robot_ws/install/my_navigation_pkg:/home/turtlebot/robot_ws/install/forward1:/opt/ros/foxy LD_LIBRARY_PATH=/home/turtlebot/nav2_ws/install/dwb_core/lib:/home/turtlebot/nav2_ws/install/nav2_costmap_2d/lib:/home/turtlebot/nav2_ws/install/nav_2d_utils/lib:/home/turtlebot/nav2_ws/install/nav2_util/lib:/home/turtlebot/nav2_ws/install/nav2_voxel_grid/lib:/home/turtlebot/nav2_ws/install/nav2_msgs/lib:/home/turtlebot/nav2_ws/install/dwb_msgs/lib:/home/turtlebot/nav2_ws/install/nav_2d_msgs/lib:${LD_LIBRARY_PATH} PYTHONPATH=/home/turtlebot/nav2_ws/install/nav2_msgs/lib/python3.8/site-packages:/home/turtlebot/nav2_ws/install/dwb_msgs/lib/python3.8/site-packages:/home/turtlebot/nav2_ws/install/nav_2d_msgs/lib/python3.8/site-packages:/home/turtlebot/nav2_ws/install/nav2_common/lib/python3.8/site-packages:${PYTHONPATH} /usr/bin/cmake --install /home/turtlebot/nav2_ws/build/dwb_plugins
