[0.040s] Invoking command in '/home/turtlebot/robot_ws/build/turtlebot3_description': CMAKE_PREFIX_PATH=${CMAKE_PREFIX_PATH}:/home/turtlebot/robot_ws/install/waypoint_navigation:/home/turtlebot/robot_ws/install/turtlebot3_teleop:/home/turtlebot/robot_ws/install/turtlebot3_example:/home/turtlebot/robot_ws/install/my_package:/home/turtlebot/robot_ws/install/my_navigation_pkg:/home/turtlebot/robot_ws/install/forward1:/opt/ros/foxy /usr/bin/cmake --build /home/turtlebot/robot_ws/build/turtlebot3_description -- -j2 -l2
[0.178s] Invoked command in '/home/turtlebot/robot_ws/build/turtlebot3_description' returned '0': CMAKE_PREFIX_PATH=${CMAKE_PREFIX_PATH}:/home/turtlebot/robot_ws/install/waypoint_navigation:/home/turtlebot/robot_ws/install/turtlebot3_teleop:/home/turtlebot/robot_ws/install/turtlebot3_example:/home/turtlebot/robot_ws/install/my_package:/home/turtlebot/robot_ws/install/my_navigation_pkg:/home/turtlebot/robot_ws/install/forward1:/opt/ros/foxy /usr/bin/cmake --build /home/turtlebot/robot_ws/build/turtlebot3_description -- -j2 -l2
[0.256s] Invoking command in '/home/turtlebot/robot_ws/build/turtlebot3_description': CMAKE_PREFIX_PATH=${CMAKE_PREFIX_PATH}:/home/turtlebot/robot_ws/install/waypoint_navigation:/home/turtlebot/robot_ws/install/turtlebot3_teleop:/home/turtlebot/robot_ws/install/turtlebot3_example:/home/turtlebot/robot_ws/install/my_package:/home/turtlebot/robot_ws/install/my_navigation_pkg:/home/turtlebot/robot_ws/install/forward1:/opt/ros/foxy /usr/bin/cmake --install /home/turtlebot/robot_ws/build/turtlebot3_description
[0.280s] -- Install configuration: ""
[0.281s] -- Up-to-date: /home/turtlebot/robot_ws/install/turtlebot3_description/share/turtlebot3_description/meshes
[0.281s] -- Up-to-date: /home/turtlebot/robot_ws/install/turtlebot3_description/share/turtlebot3_description/meshes/sensors
[0.281s] -- Up-to-date: /home/turtlebot/robot_ws/install/turtlebot3_description/share/turtlebot3_description/meshes/sensors/lds.stl
[0.281s] -- Up-to-date: /home/turtlebot/robot_ws/install/turtlebot3_description/share/turtlebot3_description/meshes/sensors/astra.dae
[0.281s] -- Up-to-date: /home/turtlebot/robot_ws/install/turtlebot3_description/share/turtlebot3_description/meshes/sensors/r200.jpg
[0.281s] -- Up-to-date: /home/turtlebot/robot_ws/install/turtlebot3_description/share/turtlebot3_description/meshes/sensors/r200.dae
[0.281s] -- Up-to-date: /home/turtlebot/robot_ws/install/turtlebot3_description/share/turtlebot3_description/meshes/sensors/astra.jpg
[0.282s] -- Up-to-date: /home/turtlebot/robot_ws/install/turtlebot3_description/share/turtlebot3_description/meshes/bases
[0.282s] -- Up-to-date: /home/turtlebot/robot_ws/install/turtlebot3_description/share/turtlebot3_description/meshes/bases/waffle_pi_base.stl
[0.284s] -- Up-to-date: /home/turtlebot/robot_ws/install/turtlebot3_description/share/turtlebot3_description/meshes/bases/burger_base.stl
[0.285s] -- Up-to-date: /home/turtlebot/robot_ws/install/turtlebot3_description/share/turtlebot3_description/meshes/bases/waffle_base.stl
[0.285s] -- Up-to-date: /home/turtlebot/robot_ws/install/turtlebot3_description/share/turtlebot3_description/meshes/wheels
[0.285s] -- Up-to-date: /home/turtlebot/robot_ws/install/turtlebot3_description/share/turtlebot3_description/meshes/wheels/right_tire.stl
[0.285s] -- Up-to-date: /home/turtlebot/robot_ws/install/turtlebot3_description/share/turtlebot3_description/meshes/wheels/left_tire.stl
[0.285s] -- Up-to-date: /home/turtlebot/robot_ws/install/turtlebot3_description/share/turtlebot3_description/rviz
[0.285s] -- Up-to-date: /home/turtlebot/robot_ws/install/turtlebot3_description/share/turtlebot3_description/rviz/model.rviz
[0.285s] -- Up-to-date: /home/turtlebot/robot_ws/install/turtlebot3_description/share/turtlebot3_description/urdf
[0.285s] -- Up-to-date: /home/turtlebot/robot_ws/install/turtlebot3_description/share/turtlebot3_description/urdf/turtlebot3_waffle_pi.urdf
[0.285s] -- Up-to-date: /home/turtlebot/robot_ws/install/turtlebot3_description/share/turtlebot3_description/urdf/turtlebot3_waffle.urdf
[0.285s] -- Up-to-date: /home/turtlebot/robot_ws/install/turtlebot3_description/share/turtlebot3_description/urdf/turtlebot3_burger.urdf
[0.286s] -- Up-to-date: /home/turtlebot/robot_ws/install/turtlebot3_description/share/turtlebot3_description/urdf/common_properties.urdf
[0.286s] -- Up-to-date: /home/turtlebot/robot_ws/install/turtlebot3_description/share/ament_index/resource_index/package_run_dependencies/turtlebot3_description
[0.287s] -- Up-to-date: /home/turtlebot/robot_ws/install/turtlebot3_description/share/ament_index/resource_index/parent_prefix_path/turtlebot3_description
[0.287s] -- Up-to-date: /home/turtlebot/robot_ws/install/turtlebot3_description/share/turtlebot3_description/environment/ament_prefix_path.sh
[0.287s] -- Up-to-date: /home/turtlebot/robot_ws/install/turtlebot3_description/share/turtlebot3_description/environment/ament_prefix_path.dsv
[0.288s] -- Up-to-date: /home/turtlebot/robot_ws/install/turtlebot3_description/share/turtlebot3_description/environment/path.sh
[0.288s] -- Up-to-date: /home/turtlebot/robot_ws/install/turtlebot3_description/share/turtlebot3_description/environment/path.dsv
[0.292s] -- Up-to-date: /home/turtlebot/robot_ws/install/turtlebot3_description/share/turtlebot3_description/local_setup.bash
[0.292s] -- Up-to-date: /home/turtlebot/robot_ws/install/turtlebot3_description/share/turtlebot3_description/local_setup.sh
[0.293s] -- Up-to-date: /home/turtlebot/robot_ws/install/turtlebot3_description/share/turtlebot3_description/local_setup.zsh
[0.293s] -- Up-to-date: /home/turtlebot/robot_ws/install/turtlebot3_description/share/turtlebot3_description/local_setup.dsv
[0.293s] -- Up-to-date: /home/turtlebot/robot_ws/install/turtlebot3_description/share/turtlebot3_description/package.dsv
[0.293s] -- Up-to-date: /home/turtlebot/robot_ws/install/turtlebot3_description/share/ament_index/resource_index/packages/turtlebot3_description
[0.294s] -- Up-to-date: /home/turtlebot/robot_ws/install/turtlebot3_description/share/turtlebot3_description/cmake/turtlebot3_descriptionConfig.cmake
[0.294s] -- Up-to-date: /home/turtlebot/robot_ws/install/turtlebot3_description/share/turtlebot3_description/cmake/turtlebot3_descriptionConfig-version.cmake
[0.294s] -- Up-to-date: /home/turtlebot/robot_ws/install/turtlebot3_description/share/turtlebot3_description/package.xml
[0.294s] Invoked command in '/home/turtlebot/robot_ws/build/turtlebot3_description' returned '0': CMAKE_PREFIX_PATH=${CMAKE_PREFIX_PATH}:/home/turtlebot/robot_ws/install/waypoint_navigation:/home/turtlebot/robot_ws/install/turtlebot3_teleop:/home/turtlebot/robot_ws/install/turtlebot3_example:/home/turtlebot/robot_ws/install/my_package:/home/turtlebot/robot_ws/install/my_navigation_pkg:/home/turtlebot/robot_ws/install/forward1:/opt/ros/foxy /usr/bin/cmake --install /home/turtlebot/robot_ws/build/turtlebot3_description
