[0.903s] Invoking command in '/home/turtlebot/robot_ws/my_package': PYTHONPATH=/home/turtlebot/robot_ws/build/my_package/prefix_override:/home/turtlebot/robot_ws/install/my_package/lib/python3.8/site-packages:${PYTHONPATH} /usr/bin/python3 setup.py egg_info --egg-base ../build/my_package build --build-base /home/turtlebot/robot_ws/build/my_package/build install --record /home/turtlebot/robot_ws/build/my_package/install.log --install-scripts $base/lib/my_package --single-version-externally-managed
[1.295s] running egg_info
[1.296s] creating ../build/my_package/my_package.egg-info
[1.297s] writing ../build/my_package/my_package.egg-info/PKG-INFO
[1.298s] writing dependency_links to ../build/my_package/my_package.egg-info/dependency_links.txt
[1.298s] writing entry points to ../build/my_package/my_package.egg-info/entry_points.txt
[1.299s] writing requirements to ../build/my_package/my_package.egg-info/requires.txt
[1.299s] writing top-level names to ../build/my_package/my_package.egg-info/top_level.txt
[1.301s] writing manifest file '../build/my_package/my_package.egg-info/SOURCES.txt'
[1.362s] reading manifest file '../build/my_package/my_package.egg-info/SOURCES.txt'
[1.363s] writing manifest file '../build/my_package/my_package.egg-info/SOURCES.txt'
[1.364s] running build
[1.364s] running build_py
[1.364s] creating /home/turtlebot/robot_ws/build/my_package/build
[1.364s] creating /home/turtlebot/robot_ws/build/my_package/build/lib
[1.364s] creating /home/turtlebot/robot_ws/build/my_package/build/lib/my_package
[1.364s] copying my_package/my_node.py -> /home/turtlebot/robot_ws/build/my_package/build/lib/my_package
[1.365s] copying my_package/__init__.py -> /home/turtlebot/robot_ws/build/my_package/build/lib/my_package
[1.365s] running install
[1.365s] running install_lib
[1.367s] creating /home/turtlebot/robot_ws/install/my_package/lib/python3.8/site-packages/my_package
[1.367s] copying /home/turtlebot/robot_ws/build/my_package/build/lib/my_package/my_node.py -> /home/turtlebot/robot_ws/install/my_package/lib/python3.8/site-packages/my_package
[1.367s] copying /home/turtlebot/robot_ws/build/my_package/build/lib/my_package/__init__.py -> /home/turtlebot/robot_ws/install/my_package/lib/python3.8/site-packages/my_package
[1.367s] byte-compiling /home/turtlebot/robot_ws/install/my_package/lib/python3.8/site-packages/my_package/my_node.py to my_node.cpython-38.pyc
[1.369s] byte-compiling /home/turtlebot/robot_ws/install/my_package/lib/python3.8/site-packages/my_package/__init__.py to __init__.cpython-38.pyc
[1.369s] running install_data
[1.370s] creating /home/turtlebot/robot_ws/install/my_package/share/ament_index
[1.370s] creating /home/turtlebot/robot_ws/install/my_package/share/ament_index/resource_index
[1.370s] creating /home/turtlebot/robot_ws/install/my_package/share/ament_index/resource_index/packages
[1.370s] copying resource/my_package -> /home/turtlebot/robot_ws/install/my_package/share/ament_index/resource_index/packages
[1.370s] copying package.xml -> /home/turtlebot/robot_ws/install/my_package/share/my_package
[1.370s] running install_egg_info
[1.372s] Copying ../build/my_package/my_package.egg-info to /home/turtlebot/robot_ws/install/my_package/lib/python3.8/site-packages/my_package-0.0.0-py3.8.egg-info
[1.373s] running install_scripts
[1.395s] Installing my_node script to /home/turtlebot/robot_ws/install/my_package/lib/my_package
[1.395s] writing list of installed files to '/home/turtlebot/robot_ws/build/my_package/install.log'
[1.418s] Invoked command in '/home/turtlebot/robot_ws/my_package' returned '0': PYTHONPATH=/home/turtlebot/robot_ws/build/my_package/prefix_override:/home/turtlebot/robot_ws/install/my_package/lib/python3.8/site-packages:${PYTHONPATH} /usr/bin/python3 setup.py egg_info --egg-base ../build/my_package build --build-base /home/turtlebot/robot_ws/build/my_package/build install --record /home/turtlebot/robot_ws/build/my_package/install.log --install-scripts $base/lib/my_package --single-version-externally-managed
