[0.987s] Invoking command in '/home/turtlebot/robot_ws/build/forward1': PYTHONPATH=/home/turtlebot/robot_ws/build/forward1/prefix_override:/home/turtlebot/robot_ws/install/forward1/lib/python3.8/site-packages:${PYTHONPATH} /usr/bin/python3 setup.py develop --editable --build-directory /home/turtlebot/robot_ws/build/forward1/build --no-deps install_data
[1.396s] running develop
[1.614s] running egg_info
[1.614s] writing forward1.egg-info/PKG-INFO
[1.615s] writing dependency_links to forward1.egg-info/dependency_links.txt
[1.616s] writing entry points to forward1.egg-info/entry_points.txt
[1.616s] writing requirements to forward1.egg-info/requires.txt
[1.617s] writing top-level names to forward1.egg-info/top_level.txt
[1.664s] reading manifest file 'forward1.egg-info/SOURCES.txt'
[1.665s] writing manifest file 'forward1.egg-info/SOURCES.txt'
[1.715s] running build_ext
[1.715s] Creating /home/turtlebot/robot_ws/install/forward1/lib/python3.8/site-packages/forward1.egg-link (link to .)
[1.717s] Installing amcl1 script to /home/turtlebot/robot_ws/install/forward1/lib/forward1
[1.717s] Installing amcl2 script to /home/turtlebot/robot_ws/install/forward1/lib/forward1
[1.718s] Installing forward1_1 script to /home/turtlebot/robot_ws/install/forward1/lib/forward1
[1.718s] Installing forward1_2 script to /home/turtlebot/robot_ws/install/forward1/lib/forward1
[1.719s] Installing test1 script to /home/turtlebot/robot_ws/install/forward1/lib/forward1
[1.720s] 
[1.720s] Installed /home/turtlebot/robot_ws/build/forward1
[1.720s] running install_data
[1.759s] Invoked command in '/home/turtlebot/robot_ws/build/forward1' returned '0': PYTHONPATH=/home/turtlebot/robot_ws/build/forward1/prefix_override:/home/turtlebot/robot_ws/install/forward1/lib/python3.8/site-packages:${PYTHONPATH} /usr/bin/python3 setup.py develop --editable --build-directory /home/turtlebot/robot_ws/build/forward1/build --no-deps install_data
