-- The C compiler identification is GNU 9.4.0
-- The CXX compiler identification is GNU 9.4.0
-- Check for working C compiler: /usr/bin/cc
-- Check for working C compiler: /usr/bin/cc -- works
-- Detecting C compiler ABI info
-- Detecting C compiler ABI info - done
-- Detecting C compile features
-- Detecting C compile features - done
-- Check for working CXX compiler: /usr/bin/c++
-- Check for working CXX compiler: /usr/bin/c++ -- works
-- Detecting CXX compiler ABI info
-- Detecting CXX compiler ABI info - done
-- Detecting CXX compile features
-- Detecting CXX compile features - done
-- Found ament_cmake: 0.9.11 (/opt/ros/foxy/share/ament_cmake/cmake)
-- Found PythonInterp: /usr/bin/python3 (found suitable version "3.8.10", minimum required is "3") 
-- Using PYTHON_EXECUTABLE: /usr/bin/python3
-- Override CMake install command with custom implementation using symlinks instead of copying resources
-- Configuring done
-- Generating done
-- Build files have been written to: /home/turtlebot/nav2_ws/build/nav2_dwb_controller
-- Install configuration: ""
-- Execute custom install script
-- Symlinking: /home/turtlebot/nav2_ws/install/nav2_dwb_controller/share/ament_index/resource_index/package_run_dependencies/nav2_dwb_controller
-- Symlinking: /home/turtlebot/nav2_ws/install/nav2_dwb_controller/share/ament_index/resource_index/parent_prefix_path/nav2_dwb_controller
-- Symlinking: /home/turtlebot/nav2_ws/install/nav2_dwb_controller/share/nav2_dwb_controller/environment/ament_prefix_path.sh
-- Symlinking: /home/turtlebot/nav2_ws/install/nav2_dwb_controller/share/nav2_dwb_controller/environment/ament_prefix_path.dsv
-- Symlinking: /home/turtlebot/nav2_ws/install/nav2_dwb_controller/share/nav2_dwb_controller/environment/path.sh
-- Symlinking: /home/turtlebot/nav2_ws/install/nav2_dwb_controller/share/nav2_dwb_controller/environment/path.dsv
-- Symlinking: /home/turtlebot/nav2_ws/install/nav2_dwb_controller/share/nav2_dwb_controller/local_setup.bash
-- Symlinking: /home/turtlebot/nav2_ws/install/nav2_dwb_controller/share/nav2_dwb_controller/local_setup.sh
-- Symlinking: /home/turtlebot/nav2_ws/install/nav2_dwb_controller/share/nav2_dwb_controller/local_setup.zsh
-- Symlinking: /home/turtlebot/nav2_ws/install/nav2_dwb_controller/share/nav2_dwb_controller/local_setup.dsv
-- Symlinking: /home/turtlebot/nav2_ws/install/nav2_dwb_controller/share/nav2_dwb_controller/package.dsv
-- Symlinking: /home/turtlebot/nav2_ws/install/nav2_dwb_controller/share/ament_index/resource_index/packages/nav2_dwb_controller
-- Symlinking: /home/turtlebot/nav2_ws/install/nav2_dwb_controller/share/nav2_dwb_controller/cmake/nav2_dwb_controllerConfig.cmake
-- Symlinking: /home/turtlebot/nav2_ws/install/nav2_dwb_controller/share/nav2_dwb_controller/cmake/nav2_dwb_controllerConfig-version.cmake
-- Symlinking: /home/turtlebot/nav2_ws/install/nav2_dwb_controller/share/nav2_dwb_controller/package.xml
