running develop
running egg_info
writing ../../build/forward1/forward1.egg-info/PKG-INFO
writing dependency_links to ../../build/forward1/forward1.egg-info/dependency_links.txt
writing entry points to ../../build/forward1/forward1.egg-info/entry_points.txt
writing requirements to ../../build/forward1/forward1.egg-info/requires.txt
writing top-level names to ../../build/forward1/forward1.egg-info/top_level.txt
reading manifest file '../../build/forward1/forward1.egg-info/SOURCES.txt'
writing manifest file '../../build/forward1/forward1.egg-info/SOURCES.txt'
running build
running build_py
running install
running install_lib
running install_data
running install_egg_info
removing '/home/turtlebot/robot_ws/install/forward1/lib/python3.8/site-packages/forward1-0.0.0-py3.8.egg-info' (and everything under it)
Copying ../../build/forward1/forward1.egg-info to /home/turtlebot/robot_ws/install/forward1/lib/python3.8/site-packages/forward1-0.0.0-py3.8.egg-info
running install_scripts
Installing amcl1 script to /home/turtlebot/robot_ws/install/forward1/lib/forward1
Installing amcl2 script to /home/turtlebot/robot_ws/install/forward1/lib/forward1
Installing forward1_1 script to /home/turtlebot/robot_ws/install/forward1/lib/forward1
Installing forward1_2 script to /home/turtlebot/robot_ws/install/forward1/lib/forward1
Installing tb3_navigation script to /home/turtlebot/robot_ws/install/forward1/lib/forward1
Installing test1 script to /home/turtlebot/robot_ws/install/forward1/lib/forward1
writing list of installed files to '/home/turtlebot/robot_ws/build/forward1/install.log'
