[0.099s] Invoking command in '/home/turtlebot/nav2_ws/build/nav2_amcl': AMENT_PREFIX_PATH=/home/turtlebot/nav2_ws/install/nav2_util:/home/turtlebot/nav2_ws/install/nav2_msgs:/home/turtlebot/nav2_ws/install/nav2_common:${AMENT_PREFIX_PATH} CMAKE_PREFIX_PATH=/home/turtlebot/nav2_ws/install/nav2_util:/home/turtlebot/nav2_ws/install/nav2_msgs:/home/turtlebot/nav2_ws/install/nav2_common:/home/turtlebot/robot_ws/install/turtlebot3:/home/turtlebot/robot_ws/install/nav2_example:/home/turtlebot/robot_ws/install/my_package:/home/turtlebot/robot_ws/install/my_navigation_pkg:/home/turtlebot/robot_ws/install/forward1:/opt/ros/foxy LD_LIBRARY_PATH=/home/turtlebot/nav2_ws/install/nav2_util/lib:/home/turtlebot/nav2_ws/install/nav2_msgs/lib:${LD_LIBRARY_PATH} PYTHONPATH=/home/turtlebot/nav2_ws/install/nav2_msgs/lib/python3.8/site-packages:/home/turtlebot/nav2_ws/install/nav2_common/lib/python3.8/site-packages:${PYTHONPATH} /usr/bin/cmake /home/turtlebot/nav2_ws/src/navigation2/nav2_amcl -DAMENT_CMAKE_SYMLINK_INSTALL=1 -DCMAKE_INSTALL_PREFIX=/home/turtlebot/nav2_ws/install/nav2_amcl
[0.302s] -- The C compiler identification is GNU 9.4.0
[0.505s] -- The CXX compiler identification is GNU 9.4.0
[0.524s] -- Check for working C compiler: /usr/bin/cc
[0.776s] -- Check for working C compiler: /usr/bin/cc -- works
[0.780s] -- Detecting C compiler ABI info
[1.004s] -- Detecting C compiler ABI info - done
[1.051s] -- Detecting C compile features
[1.053s] -- Detecting C compile features - done
[1.063s] -- Check for working CXX compiler: /usr/bin/c++
[1.340s] -- Check for working CXX compiler: /usr/bin/c++ -- works
[1.344s] -- Detecting CXX compiler ABI info
[1.629s] -- Detecting CXX compiler ABI info - done
[1.685s] -- Detecting CXX compile features
[1.688s] -- Detecting CXX compile features - done
[1.698s] -- Found ament_cmake: 0.9.11 (/opt/ros/foxy/share/ament_cmake/cmake)
[1.831s] -- Found PythonInterp: /usr/bin/python3 (found suitable version "3.8.10", minimum required is "3") 
[1.833s] -- Using PYTHON_EXECUTABLE: /usr/bin/python3
[2.573s] -- Override CMake install command with custom implementation using symlinks instead of copying resources
[2.681s] -- Found nav2_common: 0.4.7 (/home/turtlebot/nav2_ws/install/nav2_common/share/nav2_common/cmake)
[2.689s] -- Found rclcpp: 2.4.2 (/opt/ros/foxy/share/rclcpp/cmake)
[2.874s] -- Using all available rosidl_typesupport_c: rosidl_typesupport_fastrtps_c;rosidl_typesupport_introspection_c
[2.895s] -- Found rosidl_adapter: 1.3.0 (/opt/ros/foxy/share/rosidl_adapter/cmake)
[3.186s] -- Found OpenSSL: /usr/lib/x86_64-linux-gnu/libcrypto.so (found version "1.1.1f")  
[3.301s] -- Found FastRTPS: /opt/ros/foxy/include  
[3.581s] -- Using all available rosidl_typesupport_cpp: rosidl_typesupport_fastrtps_cpp;rosidl_typesupport_introspection_cpp
[3.827s] -- Found rmw_implementation_cmake: 1.0.4 (/opt/ros/foxy/share/rmw_implementation_cmake/cmake)
[3.836s] -- Using RMW implementation 'rmw_fastrtps_cpp' as default
[3.840s] -- Looking for pthread.h
[4.099s] -- Looking for pthread.h - found
[4.100s] -- Performing Test CMAKE_HAVE_LIBC_PTHREAD
[4.368s] -- Performing Test CMAKE_HAVE_LIBC_PTHREAD - Failed
[4.369s] -- Looking for pthread_create in pthreads
[4.569s] -- Looking for pthread_create in pthreads - not found
[4.570s] -- Looking for pthread_create in pthread
[4.833s] -- Looking for pthread_create in pthread - found
[4.841s] -- Found Threads: TRUE  
[5.489s] -- Found rclcpp_lifecycle: 2.4.2 (/opt/ros/foxy/share/rclcpp_lifecycle/cmake)
[5.640s] -- Found message_filters: 3.2.5 (/opt/ros/foxy/share/message_filters/cmake)
[5.657s] -- Found tf2_geometry_msgs: 0.13.14 (/opt/ros/foxy/share/tf2_geometry_msgs/cmake)
[5.883s] -- Found eigen3_cmake_module: 0.1.1 (/opt/ros/foxy/share/eigen3_cmake_module/cmake)
[5.897s] -- Found Eigen3: TRUE (found version "3.3.7") 
[7.654s] -- Found nav_msgs: 2.0.5 (/opt/ros/foxy/share/nav_msgs/cmake)
[7.967s] -- Found sensor_msgs: 2.0.5 (/opt/ros/foxy/share/sensor_msgs/cmake)
[8.313s] -- Found std_srvs: 2.0.5 (/opt/ros/foxy/share/std_srvs/cmake)
[8.348s] -- Found nav2_util: 0.4.7 (/home/turtlebot/nav2_ws/install/nav2_util/share/nav2_util/cmake)
[9.975s] -- Setting build type to Release as none was specified.
[9.986s] -- Looking for drand48
[10.255s] -- Looking for drand48 - found
[13.743s] -- Found ament_lint_auto: 0.9.8 (/opt/ros/foxy/share/ament_lint_auto/cmake)
[14.088s] -- Added test 'cppcheck' to perform static code analysis on C / C++ code
[14.090s] -- Configured cppcheck include dirs: /home/turtlebot/nav2_ws/src/navigation2/nav2_amcl/include;/home/turtlebot/nav2_ws/src/navigation2/nav2_amcl/src/include
[14.091s] -- Configured cppcheck exclude dirs and/or files: 
[14.097s] -- Added test 'lint_cmake' to check CMake code style
[14.108s] -- Added test 'uncrustify' to check C / C++ code style
[14.108s] -- Configured uncrustify additional arguments: 
[14.112s] -- Added test 'xmllint' to check XML markup files
[14.142s] -- Configuring done
[14.603s] -- Generating done
[14.611s] -- Build files have been written to: /home/turtlebot/nav2_ws/build/nav2_amcl
[14.644s] Invoked command in '/home/turtlebot/nav2_ws/build/nav2_amcl' returned '0': AMENT_PREFIX_PATH=/home/turtlebot/nav2_ws/install/nav2_util:/home/turtlebot/nav2_ws/install/nav2_msgs:/home/turtlebot/nav2_ws/install/nav2_common:${AMENT_PREFIX_PATH} CMAKE_PREFIX_PATH=/home/turtlebot/nav2_ws/install/nav2_util:/home/turtlebot/nav2_ws/install/nav2_msgs:/home/turtlebot/nav2_ws/install/nav2_common:/home/turtlebot/robot_ws/install/turtlebot3:/home/turtlebot/robot_ws/install/nav2_example:/home/turtlebot/robot_ws/install/my_package:/home/turtlebot/robot_ws/install/my_navigation_pkg:/home/turtlebot/robot_ws/install/forward1:/opt/ros/foxy LD_LIBRARY_PATH=/home/turtlebot/nav2_ws/install/nav2_util/lib:/home/turtlebot/nav2_ws/install/nav2_msgs/lib:${LD_LIBRARY_PATH} PYTHONPATH=/home/turtlebot/nav2_ws/install/nav2_msgs/lib/python3.8/site-packages:/home/turtlebot/nav2_ws/install/nav2_common/lib/python3.8/site-packages:${PYTHONPATH} /usr/bin/cmake /home/turtlebot/nav2_ws/src/navigation2/nav2_amcl -DAMENT_CMAKE_SYMLINK_INSTALL=1 -DCMAKE_INSTALL_PREFIX=/home/turtlebot/nav2_ws/install/nav2_amcl
[14.648s] Invoking command in '/home/turtlebot/nav2_ws/build/nav2_amcl': AMENT_PREFIX_PATH=/home/turtlebot/nav2_ws/install/nav2_util:/home/turtlebot/nav2_ws/install/nav2_msgs:/home/turtlebot/nav2_ws/install/nav2_common:${AMENT_PREFIX_PATH} CMAKE_PREFIX_PATH=/home/turtlebot/nav2_ws/install/nav2_util:/home/turtlebot/nav2_ws/install/nav2_msgs:/home/turtlebot/nav2_ws/install/nav2_common:/home/turtlebot/robot_ws/install/turtlebot3:/home/turtlebot/robot_ws/install/nav2_example:/home/turtlebot/robot_ws/install/my_package:/home/turtlebot/robot_ws/install/my_navigation_pkg:/home/turtlebot/robot_ws/install/forward1:/opt/ros/foxy LD_LIBRARY_PATH=/home/turtlebot/nav2_ws/install/nav2_util/lib:/home/turtlebot/nav2_ws/install/nav2_msgs/lib:${LD_LIBRARY_PATH} PYTHONPATH=/home/turtlebot/nav2_ws/install/nav2_msgs/lib/python3.8/site-packages:/home/turtlebot/nav2_ws/install/nav2_common/lib/python3.8/site-packages:${PYTHONPATH} /usr/bin/cmake --build /home/turtlebot/nav2_ws/build/nav2_amcl -- -j2 -l2
[14.825s] [35m[1mScanning dependencies of target map_lib[0m
[14.871s] [  3%] [32mBuilding C object src/map/CMakeFiles/map_lib.dir/map.c.o[0m
[15.042s] [  7%] [32mBuilding C object src/map/CMakeFiles/map_lib.dir/map_store.c.o[0m
[15.296s] [ 11%] [32mBuilding C object src/map/CMakeFiles/map_lib.dir/map_range.c.o[0m
[15.568s] [ 15%] [32mBuilding C object src/map/CMakeFiles/map_lib.dir/map_draw.c.o[0m
[15.641s] [ 19%] [32mBuilding CXX object src/map/CMakeFiles/map_lib.dir/map_cspace.cpp.o[0m
[16.683s] [ 23%] [32m[1mLinking CXX shared library libmap_lib.so[0m
[16.948s] [ 23%] Built target map_lib
[16.975s] [35m[1mScanning dependencies of target pf_lib[0m
[17.030s] [ 26%] [32mBuilding C object src/pf/CMakeFiles/pf_lib.dir/pf.c.o[0m
[17.723s] [ 30%] [32mBuilding C object src/pf/CMakeFiles/pf_lib.dir/pf_kdtree.c.o[0m
[18.164s] [ 34%] [32mBuilding C object src/pf/CMakeFiles/pf_lib.dir/pf_pdf.c.o[0m
[18.365s] [ 38%] [32mBuilding C object src/pf/CMakeFiles/pf_lib.dir/pf_vector.c.o[0m
[18.640s] [ 42%] [32mBuilding C object src/pf/CMakeFiles/pf_lib.dir/eig3.c.o[0m
[19.179s] [ 46%] [32mBuilding C object src/pf/CMakeFiles/pf_lib.dir/pf_draw.c.o[0m
[19.258s] [ 50%] [32m[1mLinking C shared library libpf_lib.so[0m
[19.389s] [ 50%] Built target pf_lib
[19.433s] [35m[1mScanning dependencies of target sensors_lib[0m
[19.478s] [ 53%] [32mBuilding CXX object src/sensors/CMakeFiles/sensors_lib.dir/laser/laser.cpp.o[0m
[20.410s] [ 57%] [32mBuilding CXX object src/sensors/CMakeFiles/sensors_lib.dir/laser/beam_model.cpp.o[0m
[21.357s] [ 61%] [32mBuilding CXX object src/sensors/CMakeFiles/sensors_lib.dir/laser/likelihood_field_model.cpp.o[0m
[22.288s] [ 65%] [32mBuilding CXX object src/sensors/CMakeFiles/sensors_lib.dir/laser/likelihood_field_model_prob.cpp.o[0m
[23.375s] [ 69%] [32m[1mLinking CXX shared library libsensors_lib.so[0m
[23.591s] [ 69%] Built target sensors_lib
[23.625s] [35m[1mScanning dependencies of target motions_lib[0m
[23.673s] [ 73%] [32mBuilding CXX object src/motion_model/CMakeFiles/motions_lib.dir/omni_motion_model.cpp.o[0m
[24.797s] [ 76%] [32mBuilding CXX object src/motion_model/CMakeFiles/motions_lib.dir/differential_motion_model.cpp.o[0m
[25.864s] [ 80%] [32mBuilding CXX object src/motion_model/CMakeFiles/motions_lib.dir/motion_model.cpp.o[0m
[26.602s] [ 84%] [32m[1mLinking CXX shared library libmotions_lib.so[0m
[27.262s] [ 84%] Built target motions_lib
[27.303s] [35m[1mScanning dependencies of target amcl_core[0m
[27.532s] [ 88%] [32mBuilding CXX object CMakeFiles/amcl_core.dir/src/amcl_node.cpp.o[0m
[79.339s] [ 92%] [32m[1mLinking CXX shared library libamcl_core.so[0m
[79.721s] [ 92%] Built target amcl_core
[79.736s] [35m[1mScanning dependencies of target amcl[0m
[79.801s] [ 96%] [32mBuilding CXX object CMakeFiles/amcl.dir/src/main.cpp.o[0m
[83.369s] [100%] [32m[1mLinking CXX executable amcl[0m
[83.659s] [100%] Built target amcl
[83.677s] Invoked command in '/home/turtlebot/nav2_ws/build/nav2_amcl' returned '0': AMENT_PREFIX_PATH=/home/turtlebot/nav2_ws/install/nav2_util:/home/turtlebot/nav2_ws/install/nav2_msgs:/home/turtlebot/nav2_ws/install/nav2_common:${AMENT_PREFIX_PATH} CMAKE_PREFIX_PATH=/home/turtlebot/nav2_ws/install/nav2_util:/home/turtlebot/nav2_ws/install/nav2_msgs:/home/turtlebot/nav2_ws/install/nav2_common:/home/turtlebot/robot_ws/install/turtlebot3:/home/turtlebot/robot_ws/install/nav2_example:/home/turtlebot/robot_ws/install/my_package:/home/turtlebot/robot_ws/install/my_navigation_pkg:/home/turtlebot/robot_ws/install/forward1:/opt/ros/foxy LD_LIBRARY_PATH=/home/turtlebot/nav2_ws/install/nav2_util/lib:/home/turtlebot/nav2_ws/install/nav2_msgs/lib:${LD_LIBRARY_PATH} PYTHONPATH=/home/turtlebot/nav2_ws/install/nav2_msgs/lib/python3.8/site-packages:/home/turtlebot/nav2_ws/install/nav2_common/lib/python3.8/site-packages:${PYTHONPATH} /usr/bin/cmake --build /home/turtlebot/nav2_ws/build/nav2_amcl -- -j2 -l2
[83.716s] Invoking command in '/home/turtlebot/nav2_ws/build/nav2_amcl': AMENT_PREFIX_PATH=/home/turtlebot/nav2_ws/install/nav2_util:/home/turtlebot/nav2_ws/install/nav2_msgs:/home/turtlebot/nav2_ws/install/nav2_common:${AMENT_PREFIX_PATH} CMAKE_PREFIX_PATH=/home/turtlebot/nav2_ws/install/nav2_util:/home/turtlebot/nav2_ws/install/nav2_msgs:/home/turtlebot/nav2_ws/install/nav2_common:/home/turtlebot/robot_ws/install/turtlebot3:/home/turtlebot/robot_ws/install/nav2_example:/home/turtlebot/robot_ws/install/my_package:/home/turtlebot/robot_ws/install/my_navigation_pkg:/home/turtlebot/robot_ws/install/forward1:/opt/ros/foxy LD_LIBRARY_PATH=/home/turtlebot/nav2_ws/install/nav2_util/lib:/home/turtlebot/nav2_ws/install/nav2_msgs/lib:${LD_LIBRARY_PATH} PYTHONPATH=/home/turtlebot/nav2_ws/install/nav2_msgs/lib/python3.8/site-packages:/home/turtlebot/nav2_ws/install/nav2_common/lib/python3.8/site-packages:${PYTHONPATH} /usr/bin/cmake --install /home/turtlebot/nav2_ws/build/nav2_amcl
[83.731s] -- Install configuration: "Release"
[83.732s] -- Execute custom install script
[83.733s] -- Symlinking: /home/turtlebot/nav2_ws/install/nav2_amcl/lib/libpf_lib.so
[83.748s] -- Symlinking: /home/turtlebot/nav2_ws/install/nav2_amcl/lib/libmap_lib.so
[83.762s] -- Symlinking: /home/turtlebot/nav2_ws/install/nav2_amcl/lib/libmotions_lib.so
[83.775s] -- Symlinking: /home/turtlebot/nav2_ws/install/nav2_amcl/lib/libsensors_lib.so
[83.788s] -- Symlinking: /home/turtlebot/nav2_ws/install/nav2_amcl/lib/libamcl_core.so
[83.801s] -- Symlinking: /home/turtlebot/nav2_ws/install/nav2_amcl/lib/nav2_amcl/amcl
[83.814s] -- Symlinking: /home/turtlebot/nav2_ws/install/nav2_amcl/include//nav2_amcl/amcl_node.hpp
[83.829s] -- Symlinking: /home/turtlebot/nav2_ws/install/nav2_amcl/include//nav2_amcl/angleutils.hpp
[83.842s] -- Symlinking: /home/turtlebot/nav2_ws/install/nav2_amcl/include//nav2_amcl/map/map.hpp
[83.855s] -- Symlinking: /home/turtlebot/nav2_ws/install/nav2_amcl/include//nav2_amcl/motion_model/motion_model.hpp
[83.868s] -- Symlinking: /home/turtlebot/nav2_ws/install/nav2_amcl/include//nav2_amcl/pf/eig3.hpp
[83.881s] -- Symlinking: /home/turtlebot/nav2_ws/install/nav2_amcl/include//nav2_amcl/pf/pf.hpp
[83.894s] -- Symlinking: /home/turtlebot/nav2_ws/install/nav2_amcl/include//nav2_amcl/pf/pf_kdtree.hpp
[83.907s] -- Symlinking: /home/turtlebot/nav2_ws/install/nav2_amcl/include//nav2_amcl/pf/pf_pdf.hpp
[83.920s] -- Symlinking: /home/turtlebot/nav2_ws/install/nav2_amcl/include//nav2_amcl/pf/pf_vector.hpp
[83.934s] -- Symlinking: /home/turtlebot/nav2_ws/install/nav2_amcl/include//nav2_amcl/sensors/laser/laser.hpp
[83.947s] -- Symlinking: /home/turtlebot/nav2_ws/install/nav2_amcl/share/nav2_amcl/environment/library_path.sh
[83.960s] -- Symlinking: /home/turtlebot/nav2_ws/install/nav2_amcl/share/nav2_amcl/environment/library_path.dsv
[83.973s] -- Symlinking: /home/turtlebot/nav2_ws/install/nav2_amcl/share/ament_index/resource_index/package_run_dependencies/nav2_amcl
[83.986s] -- Symlinking: /home/turtlebot/nav2_ws/install/nav2_amcl/share/ament_index/resource_index/parent_prefix_path/nav2_amcl
[83.999s] -- Symlinking: /home/turtlebot/nav2_ws/install/nav2_amcl/share/nav2_amcl/environment/ament_prefix_path.sh
[84.012s] -- Symlinking: /home/turtlebot/nav2_ws/install/nav2_amcl/share/nav2_amcl/environment/ament_prefix_path.dsv
[84.026s] -- Symlinking: /home/turtlebot/nav2_ws/install/nav2_amcl/share/nav2_amcl/environment/path.sh
[84.039s] -- Symlinking: /home/turtlebot/nav2_ws/install/nav2_amcl/share/nav2_amcl/environment/path.dsv
[84.053s] -- Symlinking: /home/turtlebot/nav2_ws/install/nav2_amcl/share/nav2_amcl/local_setup.bash
[84.066s] -- Symlinking: /home/turtlebot/nav2_ws/install/nav2_amcl/share/nav2_amcl/local_setup.sh
[84.079s] -- Symlinking: /home/turtlebot/nav2_ws/install/nav2_amcl/share/nav2_amcl/local_setup.zsh
[84.091s] -- Symlinking: /home/turtlebot/nav2_ws/install/nav2_amcl/share/nav2_amcl/local_setup.dsv
[84.105s] -- Symlinking: /home/turtlebot/nav2_ws/install/nav2_amcl/share/nav2_amcl/package.dsv
[84.117s] -- Symlinking: /home/turtlebot/nav2_ws/install/nav2_amcl/share/ament_index/resource_index/packages/nav2_amcl
[84.133s] -- Symlinking: /home/turtlebot/nav2_ws/install/nav2_amcl/share/nav2_amcl/cmake/ament_cmake_export_include_directories-extras.cmake
[84.145s] -- Symlinking: /home/turtlebot/nav2_ws/install/nav2_amcl/share/nav2_amcl/cmake/ament_cmake_export_libraries-extras.cmake
[84.158s] -- Symlinking: /home/turtlebot/nav2_ws/install/nav2_amcl/share/nav2_amcl/cmake/ament_cmake_export_dependencies-extras.cmake
[84.171s] -- Symlinking: /home/turtlebot/nav2_ws/install/nav2_amcl/share/nav2_amcl/cmake/nav2_amclConfig.cmake
[84.183s] -- Symlinking: /home/turtlebot/nav2_ws/install/nav2_amcl/share/nav2_amcl/cmake/nav2_amclConfig-version.cmake
[84.197s] -- Symlinking: /home/turtlebot/nav2_ws/install/nav2_amcl/share/nav2_amcl/package.xml
[84.217s] Invoked command in '/home/turtlebot/nav2_ws/build/nav2_amcl' returned '0': AMENT_PREFIX_PATH=/home/turtlebot/nav2_ws/install/nav2_util:/home/turtlebot/nav2_ws/install/nav2_msgs:/home/turtlebot/nav2_ws/install/nav2_common:${AMENT_PREFIX_PATH} CMAKE_PREFIX_PATH=/home/turtlebot/nav2_ws/install/nav2_util:/home/turtlebot/nav2_ws/install/nav2_msgs:/home/turtlebot/nav2_ws/install/nav2_common:/home/turtlebot/robot_ws/install/turtlebot3:/home/turtlebot/robot_ws/install/nav2_example:/home/turtlebot/robot_ws/install/my_package:/home/turtlebot/robot_ws/install/my_navigation_pkg:/home/turtlebot/robot_ws/install/forward1:/opt/ros/foxy LD_LIBRARY_PATH=/home/turtlebot/nav2_ws/install/nav2_util/lib:/home/turtlebot/nav2_ws/install/nav2_msgs/lib:${LD_LIBRARY_PATH} PYTHONPATH=/home/turtlebot/nav2_ws/install/nav2_msgs/lib/python3.8/site-packages:/home/turtlebot/nav2_ws/install/nav2_common/lib/python3.8/site-packages:${PYTHONPATH} /usr/bin/cmake --install /home/turtlebot/nav2_ws/build/nav2_amcl
