-- Install configuration: ""
-- Installing: /home/turtlebot/robot_ws/install/turtlebot3_bringup/share/turtlebot3_bringup/launch
-- Installing: /home/turtlebot/robot_ws/install/turtlebot3_bringup/share/turtlebot3_bringup/launch/rviz2.launch.py
-- Installing: /home/turtlebot/robot_ws/install/turtlebot3_bringup/share/turtlebot3_bringup/launch/robot.launch.py
-- Installing: /home/turtlebot/robot_ws/install/turtlebot3_bringup/share/turtlebot3_bringup/launch/turtlebot3_state_publisher.launch.py
-- Installing: /home/turtlebot/robot_ws/install/turtlebot3_bringup/share/turtlebot3_bringup/param
-- Installing: /home/turtlebot/robot_ws/install/turtlebot3_bringup/share/turtlebot3_bringup/param/waffle_pi.yaml
-- Installing: /home/turtlebot/robot_ws/install/turtlebot3_bringup/share/turtlebot3_bringup/param/burger.yaml
-- Installing: /home/turtlebot/robot_ws/install/turtlebot3_bringup/share/turtlebot3_bringup/param/waffle.yaml
-- Installing: /home/turtlebot/robot_ws/install/turtlebot3_bringup/share/turtlebot3_bringup/script
-- Installing: /home/turtlebot/robot_ws/install/turtlebot3_bringup/share/turtlebot3_bringup/script/99-turtlebot3-cdc.rules
-- Installing: /home/turtlebot/robot_ws/install/turtlebot3_bringup/share/turtlebot3_bringup/script/create_udev_rules
-- Installing: /home/turtlebot/robot_ws/install/turtlebot3_bringup/share/ament_index/resource_index/package_run_dependencies/turtlebot3_bringup
-- Installing: /home/turtlebot/robot_ws/install/turtlebot3_bringup/share/ament_index/resource_index/parent_prefix_path/turtlebot3_bringup
-- Installing: /home/turtlebot/robot_ws/install/turtlebot3_bringup/share/turtlebot3_bringup/environment/ament_prefix_path.sh
-- Installing: /home/turtlebot/robot_ws/install/turtlebot3_bringup/share/turtlebot3_bringup/environment/ament_prefix_path.dsv
-- Installing: /home/turtlebot/robot_ws/install/turtlebot3_bringup/share/turtlebot3_bringup/environment/path.sh
-- Installing: /home/turtlebot/robot_ws/install/turtlebot3_bringup/share/turtlebot3_bringup/environment/path.dsv
-- Installing: /home/turtlebot/robot_ws/install/turtlebot3_bringup/share/turtlebot3_bringup/local_setup.bash
-- Installing: /home/turtlebot/robot_ws/install/turtlebot3_bringup/share/turtlebot3_bringup/local_setup.sh
-- Installing: /home/turtlebot/robot_ws/install/turtlebot3_bringup/share/turtlebot3_bringup/local_setup.zsh
-- Installing: /home/turtlebot/robot_ws/install/turtlebot3_bringup/share/turtlebot3_bringup/local_setup.dsv
-- Installing: /home/turtlebot/robot_ws/install/turtlebot3_bringup/share/turtlebot3_bringup/package.dsv
-- Installing: /home/turtlebot/robot_ws/install/turtlebot3_bringup/share/ament_index/resource_index/packages/turtlebot3_bringup
-- Installing: /home/turtlebot/robot_ws/install/turtlebot3_bringup/share/turtlebot3_bringup/cmake/turtlebot3_bringupConfig.cmake
-- Installing: /home/turtlebot/robot_ws/install/turtlebot3_bringup/share/turtlebot3_bringup/cmake/turtlebot3_bringupConfig-version.cmake
-- Installing: /home/turtlebot/robot_ws/install/turtlebot3_bringup/share/turtlebot3_bringup/package.xml
