[0.021s] Invoking command in '/home/turtlebot/robot_ws/build/turtlebot3_bringup': AMENT_PREFIX_PATH=/home/turtlebot/robot_ws/install/turtlebot3_node:/home/turtlebot/robot_ws/install/turtlebot3_description:${AMENT_PREFIX_PATH} CMAKE_PREFIX_PATH=${CMAKE_PREFIX_PATH}_node:/home/turtlebot/robot_ws/install/turtlebot3_description:/home/turtlebot/robot_ws/install/turtlebot3:/home/turtlebot/robot_ws/install/nav2_example:/home/turtlebot/robot_ws/install/my_package:/home/turtlebot/robot_ws/install/my_navigation_pkg:/home/turtlebot/robot_ws/install/forward1:/opt/ros/foxy /usr/bin/cmake --build /home/turtlebot/robot_ws/build/turtlebot3_bringup -- -j2 -l2
[0.060s] Invoked command in '/home/turtlebot/robot_ws/build/turtlebot3_bringup' returned '0': AMENT_PREFIX_PATH=/home/turtlebot/robot_ws/install/turtlebot3_node:/home/turtlebot/robot_ws/install/turtlebot3_description:${AMENT_PREFIX_PATH} CMAKE_PREFIX_PATH=${CMAKE_PREFIX_PATH}_node:/home/turtlebot/robot_ws/install/turtlebot3_description:/home/turtlebot/robot_ws/install/turtlebot3:/home/turtlebot/robot_ws/install/nav2_example:/home/turtlebot/robot_ws/install/my_package:/home/turtlebot/robot_ws/install/my_navigation_pkg:/home/turtlebot/robot_ws/install/forward1:/opt/ros/foxy /usr/bin/cmake --build /home/turtlebot/robot_ws/build/turtlebot3_bringup -- -j2 -l2
[0.084s] Invoking command in '/home/turtlebot/robot_ws/build/turtlebot3_bringup': AMENT_PREFIX_PATH=/home/turtlebot/robot_ws/install/turtlebot3_node:/home/turtlebot/robot_ws/install/turtlebot3_description:${AMENT_PREFIX_PATH} CMAKE_PREFIX_PATH=${CMAKE_PREFIX_PATH}_node:/home/turtlebot/robot_ws/install/turtlebot3_description:/home/turtlebot/robot_ws/install/turtlebot3:/home/turtlebot/robot_ws/install/nav2_example:/home/turtlebot/robot_ws/install/my_package:/home/turtlebot/robot_ws/install/my_navigation_pkg:/home/turtlebot/robot_ws/install/forward1:/opt/ros/foxy /usr/bin/cmake --install /home/turtlebot/robot_ws/build/turtlebot3_bringup
[0.093s] -- Install configuration: ""
[0.093s] -- Installing: /home/turtlebot/robot_ws/install/turtlebot3_bringup/share/turtlebot3_bringup/launch
[0.093s] -- Installing: /home/turtlebot/robot_ws/install/turtlebot3_bringup/share/turtlebot3_bringup/launch/rviz2.launch.py
[0.094s] -- Installing: /home/turtlebot/robot_ws/install/turtlebot3_bringup/share/turtlebot3_bringup/launch/robot.launch.py
[0.094s] -- Installing: /home/turtlebot/robot_ws/install/turtlebot3_bringup/share/turtlebot3_bringup/launch/turtlebot3_state_publisher.launch.py
[0.095s] -- Installing: /home/turtlebot/robot_ws/install/turtlebot3_bringup/share/turtlebot3_bringup/param
[0.095s] -- Installing: /home/turtlebot/robot_ws/install/turtlebot3_bringup/share/turtlebot3_bringup/param/waffle_pi.yaml
[0.095s] -- Installing: /home/turtlebot/robot_ws/install/turtlebot3_bringup/share/turtlebot3_bringup/param/burger.yaml
[0.095s] -- Installing: /home/turtlebot/robot_ws/install/turtlebot3_bringup/share/turtlebot3_bringup/param/waffle.yaml
[0.095s] -- Installing: /home/turtlebot/robot_ws/install/turtlebot3_bringup/share/turtlebot3_bringup/script
[0.096s] -- Installing: /home/turtlebot/robot_ws/install/turtlebot3_bringup/share/turtlebot3_bringup/script/99-turtlebot3-cdc.rules
[0.096s] -- Installing: /home/turtlebot/robot_ws/install/turtlebot3_bringup/share/turtlebot3_bringup/script/create_udev_rules
[0.096s] -- Installing: /home/turtlebot/robot_ws/install/turtlebot3_bringup/share/ament_index/resource_index/package_run_dependencies/turtlebot3_bringup
[0.096s] -- Installing: /home/turtlebot/robot_ws/install/turtlebot3_bringup/share/ament_index/resource_index/parent_prefix_path/turtlebot3_bringup
[0.096s] -- Installing: /home/turtlebot/robot_ws/install/turtlebot3_bringup/share/turtlebot3_bringup/environment/ament_prefix_path.sh
[0.097s] -- Installing: /home/turtlebot/robot_ws/install/turtlebot3_bringup/share/turtlebot3_bringup/environment/ament_prefix_path.dsv
[0.097s] -- Installing: /home/turtlebot/robot_ws/install/turtlebot3_bringup/share/turtlebot3_bringup/environment/path.sh
[0.097s] -- Installing: /home/turtlebot/robot_ws/install/turtlebot3_bringup/share/turtlebot3_bringup/environment/path.dsv
[0.097s] -- Installing: /home/turtlebot/robot_ws/install/turtlebot3_bringup/share/turtlebot3_bringup/local_setup.bash
[0.097s] -- Installing: /home/turtlebot/robot_ws/install/turtlebot3_bringup/share/turtlebot3_bringup/local_setup.sh
[0.098s] -- Installing: /home/turtlebot/robot_ws/install/turtlebot3_bringup/share/turtlebot3_bringup/local_setup.zsh
[0.098s] -- Installing: /home/turtlebot/robot_ws/install/turtlebot3_bringup/share/turtlebot3_bringup/local_setup.dsv
[0.098s] -- Installing: /home/turtlebot/robot_ws/install/turtlebot3_bringup/share/turtlebot3_bringup/package.dsv
[0.098s] -- Installing: /home/turtlebot/robot_ws/install/turtlebot3_bringup/share/ament_index/resource_index/packages/turtlebot3_bringup
[0.099s] -- Installing: /home/turtlebot/robot_ws/install/turtlebot3_bringup/share/turtlebot3_bringup/cmake/turtlebot3_bringupConfig.cmake
[0.099s] -- Installing: /home/turtlebot/robot_ws/install/turtlebot3_bringup/share/turtlebot3_bringup/cmake/turtlebot3_bringupConfig-version.cmake
[0.099s] -- Installing: /home/turtlebot/robot_ws/install/turtlebot3_bringup/share/turtlebot3_bringup/package.xml
[0.101s] Invoked command in '/home/turtlebot/robot_ws/build/turtlebot3_bringup' returned '0': AMENT_PREFIX_PATH=/home/turtlebot/robot_ws/install/turtlebot3_node:/home/turtlebot/robot_ws/install/turtlebot3_description:${AMENT_PREFIX_PATH} CMAKE_PREFIX_PATH=${CMAKE_PREFIX_PATH}_node:/home/turtlebot/robot_ws/install/turtlebot3_description:/home/turtlebot/robot_ws/install/turtlebot3:/home/turtlebot/robot_ws/install/nav2_example:/home/turtlebot/robot_ws/install/my_package:/home/turtlebot/robot_ws/install/my_navigation_pkg:/home/turtlebot/robot_ws/install/forward1:/opt/ros/foxy /usr/bin/cmake --install /home/turtlebot/robot_ws/build/turtlebot3_bringup
