[0.205s] Invoking command in '/home/turtlebot/robot_ws/build/waypoint_navigation_interfaces': CMAKE_PREFIX_PATH=${CMAKE_PREFIX_PATH}:/home/turtlebot/robot_ws/install/waypoint_navigation:/home/turtlebot/robot_ws/install/my_package:/home/turtlebot/robot_ws/install/my_navigation_pkg:/home/turtlebot/robot_ws/install/forward1:/opt/ros/foxy /usr/bin/cmake --build /home/turtlebot/robot_ws/build/waypoint_navigation_interfaces -- -j2 -l2
[0.262s] [  1%] Built target waypoint_navigation_interfaces__cpp
[0.271s] [ 12%] Built target waypoint_navigation_interfaces__rosidl_generator_c
[0.308s] [ 23%] Built target waypoint_navigation_interfaces__rosidl_typesupport_introspection_cpp
[0.319s] [ 34%] Built target waypoint_navigation_interfaces__rosidl_typesupport_fastrtps_cpp
[0.350s] [ 46%] Built target waypoint_navigation_interfaces__rosidl_typesupport_c
[0.357s] [ 57%] Built target waypoint_navigation_interfaces__rosidl_typesupport_introspection_c
[0.382s] [ 68%] Built target waypoint_navigation_interfaces__rosidl_typesupport_cpp
[0.400s] [ 79%] Built target waypoint_navigation_interfaces__rosidl_typesupport_fastrtps_c
[0.417s] [ 79%] Built target waypoint_navigation_interfaces
[0.436s] [ 80%] Built target waypoint_navigation_interfaces__py
[0.462s] [ 90%] Built target waypoint_navigation_interfaces__python
[0.500s] [ 93%] Built target waypoint_navigation_interfaces__rosidl_typesupport_introspection_c__pyext
[0.512s] [ 96%] Built target waypoint_navigation_interfaces__rosidl_typesupport_fastrtps_c__pyext
[0.523s] [100%] Built target waypoint_navigation_interfaces__rosidl_typesupport_c__pyext
[0.534s] Invoked command in '/home/turtlebot/robot_ws/build/waypoint_navigation_interfaces' returned '0': CMAKE_PREFIX_PATH=${CMAKE_PREFIX_PATH}:/home/turtlebot/robot_ws/install/waypoint_navigation:/home/turtlebot/robot_ws/install/my_package:/home/turtlebot/robot_ws/install/my_navigation_pkg:/home/turtlebot/robot_ws/install/forward1:/opt/ros/foxy /usr/bin/cmake --build /home/turtlebot/robot_ws/build/waypoint_navigation_interfaces -- -j2 -l2
[0.632s] Invoking command in '/home/turtlebot/robot_ws/build/waypoint_navigation_interfaces': CMAKE_PREFIX_PATH=${CMAKE_PREFIX_PATH}:/home/turtlebot/robot_ws/install/waypoint_navigation:/home/turtlebot/robot_ws/install/my_package:/home/turtlebot/robot_ws/install/my_navigation_pkg:/home/turtlebot/robot_ws/install/forward1:/opt/ros/foxy /usr/bin/cmake --install /home/turtlebot/robot_ws/build/waypoint_navigation_interfaces
[0.640s] -- Install configuration: ""
[0.640s] -- Execute custom install script
[0.641s] -- Up-to-date symlink: /home/turtlebot/robot_ws/install/waypoint_navigation_interfaces/share/ament_index/resource_index/rosidl_interfaces/waypoint_navigation_interfaces
[0.641s] -- Up-to-date symlink: /home/turtlebot/robot_ws/install/waypoint_navigation_interfaces/include/waypoint_navigation_interfaces/action/detail/navigate_to_wp__functions.h
[0.641s] -- Up-to-date symlink: /home/turtlebot/robot_ws/install/waypoint_navigation_interfaces/include/waypoint_navigation_interfaces/action/detail/navigate_to_wp__struct.h
[0.641s] -- Up-to-date symlink: /home/turtlebot/robot_ws/install/waypoint_navigation_interfaces/include/waypoint_navigation_interfaces/action/detail/navigate_to_wp__type_support.h
[0.642s] -- Up-to-date symlink: /home/turtlebot/robot_ws/install/waypoint_navigation_interfaces/include/waypoint_navigation_interfaces/action/navigate_to_wp.h
[0.642s] -- Up-to-date symlink: /home/turtlebot/robot_ws/install/waypoint_navigation_interfaces/include/waypoint_navigation_interfaces/msg/detail/wp__functions.h
[0.642s] -- Up-to-date symlink: /home/turtlebot/robot_ws/install/waypoint_navigation_interfaces/include/waypoint_navigation_interfaces/msg/detail/wp__struct.h
[0.642s] -- Up-to-date symlink: /home/turtlebot/robot_ws/install/waypoint_navigation_interfaces/include/waypoint_navigation_interfaces/msg/detail/wp__type_support.h
[0.642s] -- Up-to-date symlink: /home/turtlebot/robot_ws/install/waypoint_navigation_interfaces/include/waypoint_navigation_interfaces/msg/rosidl_generator_c__visibility_control.h
[0.642s] -- Up-to-date symlink: /home/turtlebot/robot_ws/install/waypoint_navigation_interfaces/include/waypoint_navigation_interfaces/msg/wp.h
[0.643s] -- Up-to-date symlink: /home/turtlebot/robot_ws/install/waypoint_navigation_interfaces/include/waypoint_navigation_interfaces/srv/add_wp.h
[0.643s] -- Up-to-date symlink: /home/turtlebot/robot_ws/install/waypoint_navigation_interfaces/include/waypoint_navigation_interfaces/srv/detail/add_wp__functions.h
[0.643s] -- Up-to-date symlink: /home/turtlebot/robot_ws/install/waypoint_navigation_interfaces/include/waypoint_navigation_interfaces/srv/detail/add_wp__struct.h
[0.643s] -- Up-to-date symlink: /home/turtlebot/robot_ws/install/waypoint_navigation_interfaces/include/waypoint_navigation_interfaces/srv/detail/add_wp__type_support.h
[0.643s] -- Up-to-date symlink: /home/turtlebot/robot_ws/install/waypoint_navigation_interfaces/include/waypoint_navigation_interfaces/srv/detail/get_wp__functions.h
[0.643s] -- Up-to-date symlink: /home/turtlebot/robot_ws/install/waypoint_navigation_interfaces/include/waypoint_navigation_interfaces/srv/detail/get_wp__struct.h
[0.643s] -- Up-to-date symlink: /home/turtlebot/robot_ws/install/waypoint_navigation_interfaces/include/waypoint_navigation_interfaces/srv/detail/get_wp__type_support.h
[0.644s] -- Up-to-date symlink: /home/turtlebot/robot_ws/install/waypoint_navigation_interfaces/include/waypoint_navigation_interfaces/srv/detail/get_wps__functions.h
[0.644s] -- Up-to-date symlink: /home/turtlebot/robot_ws/install/waypoint_navigation_interfaces/include/waypoint_navigation_interfaces/srv/detail/get_wps__struct.h
[0.644s] -- Up-to-date symlink: /home/turtlebot/robot_ws/install/waypoint_navigation_interfaces/include/waypoint_navigation_interfaces/srv/detail/get_wps__type_support.h
[0.644s] -- Up-to-date symlink: /home/turtlebot/robot_ws/install/waypoint_navigation_interfaces/include/waypoint_navigation_interfaces/srv/get_wp.h
[0.644s] -- Up-to-date symlink: /home/turtlebot/robot_ws/install/waypoint_navigation_interfaces/include/waypoint_navigation_interfaces/srv/get_wps.h
[0.644s] -- Up-to-date symlink: /home/turtlebot/robot_ws/install/waypoint_navigation_interfaces/share/waypoint_navigation_interfaces/environment/library_path.sh
[0.645s] -- Up-to-date symlink: /home/turtlebot/robot_ws/install/waypoint_navigation_interfaces/share/waypoint_navigation_interfaces/environment/library_path.dsv
[0.645s] -- Up-to-date symlink: /home/turtlebot/robot_ws/install/waypoint_navigation_interfaces/include/waypoint_navigation_interfaces/action/detail/navigate_to_wp__rosidl_typesupport_fastrtps_c.h
[0.645s] -- Up-to-date symlink: /home/turtlebot/robot_ws/install/waypoint_navigation_interfaces/include/waypoint_navigation_interfaces/msg/detail/wp__rosidl_typesupport_fastrtps_c.h
[0.645s] -- Up-to-date symlink: /home/turtlebot/robot_ws/install/waypoint_navigation_interfaces/include/waypoint_navigation_interfaces/msg/rosidl_typesupport_fastrtps_c__visibility_control.h
[0.646s] -- Up-to-date symlink: /home/turtlebot/robot_ws/install/waypoint_navigation_interfaces/include/waypoint_navigation_interfaces/srv/detail/add_wp__rosidl_typesupport_fastrtps_c.h
[0.646s] -- Up-to-date symlink: /home/turtlebot/robot_ws/install/waypoint_navigation_interfaces/include/waypoint_navigation_interfaces/srv/detail/get_wp__rosidl_typesupport_fastrtps_c.h
[0.646s] -- Up-to-date symlink: /home/turtlebot/robot_ws/install/waypoint_navigation_interfaces/include/waypoint_navigation_interfaces/srv/detail/get_wps__rosidl_typesupport_fastrtps_c.h
[0.646s] -- Up-to-date symlink: /home/turtlebot/robot_ws/install/waypoint_navigation_interfaces/lib/libwaypoint_navigation_interfaces__rosidl_typesupport_fastrtps_c.so
[0.647s] -- Up-to-date symlink: /home/turtlebot/robot_ws/install/waypoint_navigation_interfaces/include/waypoint_navigation_interfaces/action/detail/navigate_to_wp__rosidl_typesupport_fastrtps_cpp.hpp
[0.647s] -- Up-to-date symlink: /home/turtlebot/robot_ws/install/waypoint_navigation_interfaces/include/waypoint_navigation_interfaces/msg/detail/wp__rosidl_typesupport_fastrtps_cpp.hpp
[0.647s] -- Up-to-date symlink: /home/turtlebot/robot_ws/install/waypoint_navigation_interfaces/include/waypoint_navigation_interfaces/msg/rosidl_typesupport_fastrtps_cpp__visibility_control.h
[0.647s] -- Up-to-date symlink: /home/turtlebot/robot_ws/install/waypoint_navigation_interfaces/include/waypoint_navigation_interfaces/srv/detail/add_wp__rosidl_typesupport_fastrtps_cpp.hpp
[0.648s] -- Up-to-date symlink: /home/turtlebot/robot_ws/install/waypoint_navigation_interfaces/include/waypoint_navigation_interfaces/srv/detail/get_wp__rosidl_typesupport_fastrtps_cpp.hpp
[0.648s] -- Up-to-date symlink: /home/turtlebot/robot_ws/install/waypoint_navigation_interfaces/include/waypoint_navigation_interfaces/srv/detail/get_wps__rosidl_typesupport_fastrtps_cpp.hpp
[0.648s] -- Up-to-date symlink: /home/turtlebot/robot_ws/install/waypoint_navigation_interfaces/lib/libwaypoint_navigation_interfaces__rosidl_typesupport_fastrtps_cpp.so
[0.649s] -- Up-to-date symlink: /home/turtlebot/robot_ws/install/waypoint_navigation_interfaces/include/waypoint_navigation_interfaces/action/detail/navigate_to_wp__rosidl_typesupport_introspection_c.h
[0.649s] -- Up-to-date symlink: /home/turtlebot/robot_ws/install/waypoint_navigation_interfaces/include/waypoint_navigation_interfaces/msg/detail/wp__rosidl_typesupport_introspection_c.h
[0.649s] -- Up-to-date symlink: /home/turtlebot/robot_ws/install/waypoint_navigation_interfaces/include/waypoint_navigation_interfaces/msg/rosidl_typesupport_introspection_c__visibility_control.h
[0.649s] -- Up-to-date symlink: /home/turtlebot/robot_ws/install/waypoint_navigation_interfaces/include/waypoint_navigation_interfaces/srv/detail/add_wp__rosidl_typesupport_introspection_c.h
[0.649s] -- Up-to-date symlink: /home/turtlebot/robot_ws/install/waypoint_navigation_interfaces/include/waypoint_navigation_interfaces/srv/detail/get_wp__rosidl_typesupport_introspection_c.h
[0.649s] -- Up-to-date symlink: /home/turtlebot/robot_ws/install/waypoint_navigation_interfaces/include/waypoint_navigation_interfaces/srv/detail/get_wps__rosidl_typesupport_introspection_c.h
[0.650s] -- Up-to-date symlink: /home/turtlebot/robot_ws/install/waypoint_navigation_interfaces/include/waypoint_navigation_interfaces/action/detail/navigate_to_wp__builder.hpp
[0.650s] -- Up-to-date symlink: /home/turtlebot/robot_ws/install/waypoint_navigation_interfaces/include/waypoint_navigation_interfaces/action/detail/navigate_to_wp__struct.hpp
[0.650s] -- Up-to-date symlink: /home/turtlebot/robot_ws/install/waypoint_navigation_interfaces/include/waypoint_navigation_interfaces/action/detail/navigate_to_wp__traits.hpp
[0.650s] -- Up-to-date symlink: /home/turtlebot/robot_ws/install/waypoint_navigation_interfaces/include/waypoint_navigation_interfaces/action/navigate_to_wp.hpp
[0.650s] -- Up-to-date symlink: /home/turtlebot/robot_ws/install/waypoint_navigation_interfaces/include/waypoint_navigation_interfaces/msg/detail/wp__builder.hpp
[0.651s] -- Up-to-date symlink: /home/turtlebot/robot_ws/install/waypoint_navigation_interfaces/include/waypoint_navigation_interfaces/msg/detail/wp__struct.hpp
[0.651s] -- Up-to-date symlink: /home/turtlebot/robot_ws/install/waypoint_navigation_interfaces/include/waypoint_navigation_interfaces/msg/detail/wp__traits.hpp
[0.651s] -- Up-to-date symlink: /home/turtlebot/robot_ws/install/waypoint_navigation_interfaces/include/waypoint_navigation_interfaces/msg/wp.hpp
[0.651s] -- Up-to-date symlink: /home/turtlebot/robot_ws/install/waypoint_navigation_interfaces/include/waypoint_navigation_interfaces/srv/add_wp.hpp
[0.651s] -- Up-to-date symlink: /home/turtlebot/robot_ws/install/waypoint_navigation_interfaces/include/waypoint_navigation_interfaces/srv/detail/add_wp__builder.hpp
[0.651s] -- Up-to-date symlink: /home/turtlebot/robot_ws/install/waypoint_navigation_interfaces/include/waypoint_navigation_interfaces/srv/detail/add_wp__struct.hpp
[0.651s] -- Up-to-date symlink: /home/turtlebot/robot_ws/install/waypoint_navigation_interfaces/include/waypoint_navigation_interfaces/srv/detail/add_wp__traits.hpp
[0.652s] -- Up-to-date symlink: /home/turtlebot/robot_ws/install/waypoint_navigation_interfaces/include/waypoint_navigation_interfaces/srv/detail/get_wp__builder.hpp
[0.652s] -- Up-to-date symlink: /home/turtlebot/robot_ws/install/waypoint_navigation_interfaces/include/waypoint_navigation_interfaces/srv/detail/get_wp__struct.hpp
[0.652s] -- Up-to-date symlink: /home/turtlebot/robot_ws/install/waypoint_navigation_interfaces/include/waypoint_navigation_interfaces/srv/detail/get_wp__traits.hpp
[0.652s] -- Up-to-date symlink: /home/turtlebot/robot_ws/install/waypoint_navigation_interfaces/include/waypoint_navigation_interfaces/srv/detail/get_wps__builder.hpp
[0.652s] -- Up-to-date symlink: /home/turtlebot/robot_ws/install/waypoint_navigation_interfaces/include/waypoint_navigation_interfaces/srv/detail/get_wps__struct.hpp
[0.652s] -- Up-to-date symlink: /home/turtlebot/robot_ws/install/waypoint_navigation_interfaces/include/waypoint_navigation_interfaces/srv/detail/get_wps__traits.hpp
[0.653s] -- Up-to-date symlink: /home/turtlebot/robot_ws/install/waypoint_navigation_interfaces/include/waypoint_navigation_interfaces/srv/get_wp.hpp
[0.653s] -- Up-to-date symlink: /home/turtlebot/robot_ws/install/waypoint_navigation_interfaces/include/waypoint_navigation_interfaces/srv/get_wps.hpp
[0.653s] -- Up-to-date symlink: /home/turtlebot/robot_ws/install/waypoint_navigation_interfaces/include/waypoint_navigation_interfaces/action/detail/navigate_to_wp__rosidl_typesupport_introspection_cpp.hpp
[0.653s] -- Up-to-date symlink: /home/turtlebot/robot_ws/install/waypoint_navigation_interfaces/include/waypoint_navigation_interfaces/msg/detail/wp__rosidl_typesupport_introspection_cpp.hpp
[0.653s] -- Up-to-date symlink: /home/turtlebot/robot_ws/install/waypoint_navigation_interfaces/include/waypoint_navigation_interfaces/srv/detail/add_wp__rosidl_typesupport_introspection_cpp.hpp
[0.654s] -- Up-to-date symlink: /home/turtlebot/robot_ws/install/waypoint_navigation_interfaces/include/waypoint_navigation_interfaces/srv/detail/get_wp__rosidl_typesupport_introspection_cpp.hpp
[0.654s] -- Up-to-date symlink: /home/turtlebot/robot_ws/install/waypoint_navigation_interfaces/include/waypoint_navigation_interfaces/srv/detail/get_wps__rosidl_typesupport_introspection_cpp.hpp
[0.654s] -- Up-to-date symlink: /home/turtlebot/robot_ws/install/waypoint_navigation_interfaces/share/waypoint_navigation_interfaces/environment/pythonpath.sh
[0.654s] -- Up-to-date symlink: /home/turtlebot/robot_ws/install/waypoint_navigation_interfaces/share/waypoint_navigation_interfaces/environment/pythonpath.dsv
[0.654s] -- Up-to-date symlink: /home/turtlebot/robot_ws/install/waypoint_navigation_interfaces/lib/python3.8/site-packages/waypoint_navigation_interfaces/__init__.py
[0.655s] -- Up-to-date symlink: /home/turtlebot/robot_ws/install/waypoint_navigation_interfaces/lib/python3.8/site-packages/waypoint_navigation_interfaces/action/__init__.py
[0.655s] -- Up-to-date symlink: /home/turtlebot/robot_ws/install/waypoint_navigation_interfaces/lib/python3.8/site-packages/waypoint_navigation_interfaces/action/_navigate_to_wp.py
[0.656s] -- Up-to-date symlink: /home/turtlebot/robot_ws/install/waypoint_navigation_interfaces/lib/python3.8/site-packages/waypoint_navigation_interfaces/srv/__init__.py
[0.656s] -- Up-to-date symlink: /home/turtlebot/robot_ws/install/waypoint_navigation_interfaces/lib/python3.8/site-packages/waypoint_navigation_interfaces/srv/_add_wp.py
[0.656s] -- Up-to-date symlink: /home/turtlebot/robot_ws/install/waypoint_navigation_interfaces/lib/python3.8/site-packages/waypoint_navigation_interfaces/srv/_get_wp.py
[0.656s] -- Up-to-date symlink: /home/turtlebot/robot_ws/install/waypoint_navigation_interfaces/lib/python3.8/site-packages/waypoint_navigation_interfaces/srv/_get_wps.py
[0.657s] -- Up-to-date symlink: /home/turtlebot/robot_ws/install/waypoint_navigation_interfaces/lib/python3.8/site-packages/waypoint_navigation_interfaces/msg/__init__.py
[0.657s] -- Up-to-date symlink: /home/turtlebot/robot_ws/install/waypoint_navigation_interfaces/lib/python3.8/site-packages/waypoint_navigation_interfaces/msg/_wp.py
[0.657s] -- Up-to-date symlink: /home/turtlebot/robot_ws/install/waypoint_navigation_interfaces/lib/python3.8/site-packages/waypoint_navigation_interfaces/waypoint_navigation_interfaces_s__rosidl_typesupport_fastrtps_c.cpython-38-x86_64-linux-gnu.so
[0.658s] -- Up-to-date symlink: /home/turtlebot/robot_ws/install/waypoint_navigation_interfaces/lib/python3.8/site-packages/waypoint_navigation_interfaces/waypoint_navigation_interfaces_s__rosidl_typesupport_introspection_c.cpython-38-x86_64-linux-gnu.so
[0.658s] -- Up-to-date symlink: /home/turtlebot/robot_ws/install/waypoint_navigation_interfaces/lib/python3.8/site-packages/waypoint_navigation_interfaces/waypoint_navigation_interfaces_s__rosidl_typesupport_c.cpython-38-x86_64-linux-gnu.so
[0.659s] -- Up-to-date symlink: /home/turtlebot/robot_ws/install/waypoint_navigation_interfaces/lib/libwaypoint_navigation_interfaces__python.so
[0.659s] -- Up-to-date symlink: /home/turtlebot/robot_ws/install/waypoint_navigation_interfaces/share/waypoint_navigation_interfaces/action/NavigateToWp.idl
[0.659s] -- Up-to-date symlink: /home/turtlebot/robot_ws/install/waypoint_navigation_interfaces/share/waypoint_navigation_interfaces/srv/AddWp.idl
[0.659s] -- Up-to-date symlink: /home/turtlebot/robot_ws/install/waypoint_navigation_interfaces/share/waypoint_navigation_interfaces/srv/GetWp.idl
[0.660s] -- Up-to-date symlink: /home/turtlebot/robot_ws/install/waypoint_navigation_interfaces/share/waypoint_navigation_interfaces/srv/GetWps.idl
[0.660s] -- Up-to-date symlink: /home/turtlebot/robot_ws/install/waypoint_navigation_interfaces/share/waypoint_navigation_interfaces/msg/Wp.idl
[0.660s] -- Up-to-date symlink: /home/turtlebot/robot_ws/install/waypoint_navigation_interfaces/share/waypoint_navigation_interfaces/action/NavigateToWp.action
[0.660s] -- Up-to-date symlink: /home/turtlebot/robot_ws/install/waypoint_navigation_interfaces/share/waypoint_navigation_interfaces/srv/AddWp.srv
[0.661s] -- Up-to-date symlink: /home/turtlebot/robot_ws/install/waypoint_navigation_interfaces/share/waypoint_navigation_interfaces/srv/AddWp_Request.msg
[0.661s] -- Up-to-date symlink: /home/turtlebot/robot_ws/install/waypoint_navigation_interfaces/share/waypoint_navigation_interfaces/srv/AddWp_Response.msg
[0.661s] -- Up-to-date symlink: /home/turtlebot/robot_ws/install/waypoint_navigation_interfaces/share/waypoint_navigation_interfaces/srv/GetWp.srv
[0.661s] -- Up-to-date symlink: /home/turtlebot/robot_ws/install/waypoint_navigation_interfaces/share/waypoint_navigation_interfaces/srv/GetWp_Request.msg
[0.662s] -- Up-to-date symlink: /home/turtlebot/robot_ws/install/waypoint_navigation_interfaces/share/waypoint_navigation_interfaces/srv/GetWp_Response.msg
[0.662s] -- Up-to-date symlink: /home/turtlebot/robot_ws/install/waypoint_navigation_interfaces/share/waypoint_navigation_interfaces/srv/GetWps.srv
[0.662s] -- Up-to-date symlink: /home/turtlebot/robot_ws/install/waypoint_navigation_interfaces/share/waypoint_navigation_interfaces/srv/GetWps_Request.msg
[0.662s] -- Up-to-date symlink: /home/turtlebot/robot_ws/install/waypoint_navigation_interfaces/share/waypoint_navigation_interfaces/srv/GetWps_Response.msg
[0.662s] -- Up-to-date symlink: /home/turtlebot/robot_ws/install/waypoint_navigation_interfaces/share/waypoint_navigation_interfaces/msg/Wp.msg
[0.663s] -- Up-to-date symlink: /home/turtlebot/robot_ws/install/waypoint_navigation_interfaces/share/ament_index/resource_index/package_run_dependencies/waypoint_navigation_interfaces
[0.663s] -- Up-to-date symlink: /home/turtlebot/robot_ws/install/waypoint_navigation_interfaces/share/ament_index/resource_index/parent_prefix_path/waypoint_navigation_interfaces
[0.663s] -- Up-to-date symlink: /home/turtlebot/robot_ws/install/waypoint_navigation_interfaces/share/waypoint_navigation_interfaces/environment/ament_prefix_path.sh
[0.663s] -- Up-to-date symlink: /home/turtlebot/robot_ws/install/waypoint_navigation_interfaces/share/waypoint_navigation_interfaces/environment/ament_prefix_path.dsv
[0.664s] -- Up-to-date symlink: /home/turtlebot/robot_ws/install/waypoint_navigation_interfaces/share/waypoint_navigation_interfaces/environment/path.sh
[0.664s] -- Up-to-date symlink: /home/turtlebot/robot_ws/install/waypoint_navigation_interfaces/share/waypoint_navigation_interfaces/environment/path.dsv
[0.664s] -- Up-to-date symlink: /home/turtlebot/robot_ws/install/waypoint_navigation_interfaces/share/waypoint_navigation_interfaces/local_setup.bash
[0.664s] -- Up-to-date symlink: /home/turtlebot/robot_ws/install/waypoint_navigation_interfaces/share/waypoint_navigation_interfaces/local_setup.sh
[0.664s] -- Up-to-date symlink: /home/turtlebot/robot_ws/install/waypoint_navigation_interfaces/share/waypoint_navigation_interfaces/local_setup.zsh
[0.665s] -- Up-to-date symlink: /home/turtlebot/robot_ws/install/waypoint_navigation_interfaces/share/waypoint_navigation_interfaces/local_setup.dsv
[0.665s] -- Symlinking: /home/turtlebot/robot_ws/install/waypoint_navigation_interfaces/share/waypoint_navigation_interfaces/package.dsv
[0.677s] -- Up-to-date symlink: /home/turtlebot/robot_ws/install/waypoint_navigation_interfaces/share/ament_index/resource_index/packages/waypoint_navigation_interfaces
[0.677s] -- Up-to-date symlink: /home/turtlebot/robot_ws/install/waypoint_navigation_interfaces/share/waypoint_navigation_interfaces/cmake/rosidl_cmake-extras.cmake
[0.677s] -- Up-to-date symlink: /home/turtlebot/robot_ws/install/waypoint_navigation_interfaces/share/waypoint_navigation_interfaces/cmake/ament_cmake_export_dependencies-extras.cmake
[0.677s] -- Up-to-date symlink: /home/turtlebot/robot_ws/install/waypoint_navigation_interfaces/share/waypoint_navigation_interfaces/cmake/ament_cmake_export_libraries-extras.cmake
[0.677s] -- Up-to-date symlink: /home/turtlebot/robot_ws/install/waypoint_navigation_interfaces/share/waypoint_navigation_interfaces/cmake/ament_cmake_export_targets-extras.cmake
[0.678s] -- Up-to-date symlink: /home/turtlebot/robot_ws/install/waypoint_navigation_interfaces/share/waypoint_navigation_interfaces/cmake/ament_cmake_export_include_directories-extras.cmake
[0.678s] -- Up-to-date symlink: /home/turtlebot/robot_ws/install/waypoint_navigation_interfaces/share/waypoint_navigation_interfaces/cmake/rosidl_cmake_export_typesupport_libraries-extras.cmake
[0.678s] -- Up-to-date symlink: /home/turtlebot/robot_ws/install/waypoint_navigation_interfaces/share/waypoint_navigation_interfaces/cmake/rosidl_cmake_export_typesupport_targets-extras.cmake
[0.678s] -- Up-to-date symlink: /home/turtlebot/robot_ws/install/waypoint_navigation_interfaces/share/waypoint_navigation_interfaces/cmake/waypoint_navigation_interfacesConfig.cmake
[0.678s] -- Up-to-date symlink: /home/turtlebot/robot_ws/install/waypoint_navigation_interfaces/share/waypoint_navigation_interfaces/cmake/waypoint_navigation_interfacesConfig-version.cmake
[0.679s] -- Up-to-date symlink: /home/turtlebot/robot_ws/install/waypoint_navigation_interfaces/share/waypoint_navigation_interfaces/package.xml
[0.679s] -- Up-to-date: /home/turtlebot/robot_ws/install/waypoint_navigation_interfaces/lib/libwaypoint_navigation_interfaces__rosidl_generator_c.so
[0.679s] -- Up-to-date: /home/turtlebot/robot_ws/install/waypoint_navigation_interfaces/lib/libwaypoint_navigation_interfaces__rosidl_typesupport_introspection_c.so
[0.680s] -- Up-to-date: /home/turtlebot/robot_ws/install/waypoint_navigation_interfaces/lib/libwaypoint_navigation_interfaces__rosidl_typesupport_c.so
[0.680s] -- Up-to-date: /home/turtlebot/robot_ws/install/waypoint_navigation_interfaces/lib/libwaypoint_navigation_interfaces__rosidl_typesupport_introspection_cpp.so
[0.681s] -- Up-to-date: /home/turtlebot/robot_ws/install/waypoint_navigation_interfaces/lib/libwaypoint_navigation_interfaces__rosidl_typesupport_cpp.so
[0.710s] -- Up-to-date: /home/turtlebot/robot_ws/install/waypoint_navigation_interfaces/share/waypoint_navigation_interfaces/cmake/waypoint_navigation_interfaces__rosidl_generator_cExport.cmake
[0.710s] -- Up-to-date: /home/turtlebot/robot_ws/install/waypoint_navigation_interfaces/share/waypoint_navigation_interfaces/cmake/waypoint_navigation_interfaces__rosidl_generator_cExport-noconfig.cmake
[0.710s] -- Up-to-date: /home/turtlebot/robot_ws/install/waypoint_navigation_interfaces/share/waypoint_navigation_interfaces/cmake/waypoint_navigation_interfaces__rosidl_typesupport_introspection_cExport.cmake
[0.710s] -- Up-to-date: /home/turtlebot/robot_ws/install/waypoint_navigation_interfaces/share/waypoint_navigation_interfaces/cmake/waypoint_navigation_interfaces__rosidl_typesupport_introspection_cExport-noconfig.cmake
[0.710s] -- Up-to-date: /home/turtlebot/robot_ws/install/waypoint_navigation_interfaces/share/waypoint_navigation_interfaces/cmake/waypoint_navigation_interfaces__rosidl_typesupport_cExport.cmake
[0.710s] -- Up-to-date: /home/turtlebot/robot_ws/install/waypoint_navigation_interfaces/share/waypoint_navigation_interfaces/cmake/waypoint_navigation_interfaces__rosidl_typesupport_cExport-noconfig.cmake
[0.710s] -- Up-to-date: /home/turtlebot/robot_ws/install/waypoint_navigation_interfaces/share/waypoint_navigation_interfaces/cmake/waypoint_navigation_interfaces__rosidl_generator_cppExport.cmake
[0.710s] -- Up-to-date: /home/turtlebot/robot_ws/install/waypoint_navigation_interfaces/share/waypoint_navigation_interfaces/cmake/waypoint_navigation_interfaces__rosidl_typesupport_introspection_cppExport.cmake
[0.711s] -- Up-to-date: /home/turtlebot/robot_ws/install/waypoint_navigation_interfaces/share/waypoint_navigation_interfaces/cmake/waypoint_navigation_interfaces__rosidl_typesupport_introspection_cppExport-noconfig.cmake
[0.711s] -- Up-to-date: /home/turtlebot/robot_ws/install/waypoint_navigation_interfaces/share/waypoint_navigation_interfaces/cmake/waypoint_navigation_interfaces__rosidl_typesupport_cppExport.cmake
[0.711s] -- Up-to-date: /home/turtlebot/robot_ws/install/waypoint_navigation_interfaces/share/waypoint_navigation_interfaces/cmake/waypoint_navigation_interfaces__rosidl_typesupport_cppExport-noconfig.cmake
[0.717s] Invoked command in '/home/turtlebot/robot_ws/build/waypoint_navigation_interfaces' returned '0': CMAKE_PREFIX_PATH=${CMAKE_PREFIX_PATH}:/home/turtlebot/robot_ws/install/waypoint_navigation:/home/turtlebot/robot_ws/install/my_package:/home/turtlebot/robot_ws/install/my_navigation_pkg:/home/turtlebot/robot_ws/install/forward1:/opt/ros/foxy /usr/bin/cmake --install /home/turtlebot/robot_ws/build/waypoint_navigation_interfaces
