[0.025s] Invoking command in '/home/turtlebot/robot_ws/build/turtlebot3_msgs': CMAKE_PREFIX_PATH=/opt/ros/foxy /usr/bin/cmake /home/turtlebot/robot_ws/src/turtlebot3_msgs -DCMAKE_INSTALL_PREFIX=/home/turtlebot/robot_ws/install/turtlebot3_msgs
[0.200s] -- The C compiler identification is GNU 9.4.0
[0.323s] -- The CXX compiler identification is GNU 9.4.0
[0.332s] -- Check for working C compiler: /usr/bin/cc
[0.399s] -- Check for working C compiler: /usr/bin/cc -- works
[0.399s] -- Detecting C compiler ABI info
[0.455s] -- Detecting C compiler ABI info - done
[0.464s] -- Detecting C compile features
[0.464s] -- Detecting C compile features - done
[0.468s] -- Check for working CXX compiler: /usr/bin/c++
[0.531s] -- Check for working CXX compiler: /usr/bin/c++ -- works
[0.532s] -- Detecting CXX compiler ABI info
[0.594s] -- Detecting CXX compiler ABI info - done
[0.603s] -- Detecting CXX compile features
[0.603s] -- Detecting CXX compile features - done
[0.605s] -- Found action_msgs: 1.0.0 (/opt/ros/foxy/share/action_msgs/cmake)
[0.632s] -- Found PythonInterp: /usr/bin/python3 (found suitable version "3.8.10", minimum required is "3") 
[0.632s] -- Using PYTHON_EXECUTABLE: /usr/bin/python3
[0.857s] -- Using all available rosidl_typesupport_c: rosidl_typesupport_fastrtps_c;rosidl_typesupport_introspection_c
[0.865s] -- Found rosidl_adapter: 1.3.0 (/opt/ros/foxy/share/rosidl_adapter/cmake)
[0.952s] -- Found OpenSSL: /usr/lib/x86_64-linux-gnu/libcrypto.so (found version "1.1.1f")  
[0.981s] -- Found FastRTPS: /opt/ros/foxy/include  
[1.071s] -- Using all available rosidl_typesupport_cpp: rosidl_typesupport_fastrtps_cpp;rosidl_typesupport_introspection_cpp
[1.149s] -- Found rosidl_default_generators: 1.0.1 (/opt/ros/foxy/share/rosidl_default_generators/cmake)
[1.161s] -- Found std_msgs: 2.0.5 (/opt/ros/foxy/share/std_msgs/cmake)
[1.198s] -- Found PythonInterp: /usr/bin/python3 (found version "3.8.10") 
[1.370s] -- Found ament_cmake_cppcheck: 0.9.8 (/opt/ros/foxy/share/ament_cmake_cppcheck/cmake)
[1.373s] -- Found ament_cmake_cpplint: 0.9.8 (/opt/ros/foxy/share/ament_cmake_cpplint/cmake)
[1.377s] -- Found ament_cmake_uncrustify: 0.9.8 (/opt/ros/foxy/share/ament_cmake_uncrustify/cmake)
[1.379s] -- Found ament_cmake_ros: 0.9.2 (/opt/ros/foxy/share/ament_cmake_ros/cmake)
[1.562s] -- Using all available rosidl_typesupport_c: rosidl_typesupport_fastrtps_c;rosidl_typesupport_introspection_c
[1.631s] -- Using all available rosidl_typesupport_cpp: rosidl_typesupport_fastrtps_cpp;rosidl_typesupport_introspection_cpp
[1.655s] -- Found PythonInterp: /usr/bin/python3 (found suitable version "3.8.10", minimum required is "3.5") 
[1.656s] -- Found python_cmake_module: 0.8.1 (/opt/ros/foxy/share/python_cmake_module/cmake)
[1.680s] -- Found PythonLibs: /usr/lib/x86_64-linux-gnu/libpython3.8.so (found suitable version "3.8.10", minimum required is "3.5") 
[1.680s] -- Using PYTHON_EXECUTABLE: /usr/bin/python3
[1.680s] -- Using PYTHON_INCLUDE_DIRS: /usr/include/python3.8
[1.680s] -- Using PYTHON_LIBRARIES: /usr/lib/x86_64-linux-gnu/libpython3.8.so
[1.696s] -- Found PythonExtra: .so  
[1.754s] -- Found ament_cmake_flake8: 0.9.8 (/opt/ros/foxy/share/ament_cmake_flake8/cmake)
[1.757s] -- Found ament_cmake_pep257: 0.9.8 (/opt/ros/foxy/share/ament_cmake_pep257/cmake)
[1.771s] -- Configuring done
[1.826s] -- Generating done
[1.826s] -- Build files have been written to: /home/turtlebot/robot_ws/build/turtlebot3_msgs
[1.837s] Invoked command in '/home/turtlebot/robot_ws/build/turtlebot3_msgs' returned '0': CMAKE_PREFIX_PATH=/opt/ros/foxy /usr/bin/cmake /home/turtlebot/robot_ws/src/turtlebot3_msgs -DCMAKE_INSTALL_PREFIX=/home/turtlebot/robot_ws/install/turtlebot3_msgs
[1.837s] Invoking command in '/home/turtlebot/robot_ws/build/turtlebot3_msgs': CMAKE_PREFIX_PATH=/opt/ros/foxy /usr/bin/cmake --build /home/turtlebot/robot_ws/build/turtlebot3_msgs -- -j2 -l2
[1.883s] [  1%] [34m[1mGenerating C code for ROS interfaces[0m
[1.897s] [35m[1mScanning dependencies of target turtlebot3_msgs__cpp[0m
[1.907s] [  2%] [34m[1mGenerating C++ code for ROS interfaces[0m
[3.217s] [  2%] Built target turtlebot3_msgs__cpp
[3.292s] [  4%] [34m[1mGenerating C++ type support dispatch for ROS interfaces[0m
[3.313s] [35m[1mScanning dependencies of target turtlebot3_msgs__rosidl_generator_c[0m
[3.335s] [  5%] [32mBuilding C object CMakeFiles/turtlebot3_msgs__rosidl_generator_c.dir/rosidl_generator_c/turtlebot3_msgs/msg/detail/sensor_state__functions.c.o[0m
[3.468s] [  7%] [32mBuilding C object CMakeFiles/turtlebot3_msgs__rosidl_generator_c.dir/rosidl_generator_c/turtlebot3_msgs/msg/detail/sound__functions.c.o[0m
[3.599s] [  8%] [32mBuilding C object CMakeFiles/turtlebot3_msgs__rosidl_generator_c.dir/rosidl_generator_c/turtlebot3_msgs/msg/detail/version_info__functions.c.o[0m
[3.677s] [  9%] [32mBuilding C object CMakeFiles/turtlebot3_msgs__rosidl_generator_c.dir/rosidl_generator_c/turtlebot3_msgs/srv/detail/sound__functions.c.o[0m
[3.785s] [ 11%] [32mBuilding C object CMakeFiles/turtlebot3_msgs__rosidl_generator_c.dir/rosidl_generator_c/turtlebot3_msgs/srv/detail/dqn__functions.c.o[0m
[3.909s] [ 12%] [32mBuilding C object CMakeFiles/turtlebot3_msgs__rosidl_generator_c.dir/rosidl_generator_c/turtlebot3_msgs/action/detail/patrol__functions.c.o[0m
[4.051s] [ 14%] [32m[1mLinking C shared library libturtlebot3_msgs__rosidl_generator_c.so[0m
[4.115s] [ 14%] Built target turtlebot3_msgs__rosidl_generator_c
[4.125s] [ 15%] [34m[1mGenerating C++ type support for eProsima Fast-RTPS[0m
[4.155s] [35m[1mScanning dependencies of target turtlebot3_msgs__rosidl_typesupport_cpp[0m
[4.213s] [ 16%] [32mBuilding CXX object CMakeFiles/turtlebot3_msgs__rosidl_typesupport_cpp.dir/rosidl_typesupport_cpp/turtlebot3_msgs/msg/sensor_state__type_support.cpp.o[0m
[4.639s] [ 18%] [32mBuilding CXX object CMakeFiles/turtlebot3_msgs__rosidl_typesupport_cpp.dir/rosidl_typesupport_cpp/turtlebot3_msgs/msg/sound__type_support.cpp.o[0m
[4.947s] [ 19%] [32mBuilding CXX object CMakeFiles/turtlebot3_msgs__rosidl_typesupport_cpp.dir/rosidl_typesupport_cpp/turtlebot3_msgs/msg/version_info__type_support.cpp.o[0m
[5.108s] [35m[1mScanning dependencies of target turtlebot3_msgs__rosidl_typesupport_fastrtps_cpp[0m
[5.178s] [ 21%] [32mBuilding CXX object CMakeFiles/turtlebot3_msgs__rosidl_typesupport_fastrtps_cpp.dir/rosidl_typesupport_fastrtps_cpp/turtlebot3_msgs/msg/detail/dds_fastrtps/sensor_state__type_support.cpp.o[0m
[5.252s] [ 22%] [32mBuilding CXX object CMakeFiles/turtlebot3_msgs__rosidl_typesupport_cpp.dir/rosidl_typesupport_cpp/turtlebot3_msgs/srv/sound__type_support.cpp.o[0m
[5.717s] [ 23%] [32mBuilding CXX object CMakeFiles/turtlebot3_msgs__rosidl_typesupport_cpp.dir/rosidl_typesupport_cpp/turtlebot3_msgs/srv/dqn__type_support.cpp.o[0m
[5.998s] [ 25%] [32mBuilding CXX object CMakeFiles/turtlebot3_msgs__rosidl_typesupport_fastrtps_cpp.dir/rosidl_typesupport_fastrtps_cpp/turtlebot3_msgs/msg/detail/dds_fastrtps/sound__type_support.cpp.o[0m
[6.170s] [ 26%] [32mBuilding CXX object CMakeFiles/turtlebot3_msgs__rosidl_typesupport_cpp.dir/rosidl_typesupport_cpp/turtlebot3_msgs/action/patrol__type_support.cpp.o[0m
[6.527s] [ 28%] [32m[1mLinking CXX shared library libturtlebot3_msgs__rosidl_typesupport_cpp.so[0m
[6.537s] [ 29%] [32mBuilding CXX object CMakeFiles/turtlebot3_msgs__rosidl_typesupport_fastrtps_cpp.dir/rosidl_typesupport_fastrtps_cpp/turtlebot3_msgs/msg/detail/dds_fastrtps/version_info__type_support.cpp.o[0m
[6.602s] [ 29%] Built target turtlebot3_msgs__rosidl_typesupport_cpp
[6.627s] [ 30%] [34m[1mGenerating C++ introspection for ROS interfaces[0m
[7.443s] [ 32%] [32mBuilding CXX object CMakeFiles/turtlebot3_msgs__rosidl_typesupport_fastrtps_cpp.dir/rosidl_typesupport_fastrtps_cpp/turtlebot3_msgs/srv/detail/dds_fastrtps/sound__type_support.cpp.o[0m
[8.238s] [35m[1mScanning dependencies of target turtlebot3_msgs__rosidl_typesupport_introspection_cpp[0m
[8.288s] [ 33%] [32mBuilding CXX object CMakeFiles/turtlebot3_msgs__rosidl_typesupport_introspection_cpp.dir/rosidl_typesupport_introspection_cpp/turtlebot3_msgs/msg/detail/sensor_state__type_support.cpp.o[0m
[8.389s] [ 35%] [32mBuilding CXX object CMakeFiles/turtlebot3_msgs__rosidl_typesupport_fastrtps_cpp.dir/rosidl_typesupport_fastrtps_cpp/turtlebot3_msgs/srv/detail/dds_fastrtps/dqn__type_support.cpp.o[0m
[8.829s] [ 36%] [32mBuilding CXX object CMakeFiles/turtlebot3_msgs__rosidl_typesupport_introspection_cpp.dir/rosidl_typesupport_introspection_cpp/turtlebot3_msgs/msg/detail/sound__type_support.cpp.o[0m
[9.329s] [ 38%] [32mBuilding CXX object CMakeFiles/turtlebot3_msgs__rosidl_typesupport_fastrtps_cpp.dir/rosidl_typesupport_fastrtps_cpp/turtlebot3_msgs/action/detail/dds_fastrtps/patrol__type_support.cpp.o[0m
[9.435s] [ 39%] [32mBuilding CXX object CMakeFiles/turtlebot3_msgs__rosidl_typesupport_introspection_cpp.dir/rosidl_typesupport_introspection_cpp/turtlebot3_msgs/msg/detail/version_info__type_support.cpp.o[0m
[9.909s] [ 40%] [32mBuilding CXX object CMakeFiles/turtlebot3_msgs__rosidl_typesupport_introspection_cpp.dir/rosidl_typesupport_introspection_cpp/turtlebot3_msgs/srv/detail/sound__type_support.cpp.o[0m
[10.364s] [ 42%] [32m[1mLinking CXX shared library libturtlebot3_msgs__rosidl_typesupport_fastrtps_cpp.so[0m
[10.486s] [ 43%] [32mBuilding CXX object CMakeFiles/turtlebot3_msgs__rosidl_typesupport_introspection_cpp.dir/rosidl_typesupport_introspection_cpp/turtlebot3_msgs/srv/detail/dqn__type_support.cpp.o[0m
[10.584s] [ 43%] Built target turtlebot3_msgs__rosidl_typesupport_fastrtps_cpp
[10.641s] [ 45%] [34m[1mGenerating C type support dispatch for ROS interfaces[0m
[11.107s] [ 46%] [32mBuilding CXX object CMakeFiles/turtlebot3_msgs__rosidl_typesupport_introspection_cpp.dir/rosidl_typesupport_introspection_cpp/turtlebot3_msgs/action/detail/patrol__type_support.cpp.o[0m
[11.706s] [35m[1mScanning dependencies of target turtlebot3_msgs__rosidl_typesupport_c[0m
[11.730s] [ 47%] [32mBuilding CXX object CMakeFiles/turtlebot3_msgs__rosidl_typesupport_c.dir/rosidl_typesupport_c/turtlebot3_msgs/msg/sensor_state__type_support.cpp.o[0m
[11.743s] [ 49%] [32m[1mLinking CXX shared library libturtlebot3_msgs__rosidl_typesupport_introspection_cpp.so[0m
[11.823s] [ 50%] [32mBuilding CXX object CMakeFiles/turtlebot3_msgs__rosidl_typesupport_c.dir/rosidl_typesupport_c/turtlebot3_msgs/msg/sound__type_support.cpp.o[0m
[11.845s] [ 50%] Built target turtlebot3_msgs__rosidl_typesupport_introspection_cpp
[11.867s] [ 52%] [32mBuilding CXX object CMakeFiles/turtlebot3_msgs__rosidl_typesupport_c.dir/rosidl_typesupport_c/turtlebot3_msgs/msg/version_info__type_support.cpp.o[0m
[11.869s] [ 53%] [34m[1mGenerating C introspection for ROS interfaces[0m
[11.951s] [ 54%] [32mBuilding CXX object CMakeFiles/turtlebot3_msgs__rosidl_typesupport_c.dir/rosidl_typesupport_c/turtlebot3_msgs/srv/sound__type_support.cpp.o[0m
[11.997s] [ 56%] [32mBuilding CXX object CMakeFiles/turtlebot3_msgs__rosidl_typesupport_c.dir/rosidl_typesupport_c/turtlebot3_msgs/srv/dqn__type_support.cpp.o[0m
[12.024s] [ 57%] [32mBuilding CXX object CMakeFiles/turtlebot3_msgs__rosidl_typesupport_c.dir/rosidl_typesupport_c/turtlebot3_msgs/action/patrol__type_support.cpp.o[0m
[12.062s] [ 59%] [32m[1mLinking CXX shared library libturtlebot3_msgs__rosidl_typesupport_c.so[0m
[12.177s] [ 59%] Built target turtlebot3_msgs__rosidl_typesupport_c
[12.243s] [ 60%] [34m[1mGenerating C type support for eProsima Fast-RTPS[0m
[13.089s] [35m[1mScanning dependencies of target turtlebot3_msgs__rosidl_typesupport_introspection_c[0m
[13.164s] [ 61%] [32mBuilding C object CMakeFiles/turtlebot3_msgs__rosidl_typesupport_introspection_c.dir/rosidl_typesupport_introspection_c/turtlebot3_msgs/msg/detail/sensor_state__type_support.c.o[0m
[13.322s] [ 63%] [32mBuilding C object CMakeFiles/turtlebot3_msgs__rosidl_typesupport_introspection_c.dir/rosidl_typesupport_introspection_c/turtlebot3_msgs/msg/detail/sound__type_support.c.o[0m
[13.462s] [ 64%] [32mBuilding C object CMakeFiles/turtlebot3_msgs__rosidl_typesupport_introspection_c.dir/rosidl_typesupport_introspection_c/turtlebot3_msgs/msg/detail/version_info__type_support.c.o[0m
[13.517s] [ 66%] [32mBuilding C object CMakeFiles/turtlebot3_msgs__rosidl_typesupport_introspection_c.dir/rosidl_typesupport_introspection_c/turtlebot3_msgs/srv/detail/sound__type_support.c.o[0m
[13.580s] [ 67%] [32mBuilding C object CMakeFiles/turtlebot3_msgs__rosidl_typesupport_introspection_c.dir/rosidl_typesupport_introspection_c/turtlebot3_msgs/srv/detail/dqn__type_support.c.o[0m
[13.643s] [ 69%] [32mBuilding C object CMakeFiles/turtlebot3_msgs__rosidl_typesupport_introspection_c.dir/rosidl_typesupport_introspection_c/turtlebot3_msgs/action/detail/patrol__type_support.c.o[0m
[13.644s] [35m[1mScanning dependencies of target turtlebot3_msgs__rosidl_typesupport_fastrtps_c[0m
[13.705s] [ 70%] [32mBuilding CXX object CMakeFiles/turtlebot3_msgs__rosidl_typesupport_fastrtps_c.dir/rosidl_typesupport_fastrtps_c/turtlebot3_msgs/msg/detail/sensor_state__type_support_c.cpp.o[0m
[13.719s] [ 71%] [32m[1mLinking C shared library libturtlebot3_msgs__rosidl_typesupport_introspection_c.so[0m
[13.933s] [ 71%] Built target turtlebot3_msgs__rosidl_typesupport_introspection_c
[13.945s] [ 73%] [32mBuilding CXX object CMakeFiles/turtlebot3_msgs__rosidl_typesupport_fastrtps_c.dir/rosidl_typesupport_fastrtps_c/turtlebot3_msgs/msg/detail/sound__type_support_c.cpp.o[0m
[14.435s] [ 74%] [32mBuilding CXX object CMakeFiles/turtlebot3_msgs__rosidl_typesupport_fastrtps_c.dir/rosidl_typesupport_fastrtps_c/turtlebot3_msgs/msg/detail/version_info__type_support_c.cpp.o[0m
[14.577s] [ 76%] [32mBuilding CXX object CMakeFiles/turtlebot3_msgs__rosidl_typesupport_fastrtps_c.dir/rosidl_typesupport_fastrtps_c/turtlebot3_msgs/srv/detail/sound__type_support_c.cpp.o[0m
[15.126s] [ 77%] [32mBuilding CXX object CMakeFiles/turtlebot3_msgs__rosidl_typesupport_fastrtps_c.dir/rosidl_typesupport_fastrtps_c/turtlebot3_msgs/srv/detail/dqn__type_support_c.cpp.o[0m
[15.374s] [ 78%] [32mBuilding CXX object CMakeFiles/turtlebot3_msgs__rosidl_typesupport_fastrtps_c.dir/rosidl_typesupport_fastrtps_c/turtlebot3_msgs/action/detail/patrol__type_support_c.cpp.o[0m
[16.223s] [ 80%] [32m[1mLinking CXX shared library libturtlebot3_msgs__rosidl_typesupport_fastrtps_c.so[0m
[16.389s] [ 80%] Built target turtlebot3_msgs__rosidl_typesupport_fastrtps_c
[16.433s] [35m[1mScanning dependencies of target turtlebot3_msgs[0m
[16.469s] [ 80%] Built target turtlebot3_msgs
[16.510s] [35m[1mScanning dependencies of target turtlebot3_msgs__py[0m
[16.560s] [ 81%] [34m[1mGenerating Python code for ROS interfaces[0m
[19.164s] [ 81%] Built target turtlebot3_msgs__py
[19.213s] [35m[1mScanning dependencies of target turtlebot3_msgs__python[0m
[19.311s] [ 83%] [32mBuilding C object CMakeFiles/turtlebot3_msgs__python.dir/rosidl_generator_py/turtlebot3_msgs/msg/_sensor_state_s.c.o[0m
[19.321s] [ 84%] [32mBuilding C object CMakeFiles/turtlebot3_msgs__python.dir/rosidl_generator_py/turtlebot3_msgs/msg/_sound_s.c.o[0m
[19.582s] [ 85%] [32mBuilding C object CMakeFiles/turtlebot3_msgs__python.dir/rosidl_generator_py/turtlebot3_msgs/srv/_sound_s.c.o[0m
[19.590s] [ 87%] [32mBuilding C object CMakeFiles/turtlebot3_msgs__python.dir/rosidl_generator_py/turtlebot3_msgs/msg/_version_info_s.c.o[0m
[19.734s] [ 88%] [32mBuilding C object CMakeFiles/turtlebot3_msgs__python.dir/rosidl_generator_py/turtlebot3_msgs/srv/_dqn_s.c.o[0m
[19.745s] [ 90%] [32mBuilding C object CMakeFiles/turtlebot3_msgs__python.dir/rosidl_generator_py/turtlebot3_msgs/action/_patrol_s.c.o[0m
[20.019s] [ 91%] [32m[1mLinking C shared library rosidl_generator_py/turtlebot3_msgs/libturtlebot3_msgs__python.so[0m
[20.179s] [ 91%] Built target turtlebot3_msgs__python
[20.220s] [35m[1mScanning dependencies of target turtlebot3_msgs__rosidl_typesupport_introspection_c__pyext[0m
[20.221s] [35m[1mScanning dependencies of target turtlebot3_msgs__rosidl_typesupport_fastrtps_c__pyext[0m
[20.272s] [ 92%] [32mBuilding C object CMakeFiles/turtlebot3_msgs__rosidl_typesupport_introspection_c__pyext.dir/rosidl_generator_py/turtlebot3_msgs/_turtlebot3_msgs_s.ep.rosidl_typesupport_introspection_c.c.o[0m
[20.281s] [ 94%] [32mBuilding C object CMakeFiles/turtlebot3_msgs__rosidl_typesupport_fastrtps_c__pyext.dir/rosidl_generator_py/turtlebot3_msgs/_turtlebot3_msgs_s.ep.rosidl_typesupport_fastrtps_c.c.o[0m
[20.606s] [ 95%] [32m[1mLinking C shared library rosidl_generator_py/turtlebot3_msgs/turtlebot3_msgs_s__rosidl_typesupport_introspection_c.cpython-38-x86_64-linux-gnu.so[0m
[20.643s] [ 97%] [32m[1mLinking CXX shared library rosidl_generator_py/turtlebot3_msgs/turtlebot3_msgs_s__rosidl_typesupport_fastrtps_c.cpython-38-x86_64-linux-gnu.so[0m
[20.715s] [ 97%] Built target turtlebot3_msgs__rosidl_typesupport_introspection_c__pyext
[20.754s] [35m[1mScanning dependencies of target turtlebot3_msgs__rosidl_typesupport_c__pyext[0m
[20.795s] [ 98%] [32mBuilding C object CMakeFiles/turtlebot3_msgs__rosidl_typesupport_c__pyext.dir/rosidl_generator_py/turtlebot3_msgs/_turtlebot3_msgs_s.ep.rosidl_typesupport_c.c.o[0m
[20.823s] [ 98%] Built target turtlebot3_msgs__rosidl_typesupport_fastrtps_c__pyext
[20.980s] [100%] [32m[1mLinking C shared library rosidl_generator_py/turtlebot3_msgs/turtlebot3_msgs_s__rosidl_typesupport_c.cpython-38-x86_64-linux-gnu.so[0m
[21.128s] [100%] Built target turtlebot3_msgs__rosidl_typesupport_c__pyext
[21.154s] Invoked command in '/home/turtlebot/robot_ws/build/turtlebot3_msgs' returned '0': CMAKE_PREFIX_PATH=/opt/ros/foxy /usr/bin/cmake --build /home/turtlebot/robot_ws/build/turtlebot3_msgs -- -j2 -l2
[22.594s] Invoking command in '/home/turtlebot/robot_ws/build/turtlebot3_msgs': CMAKE_PREFIX_PATH=/opt/ros/foxy /usr/bin/cmake --install /home/turtlebot/robot_ws/build/turtlebot3_msgs
[22.607s] -- Install configuration: ""
[22.607s] -- Installing: /home/turtlebot/robot_ws/install/turtlebot3_msgs/share/ament_index/resource_index/rosidl_interfaces/turtlebot3_msgs
[22.608s] -- Installing: /home/turtlebot/robot_ws/install/turtlebot3_msgs/include/turtlebot3_msgs
[22.608s] -- Installing: /home/turtlebot/robot_ws/install/turtlebot3_msgs/include/turtlebot3_msgs/msg
[22.609s] -- Installing: /home/turtlebot/robot_ws/install/turtlebot3_msgs/include/turtlebot3_msgs/msg/rosidl_generator_c__visibility_control.h
[22.609s] -- Installing: /home/turtlebot/robot_ws/install/turtlebot3_msgs/include/turtlebot3_msgs/msg/sound.h
[22.609s] -- Installing: /home/turtlebot/robot_ws/install/turtlebot3_msgs/include/turtlebot3_msgs/msg/sensor_state.h
[22.610s] -- Installing: /home/turtlebot/robot_ws/install/turtlebot3_msgs/include/turtlebot3_msgs/msg/detail
[22.610s] -- Installing: /home/turtlebot/robot_ws/install/turtlebot3_msgs/include/turtlebot3_msgs/msg/detail/version_info__struct.h
[22.610s] -- Installing: /home/turtlebot/robot_ws/install/turtlebot3_msgs/include/turtlebot3_msgs/msg/detail/sound__struct.h
[22.610s] -- Installing: /home/turtlebot/robot_ws/install/turtlebot3_msgs/include/turtlebot3_msgs/msg/detail/sensor_state__functions.c
[22.611s] -- Installing: /home/turtlebot/robot_ws/install/turtlebot3_msgs/include/turtlebot3_msgs/msg/detail/sensor_state__struct.h
[22.611s] -- Installing: /home/turtlebot/robot_ws/install/turtlebot3_msgs/include/turtlebot3_msgs/msg/detail/sound__functions.c
[22.611s] -- Installing: /home/turtlebot/robot_ws/install/turtlebot3_msgs/include/turtlebot3_msgs/msg/detail/sound__functions.h
[22.611s] -- Installing: /home/turtlebot/robot_ws/install/turtlebot3_msgs/include/turtlebot3_msgs/msg/detail/sensor_state__functions.h
[22.612s] -- Installing: /home/turtlebot/robot_ws/install/turtlebot3_msgs/include/turtlebot3_msgs/msg/detail/sensor_state__type_support.h
[22.612s] -- Installing: /home/turtlebot/robot_ws/install/turtlebot3_msgs/include/turtlebot3_msgs/msg/detail/sound__type_support.h
[22.612s] -- Installing: /home/turtlebot/robot_ws/install/turtlebot3_msgs/include/turtlebot3_msgs/msg/detail/version_info__functions.h
[22.612s] -- Installing: /home/turtlebot/robot_ws/install/turtlebot3_msgs/include/turtlebot3_msgs/msg/detail/version_info__type_support.h
[22.613s] -- Installing: /home/turtlebot/robot_ws/install/turtlebot3_msgs/include/turtlebot3_msgs/msg/detail/version_info__functions.c
[22.613s] -- Installing: /home/turtlebot/robot_ws/install/turtlebot3_msgs/include/turtlebot3_msgs/msg/version_info.h
[22.613s] -- Installing: /home/turtlebot/robot_ws/install/turtlebot3_msgs/include/turtlebot3_msgs/action
[22.614s] -- Installing: /home/turtlebot/robot_ws/install/turtlebot3_msgs/include/turtlebot3_msgs/action/detail
[22.614s] -- Installing: /home/turtlebot/robot_ws/install/turtlebot3_msgs/include/turtlebot3_msgs/action/detail/patrol__struct.h
[22.614s] -- Installing: /home/turtlebot/robot_ws/install/turtlebot3_msgs/include/turtlebot3_msgs/action/detail/patrol__type_support.h
[22.614s] -- Installing: /home/turtlebot/robot_ws/install/turtlebot3_msgs/include/turtlebot3_msgs/action/detail/patrol__functions.h
[22.615s] -- Installing: /home/turtlebot/robot_ws/install/turtlebot3_msgs/include/turtlebot3_msgs/action/detail/patrol__functions.c
[22.615s] -- Installing: /home/turtlebot/robot_ws/install/turtlebot3_msgs/include/turtlebot3_msgs/action/patrol.h
[22.615s] -- Installing: /home/turtlebot/robot_ws/install/turtlebot3_msgs/include/turtlebot3_msgs/srv
[22.616s] -- Installing: /home/turtlebot/robot_ws/install/turtlebot3_msgs/include/turtlebot3_msgs/srv/dqn.h
[22.616s] -- Installing: /home/turtlebot/robot_ws/install/turtlebot3_msgs/include/turtlebot3_msgs/srv/sound.h
[22.616s] -- Installing: /home/turtlebot/robot_ws/install/turtlebot3_msgs/include/turtlebot3_msgs/srv/detail
[22.616s] -- Installing: /home/turtlebot/robot_ws/install/turtlebot3_msgs/include/turtlebot3_msgs/srv/detail/dqn__functions.h
[22.616s] -- Installing: /home/turtlebot/robot_ws/install/turtlebot3_msgs/include/turtlebot3_msgs/srv/detail/dqn__functions.c
[22.617s] -- Installing: /home/turtlebot/robot_ws/install/turtlebot3_msgs/include/turtlebot3_msgs/srv/detail/dqn__struct.h
[22.617s] -- Installing: /home/turtlebot/robot_ws/install/turtlebot3_msgs/include/turtlebot3_msgs/srv/detail/sound__struct.h
[22.617s] -- Installing: /home/turtlebot/robot_ws/install/turtlebot3_msgs/include/turtlebot3_msgs/srv/detail/sound__functions.c
[22.617s] -- Installing: /home/turtlebot/robot_ws/install/turtlebot3_msgs/include/turtlebot3_msgs/srv/detail/sound__functions.h
[22.617s] -- Installing: /home/turtlebot/robot_ws/install/turtlebot3_msgs/include/turtlebot3_msgs/srv/detail/dqn__type_support.h
[22.618s] -- Installing: /home/turtlebot/robot_ws/install/turtlebot3_msgs/include/turtlebot3_msgs/srv/detail/sound__type_support.h
[22.619s] -- Installing: /home/turtlebot/robot_ws/install/turtlebot3_msgs/share/turtlebot3_msgs/environment/library_path.sh
[22.619s] -- Installing: /home/turtlebot/robot_ws/install/turtlebot3_msgs/share/turtlebot3_msgs/environment/library_path.dsv
[22.620s] -- Installing: /home/turtlebot/robot_ws/install/turtlebot3_msgs/lib/libturtlebot3_msgs__rosidl_generator_c.so
[22.620s] -- Set runtime path of "/home/turtlebot/robot_ws/install/turtlebot3_msgs/lib/libturtlebot3_msgs__rosidl_generator_c.so" to ""
[22.621s] -- Up-to-date: /home/turtlebot/robot_ws/install/turtlebot3_msgs/include/turtlebot3_msgs
[22.621s] -- Up-to-date: /home/turtlebot/robot_ws/install/turtlebot3_msgs/include/turtlebot3_msgs/msg
[22.621s] -- Up-to-date: /home/turtlebot/robot_ws/install/turtlebot3_msgs/include/turtlebot3_msgs/msg/detail
[22.621s] -- Installing: /home/turtlebot/robot_ws/install/turtlebot3_msgs/include/turtlebot3_msgs/msg/detail/version_info__rosidl_typesupport_fastrtps_c.h
[22.621s] -- Installing: /home/turtlebot/robot_ws/install/turtlebot3_msgs/include/turtlebot3_msgs/msg/detail/sound__rosidl_typesupport_fastrtps_c.h
[22.622s] -- Installing: /home/turtlebot/robot_ws/install/turtlebot3_msgs/include/turtlebot3_msgs/msg/detail/sensor_state__rosidl_typesupport_fastrtps_c.h
[22.622s] -- Installing: /home/turtlebot/robot_ws/install/turtlebot3_msgs/include/turtlebot3_msgs/msg/rosidl_typesupport_fastrtps_c__visibility_control.h
[22.622s] -- Up-to-date: /home/turtlebot/robot_ws/install/turtlebot3_msgs/include/turtlebot3_msgs/action
[22.622s] -- Up-to-date: /home/turtlebot/robot_ws/install/turtlebot3_msgs/include/turtlebot3_msgs/action/detail
[22.622s] -- Installing: /home/turtlebot/robot_ws/install/turtlebot3_msgs/include/turtlebot3_msgs/action/detail/patrol__rosidl_typesupport_fastrtps_c.h
[22.623s] -- Up-to-date: /home/turtlebot/robot_ws/install/turtlebot3_msgs/include/turtlebot3_msgs/srv
[22.623s] -- Up-to-date: /home/turtlebot/robot_ws/install/turtlebot3_msgs/include/turtlebot3_msgs/srv/detail
[22.623s] -- Installing: /home/turtlebot/robot_ws/install/turtlebot3_msgs/include/turtlebot3_msgs/srv/detail/sound__rosidl_typesupport_fastrtps_c.h
[22.623s] -- Installing: /home/turtlebot/robot_ws/install/turtlebot3_msgs/include/turtlebot3_msgs/srv/detail/dqn__rosidl_typesupport_fastrtps_c.h
[22.624s] -- Installing: /home/turtlebot/robot_ws/install/turtlebot3_msgs/lib/libturtlebot3_msgs__rosidl_typesupport_fastrtps_c.so
[22.625s] -- Set runtime path of "/home/turtlebot/robot_ws/install/turtlebot3_msgs/lib/libturtlebot3_msgs__rosidl_typesupport_fastrtps_c.so" to ""
[22.625s] -- Up-to-date: /home/turtlebot/robot_ws/install/turtlebot3_msgs/include/turtlebot3_msgs
[22.626s] -- Up-to-date: /home/turtlebot/robot_ws/install/turtlebot3_msgs/include/turtlebot3_msgs/msg
[22.626s] -- Installing: /home/turtlebot/robot_ws/install/turtlebot3_msgs/include/turtlebot3_msgs/msg/rosidl_typesupport_fastrtps_cpp__visibility_control.h
[22.627s] -- Up-to-date: /home/turtlebot/robot_ws/install/turtlebot3_msgs/include/turtlebot3_msgs/msg/detail
[22.627s] -- Installing: /home/turtlebot/robot_ws/install/turtlebot3_msgs/include/turtlebot3_msgs/msg/detail/sound__rosidl_typesupport_fastrtps_cpp.hpp
[22.627s] -- Installing: /home/turtlebot/robot_ws/install/turtlebot3_msgs/include/turtlebot3_msgs/msg/detail/sensor_state__rosidl_typesupport_fastrtps_cpp.hpp
[22.628s] -- Installing: /home/turtlebot/robot_ws/install/turtlebot3_msgs/include/turtlebot3_msgs/msg/detail/version_info__rosidl_typesupport_fastrtps_cpp.hpp
[22.628s] -- Installing: /home/turtlebot/robot_ws/install/turtlebot3_msgs/include/turtlebot3_msgs/msg/detail/dds_fastrtps
[22.628s] -- Up-to-date: /home/turtlebot/robot_ws/install/turtlebot3_msgs/include/turtlebot3_msgs/action
[22.628s] -- Up-to-date: /home/turtlebot/robot_ws/install/turtlebot3_msgs/include/turtlebot3_msgs/action/detail
[22.629s] -- Installing: /home/turtlebot/robot_ws/install/turtlebot3_msgs/include/turtlebot3_msgs/action/detail/patrol__rosidl_typesupport_fastrtps_cpp.hpp
[22.629s] -- Installing: /home/turtlebot/robot_ws/install/turtlebot3_msgs/include/turtlebot3_msgs/action/detail/dds_fastrtps
[22.629s] -- Up-to-date: /home/turtlebot/robot_ws/install/turtlebot3_msgs/include/turtlebot3_msgs/srv
[22.629s] -- Up-to-date: /home/turtlebot/robot_ws/install/turtlebot3_msgs/include/turtlebot3_msgs/srv/detail
[22.629s] -- Installing: /home/turtlebot/robot_ws/install/turtlebot3_msgs/include/turtlebot3_msgs/srv/detail/sound__rosidl_typesupport_fastrtps_cpp.hpp
[22.630s] -- Installing: /home/turtlebot/robot_ws/install/turtlebot3_msgs/include/turtlebot3_msgs/srv/detail/dqn__rosidl_typesupport_fastrtps_cpp.hpp
[22.630s] -- Installing: /home/turtlebot/robot_ws/install/turtlebot3_msgs/include/turtlebot3_msgs/srv/detail/dds_fastrtps
[22.630s] -- Installing: /home/turtlebot/robot_ws/install/turtlebot3_msgs/lib/libturtlebot3_msgs__rosidl_typesupport_fastrtps_cpp.so
[22.631s] -- Set runtime path of "/home/turtlebot/robot_ws/install/turtlebot3_msgs/lib/libturtlebot3_msgs__rosidl_typesupport_fastrtps_cpp.so" to ""
[22.631s] -- Up-to-date: /home/turtlebot/robot_ws/install/turtlebot3_msgs/include/turtlebot3_msgs
[22.631s] -- Up-to-date: /home/turtlebot/robot_ws/install/turtlebot3_msgs/include/turtlebot3_msgs/msg
[22.632s] -- Up-to-date: /home/turtlebot/robot_ws/install/turtlebot3_msgs/include/turtlebot3_msgs/msg/detail
[22.632s] -- Installing: /home/turtlebot/robot_ws/install/turtlebot3_msgs/include/turtlebot3_msgs/msg/detail/sound__rosidl_typesupport_introspection_c.h
[22.632s] -- Installing: /home/turtlebot/robot_ws/install/turtlebot3_msgs/include/turtlebot3_msgs/msg/detail/sensor_state__rosidl_typesupport_introspection_c.h
[22.632s] -- Installing: /home/turtlebot/robot_ws/install/turtlebot3_msgs/include/turtlebot3_msgs/msg/detail/version_info__type_support.c
[22.633s] -- Installing: /home/turtlebot/robot_ws/install/turtlebot3_msgs/include/turtlebot3_msgs/msg/detail/sensor_state__type_support.c
[22.633s] -- Installing: /home/turtlebot/robot_ws/install/turtlebot3_msgs/include/turtlebot3_msgs/msg/detail/sound__type_support.c
[22.633s] -- Installing: /home/turtlebot/robot_ws/install/turtlebot3_msgs/include/turtlebot3_msgs/msg/detail/version_info__rosidl_typesupport_introspection_c.h
[22.633s] -- Installing: /home/turtlebot/robot_ws/install/turtlebot3_msgs/include/turtlebot3_msgs/msg/rosidl_typesupport_introspection_c__visibility_control.h
[22.634s] -- Up-to-date: /home/turtlebot/robot_ws/install/turtlebot3_msgs/include/turtlebot3_msgs/action
[22.634s] -- Up-to-date: /home/turtlebot/robot_ws/install/turtlebot3_msgs/include/turtlebot3_msgs/action/detail
[22.634s] -- Installing: /home/turtlebot/robot_ws/install/turtlebot3_msgs/include/turtlebot3_msgs/action/detail/patrol__rosidl_typesupport_introspection_c.h
[22.634s] -- Installing: /home/turtlebot/robot_ws/install/turtlebot3_msgs/include/turtlebot3_msgs/action/detail/patrol__type_support.c
[22.635s] -- Up-to-date: /home/turtlebot/robot_ws/install/turtlebot3_msgs/include/turtlebot3_msgs/srv
[22.635s] -- Up-to-date: /home/turtlebot/robot_ws/install/turtlebot3_msgs/include/turtlebot3_msgs/srv/detail
[22.635s] -- Installing: /home/turtlebot/robot_ws/install/turtlebot3_msgs/include/turtlebot3_msgs/srv/detail/dqn__rosidl_typesupport_introspection_c.h
[22.635s] -- Installing: /home/turtlebot/robot_ws/install/turtlebot3_msgs/include/turtlebot3_msgs/srv/detail/sound__rosidl_typesupport_introspection_c.h
[22.636s] -- Installing: /home/turtlebot/robot_ws/install/turtlebot3_msgs/include/turtlebot3_msgs/srv/detail/sound__type_support.c
[22.636s] -- Installing: /home/turtlebot/robot_ws/install/turtlebot3_msgs/include/turtlebot3_msgs/srv/detail/dqn__type_support.c
[22.636s] -- Installing: /home/turtlebot/robot_ws/install/turtlebot3_msgs/lib/libturtlebot3_msgs__rosidl_typesupport_introspection_c.so
[22.637s] -- Set runtime path of "/home/turtlebot/robot_ws/install/turtlebot3_msgs/lib/libturtlebot3_msgs__rosidl_typesupport_introspection_c.so" to ""
[22.637s] -- Installing: /home/turtlebot/robot_ws/install/turtlebot3_msgs/lib/libturtlebot3_msgs__rosidl_typesupport_c.so
[22.639s] -- Set runtime path of "/home/turtlebot/robot_ws/install/turtlebot3_msgs/lib/libturtlebot3_msgs__rosidl_typesupport_c.so" to ""
[22.639s] -- Up-to-date: /home/turtlebot/robot_ws/install/turtlebot3_msgs/include/turtlebot3_msgs
[22.640s] -- Up-to-date: /home/turtlebot/robot_ws/install/turtlebot3_msgs/include/turtlebot3_msgs/msg
[22.640s] -- Installing: /home/turtlebot/robot_ws/install/turtlebot3_msgs/include/turtlebot3_msgs/msg/sensor_state.hpp
[22.640s] -- Installing: /home/turtlebot/robot_ws/install/turtlebot3_msgs/include/turtlebot3_msgs/msg/sound.hpp
[22.640s] -- Up-to-date: /home/turtlebot/robot_ws/install/turtlebot3_msgs/include/turtlebot3_msgs/msg/detail
[22.641s] -- Installing: /home/turtlebot/robot_ws/install/turtlebot3_msgs/include/turtlebot3_msgs/msg/detail/sound__traits.hpp
[22.641s] -- Installing: /home/turtlebot/robot_ws/install/turtlebot3_msgs/include/turtlebot3_msgs/msg/detail/version_info__traits.hpp
[22.641s] -- Installing: /home/turtlebot/robot_ws/install/turtlebot3_msgs/include/turtlebot3_msgs/msg/detail/sensor_state__struct.hpp
[22.641s] -- Installing: /home/turtlebot/robot_ws/install/turtlebot3_msgs/include/turtlebot3_msgs/msg/detail/sensor_state__builder.hpp
[22.642s] -- Installing: /home/turtlebot/robot_ws/install/turtlebot3_msgs/include/turtlebot3_msgs/msg/detail/sound__builder.hpp
[22.642s] -- Installing: /home/turtlebot/robot_ws/install/turtlebot3_msgs/include/turtlebot3_msgs/msg/detail/sound__struct.hpp
[22.642s] -- Installing: /home/turtlebot/robot_ws/install/turtlebot3_msgs/include/turtlebot3_msgs/msg/detail/sensor_state__traits.hpp
[22.643s] -- Installing: /home/turtlebot/robot_ws/install/turtlebot3_msgs/include/turtlebot3_msgs/msg/detail/version_info__builder.hpp
[22.643s] -- Installing: /home/turtlebot/robot_ws/install/turtlebot3_msgs/include/turtlebot3_msgs/msg/detail/version_info__struct.hpp
[22.643s] -- Installing: /home/turtlebot/robot_ws/install/turtlebot3_msgs/include/turtlebot3_msgs/msg/version_info.hpp
[22.644s] -- Up-to-date: /home/turtlebot/robot_ws/install/turtlebot3_msgs/include/turtlebot3_msgs/action
[22.644s] -- Installing: /home/turtlebot/robot_ws/install/turtlebot3_msgs/include/turtlebot3_msgs/action/patrol.hpp
[22.644s] -- Up-to-date: /home/turtlebot/robot_ws/install/turtlebot3_msgs/include/turtlebot3_msgs/action/detail
[22.644s] -- Installing: /home/turtlebot/robot_ws/install/turtlebot3_msgs/include/turtlebot3_msgs/action/detail/patrol__builder.hpp
[22.644s] -- Installing: /home/turtlebot/robot_ws/install/turtlebot3_msgs/include/turtlebot3_msgs/action/detail/patrol__struct.hpp
[22.645s] -- Installing: /home/turtlebot/robot_ws/install/turtlebot3_msgs/include/turtlebot3_msgs/action/detail/patrol__traits.hpp
[22.645s] -- Up-to-date: /home/turtlebot/robot_ws/install/turtlebot3_msgs/include/turtlebot3_msgs/srv
[22.645s] -- Installing: /home/turtlebot/robot_ws/install/turtlebot3_msgs/include/turtlebot3_msgs/srv/sound.hpp
[22.646s] -- Installing: /home/turtlebot/robot_ws/install/turtlebot3_msgs/include/turtlebot3_msgs/srv/dqn.hpp
[22.646s] -- Up-to-date: /home/turtlebot/robot_ws/install/turtlebot3_msgs/include/turtlebot3_msgs/srv/detail
[22.646s] -- Installing: /home/turtlebot/robot_ws/install/turtlebot3_msgs/include/turtlebot3_msgs/srv/detail/sound__traits.hpp
[22.646s] -- Installing: /home/turtlebot/robot_ws/install/turtlebot3_msgs/include/turtlebot3_msgs/srv/detail/sound__builder.hpp
[22.647s] -- Installing: /home/turtlebot/robot_ws/install/turtlebot3_msgs/include/turtlebot3_msgs/srv/detail/sound__struct.hpp
[22.647s] -- Installing: /home/turtlebot/robot_ws/install/turtlebot3_msgs/include/turtlebot3_msgs/srv/detail/dqn__traits.hpp
[22.647s] -- Installing: /home/turtlebot/robot_ws/install/turtlebot3_msgs/include/turtlebot3_msgs/srv/detail/dqn__builder.hpp
[22.647s] -- Installing: /home/turtlebot/robot_ws/install/turtlebot3_msgs/include/turtlebot3_msgs/srv/detail/dqn__struct.hpp
[22.648s] -- Up-to-date: /home/turtlebot/robot_ws/install/turtlebot3_msgs/include/turtlebot3_msgs
[22.648s] -- Up-to-date: /home/turtlebot/robot_ws/install/turtlebot3_msgs/include/turtlebot3_msgs/msg
[22.648s] -- Up-to-date: /home/turtlebot/robot_ws/install/turtlebot3_msgs/include/turtlebot3_msgs/msg/detail
[22.648s] -- Installing: /home/turtlebot/robot_ws/install/turtlebot3_msgs/include/turtlebot3_msgs/msg/detail/version_info__rosidl_typesupport_introspection_cpp.hpp
[22.648s] -- Installing: /home/turtlebot/robot_ws/install/turtlebot3_msgs/include/turtlebot3_msgs/msg/detail/sound__type_support.cpp
[22.649s] -- Installing: /home/turtlebot/robot_ws/install/turtlebot3_msgs/include/turtlebot3_msgs/msg/detail/sensor_state__type_support.cpp
[22.649s] -- Installing: /home/turtlebot/robot_ws/install/turtlebot3_msgs/include/turtlebot3_msgs/msg/detail/sound__rosidl_typesupport_introspection_cpp.hpp
[22.650s] -- Installing: /home/turtlebot/robot_ws/install/turtlebot3_msgs/include/turtlebot3_msgs/msg/detail/version_info__type_support.cpp
[22.650s] -- Installing: /home/turtlebot/robot_ws/install/turtlebot3_msgs/include/turtlebot3_msgs/msg/detail/sensor_state__rosidl_typesupport_introspection_cpp.hpp
[22.650s] -- Up-to-date: /home/turtlebot/robot_ws/install/turtlebot3_msgs/include/turtlebot3_msgs/action
[22.650s] -- Up-to-date: /home/turtlebot/robot_ws/install/turtlebot3_msgs/include/turtlebot3_msgs/action/detail
[22.650s] -- Installing: /home/turtlebot/robot_ws/install/turtlebot3_msgs/include/turtlebot3_msgs/action/detail/patrol__type_support.cpp
[22.651s] -- Installing: /home/turtlebot/robot_ws/install/turtlebot3_msgs/include/turtlebot3_msgs/action/detail/patrol__rosidl_typesupport_introspection_cpp.hpp
[22.651s] -- Up-to-date: /home/turtlebot/robot_ws/install/turtlebot3_msgs/include/turtlebot3_msgs/srv
[22.651s] -- Up-to-date: /home/turtlebot/robot_ws/install/turtlebot3_msgs/include/turtlebot3_msgs/srv/detail
[22.651s] -- Installing: /home/turtlebot/robot_ws/install/turtlebot3_msgs/include/turtlebot3_msgs/srv/detail/sound__type_support.cpp
[22.652s] -- Installing: /home/turtlebot/robot_ws/install/turtlebot3_msgs/include/turtlebot3_msgs/srv/detail/dqn__rosidl_typesupport_introspection_cpp.hpp
[22.652s] -- Installing: /home/turtlebot/robot_ws/install/turtlebot3_msgs/include/turtlebot3_msgs/srv/detail/sound__rosidl_typesupport_introspection_cpp.hpp
[22.653s] -- Installing: /home/turtlebot/robot_ws/install/turtlebot3_msgs/include/turtlebot3_msgs/srv/detail/dqn__type_support.cpp
[22.654s] -- Installing: /home/turtlebot/robot_ws/install/turtlebot3_msgs/lib/libturtlebot3_msgs__rosidl_typesupport_introspection_cpp.so
[22.654s] -- Set runtime path of "/home/turtlebot/robot_ws/install/turtlebot3_msgs/lib/libturtlebot3_msgs__rosidl_typesupport_introspection_cpp.so" to ""
[22.655s] -- Installing: /home/turtlebot/robot_ws/install/turtlebot3_msgs/lib/libturtlebot3_msgs__rosidl_typesupport_cpp.so
[22.655s] -- Set runtime path of "/home/turtlebot/robot_ws/install/turtlebot3_msgs/lib/libturtlebot3_msgs__rosidl_typesupport_cpp.so" to ""
[22.656s] -- Installing: /home/turtlebot/robot_ws/install/turtlebot3_msgs/share/turtlebot3_msgs/environment/pythonpath.sh
[22.656s] -- Installing: /home/turtlebot/robot_ws/install/turtlebot3_msgs/share/turtlebot3_msgs/environment/pythonpath.dsv
[22.656s] -- Installing: /home/turtlebot/robot_ws/install/turtlebot3_msgs/lib/python3.8/site-packages/turtlebot3_msgs/__init__.py
[22.688s] Compiling '/home/turtlebot/robot_ws/install/turtlebot3_msgs/lib/python3.8/site-packages/turtlebot3_msgs/__init__.py'...
[22.694s] -- Installing: /home/turtlebot/robot_ws/install/turtlebot3_msgs/lib/python3.8/site-packages/turtlebot3_msgs/msg
[22.694s] -- Installing: /home/turtlebot/robot_ws/install/turtlebot3_msgs/lib/python3.8/site-packages/turtlebot3_msgs/msg/_sound_s.c
[22.694s] -- Installing: /home/turtlebot/robot_ws/install/turtlebot3_msgs/lib/python3.8/site-packages/turtlebot3_msgs/msg/_sensor_state_s.c
[22.695s] -- Installing: /home/turtlebot/robot_ws/install/turtlebot3_msgs/lib/python3.8/site-packages/turtlebot3_msgs/msg/__init__.py
[22.695s] -- Installing: /home/turtlebot/robot_ws/install/turtlebot3_msgs/lib/python3.8/site-packages/turtlebot3_msgs/msg/_version_info.py
[22.695s] -- Installing: /home/turtlebot/robot_ws/install/turtlebot3_msgs/lib/python3.8/site-packages/turtlebot3_msgs/msg/_version_info_s.c
[22.696s] -- Installing: /home/turtlebot/robot_ws/install/turtlebot3_msgs/lib/python3.8/site-packages/turtlebot3_msgs/msg/_sound.py
[22.696s] -- Installing: /home/turtlebot/robot_ws/install/turtlebot3_msgs/lib/python3.8/site-packages/turtlebot3_msgs/msg/_sensor_state.py
[22.696s] -- Installing: /home/turtlebot/robot_ws/install/turtlebot3_msgs/lib/python3.8/site-packages/turtlebot3_msgs/srv
[22.697s] -- Installing: /home/turtlebot/robot_ws/install/turtlebot3_msgs/lib/python3.8/site-packages/turtlebot3_msgs/srv/_sound_s.c
[22.697s] -- Installing: /home/turtlebot/robot_ws/install/turtlebot3_msgs/lib/python3.8/site-packages/turtlebot3_msgs/srv/__init__.py
[22.697s] -- Installing: /home/turtlebot/robot_ws/install/turtlebot3_msgs/lib/python3.8/site-packages/turtlebot3_msgs/srv/_dqn_s.c
[22.697s] -- Installing: /home/turtlebot/robot_ws/install/turtlebot3_msgs/lib/python3.8/site-packages/turtlebot3_msgs/srv/_sound.py
[22.697s] -- Installing: /home/turtlebot/robot_ws/install/turtlebot3_msgs/lib/python3.8/site-packages/turtlebot3_msgs/srv/_dqn.py
[22.698s] -- Installing: /home/turtlebot/robot_ws/install/turtlebot3_msgs/lib/python3.8/site-packages/turtlebot3_msgs/action
[22.698s] -- Installing: /home/turtlebot/robot_ws/install/turtlebot3_msgs/lib/python3.8/site-packages/turtlebot3_msgs/action/_patrol.py
[22.698s] -- Installing: /home/turtlebot/robot_ws/install/turtlebot3_msgs/lib/python3.8/site-packages/turtlebot3_msgs/action/__init__.py
[22.698s] -- Installing: /home/turtlebot/robot_ws/install/turtlebot3_msgs/lib/python3.8/site-packages/turtlebot3_msgs/action/_patrol_s.c
[22.699s] -- Installing: /home/turtlebot/robot_ws/install/turtlebot3_msgs/lib/python3.8/site-packages/turtlebot3_msgs/turtlebot3_msgs_s__rosidl_typesupport_fastrtps_c.cpython-38-x86_64-linux-gnu.so
[22.699s] -- Set runtime path of "/home/turtlebot/robot_ws/install/turtlebot3_msgs/lib/python3.8/site-packages/turtlebot3_msgs/turtlebot3_msgs_s__rosidl_typesupport_fastrtps_c.cpython-38-x86_64-linux-gnu.so" to ""
[22.700s] -- Installing: /home/turtlebot/robot_ws/install/turtlebot3_msgs/lib/python3.8/site-packages/turtlebot3_msgs/turtlebot3_msgs_s__rosidl_typesupport_introspection_c.cpython-38-x86_64-linux-gnu.so
[22.700s] -- Set runtime path of "/home/turtlebot/robot_ws/install/turtlebot3_msgs/lib/python3.8/site-packages/turtlebot3_msgs/turtlebot3_msgs_s__rosidl_typesupport_introspection_c.cpython-38-x86_64-linux-gnu.so" to ""
[22.700s] -- Installing: /home/turtlebot/robot_ws/install/turtlebot3_msgs/lib/python3.8/site-packages/turtlebot3_msgs/turtlebot3_msgs_s__rosidl_typesupport_c.cpython-38-x86_64-linux-gnu.so
[22.701s] -- Set runtime path of "/home/turtlebot/robot_ws/install/turtlebot3_msgs/lib/python3.8/site-packages/turtlebot3_msgs/turtlebot3_msgs_s__rosidl_typesupport_c.cpython-38-x86_64-linux-gnu.so" to ""
[22.701s] -- Installing: /home/turtlebot/robot_ws/install/turtlebot3_msgs/lib/libturtlebot3_msgs__python.so
[22.702s] -- Set runtime path of "/home/turtlebot/robot_ws/install/turtlebot3_msgs/lib/libturtlebot3_msgs__python.so" to ""
[22.702s] -- Installing: /home/turtlebot/robot_ws/install/turtlebot3_msgs/share/turtlebot3_msgs/msg/SensorState.idl
[22.702s] -- Installing: /home/turtlebot/robot_ws/install/turtlebot3_msgs/share/turtlebot3_msgs/msg/Sound.idl
[22.702s] -- Installing: /home/turtlebot/robot_ws/install/turtlebot3_msgs/share/turtlebot3_msgs/msg/VersionInfo.idl
[22.702s] -- Installing: /home/turtlebot/robot_ws/install/turtlebot3_msgs/share/turtlebot3_msgs/srv/Sound.idl
[22.703s] -- Installing: /home/turtlebot/robot_ws/install/turtlebot3_msgs/share/turtlebot3_msgs/srv/Dqn.idl
[22.703s] -- Installing: /home/turtlebot/robot_ws/install/turtlebot3_msgs/share/turtlebot3_msgs/action/Patrol.idl
[22.703s] -- Installing: /home/turtlebot/robot_ws/install/turtlebot3_msgs/share/turtlebot3_msgs/msg/SensorState.msg
[22.704s] -- Installing: /home/turtlebot/robot_ws/install/turtlebot3_msgs/share/turtlebot3_msgs/msg/Sound.msg
[22.704s] -- Installing: /home/turtlebot/robot_ws/install/turtlebot3_msgs/share/turtlebot3_msgs/msg/VersionInfo.msg
[22.704s] -- Installing: /home/turtlebot/robot_ws/install/turtlebot3_msgs/share/turtlebot3_msgs/srv/Sound.srv
[22.705s] -- Installing: /home/turtlebot/robot_ws/install/turtlebot3_msgs/share/turtlebot3_msgs/srv/Sound_Request.msg
[22.705s] -- Installing: /home/turtlebot/robot_ws/install/turtlebot3_msgs/share/turtlebot3_msgs/srv/Sound_Response.msg
[22.705s] -- Installing: /home/turtlebot/robot_ws/install/turtlebot3_msgs/share/turtlebot3_msgs/srv/Dqn.srv
[22.706s] -- Installing: /home/turtlebot/robot_ws/install/turtlebot3_msgs/share/turtlebot3_msgs/srv/Dqn_Request.msg
[22.706s] -- Installing: /home/turtlebot/robot_ws/install/turtlebot3_msgs/share/turtlebot3_msgs/srv/Dqn_Response.msg
[22.706s] -- Installing: /home/turtlebot/robot_ws/install/turtlebot3_msgs/share/turtlebot3_msgs/action/Patrol.action
[22.707s] -- Installing: /home/turtlebot/robot_ws/install/turtlebot3_msgs/share/ament_index/resource_index/package_run_dependencies/turtlebot3_msgs
[22.707s] -- Installing: /home/turtlebot/robot_ws/install/turtlebot3_msgs/share/ament_index/resource_index/parent_prefix_path/turtlebot3_msgs
[22.708s] -- Installing: /home/turtlebot/robot_ws/install/turtlebot3_msgs/share/turtlebot3_msgs/environment/ament_prefix_path.sh
[22.708s] -- Installing: /home/turtlebot/robot_ws/install/turtlebot3_msgs/share/turtlebot3_msgs/environment/ament_prefix_path.dsv
[22.709s] -- Installing: /home/turtlebot/robot_ws/install/turtlebot3_msgs/share/turtlebot3_msgs/environment/path.sh
[22.709s] -- Installing: /home/turtlebot/robot_ws/install/turtlebot3_msgs/share/turtlebot3_msgs/environment/path.dsv
[22.710s] -- Installing: /home/turtlebot/robot_ws/install/turtlebot3_msgs/share/turtlebot3_msgs/local_setup.bash
[22.710s] -- Installing: /home/turtlebot/robot_ws/install/turtlebot3_msgs/share/turtlebot3_msgs/local_setup.sh
[22.710s] -- Installing: /home/turtlebot/robot_ws/install/turtlebot3_msgs/share/turtlebot3_msgs/local_setup.zsh
[22.711s] -- Installing: /home/turtlebot/robot_ws/install/turtlebot3_msgs/share/turtlebot3_msgs/local_setup.dsv
[22.711s] -- Installing: /home/turtlebot/robot_ws/install/turtlebot3_msgs/share/turtlebot3_msgs/package.dsv
[22.711s] -- Installing: /home/turtlebot/robot_ws/install/turtlebot3_msgs/share/ament_index/resource_index/packages/turtlebot3_msgs
[22.712s] -- Installing: /home/turtlebot/robot_ws/install/turtlebot3_msgs/share/turtlebot3_msgs/cmake/turtlebot3_msgs__rosidl_generator_cExport.cmake
[22.712s] -- Installing: /home/turtlebot/robot_ws/install/turtlebot3_msgs/share/turtlebot3_msgs/cmake/turtlebot3_msgs__rosidl_generator_cExport-noconfig.cmake
[22.713s] -- Installing: /home/turtlebot/robot_ws/install/turtlebot3_msgs/share/turtlebot3_msgs/cmake/turtlebot3_msgs__rosidl_typesupport_introspection_cExport.cmake
[22.713s] -- Installing: /home/turtlebot/robot_ws/install/turtlebot3_msgs/share/turtlebot3_msgs/cmake/turtlebot3_msgs__rosidl_typesupport_introspection_cExport-noconfig.cmake
[22.713s] -- Installing: /home/turtlebot/robot_ws/install/turtlebot3_msgs/share/turtlebot3_msgs/cmake/turtlebot3_msgs__rosidl_typesupport_cExport.cmake
[22.714s] -- Installing: /home/turtlebot/robot_ws/install/turtlebot3_msgs/share/turtlebot3_msgs/cmake/turtlebot3_msgs__rosidl_typesupport_cExport-noconfig.cmake
[22.714s] -- Installing: /home/turtlebot/robot_ws/install/turtlebot3_msgs/share/turtlebot3_msgs/cmake/turtlebot3_msgs__rosidl_generator_cppExport.cmake
[22.715s] -- Installing: /home/turtlebot/robot_ws/install/turtlebot3_msgs/share/turtlebot3_msgs/cmake/turtlebot3_msgs__rosidl_typesupport_introspection_cppExport.cmake
[22.715s] -- Installing: /home/turtlebot/robot_ws/install/turtlebot3_msgs/share/turtlebot3_msgs/cmake/turtlebot3_msgs__rosidl_typesupport_introspection_cppExport-noconfig.cmake
[22.715s] -- Installing: /home/turtlebot/robot_ws/install/turtlebot3_msgs/share/turtlebot3_msgs/cmake/turtlebot3_msgs__rosidl_typesupport_cppExport.cmake
[22.716s] -- Installing: /home/turtlebot/robot_ws/install/turtlebot3_msgs/share/turtlebot3_msgs/cmake/turtlebot3_msgs__rosidl_typesupport_cppExport-noconfig.cmake
[22.716s] -- Installing: /home/turtlebot/robot_ws/install/turtlebot3_msgs/share/turtlebot3_msgs/cmake/rosidl_cmake-extras.cmake
[22.717s] -- Installing: /home/turtlebot/robot_ws/install/turtlebot3_msgs/share/turtlebot3_msgs/cmake/ament_cmake_export_dependencies-extras.cmake
[22.717s] -- Installing: /home/turtlebot/robot_ws/install/turtlebot3_msgs/share/turtlebot3_msgs/cmake/ament_cmake_export_libraries-extras.cmake
[22.717s] -- Installing: /home/turtlebot/robot_ws/install/turtlebot3_msgs/share/turtlebot3_msgs/cmake/ament_cmake_export_targets-extras.cmake
[22.718s] -- Installing: /home/turtlebot/robot_ws/install/turtlebot3_msgs/share/turtlebot3_msgs/cmake/ament_cmake_export_include_directories-extras.cmake
[22.719s] -- Installing: /home/turtlebot/robot_ws/install/turtlebot3_msgs/share/turtlebot3_msgs/cmake/rosidl_cmake_export_typesupport_libraries-extras.cmake
[22.719s] -- Installing: /home/turtlebot/robot_ws/install/turtlebot3_msgs/share/turtlebot3_msgs/cmake/rosidl_cmake_export_typesupport_targets-extras.cmake
[22.720s] -- Installing: /home/turtlebot/robot_ws/install/turtlebot3_msgs/share/turtlebot3_msgs/cmake/turtlebot3_msgsConfig.cmake
[22.720s] -- Installing: /home/turtlebot/robot_ws/install/turtlebot3_msgs/share/turtlebot3_msgs/cmake/turtlebot3_msgsConfig-version.cmake
[22.720s] -- Installing: /home/turtlebot/robot_ws/install/turtlebot3_msgs/share/turtlebot3_msgs/package.xml
[22.727s] Invoked command in '/home/turtlebot/robot_ws/build/turtlebot3_msgs' returned '0': CMAKE_PREFIX_PATH=/opt/ros/foxy /usr/bin/cmake --install /home/turtlebot/robot_ws/build/turtlebot3_msgs
