[0.932s] Invoking command in '/home/turtlebot/robot_ws/src/turtlebot3/turtlebot3_teleop': PYTHONPATH=/home/turtlebot/robot_ws/build/turtlebot3_teleop/prefix_override:/home/turtlebot/robot_ws/install/turtlebot3_teleop/lib/python3.8/site-packages:${PYTHONPATH} /usr/bin/python3 setup.py egg_info --egg-base ../../../build/turtlebot3_teleop build --build-base /home/turtlebot/robot_ws/build/turtlebot3_teleop/build install --record /home/turtlebot/robot_ws/build/turtlebot3_teleop/install.log --single-version-externally-managed
[1.178s] running egg_info
[1.181s] writing ../../../build/turtlebot3_teleop/turtlebot3_teleop.egg-info/PKG-INFO
[1.183s] writing dependency_links to ../../../build/turtlebot3_teleop/turtlebot3_teleop.egg-info/dependency_links.txt
[1.183s] writing entry points to ../../../build/turtlebot3_teleop/turtlebot3_teleop.egg-info/entry_points.txt
[1.183s] writing requirements to ../../../build/turtlebot3_teleop/turtlebot3_teleop.egg-info/requires.txt
[1.183s] writing top-level names to ../../../build/turtlebot3_teleop/turtlebot3_teleop.egg-info/top_level.txt
[1.217s] reading manifest file '../../../build/turtlebot3_teleop/turtlebot3_teleop.egg-info/SOURCES.txt'
[1.217s] writing manifest file '../../../build/turtlebot3_teleop/turtlebot3_teleop.egg-info/SOURCES.txt'
[1.217s] running build
[1.217s] running build_py
[1.219s] running install
[1.220s] running install_lib
[1.221s] creating /home/turtlebot/robot_ws/install/turtlebot3_teleop/lib/python3.8/site-packages/turtlebot3_teleop
[1.221s] creating /home/turtlebot/robot_ws/install/turtlebot3_teleop/lib/python3.8/site-packages/turtlebot3_teleop/script
[1.221s] copying /home/turtlebot/robot_ws/build/turtlebot3_teleop/build/lib/turtlebot3_teleop/script/__init__.py -> /home/turtlebot/robot_ws/install/turtlebot3_teleop/lib/python3.8/site-packages/turtlebot3_teleop/script
[1.221s] copying /home/turtlebot/robot_ws/build/turtlebot3_teleop/build/lib/turtlebot3_teleop/script/teleop_keyboard.py -> /home/turtlebot/robot_ws/install/turtlebot3_teleop/lib/python3.8/site-packages/turtlebot3_teleop/script
[1.221s] copying /home/turtlebot/robot_ws/build/turtlebot3_teleop/build/lib/turtlebot3_teleop/__init__.py -> /home/turtlebot/robot_ws/install/turtlebot3_teleop/lib/python3.8/site-packages/turtlebot3_teleop
[1.222s] byte-compiling /home/turtlebot/robot_ws/install/turtlebot3_teleop/lib/python3.8/site-packages/turtlebot3_teleop/script/__init__.py to __init__.cpython-38.pyc
[1.223s] byte-compiling /home/turtlebot/robot_ws/install/turtlebot3_teleop/lib/python3.8/site-packages/turtlebot3_teleop/script/teleop_keyboard.py to teleop_keyboard.cpython-38.pyc
[1.224s] byte-compiling /home/turtlebot/robot_ws/install/turtlebot3_teleop/lib/python3.8/site-packages/turtlebot3_teleop/__init__.py to __init__.cpython-38.pyc
[1.224s] running install_data
[1.225s] creating /home/turtlebot/robot_ws/install/turtlebot3_teleop/share/ament_index
[1.225s] creating /home/turtlebot/robot_ws/install/turtlebot3_teleop/share/ament_index/resource_index
[1.225s] creating /home/turtlebot/robot_ws/install/turtlebot3_teleop/share/ament_index/resource_index/packages
[1.225s] copying resource/turtlebot3_teleop -> /home/turtlebot/robot_ws/install/turtlebot3_teleop/share/ament_index/resource_index/packages
[1.225s] copying package.xml -> /home/turtlebot/robot_ws/install/turtlebot3_teleop/share/turtlebot3_teleop
[1.225s] running install_egg_info
[1.226s] Copying ../../../build/turtlebot3_teleop/turtlebot3_teleop.egg-info to /home/turtlebot/robot_ws/install/turtlebot3_teleop/lib/python3.8/site-packages/turtlebot3_teleop-2.1.4-py3.8.egg-info
[1.227s] running install_scripts
[1.242s] Installing teleop_keyboard script to /home/turtlebot/robot_ws/install/turtlebot3_teleop/lib/turtlebot3_teleop
[1.242s] writing list of installed files to '/home/turtlebot/robot_ws/build/turtlebot3_teleop/install.log'
[1.263s] Invoked command in '/home/turtlebot/robot_ws/src/turtlebot3/turtlebot3_teleop' returned '0': PYTHONPATH=/home/turtlebot/robot_ws/build/turtlebot3_teleop/prefix_override:/home/turtlebot/robot_ws/install/turtlebot3_teleop/lib/python3.8/site-packages:${PYTHONPATH} /usr/bin/python3 setup.py egg_info --egg-base ../../../build/turtlebot3_teleop build --build-base /home/turtlebot/robot_ws/build/turtlebot3_teleop/build install --record /home/turtlebot/robot_ws/build/turtlebot3_teleop/install.log --single-version-externally-managed
