running develop
Removing /home/turtlebot/robot_ws/install/nav2_example/lib/python3.8/site-packages/nav2-example.egg-link (link to .)
running egg_info
writing ../../build/nav2_example/nav2_example.egg-info/PKG-INFO
writing dependency_links to ../../build/nav2_example/nav2_example.egg-info/dependency_links.txt
writing entry points to ../../build/nav2_example/nav2_example.egg-info/entry_points.txt
writing requirements to ../../build/nav2_example/nav2_example.egg-info/requires.txt
writing top-level names to ../../build/nav2_example/nav2_example.egg-info/top_level.txt
reading manifest file '../../build/nav2_example/nav2_example.egg-info/SOURCES.txt'
writing manifest file '../../build/nav2_example/nav2_example.egg-info/SOURCES.txt'
running build
running build_py
creating /home/turtlebot/robot_ws/build/nav2_example/build
creating /home/turtlebot/robot_ws/build/nav2_example/build/lib
creating /home/turtlebot/robot_ws/build/nav2_example/build/lib/nav2_example
copying nav2_example/__init__.py -> /home/turtlebot/robot_ws/build/nav2_example/build/lib/nav2_example
copying nav2_example/navigation_example.py -> /home/turtlebot/robot_ws/build/nav2_example/build/lib/nav2_example
running install
running install_lib
creating /home/turtlebot/robot_ws/install/nav2_example/lib/python3.8/site-packages/nav2_example
copying /home/turtlebot/robot_ws/build/nav2_example/build/lib/nav2_example/__init__.py -> /home/turtlebot/robot_ws/install/nav2_example/lib/python3.8/site-packages/nav2_example
copying /home/turtlebot/robot_ws/build/nav2_example/build/lib/nav2_example/navigation_example.py -> /home/turtlebot/robot_ws/install/nav2_example/lib/python3.8/site-packages/nav2_example
byte-compiling /home/turtlebot/robot_ws/install/nav2_example/lib/python3.8/site-packages/nav2_example/__init__.py to __init__.cpython-38.pyc
byte-compiling /home/turtlebot/robot_ws/install/nav2_example/lib/python3.8/site-packages/nav2_example/navigation_example.py to navigation_example.cpython-38.pyc
running install_data
running install_egg_info
Copying ../../build/nav2_example/nav2_example.egg-info to /home/turtlebot/robot_ws/install/nav2_example/lib/python3.8/site-packages/nav2_example-0.0.0-py3.8.egg-info
running install_scripts
Installing navigation_example script to /home/turtlebot/robot_ws/install/nav2_example/lib/nav2_example
writing list of installed files to '/home/turtlebot/robot_ws/build/nav2_example/install.log'
