-- The C compiler identification is GNU 9.4.0
-- The CXX compiler identification is GNU 9.4.0
-- Check for working C compiler: /usr/bin/cc
-- Check for working C compiler: /usr/bin/cc -- works
-- Detecting C compiler ABI info
-- Detecting C compiler ABI info - done
-- Detecting C compile features
-- Detecting C compile features - done
-- Check for working CXX compiler: /usr/bin/c++
-- Check for working CXX compiler: /usr/bin/c++ -- works
-- Detecting CXX compiler ABI info
-- Detecting CXX compiler ABI info - done
-- Detecting CXX compile features
-- Detecting CXX compile features - done
-- Found ament_cmake: 0.9.11 (/opt/ros/foxy/share/ament_cmake/cmake)
-- Found PythonInterp: /usr/bin/python3 (found suitable version "3.8.10", minimum required is "3") 
-- Using PYTHON_EXECUTABLE: /usr/bin/python3
-- Override CMake install command with custom implementation using symlinks instead of copying resources
-- Found nav2_common: 0.4.7 (/home/turtlebot/nav2_ws/install/nav2_common/share/nav2_common/cmake)
-- Found rclcpp: 2.4.2 (/opt/ros/foxy/share/rclcpp/cmake)
-- Using all available rosidl_typesupport_c: rosidl_typesupport_fastrtps_c;rosidl_typesupport_introspection_c
-- Found rosidl_adapter: 1.3.0 (/opt/ros/foxy/share/rosidl_adapter/cmake)
-- Found OpenSSL: /usr/lib/x86_64-linux-gnu/libcrypto.so (found version "1.1.1f")  
-- Found FastRTPS: /opt/ros/foxy/include  
-- Using all available rosidl_typesupport_cpp: rosidl_typesupport_fastrtps_cpp;rosidl_typesupport_introspection_cpp
-- Found rmw_implementation_cmake: 1.0.4 (/opt/ros/foxy/share/rmw_implementation_cmake/cmake)
-- Using RMW implementation 'rmw_fastrtps_cpp' as default
-- Looking for pthread.h
-- Looking for pthread.h - found
-- Performing Test CMAKE_HAVE_LIBC_PTHREAD
-- Performing Test CMAKE_HAVE_LIBC_PTHREAD - Failed
-- Looking for pthread_create in pthreads
-- Looking for pthread_create in pthreads - not found
-- Looking for pthread_create in pthread
-- Looking for pthread_create in pthread - found
-- Found Threads: TRUE  
-- Found rclcpp_action: 2.4.2 (/opt/ros/foxy/share/rclcpp_action/cmake)
-- Found rclcpp_lifecycle: 2.4.2 (/opt/ros/foxy/share/rclcpp_lifecycle/cmake)
-- Found geometry_msgs: 2.0.5 (/opt/ros/foxy/share/geometry_msgs/cmake)
-- Found nav2_behavior_tree: 0.4.7 (/home/turtlebot/nav2_ws/install/nav2_behavior_tree/share/nav2_behavior_tree/cmake)
-- Found eigen3_cmake_module: 0.1.1 (/opt/ros/foxy/share/eigen3_cmake_module/cmake)
-- Found Eigen3: TRUE (found version "3.3.7") 
-- Setting build type to Release as none was specified.
-- Found ament_lint_auto: 0.9.8 (/opt/ros/foxy/share/ament_lint_auto/cmake)
-- Added test 'copyright' to check source files copyright and LICENSE
-- Added test 'cppcheck' to perform static code analysis on C / C++ code
-- Configured cppcheck include dirs: /home/turtlebot/nav2_ws/src/navigation2/nav2_bt_navigator/include
-- Configured cppcheck exclude dirs and/or files: 
-- Added test 'cpplint' to check C / C++ code against the Google style
-- Configured cpplint exclude dirs and/or files: 
-- Added test 'lint_cmake' to check CMake code style
-- Added test 'uncrustify' to check C / C++ code style
-- Configured uncrustify additional arguments: 
-- Added test 'xmllint' to check XML markup files
-- Configuring done
-- Generating done
-- Build files have been written to: /home/turtlebot/nav2_ws/build/nav2_bt_navigator
[35m[1mScanning dependencies of target bt_navigator_core[0m
[ 20%] [32mBuilding CXX object CMakeFiles/bt_navigator_core.dir/src/bt_navigator.cpp.o[0m
[ 40%] [32mBuilding CXX object CMakeFiles/bt_navigator_core.dir/src/ros_topic_logger.cpp.o[0m
[ 60%] [32m[1mLinking CXX shared library libbt_navigator_core.so[0m
[ 60%] Built target bt_navigator_core
[35m[1mScanning dependencies of target bt_navigator[0m
[ 80%] [32mBuilding CXX object CMakeFiles/bt_navigator.dir/src/main.cpp.o[0m
[100%] [32m[1mLinking CXX executable bt_navigator[0m
[100%] Built target bt_navigator
-- Install configuration: "Release"
-- Execute custom install script
-- Symlinking: /home/turtlebot/nav2_ws/install/nav2_bt_navigator/lib/libbt_navigator_core.so
-- Symlinking: /home/turtlebot/nav2_ws/install/nav2_bt_navigator/lib/nav2_bt_navigator/bt_navigator
-- Symlinking: /home/turtlebot/nav2_ws/install/nav2_bt_navigator/include//nav2_bt_navigator/bt_navigator.hpp
-- Symlinking: /home/turtlebot/nav2_ws/install/nav2_bt_navigator/include//nav2_bt_navigator/ros_topic_logger.hpp
-- Symlinking: /home/turtlebot/nav2_ws/install/nav2_bt_navigator/share/nav2_bt_navigator/behavior_trees/follow_point.xml
-- Symlinking: /home/turtlebot/nav2_ws/install/nav2_bt_navigator/share/nav2_bt_navigator/behavior_trees/navigate_w_replanning_and_recovery.xml
-- Symlinking: /home/turtlebot/nav2_ws/install/nav2_bt_navigator/share/nav2_bt_navigator/behavior_trees/navigate_w_replanning_and_round_robin_recovery.xml
-- Symlinking: /home/turtlebot/nav2_ws/install/nav2_bt_navigator/share/nav2_bt_navigator/behavior_trees/navigate_w_replanning_distance.xml
-- Symlinking: /home/turtlebot/nav2_ws/install/nav2_bt_navigator/share/nav2_bt_navigator/behavior_trees/navigate_w_replanning_speed.xml
-- Symlinking: /home/turtlebot/nav2_ws/install/nav2_bt_navigator/share/nav2_bt_navigator/behavior_trees/navigate_w_replanning_time.xml
-- Symlinking: /home/turtlebot/nav2_ws/install/nav2_bt_navigator/share/nav2_bt_navigator/environment/library_path.sh
-- Symlinking: /home/turtlebot/nav2_ws/install/nav2_bt_navigator/share/nav2_bt_navigator/environment/library_path.dsv
-- Symlinking: /home/turtlebot/nav2_ws/install/nav2_bt_navigator/share/ament_index/resource_index/package_run_dependencies/nav2_bt_navigator
-- Symlinking: /home/turtlebot/nav2_ws/install/nav2_bt_navigator/share/ament_index/resource_index/parent_prefix_path/nav2_bt_navigator
-- Symlinking: /home/turtlebot/nav2_ws/install/nav2_bt_navigator/share/nav2_bt_navigator/environment/ament_prefix_path.sh
-- Symlinking: /home/turtlebot/nav2_ws/install/nav2_bt_navigator/share/nav2_bt_navigator/environment/ament_prefix_path.dsv
-- Symlinking: /home/turtlebot/nav2_ws/install/nav2_bt_navigator/share/nav2_bt_navigator/environment/path.sh
-- Symlinking: /home/turtlebot/nav2_ws/install/nav2_bt_navigator/share/nav2_bt_navigator/environment/path.dsv
-- Symlinking: /home/turtlebot/nav2_ws/install/nav2_bt_navigator/share/nav2_bt_navigator/local_setup.bash
-- Symlinking: /home/turtlebot/nav2_ws/install/nav2_bt_navigator/share/nav2_bt_navigator/local_setup.sh
-- Symlinking: /home/turtlebot/nav2_ws/install/nav2_bt_navigator/share/nav2_bt_navigator/local_setup.zsh
-- Symlinking: /home/turtlebot/nav2_ws/install/nav2_bt_navigator/share/nav2_bt_navigator/local_setup.dsv
-- Symlinking: /home/turtlebot/nav2_ws/install/nav2_bt_navigator/share/nav2_bt_navigator/package.dsv
-- Symlinking: /home/turtlebot/nav2_ws/install/nav2_bt_navigator/share/ament_index/resource_index/packages/nav2_bt_navigator
-- Symlinking: /home/turtlebot/nav2_ws/install/nav2_bt_navigator/share/nav2_bt_navigator/cmake/ament_cmake_export_include_directories-extras.cmake
-- Symlinking: /home/turtlebot/nav2_ws/install/nav2_bt_navigator/share/nav2_bt_navigator/cmake/ament_cmake_export_libraries-extras.cmake
-- Symlinking: /home/turtlebot/nav2_ws/install/nav2_bt_navigator/share/nav2_bt_navigator/cmake/ament_cmake_export_dependencies-extras.cmake
-- Symlinking: /home/turtlebot/nav2_ws/install/nav2_bt_navigator/share/nav2_bt_navigator/cmake/nav2_bt_navigatorConfig.cmake
-- Symlinking: /home/turtlebot/nav2_ws/install/nav2_bt_navigator/share/nav2_bt_navigator/cmake/nav2_bt_navigatorConfig-version.cmake
-- Symlinking: /home/turtlebot/nav2_ws/install/nav2_bt_navigator/share/nav2_bt_navigator/package.xml
