/home/turtlebot/robot_ws/install/forward1/lib/python3.8/site-packages/forward1/forward1_2.py
/home/turtlebot/robot_ws/install/forward1/lib/python3.8/site-packages/forward1/forward1_1.py
/home/turtlebot/robot_ws/install/forward1/lib/python3.8/site-packages/forward1/tb3_navigation.py
/home/turtlebot/robot_ws/install/forward1/lib/python3.8/site-packages/forward1/__init__.py
/home/turtlebot/robot_ws/install/forward1/lib/python3.8/site-packages/forward1/amcl2.py
/home/turtlebot/robot_ws/install/forward1/lib/python3.8/site-packages/forward1/amcl1.py
/home/turtlebot/robot_ws/install/forward1/lib/python3.8/site-packages/forward1/test1.py
/home/turtlebot/robot_ws/install/forward1/lib/python3.8/site-packages/forward1/__pycache__/forward1_2.cpython-38.pyc
/home/turtlebot/robot_ws/install/forward1/lib/python3.8/site-packages/forward1/__pycache__/forward1_1.cpython-38.pyc
/home/turtlebot/robot_ws/install/forward1/lib/python3.8/site-packages/forward1/__pycache__/tb3_navigation.cpython-38.pyc
/home/turtlebot/robot_ws/install/forward1/lib/python3.8/site-packages/forward1/__pycache__/__init__.cpython-38.pyc
/home/turtlebot/robot_ws/install/forward1/lib/python3.8/site-packages/forward1/__pycache__/amcl2.cpython-38.pyc
/home/turtlebot/robot_ws/install/forward1/lib/python3.8/site-packages/forward1/__pycache__/amcl1.cpython-38.pyc
/home/turtlebot/robot_ws/install/forward1/lib/python3.8/site-packages/forward1/__pycache__/test1.cpython-38.pyc
/home/turtlebot/robot_ws/install/forward1/share/ament_index/resource_index/packages/forward1
/home/turtlebot/robot_ws/install/forward1/share/forward1/package.xml
/home/turtlebot/robot_ws/install/forward1/lib/python3.8/site-packages/forward1-0.0.0-py3.8.egg-info/top_level.txt
/home/turtlebot/robot_ws/install/forward1/lib/python3.8/site-packages/forward1-0.0.0-py3.8.egg-info/PKG-INFO
/home/turtlebot/robot_ws/install/forward1/lib/python3.8/site-packages/forward1-0.0.0-py3.8.egg-info/entry_points.txt
/home/turtlebot/robot_ws/install/forward1/lib/python3.8/site-packages/forward1-0.0.0-py3.8.egg-info/requires.txt
/home/turtlebot/robot_ws/install/forward1/lib/python3.8/site-packages/forward1-0.0.0-py3.8.egg-info/dependency_links.txt
/home/turtlebot/robot_ws/install/forward1/lib/python3.8/site-packages/forward1-0.0.0-py3.8.egg-info/SOURCES.txt
/home/turtlebot/robot_ws/install/forward1/lib/python3.8/site-packages/forward1-0.0.0-py3.8.egg-info/zip-safe
/home/turtlebot/robot_ws/install/forward1/lib/forward1/amcl1
/home/turtlebot/robot_ws/install/forward1/lib/forward1/amcl2
/home/turtlebot/robot_ws/install/forward1/lib/forward1/forward1_1
/home/turtlebot/robot_ws/install/forward1/lib/forward1/forward1_2
/home/turtlebot/robot_ws/install/forward1/lib/forward1/tb3_navigation
/home/turtlebot/robot_ws/install/forward1/lib/forward1/test1
