[0.263s] DEBUG:colcon:Command line arguments: ['/usr/bin/colcon', 'build', '--symlink-install']
[0.263s] DEBUG:colcon:Parsed command line arguments: Namespace(allow_overriding=[], ament_cmake_args=None, base_paths=['.'], build_base='build', catkin_cmake_args=None, catkin_skip_building_tests=False, cmake_args=None, cmake_clean_cache=False, cmake_clean_first=False, cmake_force_configure=False, cmake_target=None, cmake_target_skip_unavailable=False, continue_on_error=False, event_handlers=None, executor='parallel', ignore_user_meta=False, install_base='install', log_base=None, log_level=None, main=<bound method BuildVerb.main of <colcon_core.verb.build.BuildVerb object at 0x7f283c8df910>>, merge_install=False, metas=['./colcon.meta'], packages_above=None, packages_above_and_dependencies=None, packages_above_depth=None, packages_end=None, packages_ignore=None, packages_ignore_regex=None, packages_select=None, packages_select_build_failed=False, packages_select_by_dep=None, packages_select_regex=None, packages_select_test_failures=False, packages_skip=None, packages_skip_build_finished=False, packages_skip_by_dep=None, packages_skip_regex=None, packages_skip_test_passed=False, packages_skip_up_to=None, packages_start=None, packages_up_to=None, packages_up_to_regex=None, parallel_workers=2, paths=None, symlink_install=True, test_result_base=None, verb_extension=<colcon_core.verb.build.BuildVerb object at 0x7f283c8df910>, verb_name='build', verb_parser=<colcon_defaults.argument_parser.defaults.DefaultArgumentsDecorator object at 0x7f283c8dfe80>)
[0.291s] Level 1:colcon.colcon_core.package_discovery:discover_packages(colcon_meta) check parameters
[0.291s] Level 1:colcon.colcon_core.package_discovery:discover_packages(recursive) check parameters
[0.291s] Level 1:colcon.colcon_core.package_discovery:discover_packages(ignore) check parameters
[0.291s] Level 1:colcon.colcon_core.package_discovery:discover_packages(path) check parameters
[0.291s] Level 1:colcon.colcon_core.package_discovery:discover_packages(colcon_meta) discover
[0.291s] Level 1:colcon.colcon_core.package_discovery:discover_packages(recursive) discover
[0.291s] INFO:colcon.colcon_core.package_discovery:Crawling recursively for packages in '/home/turtlebot/robot_ws'
[0.291s] Level 1:colcon.colcon_core.package_identification:_identify(.) by extensions ['ignore', 'ignore_ament_install']
[0.291s] Level 1:colcon.colcon_core.package_identification:_identify(.) by extension 'ignore'
[0.291s] Level 1:colcon.colcon_core.package_identification:_identify(.) by extension 'ignore_ament_install'
[0.291s] Level 1:colcon.colcon_core.package_identification:_identify(.) by extensions ['colcon_pkg']
[0.291s] Level 1:colcon.colcon_core.package_identification:_identify(.) by extension 'colcon_pkg'
[0.291s] Level 1:colcon.colcon_core.package_identification:_identify(.) by extensions ['colcon_meta']
[0.291s] Level 1:colcon.colcon_core.package_identification:_identify(.) by extension 'colcon_meta'
[0.292s] Level 1:colcon.colcon_core.package_identification:_identify(.) by extensions ['ros']
[0.292s] Level 1:colcon.colcon_core.package_identification:_identify(.) by extension 'ros'
[0.300s] Level 1:colcon.colcon_core.package_identification:_identify(.) by extensions ['cmake', 'python']
[0.300s] Level 1:colcon.colcon_core.package_identification:_identify(.) by extension 'cmake'
[0.300s] Level 1:colcon.colcon_core.package_identification:_identify(.) by extension 'python'
[0.300s] Level 1:colcon.colcon_core.package_identification:_identify(.) by extensions ['python_setup_py']
[0.300s] Level 1:colcon.colcon_core.package_identification:_identify(.) by extension 'python_setup_py'
[0.300s] Level 1:colcon.colcon_core.package_identification:_identify(build) by extensions ['ignore', 'ignore_ament_install']
[0.300s] Level 1:colcon.colcon_core.package_identification:_identify(build) by extension 'ignore'
[0.300s] Level 1:colcon.colcon_core.package_identification:_identify(build) ignored
[0.300s] Level 1:colcon.colcon_core.package_identification:_identify(install) by extensions ['ignore', 'ignore_ament_install']
[0.300s] Level 1:colcon.colcon_core.package_identification:_identify(install) by extension 'ignore'
[0.301s] Level 1:colcon.colcon_core.package_identification:_identify(install) ignored
[0.301s] Level 1:colcon.colcon_core.package_identification:_identify(log) by extensions ['ignore', 'ignore_ament_install']
[0.301s] Level 1:colcon.colcon_core.package_identification:_identify(log) by extension 'ignore'
[0.301s] Level 1:colcon.colcon_core.package_identification:_identify(log) ignored
[0.301s] Level 1:colcon.colcon_core.package_identification:_identify(src) by extensions ['ignore', 'ignore_ament_install']
[0.301s] Level 1:colcon.colcon_core.package_identification:_identify(src) by extension 'ignore'
[0.301s] Level 1:colcon.colcon_core.package_identification:_identify(src) by extension 'ignore_ament_install'
[0.301s] Level 1:colcon.colcon_core.package_identification:_identify(src) by extensions ['colcon_pkg']
[0.301s] Level 1:colcon.colcon_core.package_identification:_identify(src) by extension 'colcon_pkg'
[0.301s] Level 1:colcon.colcon_core.package_identification:_identify(src) by extensions ['colcon_meta']
[0.301s] Level 1:colcon.colcon_core.package_identification:_identify(src) by extension 'colcon_meta'
[0.301s] Level 1:colcon.colcon_core.package_identification:_identify(src) by extensions ['ros']
[0.301s] Level 1:colcon.colcon_core.package_identification:_identify(src) by extension 'ros'
[0.301s] Level 1:colcon.colcon_core.package_identification:_identify(src) by extensions ['cmake', 'python']
[0.301s] Level 1:colcon.colcon_core.package_identification:_identify(src) by extension 'cmake'
[0.301s] Level 1:colcon.colcon_core.package_identification:_identify(src) by extension 'python'
[0.301s] Level 1:colcon.colcon_core.package_identification:_identify(src) by extensions ['python_setup_py']
[0.301s] Level 1:colcon.colcon_core.package_identification:_identify(src) by extension 'python_setup_py'
[0.301s] Level 1:colcon.colcon_core.package_identification:_identify(src/forward1) by extensions ['ignore', 'ignore_ament_install']
[0.301s] Level 1:colcon.colcon_core.package_identification:_identify(src/forward1) by extension 'ignore'
[0.301s] Level 1:colcon.colcon_core.package_identification:_identify(src/forward1) by extension 'ignore_ament_install'
[0.301s] Level 1:colcon.colcon_core.package_identification:_identify(src/forward1) by extensions ['colcon_pkg']
[0.301s] Level 1:colcon.colcon_core.package_identification:_identify(src/forward1) by extension 'colcon_pkg'
[0.302s] Level 1:colcon.colcon_core.package_identification:_identify(src/forward1) by extensions ['colcon_meta']
[0.302s] Level 1:colcon.colcon_core.package_identification:_identify(src/forward1) by extension 'colcon_meta'
[0.302s] Level 1:colcon.colcon_core.package_identification:_identify(src/forward1) by extensions ['ros']
[0.302s] Level 1:colcon.colcon_core.package_identification:_identify(src/forward1) by extension 'ros'
[0.303s] DEBUG:colcon.colcon_core.package_identification:Package 'src/forward1' with type 'ros.ament_python' and name 'forward1'
[0.304s] Level 1:colcon.colcon_core.package_identification:_identify(src/my_navigation_pkg) by extensions ['ignore', 'ignore_ament_install']
[0.304s] Level 1:colcon.colcon_core.package_identification:_identify(src/my_navigation_pkg) by extension 'ignore'
[0.304s] Level 1:colcon.colcon_core.package_identification:_identify(src/my_navigation_pkg) by extension 'ignore_ament_install'
[0.304s] Level 1:colcon.colcon_core.package_identification:_identify(src/my_navigation_pkg) by extensions ['colcon_pkg']
[0.304s] Level 1:colcon.colcon_core.package_identification:_identify(src/my_navigation_pkg) by extension 'colcon_pkg'
[0.304s] Level 1:colcon.colcon_core.package_identification:_identify(src/my_navigation_pkg) by extensions ['colcon_meta']
[0.304s] Level 1:colcon.colcon_core.package_identification:_identify(src/my_navigation_pkg) by extension 'colcon_meta'
[0.304s] Level 1:colcon.colcon_core.package_identification:_identify(src/my_navigation_pkg) by extensions ['ros']
[0.304s] Level 1:colcon.colcon_core.package_identification:_identify(src/my_navigation_pkg) by extension 'ros'
[0.304s] DEBUG:colcon.colcon_core.package_identification:Package 'src/my_navigation_pkg' with type 'ros.ament_python' and name 'my_navigation_pkg'
[0.304s] Level 1:colcon.colcon_core.package_identification:_identify(src/waypoint_navigation) by extensions ['ignore', 'ignore_ament_install']
[0.305s] Level 1:colcon.colcon_core.package_identification:_identify(src/waypoint_navigation) by extension 'ignore'
[0.305s] Level 1:colcon.colcon_core.package_identification:_identify(src/waypoint_navigation) by extension 'ignore_ament_install'
[0.305s] Level 1:colcon.colcon_core.package_identification:_identify(src/waypoint_navigation) by extensions ['colcon_pkg']
[0.305s] Level 1:colcon.colcon_core.package_identification:_identify(src/waypoint_navigation) by extension 'colcon_pkg'
[0.305s] Level 1:colcon.colcon_core.package_identification:_identify(src/waypoint_navigation) by extensions ['colcon_meta']
[0.305s] Level 1:colcon.colcon_core.package_identification:_identify(src/waypoint_navigation) by extension 'colcon_meta'
[0.305s] Level 1:colcon.colcon_core.package_identification:_identify(src/waypoint_navigation) by extensions ['ros']
[0.305s] Level 1:colcon.colcon_core.package_identification:_identify(src/waypoint_navigation) by extension 'ros'
[0.305s] Level 1:colcon.colcon_core.package_identification:_identify(src/waypoint_navigation) by extensions ['cmake', 'python']
[0.305s] Level 1:colcon.colcon_core.package_identification:_identify(src/waypoint_navigation) by extension 'cmake'
[0.305s] Level 1:colcon.colcon_core.package_identification:_identify(src/waypoint_navigation) by extension 'python'
[0.305s] Level 1:colcon.colcon_core.package_identification:_identify(src/waypoint_navigation) by extensions ['python_setup_py']
[0.305s] Level 1:colcon.colcon_core.package_identification:_identify(src/waypoint_navigation) by extension 'python_setup_py'
[0.305s] Level 1:colcon.colcon_core.package_identification:_identify(src/waypoint_navigation/waypoint_navigation) by extensions ['ignore', 'ignore_ament_install']
[0.305s] Level 1:colcon.colcon_core.package_identification:_identify(src/waypoint_navigation/waypoint_navigation) by extension 'ignore'
[0.305s] Level 1:colcon.colcon_core.package_identification:_identify(src/waypoint_navigation/waypoint_navigation) by extension 'ignore_ament_install'
[0.305s] Level 1:colcon.colcon_core.package_identification:_identify(src/waypoint_navigation/waypoint_navigation) by extensions ['colcon_pkg']
[0.305s] Level 1:colcon.colcon_core.package_identification:_identify(src/waypoint_navigation/waypoint_navigation) by extension 'colcon_pkg'
[0.305s] Level 1:colcon.colcon_core.package_identification:_identify(src/waypoint_navigation/waypoint_navigation) by extensions ['colcon_meta']
[0.305s] Level 1:colcon.colcon_core.package_identification:_identify(src/waypoint_navigation/waypoint_navigation) by extension 'colcon_meta'
[0.306s] Level 1:colcon.colcon_core.package_identification:_identify(src/waypoint_navigation/waypoint_navigation) by extensions ['ros']
[0.306s] Level 1:colcon.colcon_core.package_identification:_identify(src/waypoint_navigation/waypoint_navigation) by extension 'ros'
[0.306s] DEBUG:colcon.colcon_core.package_identification:Package 'src/waypoint_navigation/waypoint_navigation' with type 'ros.ament_python' and name 'waypoint_navigation'
[0.306s] Level 1:colcon.colcon_core.package_identification:_identify(src/waypoint_navigation/waypoint_navigation_interfaces) by extensions ['ignore', 'ignore_ament_install']
[0.306s] Level 1:colcon.colcon_core.package_identification:_identify(src/waypoint_navigation/waypoint_navigation_interfaces) by extension 'ignore'
[0.306s] Level 1:colcon.colcon_core.package_identification:_identify(src/waypoint_navigation/waypoint_navigation_interfaces) by extension 'ignore_ament_install'
[0.306s] Level 1:colcon.colcon_core.package_identification:_identify(src/waypoint_navigation/waypoint_navigation_interfaces) by extensions ['colcon_pkg']
[0.306s] Level 1:colcon.colcon_core.package_identification:_identify(src/waypoint_navigation/waypoint_navigation_interfaces) by extension 'colcon_pkg'
[0.306s] Level 1:colcon.colcon_core.package_identification:_identify(src/waypoint_navigation/waypoint_navigation_interfaces) by extensions ['colcon_meta']
[0.306s] Level 1:colcon.colcon_core.package_identification:_identify(src/waypoint_navigation/waypoint_navigation_interfaces) by extension 'colcon_meta'
[0.306s] Level 1:colcon.colcon_core.package_identification:_identify(src/waypoint_navigation/waypoint_navigation_interfaces) by extensions ['ros']
[0.306s] Level 1:colcon.colcon_core.package_identification:_identify(src/waypoint_navigation/waypoint_navigation_interfaces) by extension 'ros'
[0.307s] DEBUG:colcon.colcon_core.package_identification:Package 'src/waypoint_navigation/waypoint_navigation_interfaces' with type 'ros.ament_cmake' and name 'waypoint_navigation_interfaces'
[0.307s] Level 1:colcon.colcon_core.package_discovery:discover_packages(recursive) using defaults
[0.307s] Level 1:colcon.colcon_core.package_discovery:discover_packages(ignore) discover
[0.307s] Level 1:colcon.colcon_core.package_discovery:discover_packages(ignore) using defaults
[0.307s] Level 1:colcon.colcon_core.package_discovery:discover_packages(path) discover
[0.307s] Level 1:colcon.colcon_core.package_discovery:discover_packages(path) using defaults
[0.327s] Level 1:colcon.colcon_core.package_discovery:discover_packages(prefix_path) check parameters
[0.327s] Level 1:colcon.colcon_core.package_discovery:discover_packages(prefix_path) discover
[0.330s] DEBUG:colcon.colcon_installed_package_information.package_discovery:Found 5 installed packages in /home/turtlebot/robot_ws/install
[0.331s] DEBUG:colcon.colcon_installed_package_information.package_discovery:Found 0 installed packages in /home/turtlebot/colcon_ws/install
[0.332s] DEBUG:colcon.colcon_installed_package_information.package_discovery:Found 334 installed packages in /opt/ros/foxy
[0.334s] Level 1:colcon.colcon_core.package_discovery:discover_packages(prefix_path) using defaults
[0.400s] Level 5:colcon.colcon_core.verb:set package 'forward1' build argument 'cmake_args' from command line to 'None'
[0.401s] Level 5:colcon.colcon_core.verb:set package 'forward1' build argument 'cmake_target' from command line to 'None'
[0.401s] Level 5:colcon.colcon_core.verb:set package 'forward1' build argument 'cmake_target_skip_unavailable' from command line to 'False'
[0.401s] Level 5:colcon.colcon_core.verb:set package 'forward1' build argument 'cmake_clean_cache' from command line to 'False'
[0.401s] Level 5:colcon.colcon_core.verb:set package 'forward1' build argument 'cmake_clean_first' from command line to 'False'
[0.401s] Level 5:colcon.colcon_core.verb:set package 'forward1' build argument 'cmake_force_configure' from command line to 'False'
[0.401s] Level 5:colcon.colcon_core.verb:set package 'forward1' build argument 'ament_cmake_args' from command line to 'None'
[0.401s] Level 5:colcon.colcon_core.verb:set package 'forward1' build argument 'catkin_cmake_args' from command line to 'None'
[0.401s] Level 5:colcon.colcon_core.verb:set package 'forward1' build argument 'catkin_skip_building_tests' from command line to 'False'
[0.401s] DEBUG:colcon.colcon_core.verb:Building package 'forward1' with the following arguments: {'ament_cmake_args': None, 'build_base': '/home/turtlebot/robot_ws/build/forward1', 'catkin_cmake_args': None, 'catkin_skip_building_tests': False, 'cmake_args': None, 'cmake_clean_cache': False, 'cmake_clean_first': False, 'cmake_force_configure': False, 'cmake_target': None, 'cmake_target_skip_unavailable': False, 'install_base': '/home/turtlebot/robot_ws/install/forward1', 'merge_install': False, 'path': '/home/turtlebot/robot_ws/src/forward1', 'symlink_install': True, 'test_result_base': None}
[0.402s] Level 5:colcon.colcon_core.verb:set package 'my_navigation_pkg' build argument 'cmake_args' from command line to 'None'
[0.402s] Level 5:colcon.colcon_core.verb:set package 'my_navigation_pkg' build argument 'cmake_target' from command line to 'None'
[0.402s] Level 5:colcon.colcon_core.verb:set package 'my_navigation_pkg' build argument 'cmake_target_skip_unavailable' from command line to 'False'
[0.402s] Level 5:colcon.colcon_core.verb:set package 'my_navigation_pkg' build argument 'cmake_clean_cache' from command line to 'False'
[0.402s] Level 5:colcon.colcon_core.verb:set package 'my_navigation_pkg' build argument 'cmake_clean_first' from command line to 'False'
[0.402s] Level 5:colcon.colcon_core.verb:set package 'my_navigation_pkg' build argument 'cmake_force_configure' from command line to 'False'
[0.402s] Level 5:colcon.colcon_core.verb:set package 'my_navigation_pkg' build argument 'ament_cmake_args' from command line to 'None'
[0.402s] Level 5:colcon.colcon_core.verb:set package 'my_navigation_pkg' build argument 'catkin_cmake_args' from command line to 'None'
[0.402s] Level 5:colcon.colcon_core.verb:set package 'my_navigation_pkg' build argument 'catkin_skip_building_tests' from command line to 'False'
[0.402s] DEBUG:colcon.colcon_core.verb:Building package 'my_navigation_pkg' with the following arguments: {'ament_cmake_args': None, 'build_base': '/home/turtlebot/robot_ws/build/my_navigation_pkg', 'catkin_cmake_args': None, 'catkin_skip_building_tests': False, 'cmake_args': None, 'cmake_clean_cache': False, 'cmake_clean_first': False, 'cmake_force_configure': False, 'cmake_target': None, 'cmake_target_skip_unavailable': False, 'install_base': '/home/turtlebot/robot_ws/install/my_navigation_pkg', 'merge_install': False, 'path': '/home/turtlebot/robot_ws/src/my_navigation_pkg', 'symlink_install': True, 'test_result_base': None}
[0.403s] Level 5:colcon.colcon_core.verb:set package 'waypoint_navigation' build argument 'cmake_args' from command line to 'None'
[0.403s] Level 5:colcon.colcon_core.verb:set package 'waypoint_navigation' build argument 'cmake_target' from command line to 'None'
[0.403s] Level 5:colcon.colcon_core.verb:set package 'waypoint_navigation' build argument 'cmake_target_skip_unavailable' from command line to 'False'
[0.403s] Level 5:colcon.colcon_core.verb:set package 'waypoint_navigation' build argument 'cmake_clean_cache' from command line to 'False'
[0.403s] Level 5:colcon.colcon_core.verb:set package 'waypoint_navigation' build argument 'cmake_clean_first' from command line to 'False'
[0.403s] Level 5:colcon.colcon_core.verb:set package 'waypoint_navigation' build argument 'cmake_force_configure' from command line to 'False'
[0.403s] Level 5:colcon.colcon_core.verb:set package 'waypoint_navigation' build argument 'ament_cmake_args' from command line to 'None'
[0.403s] Level 5:colcon.colcon_core.verb:set package 'waypoint_navigation' build argument 'catkin_cmake_args' from command line to 'None'
[0.403s] Level 5:colcon.colcon_core.verb:set package 'waypoint_navigation' build argument 'catkin_skip_building_tests' from command line to 'False'
[0.403s] DEBUG:colcon.colcon_core.verb:Building package 'waypoint_navigation' with the following arguments: {'ament_cmake_args': None, 'build_base': '/home/turtlebot/robot_ws/build/waypoint_navigation', 'catkin_cmake_args': None, 'catkin_skip_building_tests': False, 'cmake_args': None, 'cmake_clean_cache': False, 'cmake_clean_first': False, 'cmake_force_configure': False, 'cmake_target': None, 'cmake_target_skip_unavailable': False, 'install_base': '/home/turtlebot/robot_ws/install/waypoint_navigation', 'merge_install': False, 'path': '/home/turtlebot/robot_ws/src/waypoint_navigation/waypoint_navigation', 'symlink_install': True, 'test_result_base': None}
[0.405s] Level 5:colcon.colcon_core.verb:set package 'waypoint_navigation_interfaces' build argument 'cmake_args' from command line to 'None'
[0.405s] Level 5:colcon.colcon_core.verb:set package 'waypoint_navigation_interfaces' build argument 'cmake_target' from command line to 'None'
[0.405s] Level 5:colcon.colcon_core.verb:set package 'waypoint_navigation_interfaces' build argument 'cmake_target_skip_unavailable' from command line to 'False'
[0.405s] Level 5:colcon.colcon_core.verb:set package 'waypoint_navigation_interfaces' build argument 'cmake_clean_cache' from command line to 'False'
[0.405s] Level 5:colcon.colcon_core.verb:set package 'waypoint_navigation_interfaces' build argument 'cmake_clean_first' from command line to 'False'
[0.405s] Level 5:colcon.colcon_core.verb:set package 'waypoint_navigation_interfaces' build argument 'cmake_force_configure' from command line to 'False'
[0.405s] Level 5:colcon.colcon_core.verb:set package 'waypoint_navigation_interfaces' build argument 'ament_cmake_args' from command line to 'None'
[0.405s] Level 5:colcon.colcon_core.verb:set package 'waypoint_navigation_interfaces' build argument 'catkin_cmake_args' from command line to 'None'
[0.405s] Level 5:colcon.colcon_core.verb:set package 'waypoint_navigation_interfaces' build argument 'catkin_skip_building_tests' from command line to 'False'
[0.405s] DEBUG:colcon.colcon_core.verb:Building package 'waypoint_navigation_interfaces' with the following arguments: {'ament_cmake_args': None, 'build_base': '/home/turtlebot/robot_ws/build/waypoint_navigation_interfaces', 'catkin_cmake_args': None, 'catkin_skip_building_tests': False, 'cmake_args': None, 'cmake_clean_cache': False, 'cmake_clean_first': False, 'cmake_force_configure': False, 'cmake_target': None, 'cmake_target_skip_unavailable': False, 'install_base': '/home/turtlebot/robot_ws/install/waypoint_navigation_interfaces', 'merge_install': False, 'path': '/home/turtlebot/robot_ws/src/waypoint_navigation/waypoint_navigation_interfaces', 'symlink_install': True, 'test_result_base': None}
[0.406s] INFO:colcon.colcon_core.executor:Executing jobs using 'parallel' executor
[0.411s] DEBUG:colcon.colcon_parallel_executor.executor.parallel:run_until_complete
[0.411s] INFO:colcon.colcon_ros.task.ament_python.build:Building ROS package in '/home/turtlebot/robot_ws/src/forward1' with build type 'ament_python'
[0.411s] Level 1:colcon.colcon_core.shell:create_environment_hook('forward1', 'ament_prefix_path')
[0.417s] INFO:colcon.colcon_core.plugin_system:Skipping extension 'colcon_core.shell.bat': Not used on non-Windows systems
[0.417s] INFO:colcon.colcon_core.shell:Creating environment hook '/home/turtlebot/robot_ws/install/forward1/share/forward1/hook/ament_prefix_path.ps1'
[0.417s] INFO:colcon.colcon_core.shell:Creating environment descriptor '/home/turtlebot/robot_ws/install/forward1/share/forward1/hook/ament_prefix_path.dsv'
[0.418s] INFO:colcon.colcon_core.shell:Creating environment hook '/home/turtlebot/robot_ws/install/forward1/share/forward1/hook/ament_prefix_path.sh'
[0.421s] INFO:colcon.colcon_core.shell:Skip shell extension 'powershell' for command environment: Not usable outside of PowerShell
[0.421s] DEBUG:colcon.colcon_core.shell:Skip shell extension 'dsv' for command environment
[0.429s] INFO:colcon.colcon_ros.task.ament_python.build:Building ROS package in '/home/turtlebot/robot_ws/src/my_navigation_pkg' with build type 'ament_python'
[0.429s] Level 1:colcon.colcon_core.shell:create_environment_hook('my_navigation_pkg', 'ament_prefix_path')
[0.432s] INFO:colcon.colcon_core.shell:Creating environment hook '/home/turtlebot/robot_ws/install/my_navigation_pkg/share/my_navigation_pkg/hook/ament_prefix_path.ps1'
[0.433s] INFO:colcon.colcon_core.shell:Creating environment descriptor '/home/turtlebot/robot_ws/install/my_navigation_pkg/share/my_navigation_pkg/hook/ament_prefix_path.dsv'
[0.433s] INFO:colcon.colcon_core.shell:Creating environment hook '/home/turtlebot/robot_ws/install/my_navigation_pkg/share/my_navigation_pkg/hook/ament_prefix_path.sh'
[0.435s] INFO:colcon.colcon_core.shell:Skip shell extension 'powershell' for command environment: Not usable outside of PowerShell
[0.436s] DEBUG:colcon.colcon_core.shell:Skip shell extension 'dsv' for command environment
[0.630s] INFO:colcon.colcon_core.task.python.build:Building Python package in '/home/turtlebot/robot_ws/src/forward1'
[0.633s] INFO:colcon.colcon_core.shell:Skip shell extension 'powershell' for command environment: Not usable outside of PowerShell
[0.633s] DEBUG:colcon.colcon_core.shell:Skip shell extension 'dsv' for command environment
[0.814s] INFO:colcon.colcon_core.task.python.build:Building Python package in '/home/turtlebot/robot_ws/src/my_navigation_pkg'
[0.816s] INFO:colcon.colcon_core.shell:Skip shell extension 'powershell' for command environment: Not usable outside of PowerShell
[0.817s] DEBUG:colcon.colcon_core.shell:Skip shell extension 'dsv' for command environment
[1.142s] DEBUG:colcon.colcon_core.event_handler.log_command:Invoking command in '/home/turtlebot/robot_ws/build/forward1': PYTHONPATH=/home/turtlebot/robot_ws/build/forward1/prefix_override:/home/turtlebot/robot_ws/install/forward1/lib/python3.8/site-packages:${PYTHONPATH} /usr/bin/python3 setup.py develop --editable --build-directory /home/turtlebot/robot_ws/build/forward1/build --no-deps install_data
[1.155s] DEBUG:colcon.colcon_core.event_handler.log_command:Invoking command in '/home/turtlebot/robot_ws/build/my_navigation_pkg': PYTHONPATH=/home/turtlebot/robot_ws/build/my_navigation_pkg/prefix_override:/home/turtlebot/robot_ws/install/my_navigation_pkg/lib/python3.8/site-packages:${PYTHONPATH} /usr/bin/python3 setup.py develop --editable --build-directory /home/turtlebot/robot_ws/build/my_navigation_pkg/build --no-deps install_data
[1.540s] Level 1:colcon.colcon_core.shell:create_environment_hook('forward1', 'pythonpath_develop')
[1.540s] DEBUG:colcon.colcon_core.event_handler.log_command:Invoked command in '/home/turtlebot/robot_ws/build/forward1' returned '0': PYTHONPATH=/home/turtlebot/robot_ws/build/forward1/prefix_override:/home/turtlebot/robot_ws/install/forward1/lib/python3.8/site-packages:${PYTHONPATH} /usr/bin/python3 setup.py develop --editable --build-directory /home/turtlebot/robot_ws/build/forward1/build --no-deps install_data
[1.543s] INFO:colcon.colcon_core.shell:Creating environment hook '/home/turtlebot/robot_ws/build/forward1/share/forward1/hook/pythonpath_develop.ps1'
[1.543s] INFO:colcon.colcon_core.shell:Creating environment descriptor '/home/turtlebot/robot_ws/build/forward1/share/forward1/hook/pythonpath_develop.dsv'
[1.544s] INFO:colcon.colcon_core.shell:Creating environment hook '/home/turtlebot/robot_ws/build/forward1/share/forward1/hook/pythonpath_develop.sh'
[1.551s] Level 1:colcon.colcon_core.environment:checking '/home/turtlebot/robot_ws/install/forward1' for CMake module files
[1.551s] Level 1:colcon.colcon_core.environment:checking '/home/turtlebot/robot_ws/install/forward1' for CMake config files
[1.552s] Level 1:colcon.colcon_core.environment:checking '/home/turtlebot/robot_ws/install/forward1/lib'
[1.552s] Level 1:colcon.colcon_core.environment:checking '/home/turtlebot/robot_ws/install/forward1/bin'
[1.552s] Level 1:colcon.colcon_core.environment:checking '/home/turtlebot/robot_ws/install/forward1/lib/pkgconfig/forward1.pc'
[1.552s] Level 1:colcon.colcon_core.environment:checking '/home/turtlebot/robot_ws/install/forward1/lib/python3.8/site-packages'
[1.552s] Level 1:colcon.colcon_core.shell:create_environment_hook('forward1', 'pythonpath')
[1.555s] INFO:colcon.colcon_core.shell:Creating environment hook '/home/turtlebot/robot_ws/install/forward1/share/forward1/hook/pythonpath.ps1'
[1.555s] INFO:colcon.colcon_core.shell:Creating environment descriptor '/home/turtlebot/robot_ws/install/forward1/share/forward1/hook/pythonpath.dsv'
[1.556s] INFO:colcon.colcon_core.shell:Creating environment hook '/home/turtlebot/robot_ws/install/forward1/share/forward1/hook/pythonpath.sh'
[1.556s] Level 1:colcon.colcon_core.environment:checking '/home/turtlebot/robot_ws/install/forward1/bin'
[1.556s] Level 1:colcon.colcon_core.environment:create_environment_scripts_only(forward1)
[1.558s] INFO:colcon.colcon_core.shell:Creating package script '/home/turtlebot/robot_ws/install/forward1/share/forward1/package.ps1'
[1.560s] INFO:colcon.colcon_core.shell:Creating package descriptor '/home/turtlebot/robot_ws/install/forward1/share/forward1/package.dsv'
[1.560s] INFO:colcon.colcon_core.shell:Creating package script '/home/turtlebot/robot_ws/install/forward1/share/forward1/package.sh'
[1.561s] INFO:colcon.colcon_core.shell:Creating package script '/home/turtlebot/robot_ws/install/forward1/share/forward1/package.bash'
[1.561s] INFO:colcon.colcon_core.shell:Creating package script '/home/turtlebot/robot_ws/install/forward1/share/forward1/package.zsh'
[1.562s] Level 1:colcon.colcon_core.environment:create_file_with_runtime_dependencies(/home/turtlebot/robot_ws/install/forward1/share/colcon-core/packages/forward1)
[1.563s] INFO:colcon.colcon_ros.task.ament_python.build:Building ROS package in '/home/turtlebot/robot_ws/src/waypoint_navigation/waypoint_navigation' with build type 'ament_python'
[1.563s] Level 1:colcon.colcon_core.shell:create_environment_hook('waypoint_navigation', 'ament_prefix_path')
[1.565s] INFO:colcon.colcon_core.shell:Creating environment hook '/home/turtlebot/robot_ws/install/waypoint_navigation/share/waypoint_navigation/hook/ament_prefix_path.ps1'
[1.566s] INFO:colcon.colcon_core.shell:Creating environment descriptor '/home/turtlebot/robot_ws/install/waypoint_navigation/share/waypoint_navigation/hook/ament_prefix_path.dsv'
[1.567s] INFO:colcon.colcon_core.shell:Creating environment hook '/home/turtlebot/robot_ws/install/waypoint_navigation/share/waypoint_navigation/hook/ament_prefix_path.sh'
[1.569s] INFO:colcon.colcon_core.shell:Skip shell extension 'powershell' for command environment: Not usable outside of PowerShell
[1.569s] DEBUG:colcon.colcon_core.shell:Skip shell extension 'dsv' for command environment
[1.577s] Level 1:colcon.colcon_core.shell:create_environment_hook('my_navigation_pkg', 'pythonpath_develop')
[1.579s] INFO:colcon.colcon_core.shell:Creating environment hook '/home/turtlebot/robot_ws/build/my_navigation_pkg/share/my_navigation_pkg/hook/pythonpath_develop.ps1'
[1.582s] DEBUG:colcon.colcon_core.event_handler.log_command:Invoked command in '/home/turtlebot/robot_ws/build/my_navigation_pkg' returned '0': PYTHONPATH=/home/turtlebot/robot_ws/build/my_navigation_pkg/prefix_override:/home/turtlebot/robot_ws/install/my_navigation_pkg/lib/python3.8/site-packages:${PYTHONPATH} /usr/bin/python3 setup.py develop --editable --build-directory /home/turtlebot/robot_ws/build/my_navigation_pkg/build --no-deps install_data
[1.583s] INFO:colcon.colcon_core.shell:Creating environment descriptor '/home/turtlebot/robot_ws/build/my_navigation_pkg/share/my_navigation_pkg/hook/pythonpath_develop.dsv'
[1.583s] INFO:colcon.colcon_core.shell:Creating environment hook '/home/turtlebot/robot_ws/build/my_navigation_pkg/share/my_navigation_pkg/hook/pythonpath_develop.sh'
[1.588s] Level 1:colcon.colcon_core.environment:checking '/home/turtlebot/robot_ws/install/my_navigation_pkg' for CMake module files
[1.589s] Level 1:colcon.colcon_core.environment:checking '/home/turtlebot/robot_ws/install/my_navigation_pkg' for CMake config files
[1.589s] Level 1:colcon.colcon_core.environment:checking '/home/turtlebot/robot_ws/install/my_navigation_pkg/lib'
[1.589s] Level 1:colcon.colcon_core.environment:checking '/home/turtlebot/robot_ws/install/my_navigation_pkg/bin'
[1.589s] Level 1:colcon.colcon_core.environment:checking '/home/turtlebot/robot_ws/install/my_navigation_pkg/lib/pkgconfig/my_navigation_pkg.pc'
[1.590s] Level 1:colcon.colcon_core.environment:checking '/home/turtlebot/robot_ws/install/my_navigation_pkg/lib/python3.8/site-packages'
[1.590s] Level 1:colcon.colcon_core.shell:create_environment_hook('my_navigation_pkg', 'pythonpath')
[1.592s] INFO:colcon.colcon_core.shell:Creating environment hook '/home/turtlebot/robot_ws/install/my_navigation_pkg/share/my_navigation_pkg/hook/pythonpath.ps1'
[1.592s] INFO:colcon.colcon_core.shell:Creating environment descriptor '/home/turtlebot/robot_ws/install/my_navigation_pkg/share/my_navigation_pkg/hook/pythonpath.dsv'
[1.592s] INFO:colcon.colcon_core.shell:Creating environment hook '/home/turtlebot/robot_ws/install/my_navigation_pkg/share/my_navigation_pkg/hook/pythonpath.sh'
[1.593s] Level 1:colcon.colcon_core.environment:checking '/home/turtlebot/robot_ws/install/my_navigation_pkg/bin'
[1.593s] Level 1:colcon.colcon_core.environment:create_environment_scripts_only(my_navigation_pkg)
[1.595s] INFO:colcon.colcon_core.shell:Creating package script '/home/turtlebot/robot_ws/install/my_navigation_pkg/share/my_navigation_pkg/package.ps1'
[1.596s] INFO:colcon.colcon_core.shell:Creating package descriptor '/home/turtlebot/robot_ws/install/my_navigation_pkg/share/my_navigation_pkg/package.dsv'
[1.596s] INFO:colcon.colcon_core.shell:Creating package script '/home/turtlebot/robot_ws/install/my_navigation_pkg/share/my_navigation_pkg/package.sh'
[1.597s] INFO:colcon.colcon_core.shell:Creating package script '/home/turtlebot/robot_ws/install/my_navigation_pkg/share/my_navigation_pkg/package.bash'
[1.597s] INFO:colcon.colcon_core.shell:Creating package script '/home/turtlebot/robot_ws/install/my_navigation_pkg/share/my_navigation_pkg/package.zsh'
[1.597s] Level 1:colcon.colcon_core.environment:create_file_with_runtime_dependencies(/home/turtlebot/robot_ws/install/my_navigation_pkg/share/colcon-core/packages/my_navigation_pkg)
[1.598s] INFO:colcon.colcon_ros.task.ament_cmake.build:Building ROS package in '/home/turtlebot/robot_ws/src/waypoint_navigation/waypoint_navigation_interfaces' with build type 'ament_cmake'
[1.598s] INFO:colcon.colcon_cmake.task.cmake.build:Building CMake package in '/home/turtlebot/robot_ws/src/waypoint_navigation/waypoint_navigation_interfaces'
[1.600s] INFO:colcon.colcon_core.shell:Skip shell extension 'powershell' for command environment: Not usable outside of PowerShell
[1.601s] DEBUG:colcon.colcon_core.shell:Skip shell extension 'dsv' for command environment
[1.790s] INFO:colcon.colcon_core.task.python.build:Building Python package in '/home/turtlebot/robot_ws/src/waypoint_navigation/waypoint_navigation'
[1.793s] INFO:colcon.colcon_core.shell:Skip shell extension 'powershell' for command environment: Not usable outside of PowerShell
[1.793s] DEBUG:colcon.colcon_core.shell:Skip shell extension 'dsv' for command environment
[1.803s] DEBUG:colcon.colcon_core.event_handler.log_command:Invoking command in '/home/turtlebot/robot_ws/build/waypoint_navigation_interfaces': CMAKE_PREFIX_PATH=${CMAKE_PREFIX_PATH}:/home/turtlebot/robot_ws/install/waypoint_navigation:/home/turtlebot/robot_ws/install/my_package:/home/turtlebot/robot_ws/install/my_navigation_pkg:/home/turtlebot/robot_ws/install/forward1:/opt/ros/foxy /usr/bin/cmake --build /home/turtlebot/robot_ws/build/waypoint_navigation_interfaces -- -j2 -l2
[2.133s] DEBUG:colcon.colcon_core.event_handler.log_command:Invoked command in '/home/turtlebot/robot_ws/build/waypoint_navigation_interfaces' returned '0': CMAKE_PREFIX_PATH=${CMAKE_PREFIX_PATH}:/home/turtlebot/robot_ws/install/waypoint_navigation:/home/turtlebot/robot_ws/install/my_package:/home/turtlebot/robot_ws/install/my_navigation_pkg:/home/turtlebot/robot_ws/install/forward1:/opt/ros/foxy /usr/bin/cmake --build /home/turtlebot/robot_ws/build/waypoint_navigation_interfaces -- -j2 -l2
[2.154s] DEBUG:colcon.colcon_core.event_handler.log_command:Invoking command in '/home/turtlebot/robot_ws/build/waypoint_navigation': PYTHONPATH=/home/turtlebot/robot_ws/build/waypoint_navigation/prefix_override:/home/turtlebot/robot_ws/install/waypoint_navigation/lib/python3.8/site-packages:${PYTHONPATH} /usr/bin/python3 setup.py develop --editable --build-directory /home/turtlebot/robot_ws/build/waypoint_navigation/build --no-deps install_data
[2.231s] DEBUG:colcon.colcon_core.event_handler.log_command:Invoking command in '/home/turtlebot/robot_ws/build/waypoint_navigation_interfaces': CMAKE_PREFIX_PATH=${CMAKE_PREFIX_PATH}:/home/turtlebot/robot_ws/install/waypoint_navigation:/home/turtlebot/robot_ws/install/my_package:/home/turtlebot/robot_ws/install/my_navigation_pkg:/home/turtlebot/robot_ws/install/forward1:/opt/ros/foxy /usr/bin/cmake --install /home/turtlebot/robot_ws/build/waypoint_navigation_interfaces
[2.311s] Level 1:colcon.colcon_core.environment:create_environment_scripts_only(waypoint_navigation_interfaces)
[2.315s] Level 1:colcon.colcon_core.environment:checking '/home/turtlebot/robot_ws/install/waypoint_navigation_interfaces' for CMake module files
[2.316s] DEBUG:colcon.colcon_core.event_handler.log_command:Invoked command in '/home/turtlebot/robot_ws/build/waypoint_navigation_interfaces' returned '0': CMAKE_PREFIX_PATH=${CMAKE_PREFIX_PATH}:/home/turtlebot/robot_ws/install/waypoint_navigation:/home/turtlebot/robot_ws/install/my_package:/home/turtlebot/robot_ws/install/my_navigation_pkg:/home/turtlebot/robot_ws/install/forward1:/opt/ros/foxy /usr/bin/cmake --install /home/turtlebot/robot_ws/build/waypoint_navigation_interfaces
[2.316s] Level 1:colcon.colcon_core.environment:checking '/home/turtlebot/robot_ws/install/waypoint_navigation_interfaces' for CMake config files
[2.316s] Level 1:colcon.colcon_core.shell:create_environment_hook('waypoint_navigation_interfaces', 'cmake_prefix_path')
[2.319s] INFO:colcon.colcon_core.shell:Creating environment hook '/home/turtlebot/robot_ws/install/waypoint_navigation_interfaces/share/waypoint_navigation_interfaces/hook/cmake_prefix_path.ps1'
[2.320s] INFO:colcon.colcon_core.shell:Creating environment descriptor '/home/turtlebot/robot_ws/install/waypoint_navigation_interfaces/share/waypoint_navigation_interfaces/hook/cmake_prefix_path.dsv'
[2.320s] INFO:colcon.colcon_core.shell:Creating environment hook '/home/turtlebot/robot_ws/install/waypoint_navigation_interfaces/share/waypoint_navigation_interfaces/hook/cmake_prefix_path.sh'
[2.321s] Level 1:colcon.colcon_core.environment:checking '/home/turtlebot/robot_ws/install/waypoint_navigation_interfaces/lib'
[2.321s] Level 1:colcon.colcon_core.shell:create_environment_hook('waypoint_navigation_interfaces', 'ld_library_path_lib')
[2.323s] INFO:colcon.colcon_core.shell:Creating environment hook '/home/turtlebot/robot_ws/install/waypoint_navigation_interfaces/share/waypoint_navigation_interfaces/hook/ld_library_path_lib.ps1'
[2.324s] INFO:colcon.colcon_core.shell:Creating environment descriptor '/home/turtlebot/robot_ws/install/waypoint_navigation_interfaces/share/waypoint_navigation_interfaces/hook/ld_library_path_lib.dsv'
[2.324s] INFO:colcon.colcon_core.shell:Creating environment hook '/home/turtlebot/robot_ws/install/waypoint_navigation_interfaces/share/waypoint_navigation_interfaces/hook/ld_library_path_lib.sh'
[2.324s] Level 1:colcon.colcon_core.environment:checking '/home/turtlebot/robot_ws/install/waypoint_navigation_interfaces/bin'
[2.324s] Level 1:colcon.colcon_core.environment:checking '/home/turtlebot/robot_ws/install/waypoint_navigation_interfaces/lib/pkgconfig/waypoint_navigation_interfaces.pc'
[2.325s] Level 1:colcon.colcon_core.environment:checking '/home/turtlebot/robot_ws/install/waypoint_navigation_interfaces/lib/python3.8/site-packages'
[2.325s] Level 1:colcon.colcon_core.shell:create_environment_hook('waypoint_navigation_interfaces', 'pythonpath')
[2.327s] INFO:colcon.colcon_core.shell:Creating environment hook '/home/turtlebot/robot_ws/install/waypoint_navigation_interfaces/share/waypoint_navigation_interfaces/hook/pythonpath.ps1'
[2.327s] INFO:colcon.colcon_core.shell:Creating environment descriptor '/home/turtlebot/robot_ws/install/waypoint_navigation_interfaces/share/waypoint_navigation_interfaces/hook/pythonpath.dsv'
[2.327s] INFO:colcon.colcon_core.shell:Creating environment hook '/home/turtlebot/robot_ws/install/waypoint_navigation_interfaces/share/waypoint_navigation_interfaces/hook/pythonpath.sh'
[2.328s] Level 1:colcon.colcon_core.environment:checking '/home/turtlebot/robot_ws/install/waypoint_navigation_interfaces/bin'
[2.330s] INFO:colcon.colcon_core.shell:Creating package script '/home/turtlebot/robot_ws/install/waypoint_navigation_interfaces/share/waypoint_navigation_interfaces/package.ps1'
[2.331s] INFO:colcon.colcon_core.shell:Creating package descriptor '/home/turtlebot/robot_ws/install/waypoint_navigation_interfaces/share/waypoint_navigation_interfaces/package.dsv'
[2.331s] INFO:colcon.colcon_core.shell:Creating package script '/home/turtlebot/robot_ws/install/waypoint_navigation_interfaces/share/waypoint_navigation_interfaces/package.sh'
[2.332s] INFO:colcon.colcon_core.shell:Creating package script '/home/turtlebot/robot_ws/install/waypoint_navigation_interfaces/share/waypoint_navigation_interfaces/package.bash'
[2.332s] INFO:colcon.colcon_core.shell:Creating package script '/home/turtlebot/robot_ws/install/waypoint_navigation_interfaces/share/waypoint_navigation_interfaces/package.zsh'
[2.332s] Level 1:colcon.colcon_core.environment:create_file_with_runtime_dependencies(/home/turtlebot/robot_ws/install/waypoint_navigation_interfaces/share/colcon-core/packages/waypoint_navigation_interfaces)
[2.427s] Level 1:colcon.colcon_core.environment:create_environment_scripts_only(waypoint_navigation_interfaces)
[2.430s] Level 1:colcon.colcon_core.environment:checking '/home/turtlebot/robot_ws/install/waypoint_navigation_interfaces' for CMake module files
[2.430s] Level 1:colcon.colcon_core.environment:checking '/home/turtlebot/robot_ws/install/waypoint_navigation_interfaces' for CMake config files
[2.431s] Level 1:colcon.colcon_core.shell:create_environment_hook('waypoint_navigation_interfaces', 'cmake_prefix_path')
[2.433s] INFO:colcon.colcon_core.shell:Creating environment hook '/home/turtlebot/robot_ws/install/waypoint_navigation_interfaces/share/waypoint_navigation_interfaces/hook/cmake_prefix_path.ps1'
[2.433s] INFO:colcon.colcon_core.shell:Creating environment descriptor '/home/turtlebot/robot_ws/install/waypoint_navigation_interfaces/share/waypoint_navigation_interfaces/hook/cmake_prefix_path.dsv'
[2.434s] INFO:colcon.colcon_core.shell:Creating environment hook '/home/turtlebot/robot_ws/install/waypoint_navigation_interfaces/share/waypoint_navigation_interfaces/hook/cmake_prefix_path.sh'
[2.434s] Level 1:colcon.colcon_core.environment:checking '/home/turtlebot/robot_ws/install/waypoint_navigation_interfaces/lib'
[2.434s] Level 1:colcon.colcon_core.shell:create_environment_hook('waypoint_navigation_interfaces', 'ld_library_path_lib')
[2.436s] INFO:colcon.colcon_core.shell:Creating environment hook '/home/turtlebot/robot_ws/install/waypoint_navigation_interfaces/share/waypoint_navigation_interfaces/hook/ld_library_path_lib.ps1'
[2.437s] INFO:colcon.colcon_core.shell:Creating environment descriptor '/home/turtlebot/robot_ws/install/waypoint_navigation_interfaces/share/waypoint_navigation_interfaces/hook/ld_library_path_lib.dsv'
[2.437s] INFO:colcon.colcon_core.shell:Creating environment hook '/home/turtlebot/robot_ws/install/waypoint_navigation_interfaces/share/waypoint_navigation_interfaces/hook/ld_library_path_lib.sh'
[2.437s] Level 1:colcon.colcon_core.environment:checking '/home/turtlebot/robot_ws/install/waypoint_navigation_interfaces/bin'
[2.438s] Level 1:colcon.colcon_core.environment:checking '/home/turtlebot/robot_ws/install/waypoint_navigation_interfaces/lib/pkgconfig/waypoint_navigation_interfaces.pc'
[2.438s] Level 1:colcon.colcon_core.environment:checking '/home/turtlebot/robot_ws/install/waypoint_navigation_interfaces/lib/python3.8/site-packages'
[2.438s] Level 1:colcon.colcon_core.shell:create_environment_hook('waypoint_navigation_interfaces', 'pythonpath')
[2.440s] INFO:colcon.colcon_core.shell:Creating environment hook '/home/turtlebot/robot_ws/install/waypoint_navigation_interfaces/share/waypoint_navigation_interfaces/hook/pythonpath.ps1'
[2.441s] INFO:colcon.colcon_core.shell:Creating environment descriptor '/home/turtlebot/robot_ws/install/waypoint_navigation_interfaces/share/waypoint_navigation_interfaces/hook/pythonpath.dsv'
[2.441s] INFO:colcon.colcon_core.shell:Creating environment hook '/home/turtlebot/robot_ws/install/waypoint_navigation_interfaces/share/waypoint_navigation_interfaces/hook/pythonpath.sh'
[2.441s] Level 1:colcon.colcon_core.environment:checking '/home/turtlebot/robot_ws/install/waypoint_navigation_interfaces/bin'
[2.443s] INFO:colcon.colcon_core.shell:Creating package script '/home/turtlebot/robot_ws/install/waypoint_navigation_interfaces/share/waypoint_navigation_interfaces/package.ps1'
[2.444s] INFO:colcon.colcon_core.shell:Creating package descriptor '/home/turtlebot/robot_ws/install/waypoint_navigation_interfaces/share/waypoint_navigation_interfaces/package.dsv'
[2.445s] INFO:colcon.colcon_core.shell:Creating package script '/home/turtlebot/robot_ws/install/waypoint_navigation_interfaces/share/waypoint_navigation_interfaces/package.sh'
[2.445s] INFO:colcon.colcon_core.shell:Creating package script '/home/turtlebot/robot_ws/install/waypoint_navigation_interfaces/share/waypoint_navigation_interfaces/package.bash'
[2.445s] INFO:colcon.colcon_core.shell:Creating package script '/home/turtlebot/robot_ws/install/waypoint_navigation_interfaces/share/waypoint_navigation_interfaces/package.zsh'
[2.446s] Level 1:colcon.colcon_core.environment:create_file_with_runtime_dependencies(/home/turtlebot/robot_ws/install/waypoint_navigation_interfaces/share/colcon-core/packages/waypoint_navigation_interfaces)
[2.562s] Level 1:colcon.colcon_core.shell:create_environment_hook('waypoint_navigation', 'pythonpath_develop')
[2.562s] DEBUG:colcon.colcon_core.event_handler.log_command:Invoked command in '/home/turtlebot/robot_ws/build/waypoint_navigation' returned '0': PYTHONPATH=/home/turtlebot/robot_ws/build/waypoint_navigation/prefix_override:/home/turtlebot/robot_ws/install/waypoint_navigation/lib/python3.8/site-packages:${PYTHONPATH} /usr/bin/python3 setup.py develop --editable --build-directory /home/turtlebot/robot_ws/build/waypoint_navigation/build --no-deps install_data
[2.564s] INFO:colcon.colcon_core.shell:Creating environment hook '/home/turtlebot/robot_ws/build/waypoint_navigation/share/waypoint_navigation/hook/pythonpath_develop.ps1'
[2.565s] INFO:colcon.colcon_core.shell:Creating environment descriptor '/home/turtlebot/robot_ws/build/waypoint_navigation/share/waypoint_navigation/hook/pythonpath_develop.dsv'
[2.565s] INFO:colcon.colcon_core.shell:Creating environment hook '/home/turtlebot/robot_ws/build/waypoint_navigation/share/waypoint_navigation/hook/pythonpath_develop.sh'
[2.569s] Level 1:colcon.colcon_core.environment:checking '/home/turtlebot/robot_ws/install/waypoint_navigation' for CMake module files
[2.570s] Level 1:colcon.colcon_core.environment:checking '/home/turtlebot/robot_ws/install/waypoint_navigation' for CMake config files
[2.570s] Level 1:colcon.colcon_core.environment:checking '/home/turtlebot/robot_ws/install/waypoint_navigation/lib'
[2.570s] Level 1:colcon.colcon_core.environment:checking '/home/turtlebot/robot_ws/install/waypoint_navigation/bin'
[2.570s] Level 1:colcon.colcon_core.environment:checking '/home/turtlebot/robot_ws/install/waypoint_navigation/lib/pkgconfig/waypoint_navigation.pc'
[2.570s] Level 1:colcon.colcon_core.environment:checking '/home/turtlebot/robot_ws/install/waypoint_navigation/lib/python3.8/site-packages'
[2.571s] Level 1:colcon.colcon_core.shell:create_environment_hook('waypoint_navigation', 'pythonpath')
[2.573s] INFO:colcon.colcon_core.shell:Creating environment hook '/home/turtlebot/robot_ws/install/waypoint_navigation/share/waypoint_navigation/hook/pythonpath.ps1'
[2.573s] INFO:colcon.colcon_core.shell:Creating environment descriptor '/home/turtlebot/robot_ws/install/waypoint_navigation/share/waypoint_navigation/hook/pythonpath.dsv'
[2.574s] INFO:colcon.colcon_core.shell:Creating environment hook '/home/turtlebot/robot_ws/install/waypoint_navigation/share/waypoint_navigation/hook/pythonpath.sh'
[2.574s] Level 1:colcon.colcon_core.environment:checking '/home/turtlebot/robot_ws/install/waypoint_navigation/bin'
[2.574s] Level 1:colcon.colcon_core.environment:create_environment_scripts_only(waypoint_navigation)
[2.576s] INFO:colcon.colcon_core.shell:Creating package script '/home/turtlebot/robot_ws/install/waypoint_navigation/share/waypoint_navigation/package.ps1'
[2.577s] INFO:colcon.colcon_core.shell:Creating package descriptor '/home/turtlebot/robot_ws/install/waypoint_navigation/share/waypoint_navigation/package.dsv'
[2.577s] INFO:colcon.colcon_core.shell:Creating package script '/home/turtlebot/robot_ws/install/waypoint_navigation/share/waypoint_navigation/package.sh'
[2.578s] INFO:colcon.colcon_core.shell:Creating package script '/home/turtlebot/robot_ws/install/waypoint_navigation/share/waypoint_navigation/package.bash'
[2.578s] INFO:colcon.colcon_core.shell:Creating package script '/home/turtlebot/robot_ws/install/waypoint_navigation/share/waypoint_navigation/package.zsh'
[2.579s] Level 1:colcon.colcon_core.environment:create_file_with_runtime_dependencies(/home/turtlebot/robot_ws/install/waypoint_navigation/share/colcon-core/packages/waypoint_navigation)
[2.580s] DEBUG:colcon.colcon_parallel_executor.executor.parallel:closing loop
[2.580s] DEBUG:colcon.colcon_parallel_executor.executor.parallel:loop closed
[2.580s] DEBUG:colcon.colcon_parallel_executor.executor.parallel:run_until_complete finished with '0'
[2.580s] DEBUG:colcon.colcon_core.event_reactor:joining thread
[2.585s] INFO:colcon.colcon_core.plugin_system:Skipping extension 'colcon_notification.desktop_notification.terminal_notifier': Not used on non-Darwin systems
[2.585s] INFO:colcon.colcon_core.plugin_system:Skipping extension 'colcon_notification.desktop_notification.win32': Not used on non-Windows systems
[2.585s] INFO:colcon.colcon_notification.desktop_notification:Sending desktop notification using 'notify2'
[2.600s] DEBUG:colcon.colcon_core.event_reactor:joined thread
[2.603s] INFO:colcon.colcon_core.shell:Creating prefix script '/home/turtlebot/robot_ws/install/local_setup.ps1'
[2.604s] INFO:colcon.colcon_core.shell:Creating prefix util module '/home/turtlebot/robot_ws/install/_local_setup_util_ps1.py'
[2.605s] INFO:colcon.colcon_core.shell:Creating prefix chain script '/home/turtlebot/robot_ws/install/setup.ps1'
[2.606s] INFO:colcon.colcon_core.shell:Creating prefix script '/home/turtlebot/robot_ws/install/local_setup.sh'
[2.607s] INFO:colcon.colcon_core.shell:Creating prefix util module '/home/turtlebot/robot_ws/install/_local_setup_util_sh.py'
[2.608s] INFO:colcon.colcon_core.shell:Creating prefix chain script '/home/turtlebot/robot_ws/install/setup.sh'
[2.610s] INFO:colcon.colcon_core.shell:Creating prefix script '/home/turtlebot/robot_ws/install/local_setup.bash'
[2.610s] INFO:colcon.colcon_core.shell:Creating prefix chain script '/home/turtlebot/robot_ws/install/setup.bash'
[2.612s] INFO:colcon.colcon_core.shell:Creating prefix script '/home/turtlebot/robot_ws/install/local_setup.zsh'
[2.612s] INFO:colcon.colcon_core.shell:Creating prefix chain script '/home/turtlebot/robot_ws/install/setup.zsh'
