[0.659s] Invoking command in '/home/turtlebot/robot_ws/src/turtlebot3/turtlebot3_example': PYTHONPATH=/home/turtlebot/robot_ws/build/turtlebot3_example/prefix_override:/home/turtlebot/robot_ws/install/turtlebot3_example/lib/python3.8/site-packages:${PYTHONPATH} /usr/bin/python3 setup.py egg_info --egg-base ../../../build/turtlebot3_example build --build-base /home/turtlebot/robot_ws/build/turtlebot3_example/build install --record /home/turtlebot/robot_ws/build/turtlebot3_example/install.log --single-version-externally-managed
[0.867s] running egg_info
[0.868s] writing ../../../build/turtlebot3_example/turtlebot3_example.egg-info/PKG-INFO
[0.868s] writing dependency_links to ../../../build/turtlebot3_example/turtlebot3_example.egg-info/dependency_links.txt
[0.868s] writing entry points to ../../../build/turtlebot3_example/turtlebot3_example.egg-info/entry_points.txt
[0.869s] writing requirements to ../../../build/turtlebot3_example/turtlebot3_example.egg-info/requires.txt
[0.869s] writing top-level names to ../../../build/turtlebot3_example/turtlebot3_example.egg-info/top_level.txt
[0.898s] reading manifest file '../../../build/turtlebot3_example/turtlebot3_example.egg-info/SOURCES.txt'
[0.900s] writing manifest file '../../../build/turtlebot3_example/turtlebot3_example.egg-info/SOURCES.txt'
[0.900s] running build
[0.900s] running build_py
[0.902s] running install
[0.903s] running install_lib
[0.904s] creating /home/turtlebot/robot_ws/install/turtlebot3_example/lib/python3.8/site-packages/turtlebot3_example
[0.904s] creating /home/turtlebot/robot_ws/install/turtlebot3_example/lib/python3.8/site-packages/turtlebot3_example/turtlebot3_patrol_client
[0.904s] copying /home/turtlebot/robot_ws/build/turtlebot3_example/build/lib/turtlebot3_example/turtlebot3_patrol_client/main.py -> /home/turtlebot/robot_ws/install/turtlebot3_example/lib/python3.8/site-packages/turtlebot3_example/turtlebot3_patrol_client
[0.905s] copying /home/turtlebot/robot_ws/build/turtlebot3_example/build/lib/turtlebot3_example/turtlebot3_patrol_client/__init__.py -> /home/turtlebot/robot_ws/install/turtlebot3_example/lib/python3.8/site-packages/turtlebot3_example/turtlebot3_patrol_client
[0.905s] copying /home/turtlebot/robot_ws/build/turtlebot3_example/build/lib/turtlebot3_example/turtlebot3_patrol_client/turtlebot3_patrol_client.py -> /home/turtlebot/robot_ws/install/turtlebot3_example/lib/python3.8/site-packages/turtlebot3_example/turtlebot3_patrol_client
[0.905s] copying /home/turtlebot/robot_ws/build/turtlebot3_example/build/lib/turtlebot3_example/__init__.py -> /home/turtlebot/robot_ws/install/turtlebot3_example/lib/python3.8/site-packages/turtlebot3_example
[0.905s] creating /home/turtlebot/robot_ws/install/turtlebot3_example/lib/python3.8/site-packages/turtlebot3_example/turtlebot3_obstacle_detection
[0.906s] copying /home/turtlebot/robot_ws/build/turtlebot3_example/build/lib/turtlebot3_example/turtlebot3_obstacle_detection/main.py -> /home/turtlebot/robot_ws/install/turtlebot3_example/lib/python3.8/site-packages/turtlebot3_example/turtlebot3_obstacle_detection
[0.906s] copying /home/turtlebot/robot_ws/build/turtlebot3_example/build/lib/turtlebot3_example/turtlebot3_obstacle_detection/__init__.py -> /home/turtlebot/robot_ws/install/turtlebot3_example/lib/python3.8/site-packages/turtlebot3_example/turtlebot3_obstacle_detection
[0.906s] copying /home/turtlebot/robot_ws/build/turtlebot3_example/build/lib/turtlebot3_example/turtlebot3_obstacle_detection/turtlebot3_obstacle_detection.py -> /home/turtlebot/robot_ws/install/turtlebot3_example/lib/python3.8/site-packages/turtlebot3_example/turtlebot3_obstacle_detection
[0.907s] creating /home/turtlebot/robot_ws/install/turtlebot3_example/lib/python3.8/site-packages/turtlebot3_example/turtlebot3_position_control
[0.907s] copying /home/turtlebot/robot_ws/build/turtlebot3_example/build/lib/turtlebot3_example/turtlebot3_position_control/main.py -> /home/turtlebot/robot_ws/install/turtlebot3_example/lib/python3.8/site-packages/turtlebot3_example/turtlebot3_position_control
[0.907s] copying /home/turtlebot/robot_ws/build/turtlebot3_example/build/lib/turtlebot3_example/turtlebot3_position_control/__init__.py -> /home/turtlebot/robot_ws/install/turtlebot3_example/lib/python3.8/site-packages/turtlebot3_example/turtlebot3_position_control
[0.907s] copying /home/turtlebot/robot_ws/build/turtlebot3_example/build/lib/turtlebot3_example/turtlebot3_position_control/turtlebot3_path.py -> /home/turtlebot/robot_ws/install/turtlebot3_example/lib/python3.8/site-packages/turtlebot3_example/turtlebot3_position_control
[0.908s] copying /home/turtlebot/robot_ws/build/turtlebot3_example/build/lib/turtlebot3_example/turtlebot3_position_control/turtlebot3_position_control.py -> /home/turtlebot/robot_ws/install/turtlebot3_example/lib/python3.8/site-packages/turtlebot3_example/turtlebot3_position_control
[0.908s] creating /home/turtlebot/robot_ws/install/turtlebot3_example/lib/python3.8/site-packages/turtlebot3_example/turtlebot3_patrol_server
[0.908s] copying /home/turtlebot/robot_ws/build/turtlebot3_example/build/lib/turtlebot3_example/turtlebot3_patrol_server/turtlebot3_patrol_server.py -> /home/turtlebot/robot_ws/install/turtlebot3_example/lib/python3.8/site-packages/turtlebot3_example/turtlebot3_patrol_server
[0.908s] copying /home/turtlebot/robot_ws/build/turtlebot3_example/build/lib/turtlebot3_example/turtlebot3_patrol_server/main.py -> /home/turtlebot/robot_ws/install/turtlebot3_example/lib/python3.8/site-packages/turtlebot3_example/turtlebot3_patrol_server
[0.909s] copying /home/turtlebot/robot_ws/build/turtlebot3_example/build/lib/turtlebot3_example/turtlebot3_patrol_server/__init__.py -> /home/turtlebot/robot_ws/install/turtlebot3_example/lib/python3.8/site-packages/turtlebot3_example/turtlebot3_patrol_server
[0.909s] copying /home/turtlebot/robot_ws/build/turtlebot3_example/build/lib/turtlebot3_example/turtlebot3_patrol_server/turtlebot3_path.py -> /home/turtlebot/robot_ws/install/turtlebot3_example/lib/python3.8/site-packages/turtlebot3_example/turtlebot3_patrol_server
[0.910s] byte-compiling /home/turtlebot/robot_ws/install/turtlebot3_example/lib/python3.8/site-packages/turtlebot3_example/turtlebot3_patrol_client/main.py to main.cpython-38.pyc
[0.911s] byte-compiling /home/turtlebot/robot_ws/install/turtlebot3_example/lib/python3.8/site-packages/turtlebot3_example/turtlebot3_patrol_client/__init__.py to __init__.cpython-38.pyc
[0.911s] byte-compiling /home/turtlebot/robot_ws/install/turtlebot3_example/lib/python3.8/site-packages/turtlebot3_example/turtlebot3_patrol_client/turtlebot3_patrol_client.py to turtlebot3_patrol_client.cpython-38.pyc
[0.911s] byte-compiling /home/turtlebot/robot_ws/install/turtlebot3_example/lib/python3.8/site-packages/turtlebot3_example/__init__.py to __init__.cpython-38.pyc
[0.912s] byte-compiling /home/turtlebot/robot_ws/install/turtlebot3_example/lib/python3.8/site-packages/turtlebot3_example/turtlebot3_obstacle_detection/main.py to main.cpython-38.pyc
[0.912s] byte-compiling /home/turtlebot/robot_ws/install/turtlebot3_example/lib/python3.8/site-packages/turtlebot3_example/turtlebot3_obstacle_detection/__init__.py to __init__.cpython-38.pyc
[0.912s] byte-compiling /home/turtlebot/robot_ws/install/turtlebot3_example/lib/python3.8/site-packages/turtlebot3_example/turtlebot3_obstacle_detection/turtlebot3_obstacle_detection.py to turtlebot3_obstacle_detection.cpython-38.pyc
[0.912s] byte-compiling /home/turtlebot/robot_ws/install/turtlebot3_example/lib/python3.8/site-packages/turtlebot3_example/turtlebot3_position_control/main.py to main.cpython-38.pyc
[0.913s] byte-compiling /home/turtlebot/robot_ws/install/turtlebot3_example/lib/python3.8/site-packages/turtlebot3_example/turtlebot3_position_control/__init__.py to __init__.cpython-38.pyc
[0.913s] byte-compiling /home/turtlebot/robot_ws/install/turtlebot3_example/lib/python3.8/site-packages/turtlebot3_example/turtlebot3_position_control/turtlebot3_path.py to turtlebot3_path.cpython-38.pyc
[0.914s] byte-compiling /home/turtlebot/robot_ws/install/turtlebot3_example/lib/python3.8/site-packages/turtlebot3_example/turtlebot3_position_control/turtlebot3_position_control.py to turtlebot3_position_control.cpython-38.pyc
[0.915s] byte-compiling /home/turtlebot/robot_ws/install/turtlebot3_example/lib/python3.8/site-packages/turtlebot3_example/turtlebot3_patrol_server/turtlebot3_patrol_server.py to turtlebot3_patrol_server.cpython-38.pyc
[0.916s] byte-compiling /home/turtlebot/robot_ws/install/turtlebot3_example/lib/python3.8/site-packages/turtlebot3_example/turtlebot3_patrol_server/main.py to main.cpython-38.pyc
[0.916s] byte-compiling /home/turtlebot/robot_ws/install/turtlebot3_example/lib/python3.8/site-packages/turtlebot3_example/turtlebot3_patrol_server/__init__.py to __init__.cpython-38.pyc
[0.916s] byte-compiling /home/turtlebot/robot_ws/install/turtlebot3_example/lib/python3.8/site-packages/turtlebot3_example/turtlebot3_patrol_server/turtlebot3_path.py to turtlebot3_path.cpython-38.pyc
[0.916s] running install_data
[0.917s] creating /home/turtlebot/robot_ws/install/turtlebot3_example/share/ament_index
[0.918s] creating /home/turtlebot/robot_ws/install/turtlebot3_example/share/ament_index/resource_index
[0.918s] creating /home/turtlebot/robot_ws/install/turtlebot3_example/share/ament_index/resource_index/packages
[0.918s] copying resource/turtlebot3_example -> /home/turtlebot/robot_ws/install/turtlebot3_example/share/ament_index/resource_index/packages
[0.918s] copying package.xml -> /home/turtlebot/robot_ws/install/turtlebot3_example/share/turtlebot3_example
[0.918s] running install_egg_info
[0.920s] Copying ../../../build/turtlebot3_example/turtlebot3_example.egg-info to /home/turtlebot/robot_ws/install/turtlebot3_example/lib/python3.8/site-packages/turtlebot3_example-2.1.4-py3.8.egg-info
[0.921s] running install_scripts
[0.936s] Installing turtlebot3_obstacle_detection script to /home/turtlebot/robot_ws/install/turtlebot3_example/lib/turtlebot3_example
[0.936s] Installing turtlebot3_patrol_client script to /home/turtlebot/robot_ws/install/turtlebot3_example/lib/turtlebot3_example
[0.936s] Installing turtlebot3_patrol_server script to /home/turtlebot/robot_ws/install/turtlebot3_example/lib/turtlebot3_example
[0.936s] Installing turtlebot3_position_control script to /home/turtlebot/robot_ws/install/turtlebot3_example/lib/turtlebot3_example
[0.937s] writing list of installed files to '/home/turtlebot/robot_ws/build/turtlebot3_example/install.log'
[0.959s] Invoked command in '/home/turtlebot/robot_ws/src/turtlebot3/turtlebot3_example' returned '0': PYTHONPATH=/home/turtlebot/robot_ws/build/turtlebot3_example/prefix_override:/home/turtlebot/robot_ws/install/turtlebot3_example/lib/python3.8/site-packages:${PYTHONPATH} /usr/bin/python3 setup.py egg_info --egg-base ../../../build/turtlebot3_example build --build-base /home/turtlebot/robot_ws/build/turtlebot3_example/build install --record /home/turtlebot/robot_ws/build/turtlebot3_example/install.log --single-version-externally-managed
