-- The C compiler identification is GNU 9.4.0
-- The CXX compiler identification is GNU 9.4.0
-- Check for working C compiler: /usr/bin/cc
-- Check for working C compiler: /usr/bin/cc -- works
-- Detecting C compiler ABI info
-- Detecting C compiler ABI info - done
-- Detecting C compile features
-- Detecting C compile features - done
-- Check for working CXX compiler: /usr/bin/c++
-- Check for working CXX compiler: /usr/bin/c++ -- works
-- Detecting CXX compiler ABI info
-- Detecting CXX compiler ABI info - done
-- Detecting CXX compile features
-- Detecting CXX compile features - done
-- Found ament_cmake: 0.9.11 (/opt/ros/foxy/share/ament_cmake/cmake)
-- Found PythonInterp: /usr/bin/python3 (found suitable version "3.8.10", minimum required is "3") 
-- Using PYTHON_EXECUTABLE: /usr/bin/python3
-- Override CMake install command with custom implementation using symlinks instead of copying resources
-- Found nav2_common: 0.4.7 (/home/turtlebot/nav2_ws/install/nav2_common/share/nav2_common/cmake)
-- Found rclcpp: 2.4.2 (/opt/ros/foxy/share/rclcpp/cmake)
-- Using all available rosidl_typesupport_c: rosidl_typesupport_fastrtps_c;rosidl_typesupport_introspection_c
-- Found rosidl_adapter: 1.3.0 (/opt/ros/foxy/share/rosidl_adapter/cmake)
-- Found OpenSSL: /usr/lib/x86_64-linux-gnu/libcrypto.so (found version "1.1.1f")  
-- Found FastRTPS: /opt/ros/foxy/include  
-- Using all available rosidl_typesupport_cpp: rosidl_typesupport_fastrtps_cpp;rosidl_typesupport_introspection_cpp
-- Found rmw_implementation_cmake: 1.0.4 (/opt/ros/foxy/share/rmw_implementation_cmake/cmake)
-- Using RMW implementation 'rmw_fastrtps_cpp' as default
-- Looking for pthread.h
-- Looking for pthread.h - found
-- Performing Test CMAKE_HAVE_LIBC_PTHREAD
-- Performing Test CMAKE_HAVE_LIBC_PTHREAD - Failed
-- Looking for pthread_create in pthreads
-- Looking for pthread_create in pthreads - not found
-- Looking for pthread_create in pthread
-- Looking for pthread_create in pthread - found
-- Found Threads: TRUE  
-- Found rclcpp_action: 2.4.2 (/opt/ros/foxy/share/rclcpp_action/cmake)
-- Found rclcpp_lifecycle: 2.4.2 (/opt/ros/foxy/share/rclcpp_lifecycle/cmake)
-- Found visualization_msgs: 2.0.5 (/opt/ros/foxy/share/visualization_msgs/cmake)
-- Found nav2_util: 0.4.7 (/home/turtlebot/nav2_ws/install/nav2_util/share/nav2_util/cmake)
-- Found eigen3_cmake_module: 0.1.1 (/opt/ros/foxy/share/eigen3_cmake_module/cmake)
-- Found Eigen3: TRUE (found version "3.3.7") 
-- Found nav2_core: 0.4.7 (/home/turtlebot/nav2_ws/install/nav2_core/share/nav2_core/cmake)
-- Found installed version of Eigen: /usr/lib/cmake/eigen3
-- Found required Ceres dependency: Eigen version 3.3.7 in /usr/include/eigen3
-- Found required Ceres dependency: glog
-- Found installed version of gflags: /usr/lib/x86_64-linux-gnu/cmake/gflags
-- Detected gflags version: 2.2.2
-- Found required Ceres dependency: gflags
-- Found Ceres version: 1.14.0 installed in: /usr with components: [EigenSparse, SparseLinearAlgebraLibrary, LAPACK, SuiteSparse, CXSparse, SchurSpecializations, OpenMP, Multithreading]
-- Found ompl: /opt/ros/foxy/include/ompl-1.5;/usr/include/eigen3  
-- Found OpenMP_C: -fopenmp (found version "4.5") 
-- Found OpenMP_CXX: -fopenmp (found version "4.5") 
-- Found OpenMP: TRUE (found version "4.5")  
-- Found ament_lint_auto: 0.9.8 (/opt/ros/foxy/share/ament_lint_auto/cmake)
-- Found ament_cmake_gtest: 0.9.11 (/opt/ros/foxy/share/ament_cmake_gtest/cmake)
-- Found gtest sources under '/opt/ros/foxy/src/gtest_vendor': C++ tests using 'Google Test' will be built
-- Check if compiler accepts -pthread
-- Check if compiler accepts -pthread - yes
-- Added test 'copyright' to check source files copyright and LICENSE
-- Added test 'cppcheck' to perform static code analysis on C / C++ code
-- Configured cppcheck include dirs: /home/turtlebot/nav2_ws/src/navigation2/smac_planner/include
-- Configured cppcheck exclude dirs and/or files: 
-- Added test 'cpplint' to check C / C++ code against the Google style
-- Configured cpplint exclude dirs and/or files: 
-- Added test 'lint_cmake' to check CMake code style
-- Added test 'uncrustify' to check C / C++ code style
-- Configured uncrustify additional arguments: 
-- Added test 'xmllint' to check XML markup files
-- Configuring done
-- Generating done
-- Build files have been written to: /home/turtlebot/nav2_ws/build/smac_planner
[35m[1mScanning dependencies of target smac_planner_2d[0m
[  2%] [32mBuilding CXX object CMakeFiles/smac_planner_2d.dir/src/smac_planner_2d.cpp.o[0m
[  5%] [32mBuilding CXX object CMakeFiles/smac_planner_2d.dir/src/a_star.cpp.o[0m
[  8%] [32mBuilding CXX object CMakeFiles/smac_planner_2d.dir/src/node_se2.cpp.o[0m
[ 11%] [32mBuilding CXX object CMakeFiles/smac_planner_2d.dir/src/costmap_downsampler.cpp.o[0m
[ 14%] [32mBuilding CXX object CMakeFiles/smac_planner_2d.dir/src/node_2d.cpp.o[0m
[ 17%] [32m[1mLinking CXX shared library libsmac_planner_2d.so[0m
[ 17%] Built target smac_planner_2d
[35m[1mScanning dependencies of target smac_planner[0m
[ 20%] [32mBuilding CXX object CMakeFiles/smac_planner.dir/src/smac_planner.cpp.o[0m
[ 23%] [32mBuilding CXX object CMakeFiles/smac_planner.dir/src/a_star.cpp.o[0m
[ 26%] [32mBuilding CXX object CMakeFiles/smac_planner.dir/src/node_se2.cpp.o[0m
[ 29%] [32mBuilding CXX object CMakeFiles/smac_planner.dir/src/costmap_downsampler.cpp.o[0m
[ 32%] [32mBuilding CXX object CMakeFiles/smac_planner.dir/src/node_2d.cpp.o[0m
[ 35%] [32m[1mLinking CXX shared library libsmac_planner.so[0m
[ 35%] Built target smac_planner
[35m[1mScanning dependencies of target gtest[0m
[ 38%] [32mBuilding CXX object gtest/CMakeFiles/gtest.dir/src/gtest-all.cc.o[0m
[ 41%] [32m[1mLinking CXX static library libgtest.a[0m
[ 41%] Built target gtest
[35m[1mScanning dependencies of target gtest_main[0m
[ 44%] [32mBuilding CXX object gtest/CMakeFiles/gtest_main.dir/src/gtest_main.cc.o[0m
[ 47%] [32m[1mLinking CXX static library libgtest_main.a[0m
[ 47%] Built target gtest_main
[35m[1mScanning dependencies of target test_costmap_downsampler[0m
[ 50%] [32mBuilding CXX object test/CMakeFiles/test_costmap_downsampler.dir/test_costmap_downsampler.cpp.o[0m
[ 52%] [32m[1mLinking CXX executable test_costmap_downsampler[0m
[ 52%] Built target test_costmap_downsampler
[35m[1mScanning dependencies of target test_a_star[0m
[ 55%] [32mBuilding CXX object test/CMakeFiles/test_a_star.dir/test_a_star.cpp.o[0m
[ 58%] [32m[1mLinking CXX executable test_a_star[0m
[ 58%] Built target test_a_star
[35m[1mScanning dependencies of target test_node2d[0m
[ 61%] [32mBuilding CXX object test/CMakeFiles/test_node2d.dir/test_node2d.cpp.o[0m
[ 64%] [32m[1mLinking CXX executable test_node2d[0m
[ 64%] Built target test_node2d
[35m[1mScanning dependencies of target test_nodese2[0m
[ 67%] [32mBuilding CXX object test/CMakeFiles/test_nodese2.dir/test_nodese2.cpp.o[0m
[ 70%] [32m[1mLinking CXX executable test_nodese2[0m
[ 70%] Built target test_nodese2
[35m[1mScanning dependencies of target test_smac_se2[0m
[ 73%] [32mBuilding CXX object test/CMakeFiles/test_smac_se2.dir/test_smac_se2.cpp.o[0m
[ 76%] [32m[1mLinking CXX executable test_smac_se2[0m
[ 76%] Built target test_smac_se2
[35m[1mScanning dependencies of target test_nodebasic[0m
[ 79%] [32mBuilding CXX object test/CMakeFiles/test_nodebasic.dir/test_nodebasic.cpp.o[0m
[ 82%] [32m[1mLinking CXX executable test_nodebasic[0m
[ 82%] Built target test_nodebasic
[35m[1mScanning dependencies of target test_smac_2d[0m
[ 85%] [32mBuilding CXX object test/CMakeFiles/test_smac_2d.dir/test_smac_2d.cpp.o[0m
[ 88%] [32m[1mLinking CXX executable test_smac_2d[0m
[ 88%] Built target test_smac_2d
[35m[1mScanning dependencies of target test_collision_checker[0m
[ 91%] [32mBuilding CXX object test/CMakeFiles/test_collision_checker.dir/test_collision_checker.cpp.o[0m
[ 94%] [32m[1mLinking CXX executable test_collision_checker[0m
[ 94%] Built target test_collision_checker
[35m[1mScanning dependencies of target test_smoother[0m
[ 97%] [32mBuilding CXX object test/CMakeFiles/test_smoother.dir/test_smoother.cpp.o[0m
[100%] [32m[1mLinking CXX executable test_smoother[0m
[100%] Built target test_smoother
-- Install configuration: "Release"
-- Execute custom install script
-- Symlinking: /home/turtlebot/nav2_ws/install/smac_planner/share/smac_planner//smac_plugin.xml
-- Symlinking: /home/turtlebot/nav2_ws/install/smac_planner/share/smac_planner//smac_plugin_2d.xml
-- Symlinking: /home/turtlebot/nav2_ws/install/smac_planner/lib/libsmac_planner.so
-- Symlinking: /home/turtlebot/nav2_ws/install/smac_planner/lib/libsmac_planner_2d.so
-- Symlinking: /home/turtlebot/nav2_ws/install/smac_planner/include//smac_planner/a_star.hpp
-- Symlinking: /home/turtlebot/nav2_ws/install/smac_planner/include//smac_planner/collision_checker.hpp
-- Symlinking: /home/turtlebot/nav2_ws/install/smac_planner/include//smac_planner/constants.hpp
-- Symlinking: /home/turtlebot/nav2_ws/install/smac_planner/include//smac_planner/costmap_downsampler.hpp
-- Symlinking: /home/turtlebot/nav2_ws/install/smac_planner/include//smac_planner/node_2d.hpp
-- Symlinking: /home/turtlebot/nav2_ws/install/smac_planner/include//smac_planner/node_basic.hpp
-- Symlinking: /home/turtlebot/nav2_ws/install/smac_planner/include//smac_planner/node_se2.hpp
-- Symlinking: /home/turtlebot/nav2_ws/install/smac_planner/include//smac_planner/options.hpp
-- Symlinking: /home/turtlebot/nav2_ws/install/smac_planner/include//smac_planner/smac_planner.hpp
-- Symlinking: /home/turtlebot/nav2_ws/install/smac_planner/include//smac_planner/smac_planner_2d.hpp
-- Symlinking: /home/turtlebot/nav2_ws/install/smac_planner/include//smac_planner/smoother.hpp
-- Symlinking: /home/turtlebot/nav2_ws/install/smac_planner/include//smac_planner/smoother_cost_function.hpp
-- Symlinking: /home/turtlebot/nav2_ws/install/smac_planner/include//smac_planner/types.hpp
-- Symlinking: /home/turtlebot/nav2_ws/install/smac_planner/share/smac_planner/environment/library_path.sh
-- Symlinking: /home/turtlebot/nav2_ws/install/smac_planner/share/smac_planner/environment/library_path.dsv
-- Symlinking: /home/turtlebot/nav2_ws/install/smac_planner/share/ament_index/resource_index/package_run_dependencies/smac_planner
-- Symlinking: /home/turtlebot/nav2_ws/install/smac_planner/share/ament_index/resource_index/parent_prefix_path/smac_planner
-- Symlinking: /home/turtlebot/nav2_ws/install/smac_planner/share/smac_planner/environment/ament_prefix_path.sh
-- Symlinking: /home/turtlebot/nav2_ws/install/smac_planner/share/smac_planner/environment/ament_prefix_path.dsv
-- Symlinking: /home/turtlebot/nav2_ws/install/smac_planner/share/smac_planner/environment/path.sh
-- Symlinking: /home/turtlebot/nav2_ws/install/smac_planner/share/smac_planner/environment/path.dsv
-- Symlinking: /home/turtlebot/nav2_ws/install/smac_planner/share/smac_planner/local_setup.bash
-- Symlinking: /home/turtlebot/nav2_ws/install/smac_planner/share/smac_planner/local_setup.sh
-- Symlinking: /home/turtlebot/nav2_ws/install/smac_planner/share/smac_planner/local_setup.zsh
-- Symlinking: /home/turtlebot/nav2_ws/install/smac_planner/share/smac_planner/local_setup.dsv
-- Symlinking: /home/turtlebot/nav2_ws/install/smac_planner/share/smac_planner/package.dsv
-- Symlinking: /home/turtlebot/nav2_ws/install/smac_planner/share/ament_index/resource_index/packages/smac_planner
-- Symlinking: /home/turtlebot/nav2_ws/install/smac_planner/share/ament_index/resource_index/nav2_core__pluginlib__plugin/smac_planner
-- Symlinking: /home/turtlebot/nav2_ws/install/smac_planner/share/smac_planner/cmake/ament_cmake_export_include_directories-extras.cmake
-- Symlinking: /home/turtlebot/nav2_ws/install/smac_planner/share/smac_planner/cmake/ament_cmake_export_libraries-extras.cmake
-- Symlinking: /home/turtlebot/nav2_ws/install/smac_planner/share/smac_planner/cmake/ament_cmake_export_dependencies-extras.cmake
-- Symlinking: /home/turtlebot/nav2_ws/install/smac_planner/share/smac_planner/cmake/ament_cmake_export_definitions-extras.cmake
-- Symlinking: /home/turtlebot/nav2_ws/install/smac_planner/share/smac_planner/cmake/smac_plannerConfig.cmake
-- Symlinking: /home/turtlebot/nav2_ws/install/smac_planner/share/smac_planner/cmake/smac_plannerConfig-version.cmake
-- Symlinking: /home/turtlebot/nav2_ws/install/smac_planner/share/smac_planner/package.xml
