[0.284s] DEBUG:colcon:Command line arguments: ['/usr/bin/colcon', 'build', '--symlink-install']
[0.285s] DEBUG:colcon:Parsed command line arguments: Namespace(allow_overriding=[], ament_cmake_args=None, base_paths=['.'], build_base='build', catkin_cmake_args=None, catkin_skip_building_tests=False, cmake_args=None, cmake_clean_cache=False, cmake_clean_first=False, cmake_force_configure=False, cmake_target=None, cmake_target_skip_unavailable=False, continue_on_error=False, event_handlers=None, executor='parallel', ignore_user_meta=False, install_base='install', log_base=None, log_level=None, main=<bound method BuildVerb.main of <colcon_core.verb.build.BuildVerb object at 0x7faefdfb05b0>>, merge_install=False, metas=['./colcon.meta'], packages_above=None, packages_above_and_dependencies=None, packages_above_depth=None, packages_end=None, packages_ignore=None, packages_ignore_regex=None, packages_select=None, packages_select_build_failed=False, packages_select_by_dep=None, packages_select_regex=None, packages_select_test_failures=False, packages_skip=None, packages_skip_build_finished=False, packages_skip_by_dep=None, packages_skip_regex=None, packages_skip_test_passed=False, packages_skip_up_to=None, packages_start=None, packages_up_to=None, packages_up_to_regex=None, parallel_workers=2, paths=None, symlink_install=True, test_result_base=None, verb_extension=<colcon_core.verb.build.BuildVerb object at 0x7faefdfb05b0>, verb_name='build', verb_parser=<colcon_defaults.argument_parser.defaults.DefaultArgumentsDecorator object at 0x7faefdfb0af0>)
[0.316s] Level 1:colcon.colcon_core.package_discovery:discover_packages(colcon_meta) check parameters
[0.316s] Level 1:colcon.colcon_core.package_discovery:discover_packages(recursive) check parameters
[0.316s] Level 1:colcon.colcon_core.package_discovery:discover_packages(ignore) check parameters
[0.316s] Level 1:colcon.colcon_core.package_discovery:discover_packages(path) check parameters
[0.316s] Level 1:colcon.colcon_core.package_discovery:discover_packages(colcon_meta) discover
[0.316s] Level 1:colcon.colcon_core.package_discovery:discover_packages(recursive) discover
[0.317s] INFO:colcon.colcon_core.package_discovery:Crawling recursively for packages in '/home/turtlebot/robot_ws'
[0.317s] Level 1:colcon.colcon_core.package_identification:_identify(.) by extensions ['ignore', 'ignore_ament_install']
[0.317s] Level 1:colcon.colcon_core.package_identification:_identify(.) by extension 'ignore'
[0.317s] Level 1:colcon.colcon_core.package_identification:_identify(.) by extension 'ignore_ament_install'
[0.317s] Level 1:colcon.colcon_core.package_identification:_identify(.) by extensions ['colcon_pkg']
[0.317s] Level 1:colcon.colcon_core.package_identification:_identify(.) by extension 'colcon_pkg'
[0.317s] Level 1:colcon.colcon_core.package_identification:_identify(.) by extensions ['colcon_meta']
[0.317s] Level 1:colcon.colcon_core.package_identification:_identify(.) by extension 'colcon_meta'
[0.317s] Level 1:colcon.colcon_core.package_identification:_identify(.) by extensions ['ros']
[0.317s] Level 1:colcon.colcon_core.package_identification:_identify(.) by extension 'ros'
[0.327s] Level 1:colcon.colcon_core.package_identification:_identify(.) by extensions ['cmake', 'python']
[0.327s] Level 1:colcon.colcon_core.package_identification:_identify(.) by extension 'cmake'
[0.327s] Level 1:colcon.colcon_core.package_identification:_identify(.) by extension 'python'
[0.327s] Level 1:colcon.colcon_core.package_identification:_identify(.) by extensions ['python_setup_py']
[0.327s] Level 1:colcon.colcon_core.package_identification:_identify(.) by extension 'python_setup_py'
[0.327s] Level 1:colcon.colcon_core.package_identification:_identify(build) by extensions ['ignore', 'ignore_ament_install']
[0.327s] Level 1:colcon.colcon_core.package_identification:_identify(build) by extension 'ignore'
[0.327s] Level 1:colcon.colcon_core.package_identification:_identify(build) ignored
[0.327s] Level 1:colcon.colcon_core.package_identification:_identify(install) by extensions ['ignore', 'ignore_ament_install']
[0.327s] Level 1:colcon.colcon_core.package_identification:_identify(install) by extension 'ignore'
[0.327s] Level 1:colcon.colcon_core.package_identification:_identify(install) ignored
[0.328s] Level 1:colcon.colcon_core.package_identification:_identify(log) by extensions ['ignore', 'ignore_ament_install']
[0.328s] Level 1:colcon.colcon_core.package_identification:_identify(log) by extension 'ignore'
[0.328s] Level 1:colcon.colcon_core.package_identification:_identify(log) ignored
[0.328s] Level 1:colcon.colcon_core.package_identification:_identify(src) by extensions ['ignore', 'ignore_ament_install']
[0.328s] Level 1:colcon.colcon_core.package_identification:_identify(src) by extension 'ignore'
[0.328s] Level 1:colcon.colcon_core.package_identification:_identify(src) by extension 'ignore_ament_install'
[0.328s] Level 1:colcon.colcon_core.package_identification:_identify(src) by extensions ['colcon_pkg']
[0.328s] Level 1:colcon.colcon_core.package_identification:_identify(src) by extension 'colcon_pkg'
[0.328s] Level 1:colcon.colcon_core.package_identification:_identify(src) by extensions ['colcon_meta']
[0.328s] Level 1:colcon.colcon_core.package_identification:_identify(src) by extension 'colcon_meta'
[0.328s] Level 1:colcon.colcon_core.package_identification:_identify(src) by extensions ['ros']
[0.328s] Level 1:colcon.colcon_core.package_identification:_identify(src) by extension 'ros'
[0.328s] Level 1:colcon.colcon_core.package_identification:_identify(src) by extensions ['cmake', 'python']
[0.328s] Level 1:colcon.colcon_core.package_identification:_identify(src) by extension 'cmake'
[0.328s] Level 1:colcon.colcon_core.package_identification:_identify(src) by extension 'python'
[0.328s] Level 1:colcon.colcon_core.package_identification:_identify(src) by extensions ['python_setup_py']
[0.328s] Level 1:colcon.colcon_core.package_identification:_identify(src) by extension 'python_setup_py'
[0.328s] Level 1:colcon.colcon_core.package_identification:_identify(src/forward1) by extensions ['ignore', 'ignore_ament_install']
[0.328s] Level 1:colcon.colcon_core.package_identification:_identify(src/forward1) by extension 'ignore'
[0.328s] Level 1:colcon.colcon_core.package_identification:_identify(src/forward1) by extension 'ignore_ament_install'
[0.329s] Level 1:colcon.colcon_core.package_identification:_identify(src/forward1) by extensions ['colcon_pkg']
[0.329s] Level 1:colcon.colcon_core.package_identification:_identify(src/forward1) by extension 'colcon_pkg'
[0.329s] Level 1:colcon.colcon_core.package_identification:_identify(src/forward1) by extensions ['colcon_meta']
[0.329s] Level 1:colcon.colcon_core.package_identification:_identify(src/forward1) by extension 'colcon_meta'
[0.329s] Level 1:colcon.colcon_core.package_identification:_identify(src/forward1) by extensions ['ros']
[0.329s] Level 1:colcon.colcon_core.package_identification:_identify(src/forward1) by extension 'ros'
[0.331s] DEBUG:colcon.colcon_core.package_identification:Package 'src/forward1' with type 'ros.ament_python' and name 'forward1'
[0.331s] Level 1:colcon.colcon_core.package_identification:_identify(src/my_navigation_pkg) by extensions ['ignore', 'ignore_ament_install']
[0.331s] Level 1:colcon.colcon_core.package_identification:_identify(src/my_navigation_pkg) by extension 'ignore'
[0.331s] Level 1:colcon.colcon_core.package_identification:_identify(src/my_navigation_pkg) by extension 'ignore_ament_install'
[0.331s] Level 1:colcon.colcon_core.package_identification:_identify(src/my_navigation_pkg) by extensions ['colcon_pkg']
[0.331s] Level 1:colcon.colcon_core.package_identification:_identify(src/my_navigation_pkg) by extension 'colcon_pkg'
[0.331s] Level 1:colcon.colcon_core.package_identification:_identify(src/my_navigation_pkg) by extensions ['colcon_meta']
[0.331s] Level 1:colcon.colcon_core.package_identification:_identify(src/my_navigation_pkg) by extension 'colcon_meta'
[0.331s] Level 1:colcon.colcon_core.package_identification:_identify(src/my_navigation_pkg) by extensions ['ros']
[0.331s] Level 1:colcon.colcon_core.package_identification:_identify(src/my_navigation_pkg) by extension 'ros'
[0.332s] DEBUG:colcon.colcon_core.package_identification:Package 'src/my_navigation_pkg' with type 'ros.ament_python' and name 'my_navigation_pkg'
[0.332s] Level 1:colcon.colcon_core.package_identification:_identify(src/waypoint_navigation) by extensions ['ignore', 'ignore_ament_install']
[0.332s] Level 1:colcon.colcon_core.package_identification:_identify(src/waypoint_navigation) by extension 'ignore'
[0.332s] Level 1:colcon.colcon_core.package_identification:_identify(src/waypoint_navigation) by extension 'ignore_ament_install'
[0.332s] Level 1:colcon.colcon_core.package_identification:_identify(src/waypoint_navigation) by extensions ['colcon_pkg']
[0.332s] Level 1:colcon.colcon_core.package_identification:_identify(src/waypoint_navigation) by extension 'colcon_pkg'
[0.332s] Level 1:colcon.colcon_core.package_identification:_identify(src/waypoint_navigation) by extensions ['colcon_meta']
[0.332s] Level 1:colcon.colcon_core.package_identification:_identify(src/waypoint_navigation) by extension 'colcon_meta'
[0.332s] Level 1:colcon.colcon_core.package_identification:_identify(src/waypoint_navigation) by extensions ['ros']
[0.332s] Level 1:colcon.colcon_core.package_identification:_identify(src/waypoint_navigation) by extension 'ros'
[0.332s] Level 1:colcon.colcon_core.package_identification:_identify(src/waypoint_navigation) by extensions ['cmake', 'python']
[0.332s] Level 1:colcon.colcon_core.package_identification:_identify(src/waypoint_navigation) by extension 'cmake'
[0.332s] Level 1:colcon.colcon_core.package_identification:_identify(src/waypoint_navigation) by extension 'python'
[0.332s] Level 1:colcon.colcon_core.package_identification:_identify(src/waypoint_navigation) by extensions ['python_setup_py']
[0.332s] Level 1:colcon.colcon_core.package_identification:_identify(src/waypoint_navigation) by extension 'python_setup_py'
[0.332s] Level 1:colcon.colcon_core.package_identification:_identify(src/waypoint_navigation/waypoint_navigation) by extensions ['ignore', 'ignore_ament_install']
[0.332s] Level 1:colcon.colcon_core.package_identification:_identify(src/waypoint_navigation/waypoint_navigation) by extension 'ignore'
[0.333s] Level 1:colcon.colcon_core.package_identification:_identify(src/waypoint_navigation/waypoint_navigation) by extension 'ignore_ament_install'
[0.333s] Level 1:colcon.colcon_core.package_identification:_identify(src/waypoint_navigation/waypoint_navigation) by extensions ['colcon_pkg']
[0.333s] Level 1:colcon.colcon_core.package_identification:_identify(src/waypoint_navigation/waypoint_navigation) by extension 'colcon_pkg'
[0.333s] Level 1:colcon.colcon_core.package_identification:_identify(src/waypoint_navigation/waypoint_navigation) by extensions ['colcon_meta']
[0.333s] Level 1:colcon.colcon_core.package_identification:_identify(src/waypoint_navigation/waypoint_navigation) by extension 'colcon_meta'
[0.333s] Level 1:colcon.colcon_core.package_identification:_identify(src/waypoint_navigation/waypoint_navigation) by extensions ['ros']
[0.333s] Level 1:colcon.colcon_core.package_identification:_identify(src/waypoint_navigation/waypoint_navigation) by extension 'ros'
[0.333s] DEBUG:colcon.colcon_core.package_identification:Package 'src/waypoint_navigation/waypoint_navigation' with type 'ros.ament_python' and name 'waypoint_navigation'
[0.333s] Level 1:colcon.colcon_core.package_identification:_identify(src/waypoint_navigation/waypoint_navigation_interfaces) by extensions ['ignore', 'ignore_ament_install']
[0.333s] Level 1:colcon.colcon_core.package_identification:_identify(src/waypoint_navigation/waypoint_navigation_interfaces) by extension 'ignore'
[0.333s] Level 1:colcon.colcon_core.package_identification:_identify(src/waypoint_navigation/waypoint_navigation_interfaces) by extension 'ignore_ament_install'
[0.333s] Level 1:colcon.colcon_core.package_identification:_identify(src/waypoint_navigation/waypoint_navigation_interfaces) by extensions ['colcon_pkg']
[0.333s] Level 1:colcon.colcon_core.package_identification:_identify(src/waypoint_navigation/waypoint_navigation_interfaces) by extension 'colcon_pkg'
[0.333s] Level 1:colcon.colcon_core.package_identification:_identify(src/waypoint_navigation/waypoint_navigation_interfaces) by extensions ['colcon_meta']
[0.333s] Level 1:colcon.colcon_core.package_identification:_identify(src/waypoint_navigation/waypoint_navigation_interfaces) by extension 'colcon_meta'
[0.333s] Level 1:colcon.colcon_core.package_identification:_identify(src/waypoint_navigation/waypoint_navigation_interfaces) by extensions ['ros']
[0.333s] Level 1:colcon.colcon_core.package_identification:_identify(src/waypoint_navigation/waypoint_navigation_interfaces) by extension 'ros'
[0.334s] DEBUG:colcon.colcon_core.package_identification:Package 'src/waypoint_navigation/waypoint_navigation_interfaces' with type 'ros.ament_cmake' and name 'waypoint_navigation_interfaces'
[0.334s] Level 1:colcon.colcon_core.package_discovery:discover_packages(recursive) using defaults
[0.334s] Level 1:colcon.colcon_core.package_discovery:discover_packages(ignore) discover
[0.334s] Level 1:colcon.colcon_core.package_discovery:discover_packages(ignore) using defaults
[0.334s] Level 1:colcon.colcon_core.package_discovery:discover_packages(path) discover
[0.334s] Level 1:colcon.colcon_core.package_discovery:discover_packages(path) using defaults
[0.355s] Level 1:colcon.colcon_core.package_discovery:discover_packages(prefix_path) check parameters
[0.355s] Level 1:colcon.colcon_core.package_discovery:discover_packages(prefix_path) discover
[0.358s] DEBUG:colcon.colcon_installed_package_information.package_discovery:Found 0 installed packages in /home/turtlebot/colcon_ws/install
[0.360s] DEBUG:colcon.colcon_installed_package_information.package_discovery:Found 334 installed packages in /opt/ros/foxy
[0.362s] Level 1:colcon.colcon_core.package_discovery:discover_packages(prefix_path) using defaults
[0.425s] Level 5:colcon.colcon_core.verb:set package 'forward1' build argument 'cmake_args' from command line to 'None'
[0.425s] Level 5:colcon.colcon_core.verb:set package 'forward1' build argument 'cmake_target' from command line to 'None'
[0.425s] Level 5:colcon.colcon_core.verb:set package 'forward1' build argument 'cmake_target_skip_unavailable' from command line to 'False'
[0.425s] Level 5:colcon.colcon_core.verb:set package 'forward1' build argument 'cmake_clean_cache' from command line to 'False'
[0.426s] Level 5:colcon.colcon_core.verb:set package 'forward1' build argument 'cmake_clean_first' from command line to 'False'
[0.426s] Level 5:colcon.colcon_core.verb:set package 'forward1' build argument 'cmake_force_configure' from command line to 'False'
[0.426s] Level 5:colcon.colcon_core.verb:set package 'forward1' build argument 'ament_cmake_args' from command line to 'None'
[0.426s] Level 5:colcon.colcon_core.verb:set package 'forward1' build argument 'catkin_cmake_args' from command line to 'None'
[0.426s] Level 5:colcon.colcon_core.verb:set package 'forward1' build argument 'catkin_skip_building_tests' from command line to 'False'
[0.426s] DEBUG:colcon.colcon_core.verb:Building package 'forward1' with the following arguments: {'ament_cmake_args': None, 'build_base': '/home/turtlebot/robot_ws/build/forward1', 'catkin_cmake_args': None, 'catkin_skip_building_tests': False, 'cmake_args': None, 'cmake_clean_cache': False, 'cmake_clean_first': False, 'cmake_force_configure': False, 'cmake_target': None, 'cmake_target_skip_unavailable': False, 'install_base': '/home/turtlebot/robot_ws/install/forward1', 'merge_install': False, 'path': '/home/turtlebot/robot_ws/src/forward1', 'symlink_install': True, 'test_result_base': None}
[0.427s] Level 5:colcon.colcon_core.verb:set package 'my_navigation_pkg' build argument 'cmake_args' from command line to 'None'
[0.427s] Level 5:colcon.colcon_core.verb:set package 'my_navigation_pkg' build argument 'cmake_target' from command line to 'None'
[0.427s] Level 5:colcon.colcon_core.verb:set package 'my_navigation_pkg' build argument 'cmake_target_skip_unavailable' from command line to 'False'
[0.427s] Level 5:colcon.colcon_core.verb:set package 'my_navigation_pkg' build argument 'cmake_clean_cache' from command line to 'False'
[0.427s] Level 5:colcon.colcon_core.verb:set package 'my_navigation_pkg' build argument 'cmake_clean_first' from command line to 'False'
[0.427s] Level 5:colcon.colcon_core.verb:set package 'my_navigation_pkg' build argument 'cmake_force_configure' from command line to 'False'
[0.427s] Level 5:colcon.colcon_core.verb:set package 'my_navigation_pkg' build argument 'ament_cmake_args' from command line to 'None'
[0.427s] Level 5:colcon.colcon_core.verb:set package 'my_navigation_pkg' build argument 'catkin_cmake_args' from command line to 'None'
[0.427s] Level 5:colcon.colcon_core.verb:set package 'my_navigation_pkg' build argument 'catkin_skip_building_tests' from command line to 'False'
[0.427s] DEBUG:colcon.colcon_core.verb:Building package 'my_navigation_pkg' with the following arguments: {'ament_cmake_args': None, 'build_base': '/home/turtlebot/robot_ws/build/my_navigation_pkg', 'catkin_cmake_args': None, 'catkin_skip_building_tests': False, 'cmake_args': None, 'cmake_clean_cache': False, 'cmake_clean_first': False, 'cmake_force_configure': False, 'cmake_target': None, 'cmake_target_skip_unavailable': False, 'install_base': '/home/turtlebot/robot_ws/install/my_navigation_pkg', 'merge_install': False, 'path': '/home/turtlebot/robot_ws/src/my_navigation_pkg', 'symlink_install': True, 'test_result_base': None}
[0.428s] Level 5:colcon.colcon_core.verb:set package 'waypoint_navigation' build argument 'cmake_args' from command line to 'None'
[0.428s] Level 5:colcon.colcon_core.verb:set package 'waypoint_navigation' build argument 'cmake_target' from command line to 'None'
[0.428s] Level 5:colcon.colcon_core.verb:set package 'waypoint_navigation' build argument 'cmake_target_skip_unavailable' from command line to 'False'
[0.428s] Level 5:colcon.colcon_core.verb:set package 'waypoint_navigation' build argument 'cmake_clean_cache' from command line to 'False'
[0.428s] Level 5:colcon.colcon_core.verb:set package 'waypoint_navigation' build argument 'cmake_clean_first' from command line to 'False'
[0.428s] Level 5:colcon.colcon_core.verb:set package 'waypoint_navigation' build argument 'cmake_force_configure' from command line to 'False'
[0.428s] Level 5:colcon.colcon_core.verb:set package 'waypoint_navigation' build argument 'ament_cmake_args' from command line to 'None'
[0.428s] Level 5:colcon.colcon_core.verb:set package 'waypoint_navigation' build argument 'catkin_cmake_args' from command line to 'None'
[0.428s] Level 5:colcon.colcon_core.verb:set package 'waypoint_navigation' build argument 'catkin_skip_building_tests' from command line to 'False'
[0.428s] DEBUG:colcon.colcon_core.verb:Building package 'waypoint_navigation' with the following arguments: {'ament_cmake_args': None, 'build_base': '/home/turtlebot/robot_ws/build/waypoint_navigation', 'catkin_cmake_args': None, 'catkin_skip_building_tests': False, 'cmake_args': None, 'cmake_clean_cache': False, 'cmake_clean_first': False, 'cmake_force_configure': False, 'cmake_target': None, 'cmake_target_skip_unavailable': False, 'install_base': '/home/turtlebot/robot_ws/install/waypoint_navigation', 'merge_install': False, 'path': '/home/turtlebot/robot_ws/src/waypoint_navigation/waypoint_navigation', 'symlink_install': True, 'test_result_base': None}
[0.429s] Level 5:colcon.colcon_core.verb:set package 'waypoint_navigation_interfaces' build argument 'cmake_args' from command line to 'None'
[0.429s] Level 5:colcon.colcon_core.verb:set package 'waypoint_navigation_interfaces' build argument 'cmake_target' from command line to 'None'
[0.430s] Level 5:colcon.colcon_core.verb:set package 'waypoint_navigation_interfaces' build argument 'cmake_target_skip_unavailable' from command line to 'False'
[0.430s] Level 5:colcon.colcon_core.verb:set package 'waypoint_navigation_interfaces' build argument 'cmake_clean_cache' from command line to 'False'
[0.430s] Level 5:colcon.colcon_core.verb:set package 'waypoint_navigation_interfaces' build argument 'cmake_clean_first' from command line to 'False'
[0.430s] Level 5:colcon.colcon_core.verb:set package 'waypoint_navigation_interfaces' build argument 'cmake_force_configure' from command line to 'False'
[0.430s] Level 5:colcon.colcon_core.verb:set package 'waypoint_navigation_interfaces' build argument 'ament_cmake_args' from command line to 'None'
[0.430s] Level 5:colcon.colcon_core.verb:set package 'waypoint_navigation_interfaces' build argument 'catkin_cmake_args' from command line to 'None'
[0.430s] Level 5:colcon.colcon_core.verb:set package 'waypoint_navigation_interfaces' build argument 'catkin_skip_building_tests' from command line to 'False'
[0.430s] DEBUG:colcon.colcon_core.verb:Building package 'waypoint_navigation_interfaces' with the following arguments: {'ament_cmake_args': None, 'build_base': '/home/turtlebot/robot_ws/build/waypoint_navigation_interfaces', 'catkin_cmake_args': None, 'catkin_skip_building_tests': False, 'cmake_args': None, 'cmake_clean_cache': False, 'cmake_clean_first': False, 'cmake_force_configure': False, 'cmake_target': None, 'cmake_target_skip_unavailable': False, 'install_base': '/home/turtlebot/robot_ws/install/waypoint_navigation_interfaces', 'merge_install': False, 'path': '/home/turtlebot/robot_ws/src/waypoint_navigation/waypoint_navigation_interfaces', 'symlink_install': True, 'test_result_base': None}
[0.431s] INFO:colcon.colcon_core.executor:Executing jobs using 'parallel' executor
[0.437s] DEBUG:colcon.colcon_parallel_executor.executor.parallel:run_until_complete
[0.437s] INFO:colcon.colcon_ros.task.ament_python.build:Building ROS package in '/home/turtlebot/robot_ws/src/forward1' with build type 'ament_python'
[0.437s] Level 1:colcon.colcon_core.shell:create_environment_hook('forward1', 'ament_prefix_path')
[0.442s] INFO:colcon.colcon_core.plugin_system:Skipping extension 'colcon_core.shell.bat': Not used on non-Windows systems
[0.443s] INFO:colcon.colcon_core.shell:Creating environment hook '/home/turtlebot/robot_ws/install/forward1/share/forward1/hook/ament_prefix_path.ps1'
[0.443s] INFO:colcon.colcon_core.shell:Creating environment descriptor '/home/turtlebot/robot_ws/install/forward1/share/forward1/hook/ament_prefix_path.dsv'
[0.444s] INFO:colcon.colcon_core.shell:Creating environment hook '/home/turtlebot/robot_ws/install/forward1/share/forward1/hook/ament_prefix_path.sh'
[0.446s] INFO:colcon.colcon_core.shell:Skip shell extension 'powershell' for command environment: Not usable outside of PowerShell
[0.446s] DEBUG:colcon.colcon_core.shell:Skip shell extension 'dsv' for command environment
[0.454s] INFO:colcon.colcon_ros.task.ament_python.build:Building ROS package in '/home/turtlebot/robot_ws/src/my_navigation_pkg' with build type 'ament_python'
[0.455s] Level 1:colcon.colcon_core.shell:create_environment_hook('my_navigation_pkg', 'ament_prefix_path')
[0.457s] INFO:colcon.colcon_core.shell:Creating environment hook '/home/turtlebot/robot_ws/install/my_navigation_pkg/share/my_navigation_pkg/hook/ament_prefix_path.ps1'
[0.458s] INFO:colcon.colcon_core.shell:Creating environment descriptor '/home/turtlebot/robot_ws/install/my_navigation_pkg/share/my_navigation_pkg/hook/ament_prefix_path.dsv'
[0.459s] INFO:colcon.colcon_core.shell:Creating environment hook '/home/turtlebot/robot_ws/install/my_navigation_pkg/share/my_navigation_pkg/hook/ament_prefix_path.sh'
[0.462s] INFO:colcon.colcon_core.shell:Skip shell extension 'powershell' for command environment: Not usable outside of PowerShell
[0.462s] DEBUG:colcon.colcon_core.shell:Skip shell extension 'dsv' for command environment
[0.669s] INFO:colcon.colcon_core.task.python.build:Building Python package in '/home/turtlebot/robot_ws/src/forward1'
[0.673s] INFO:colcon.colcon_core.shell:Skip shell extension 'powershell' for command environment: Not usable outside of PowerShell
[0.673s] DEBUG:colcon.colcon_core.shell:Skip shell extension 'dsv' for command environment
[0.859s] INFO:colcon.colcon_core.task.python.build:Building Python package in '/home/turtlebot/robot_ws/src/my_navigation_pkg'
[0.862s] INFO:colcon.colcon_core.shell:Skip shell extension 'powershell' for command environment: Not usable outside of PowerShell
[0.862s] DEBUG:colcon.colcon_core.shell:Skip shell extension 'dsv' for command environment
[1.201s] DEBUG:colcon.colcon_core.event_handler.log_command:Invoking command in '/home/turtlebot/robot_ws/build/my_navigation_pkg': PYTHONPATH=/home/turtlebot/robot_ws/build/my_navigation_pkg/prefix_override:/home/turtlebot/robot_ws/install/my_navigation_pkg/lib/python3.8/site-packages:${PYTHONPATH} /usr/bin/python3 setup.py develop --editable --build-directory /home/turtlebot/robot_ws/build/my_navigation_pkg/build --no-deps install_data
[1.215s] DEBUG:colcon.colcon_core.event_handler.log_command:Invoking command in '/home/turtlebot/robot_ws/build/forward1': PYTHONPATH=/home/turtlebot/robot_ws/build/forward1/prefix_override:/home/turtlebot/robot_ws/install/forward1/lib/python3.8/site-packages:${PYTHONPATH} /usr/bin/python3 setup.py develop --editable --build-directory /home/turtlebot/robot_ws/build/forward1/build --no-deps install_data
[1.595s] Level 1:colcon.colcon_core.shell:create_environment_hook('my_navigation_pkg', 'pythonpath_develop')
[1.598s] INFO:colcon.colcon_core.shell:Creating environment hook '/home/turtlebot/robot_ws/build/my_navigation_pkg/share/my_navigation_pkg/hook/pythonpath_develop.ps1'
[1.598s] DEBUG:colcon.colcon_core.event_handler.log_command:Invoked command in '/home/turtlebot/robot_ws/build/my_navigation_pkg' returned '0': PYTHONPATH=/home/turtlebot/robot_ws/build/my_navigation_pkg/prefix_override:/home/turtlebot/robot_ws/install/my_navigation_pkg/lib/python3.8/site-packages:${PYTHONPATH} /usr/bin/python3 setup.py develop --editable --build-directory /home/turtlebot/robot_ws/build/my_navigation_pkg/build --no-deps install_data
[1.599s] INFO:colcon.colcon_core.shell:Creating environment descriptor '/home/turtlebot/robot_ws/build/my_navigation_pkg/share/my_navigation_pkg/hook/pythonpath_develop.dsv'
[1.599s] INFO:colcon.colcon_core.shell:Creating environment hook '/home/turtlebot/robot_ws/build/my_navigation_pkg/share/my_navigation_pkg/hook/pythonpath_develop.sh'
[1.607s] Level 1:colcon.colcon_core.environment:checking '/home/turtlebot/robot_ws/install/my_navigation_pkg' for CMake module files
[1.607s] Level 1:colcon.colcon_core.environment:checking '/home/turtlebot/robot_ws/install/my_navigation_pkg' for CMake config files
[1.608s] Level 1:colcon.colcon_core.environment:checking '/home/turtlebot/robot_ws/install/my_navigation_pkg/lib'
[1.608s] Level 1:colcon.colcon_core.environment:checking '/home/turtlebot/robot_ws/install/my_navigation_pkg/bin'
[1.608s] Level 1:colcon.colcon_core.environment:checking '/home/turtlebot/robot_ws/install/my_navigation_pkg/lib/pkgconfig/my_navigation_pkg.pc'
[1.609s] Level 1:colcon.colcon_core.environment:checking '/home/turtlebot/robot_ws/install/my_navigation_pkg/lib/python3.8/site-packages'
[1.609s] Level 1:colcon.colcon_core.shell:create_environment_hook('my_navigation_pkg', 'pythonpath')
[1.611s] INFO:colcon.colcon_core.shell:Creating environment hook '/home/turtlebot/robot_ws/install/my_navigation_pkg/share/my_navigation_pkg/hook/pythonpath.ps1'
[1.611s] INFO:colcon.colcon_core.shell:Creating environment descriptor '/home/turtlebot/robot_ws/install/my_navigation_pkg/share/my_navigation_pkg/hook/pythonpath.dsv'
[1.612s] INFO:colcon.colcon_core.shell:Creating environment hook '/home/turtlebot/robot_ws/install/my_navigation_pkg/share/my_navigation_pkg/hook/pythonpath.sh'
[1.613s] Level 1:colcon.colcon_core.environment:checking '/home/turtlebot/robot_ws/install/my_navigation_pkg/bin'
[1.613s] Level 1:colcon.colcon_core.environment:create_environment_scripts_only(my_navigation_pkg)
[1.615s] INFO:colcon.colcon_core.shell:Creating package script '/home/turtlebot/robot_ws/install/my_navigation_pkg/share/my_navigation_pkg/package.ps1'
[1.616s] INFO:colcon.colcon_core.shell:Creating package descriptor '/home/turtlebot/robot_ws/install/my_navigation_pkg/share/my_navigation_pkg/package.dsv'
[1.617s] INFO:colcon.colcon_core.shell:Creating package script '/home/turtlebot/robot_ws/install/my_navigation_pkg/share/my_navigation_pkg/package.sh'
[1.617s] INFO:colcon.colcon_core.shell:Creating package script '/home/turtlebot/robot_ws/install/my_navigation_pkg/share/my_navigation_pkg/package.bash'
[1.618s] INFO:colcon.colcon_core.shell:Creating package script '/home/turtlebot/robot_ws/install/my_navigation_pkg/share/my_navigation_pkg/package.zsh'
[1.619s] Level 1:colcon.colcon_core.environment:create_file_with_runtime_dependencies(/home/turtlebot/robot_ws/install/my_navigation_pkg/share/colcon-core/packages/my_navigation_pkg)
[1.620s] INFO:colcon.colcon_ros.task.ament_python.build:Building ROS package in '/home/turtlebot/robot_ws/src/waypoint_navigation/waypoint_navigation' with build type 'ament_python'
[1.620s] Level 1:colcon.colcon_core.shell:create_environment_hook('waypoint_navigation', 'ament_prefix_path')
[1.622s] INFO:colcon.colcon_core.shell:Creating environment hook '/home/turtlebot/robot_ws/install/waypoint_navigation/share/waypoint_navigation/hook/ament_prefix_path.ps1'
[1.623s] INFO:colcon.colcon_core.shell:Creating environment descriptor '/home/turtlebot/robot_ws/install/waypoint_navigation/share/waypoint_navigation/hook/ament_prefix_path.dsv'
[1.623s] INFO:colcon.colcon_core.shell:Creating environment hook '/home/turtlebot/robot_ws/install/waypoint_navigation/share/waypoint_navigation/hook/ament_prefix_path.sh'
[1.625s] INFO:colcon.colcon_core.shell:Skip shell extension 'powershell' for command environment: Not usable outside of PowerShell
[1.625s] DEBUG:colcon.colcon_core.shell:Skip shell extension 'dsv' for command environment
[1.634s] Level 1:colcon.colcon_core.shell:create_environment_hook('forward1', 'pythonpath_develop')
[1.637s] INFO:colcon.colcon_core.shell:Creating environment hook '/home/turtlebot/robot_ws/build/forward1/share/forward1/hook/pythonpath_develop.ps1'
[1.638s] DEBUG:colcon.colcon_core.event_handler.log_command:Invoked command in '/home/turtlebot/robot_ws/build/forward1' returned '0': PYTHONPATH=/home/turtlebot/robot_ws/build/forward1/prefix_override:/home/turtlebot/robot_ws/install/forward1/lib/python3.8/site-packages:${PYTHONPATH} /usr/bin/python3 setup.py develop --editable --build-directory /home/turtlebot/robot_ws/build/forward1/build --no-deps install_data
[1.638s] INFO:colcon.colcon_core.shell:Creating environment descriptor '/home/turtlebot/robot_ws/build/forward1/share/forward1/hook/pythonpath_develop.dsv'
[1.639s] INFO:colcon.colcon_core.shell:Creating environment hook '/home/turtlebot/robot_ws/build/forward1/share/forward1/hook/pythonpath_develop.sh'
[1.644s] Level 1:colcon.colcon_core.environment:checking '/home/turtlebot/robot_ws/install/forward1' for CMake module files
[1.644s] Level 1:colcon.colcon_core.environment:checking '/home/turtlebot/robot_ws/install/forward1' for CMake config files
[1.644s] Level 1:colcon.colcon_core.environment:checking '/home/turtlebot/robot_ws/install/forward1/lib'
[1.644s] Level 1:colcon.colcon_core.environment:checking '/home/turtlebot/robot_ws/install/forward1/bin'
[1.644s] Level 1:colcon.colcon_core.environment:checking '/home/turtlebot/robot_ws/install/forward1/lib/pkgconfig/forward1.pc'
[1.645s] Level 1:colcon.colcon_core.environment:checking '/home/turtlebot/robot_ws/install/forward1/lib/python3.8/site-packages'
[1.645s] Level 1:colcon.colcon_core.shell:create_environment_hook('forward1', 'pythonpath')
[1.648s] INFO:colcon.colcon_core.shell:Creating environment hook '/home/turtlebot/robot_ws/install/forward1/share/forward1/hook/pythonpath.ps1'
[1.649s] INFO:colcon.colcon_core.shell:Creating environment descriptor '/home/turtlebot/robot_ws/install/forward1/share/forward1/hook/pythonpath.dsv'
[1.649s] INFO:colcon.colcon_core.shell:Creating environment hook '/home/turtlebot/robot_ws/install/forward1/share/forward1/hook/pythonpath.sh'
[1.650s] Level 1:colcon.colcon_core.environment:checking '/home/turtlebot/robot_ws/install/forward1/bin'
[1.650s] Level 1:colcon.colcon_core.environment:create_environment_scripts_only(forward1)
[1.652s] INFO:colcon.colcon_core.shell:Creating package script '/home/turtlebot/robot_ws/install/forward1/share/forward1/package.ps1'
[1.653s] INFO:colcon.colcon_core.shell:Creating package descriptor '/home/turtlebot/robot_ws/install/forward1/share/forward1/package.dsv'
[1.654s] INFO:colcon.colcon_core.shell:Creating package script '/home/turtlebot/robot_ws/install/forward1/share/forward1/package.sh'
[1.654s] INFO:colcon.colcon_core.shell:Creating package script '/home/turtlebot/robot_ws/install/forward1/share/forward1/package.bash'
[1.654s] INFO:colcon.colcon_core.shell:Creating package script '/home/turtlebot/robot_ws/install/forward1/share/forward1/package.zsh'
[1.655s] Level 1:colcon.colcon_core.environment:create_file_with_runtime_dependencies(/home/turtlebot/robot_ws/install/forward1/share/colcon-core/packages/forward1)
[1.656s] INFO:colcon.colcon_ros.task.ament_cmake.build:Building ROS package in '/home/turtlebot/robot_ws/src/waypoint_navigation/waypoint_navigation_interfaces' with build type 'ament_cmake'
[1.656s] INFO:colcon.colcon_cmake.task.cmake.build:Building CMake package in '/home/turtlebot/robot_ws/src/waypoint_navigation/waypoint_navigation_interfaces'
[1.659s] INFO:colcon.colcon_core.shell:Skip shell extension 'powershell' for command environment: Not usable outside of PowerShell
[1.659s] DEBUG:colcon.colcon_core.shell:Skip shell extension 'dsv' for command environment
[1.861s] INFO:colcon.colcon_core.task.python.build:Building Python package in '/home/turtlebot/robot_ws/src/waypoint_navigation/waypoint_navigation'
[1.864s] INFO:colcon.colcon_core.shell:Skip shell extension 'powershell' for command environment: Not usable outside of PowerShell
[1.864s] DEBUG:colcon.colcon_core.shell:Skip shell extension 'dsv' for command environment
[1.877s] DEBUG:colcon.colcon_core.event_handler.log_command:Invoking command in '/home/turtlebot/robot_ws/build/waypoint_navigation_interfaces': CMAKE_PREFIX_PATH=/opt/ros/foxy /usr/bin/cmake /home/turtlebot/robot_ws/src/waypoint_navigation/waypoint_navigation_interfaces -DAMENT_CMAKE_SYMLINK_INSTALL=1 -DCMAKE_INSTALL_PREFIX=/home/turtlebot/robot_ws/install/waypoint_navigation_interfaces
[2.224s] DEBUG:colcon.colcon_core.task.python.build:While undoing a previous installation files outside the Python library path are being ignored: /home/turtlebot/robot_ws/install/waypoint_navigation/share/ament_index/resource_index/packages/waypoint_navigation
[2.224s] DEBUG:colcon.colcon_core.task.python.build:While undoing a previous installation files outside the Python library path are being ignored: /home/turtlebot/robot_ws/install/waypoint_navigation/share/waypoint_navigation/package.xml
[2.224s] DEBUG:colcon.colcon_core.task.python.build:While undoing a previous installation files outside the Python library path are being ignored: /home/turtlebot/robot_ws/install/waypoint_navigation/share/waypoint_navigation/params/apartamento_leon.yaml
[2.225s] DEBUG:colcon.colcon_core.task.python.build:While undoing a previous installation files outside the Python library path are being ignored: /home/turtlebot/robot_ws/install/waypoint_navigation/share/waypoint_navigation/waypoint_navigation.launch.py
[2.225s] DEBUG:colcon.colcon_core.task.python.build:While undoing a previous installation files outside the Python library path are being ignored: /home/turtlebot/robot_ws/install/waypoint_navigation/lib/waypoint_navigation/waypoint_navigation_node
[2.230s] DEBUG:colcon.colcon_core.event_handler.log_command:Invoking command in '/home/turtlebot/robot_ws/build/waypoint_navigation': PYTHONPATH=/home/turtlebot/robot_ws/build/waypoint_navigation/prefix_override:/home/turtlebot/robot_ws/install/waypoint_navigation/lib/python3.8/site-packages:${PYTHONPATH} /usr/bin/python3 setup.py develop --editable --build-directory /home/turtlebot/robot_ws/build/waypoint_navigation/build --no-deps install_data
[2.623s] Level 1:colcon.colcon_core.shell:create_environment_hook('waypoint_navigation', 'pythonpath_develop')
[2.626s] INFO:colcon.colcon_core.shell:Creating environment hook '/home/turtlebot/robot_ws/build/waypoint_navigation/share/waypoint_navigation/hook/pythonpath_develop.ps1'
[2.626s] DEBUG:colcon.colcon_core.event_handler.log_command:Invoked command in '/home/turtlebot/robot_ws/build/waypoint_navigation' returned '0': PYTHONPATH=/home/turtlebot/robot_ws/build/waypoint_navigation/prefix_override:/home/turtlebot/robot_ws/install/waypoint_navigation/lib/python3.8/site-packages:${PYTHONPATH} /usr/bin/python3 setup.py develop --editable --build-directory /home/turtlebot/robot_ws/build/waypoint_navigation/build --no-deps install_data
[2.627s] INFO:colcon.colcon_core.shell:Creating environment descriptor '/home/turtlebot/robot_ws/build/waypoint_navigation/share/waypoint_navigation/hook/pythonpath_develop.dsv'
[2.627s] INFO:colcon.colcon_core.shell:Creating environment hook '/home/turtlebot/robot_ws/build/waypoint_navigation/share/waypoint_navigation/hook/pythonpath_develop.sh'
[2.631s] Level 1:colcon.colcon_core.environment:checking '/home/turtlebot/robot_ws/install/waypoint_navigation' for CMake module files
[2.631s] Level 1:colcon.colcon_core.environment:checking '/home/turtlebot/robot_ws/install/waypoint_navigation' for CMake config files
[2.632s] Level 1:colcon.colcon_core.environment:checking '/home/turtlebot/robot_ws/install/waypoint_navigation/lib'
[2.632s] Level 1:colcon.colcon_core.environment:checking '/home/turtlebot/robot_ws/install/waypoint_navigation/bin'
[2.632s] Level 1:colcon.colcon_core.environment:checking '/home/turtlebot/robot_ws/install/waypoint_navigation/lib/pkgconfig/waypoint_navigation.pc'
[2.632s] Level 1:colcon.colcon_core.environment:checking '/home/turtlebot/robot_ws/install/waypoint_navigation/lib/python3.8/site-packages'
[2.632s] Level 1:colcon.colcon_core.shell:create_environment_hook('waypoint_navigation', 'pythonpath')
[2.636s] INFO:colcon.colcon_core.shell:Creating environment hook '/home/turtlebot/robot_ws/install/waypoint_navigation/share/waypoint_navigation/hook/pythonpath.ps1'
[2.636s] INFO:colcon.colcon_core.shell:Creating environment descriptor '/home/turtlebot/robot_ws/install/waypoint_navigation/share/waypoint_navigation/hook/pythonpath.dsv'
[2.637s] INFO:colcon.colcon_core.shell:Creating environment hook '/home/turtlebot/robot_ws/install/waypoint_navigation/share/waypoint_navigation/hook/pythonpath.sh'
[2.637s] Level 1:colcon.colcon_core.environment:checking '/home/turtlebot/robot_ws/install/waypoint_navigation/bin'
[2.637s] Level 1:colcon.colcon_core.environment:create_environment_scripts_only(waypoint_navigation)
[2.639s] INFO:colcon.colcon_core.shell:Creating package script '/home/turtlebot/robot_ws/install/waypoint_navigation/share/waypoint_navigation/package.ps1'
[2.640s] INFO:colcon.colcon_core.shell:Creating package descriptor '/home/turtlebot/robot_ws/install/waypoint_navigation/share/waypoint_navigation/package.dsv'
[2.640s] INFO:colcon.colcon_core.shell:Creating package script '/home/turtlebot/robot_ws/install/waypoint_navigation/share/waypoint_navigation/package.sh'
[2.641s] INFO:colcon.colcon_core.shell:Creating package script '/home/turtlebot/robot_ws/install/waypoint_navigation/share/waypoint_navigation/package.bash'
[2.641s] INFO:colcon.colcon_core.shell:Creating package script '/home/turtlebot/robot_ws/install/waypoint_navigation/share/waypoint_navigation/package.zsh'
[2.642s] Level 1:colcon.colcon_core.environment:create_file_with_runtime_dependencies(/home/turtlebot/robot_ws/install/waypoint_navigation/share/colcon-core/packages/waypoint_navigation)
[3.270s] DEBUG:colcon.colcon_core.event_handler.log_command:Invoked command in '/home/turtlebot/robot_ws/build/waypoint_navigation_interfaces' returned '0': CMAKE_PREFIX_PATH=/opt/ros/foxy /usr/bin/cmake /home/turtlebot/robot_ws/src/waypoint_navigation/waypoint_navigation_interfaces -DAMENT_CMAKE_SYMLINK_INSTALL=1 -DCMAKE_INSTALL_PREFIX=/home/turtlebot/robot_ws/install/waypoint_navigation_interfaces
[3.271s] DEBUG:colcon.colcon_core.event_handler.log_command:Invoking command in '/home/turtlebot/robot_ws/build/waypoint_navigation_interfaces': CMAKE_PREFIX_PATH=/opt/ros/foxy /usr/bin/cmake --build /home/turtlebot/robot_ws/build/waypoint_navigation_interfaces -- -j2 -l2
[3.881s] DEBUG:colcon.colcon_core.event_handler.log_command:Invoked command in '/home/turtlebot/robot_ws/build/waypoint_navigation_interfaces' returned '0': CMAKE_PREFIX_PATH=/opt/ros/foxy /usr/bin/cmake --build /home/turtlebot/robot_ws/build/waypoint_navigation_interfaces -- -j2 -l2
[3.999s] DEBUG:colcon.colcon_core.event_handler.log_command:Invoking command in '/home/turtlebot/robot_ws/build/waypoint_navigation_interfaces': CMAKE_PREFIX_PATH=/opt/ros/foxy /usr/bin/cmake --install /home/turtlebot/robot_ws/build/waypoint_navigation_interfaces
[5.117s] Level 1:colcon.colcon_core.environment:create_environment_scripts_only(waypoint_navigation_interfaces)
[5.121s] Level 1:colcon.colcon_core.environment:checking '/home/turtlebot/robot_ws/install/waypoint_navigation_interfaces' for CMake module files
[5.122s] DEBUG:colcon.colcon_core.event_handler.log_command:Invoked command in '/home/turtlebot/robot_ws/build/waypoint_navigation_interfaces' returned '0': CMAKE_PREFIX_PATH=/opt/ros/foxy /usr/bin/cmake --install /home/turtlebot/robot_ws/build/waypoint_navigation_interfaces
[5.122s] Level 1:colcon.colcon_core.environment:checking '/home/turtlebot/robot_ws/install/waypoint_navigation_interfaces' for CMake config files
[5.123s] Level 1:colcon.colcon_core.shell:create_environment_hook('waypoint_navigation_interfaces', 'cmake_prefix_path')
[5.126s] INFO:colcon.colcon_core.shell:Creating environment hook '/home/turtlebot/robot_ws/install/waypoint_navigation_interfaces/share/waypoint_navigation_interfaces/hook/cmake_prefix_path.ps1'
[5.126s] INFO:colcon.colcon_core.shell:Creating environment descriptor '/home/turtlebot/robot_ws/install/waypoint_navigation_interfaces/share/waypoint_navigation_interfaces/hook/cmake_prefix_path.dsv'
[5.127s] INFO:colcon.colcon_core.shell:Creating environment hook '/home/turtlebot/robot_ws/install/waypoint_navigation_interfaces/share/waypoint_navigation_interfaces/hook/cmake_prefix_path.sh'
[5.128s] Level 1:colcon.colcon_core.environment:checking '/home/turtlebot/robot_ws/install/waypoint_navigation_interfaces/lib'
[5.128s] Level 1:colcon.colcon_core.shell:create_environment_hook('waypoint_navigation_interfaces', 'ld_library_path_lib')
[5.130s] INFO:colcon.colcon_core.shell:Creating environment hook '/home/turtlebot/robot_ws/install/waypoint_navigation_interfaces/share/waypoint_navigation_interfaces/hook/ld_library_path_lib.ps1'
[5.130s] INFO:colcon.colcon_core.shell:Creating environment descriptor '/home/turtlebot/robot_ws/install/waypoint_navigation_interfaces/share/waypoint_navigation_interfaces/hook/ld_library_path_lib.dsv'
[5.130s] INFO:colcon.colcon_core.shell:Creating environment hook '/home/turtlebot/robot_ws/install/waypoint_navigation_interfaces/share/waypoint_navigation_interfaces/hook/ld_library_path_lib.sh'
[5.131s] Level 1:colcon.colcon_core.environment:checking '/home/turtlebot/robot_ws/install/waypoint_navigation_interfaces/bin'
[5.131s] Level 1:colcon.colcon_core.environment:checking '/home/turtlebot/robot_ws/install/waypoint_navigation_interfaces/lib/pkgconfig/waypoint_navigation_interfaces.pc'
[5.131s] Level 1:colcon.colcon_core.environment:checking '/home/turtlebot/robot_ws/install/waypoint_navigation_interfaces/lib/python3.8/site-packages'
[5.131s] Level 1:colcon.colcon_core.shell:create_environment_hook('waypoint_navigation_interfaces', 'pythonpath')
[5.133s] INFO:colcon.colcon_core.shell:Creating environment hook '/home/turtlebot/robot_ws/install/waypoint_navigation_interfaces/share/waypoint_navigation_interfaces/hook/pythonpath.ps1'
[5.134s] INFO:colcon.colcon_core.shell:Creating environment descriptor '/home/turtlebot/robot_ws/install/waypoint_navigation_interfaces/share/waypoint_navigation_interfaces/hook/pythonpath.dsv'
[5.134s] INFO:colcon.colcon_core.shell:Creating environment hook '/home/turtlebot/robot_ws/install/waypoint_navigation_interfaces/share/waypoint_navigation_interfaces/hook/pythonpath.sh'
[5.135s] Level 1:colcon.colcon_core.environment:checking '/home/turtlebot/robot_ws/install/waypoint_navigation_interfaces/bin'
[5.137s] INFO:colcon.colcon_core.shell:Creating package script '/home/turtlebot/robot_ws/install/waypoint_navigation_interfaces/share/waypoint_navigation_interfaces/package.ps1'
[5.138s] INFO:colcon.colcon_core.shell:Creating package descriptor '/home/turtlebot/robot_ws/install/waypoint_navigation_interfaces/share/waypoint_navigation_interfaces/package.dsv'
[5.139s] INFO:colcon.colcon_core.shell:Creating package script '/home/turtlebot/robot_ws/install/waypoint_navigation_interfaces/share/waypoint_navigation_interfaces/package.sh'
[5.139s] INFO:colcon.colcon_core.shell:Creating package script '/home/turtlebot/robot_ws/install/waypoint_navigation_interfaces/share/waypoint_navigation_interfaces/package.bash'
[5.140s] INFO:colcon.colcon_core.shell:Creating package script '/home/turtlebot/robot_ws/install/waypoint_navigation_interfaces/share/waypoint_navigation_interfaces/package.zsh'
[5.140s] Level 1:colcon.colcon_core.environment:create_file_with_runtime_dependencies(/home/turtlebot/robot_ws/install/waypoint_navigation_interfaces/share/colcon-core/packages/waypoint_navigation_interfaces)
[5.247s] Level 1:colcon.colcon_core.environment:create_environment_scripts_only(waypoint_navigation_interfaces)
[5.250s] Level 1:colcon.colcon_core.environment:checking '/home/turtlebot/robot_ws/install/waypoint_navigation_interfaces' for CMake module files
[5.251s] Level 1:colcon.colcon_core.environment:checking '/home/turtlebot/robot_ws/install/waypoint_navigation_interfaces' for CMake config files
[5.251s] Level 1:colcon.colcon_core.shell:create_environment_hook('waypoint_navigation_interfaces', 'cmake_prefix_path')
[5.253s] INFO:colcon.colcon_core.shell:Creating environment hook '/home/turtlebot/robot_ws/install/waypoint_navigation_interfaces/share/waypoint_navigation_interfaces/hook/cmake_prefix_path.ps1'
[5.254s] INFO:colcon.colcon_core.shell:Creating environment descriptor '/home/turtlebot/robot_ws/install/waypoint_navigation_interfaces/share/waypoint_navigation_interfaces/hook/cmake_prefix_path.dsv'
[5.255s] INFO:colcon.colcon_core.shell:Creating environment hook '/home/turtlebot/robot_ws/install/waypoint_navigation_interfaces/share/waypoint_navigation_interfaces/hook/cmake_prefix_path.sh'
[5.255s] Level 1:colcon.colcon_core.environment:checking '/home/turtlebot/robot_ws/install/waypoint_navigation_interfaces/lib'
[5.255s] Level 1:colcon.colcon_core.shell:create_environment_hook('waypoint_navigation_interfaces', 'ld_library_path_lib')
[5.257s] INFO:colcon.colcon_core.shell:Creating environment hook '/home/turtlebot/robot_ws/install/waypoint_navigation_interfaces/share/waypoint_navigation_interfaces/hook/ld_library_path_lib.ps1'
[5.258s] INFO:colcon.colcon_core.shell:Creating environment descriptor '/home/turtlebot/robot_ws/install/waypoint_navigation_interfaces/share/waypoint_navigation_interfaces/hook/ld_library_path_lib.dsv'
[5.258s] INFO:colcon.colcon_core.shell:Creating environment hook '/home/turtlebot/robot_ws/install/waypoint_navigation_interfaces/share/waypoint_navigation_interfaces/hook/ld_library_path_lib.sh'
[5.258s] Level 1:colcon.colcon_core.environment:checking '/home/turtlebot/robot_ws/install/waypoint_navigation_interfaces/bin'
[5.258s] Level 1:colcon.colcon_core.environment:checking '/home/turtlebot/robot_ws/install/waypoint_navigation_interfaces/lib/pkgconfig/waypoint_navigation_interfaces.pc'
[5.259s] Level 1:colcon.colcon_core.environment:checking '/home/turtlebot/robot_ws/install/waypoint_navigation_interfaces/lib/python3.8/site-packages'
[5.259s] Level 1:colcon.colcon_core.shell:create_environment_hook('waypoint_navigation_interfaces', 'pythonpath')
[5.261s] INFO:colcon.colcon_core.shell:Creating environment hook '/home/turtlebot/robot_ws/install/waypoint_navigation_interfaces/share/waypoint_navigation_interfaces/hook/pythonpath.ps1'
[5.261s] INFO:colcon.colcon_core.shell:Creating environment descriptor '/home/turtlebot/robot_ws/install/waypoint_navigation_interfaces/share/waypoint_navigation_interfaces/hook/pythonpath.dsv'
[5.261s] INFO:colcon.colcon_core.shell:Creating environment hook '/home/turtlebot/robot_ws/install/waypoint_navigation_interfaces/share/waypoint_navigation_interfaces/hook/pythonpath.sh'
[5.262s] Level 1:colcon.colcon_core.environment:checking '/home/turtlebot/robot_ws/install/waypoint_navigation_interfaces/bin'
[5.264s] INFO:colcon.colcon_core.shell:Creating package script '/home/turtlebot/robot_ws/install/waypoint_navigation_interfaces/share/waypoint_navigation_interfaces/package.ps1'
[5.266s] INFO:colcon.colcon_core.shell:Creating package descriptor '/home/turtlebot/robot_ws/install/waypoint_navigation_interfaces/share/waypoint_navigation_interfaces/package.dsv'
[5.266s] INFO:colcon.colcon_core.shell:Creating package script '/home/turtlebot/robot_ws/install/waypoint_navigation_interfaces/share/waypoint_navigation_interfaces/package.sh'
[5.266s] INFO:colcon.colcon_core.shell:Creating package script '/home/turtlebot/robot_ws/install/waypoint_navigation_interfaces/share/waypoint_navigation_interfaces/package.bash'
[5.267s] INFO:colcon.colcon_core.shell:Creating package script '/home/turtlebot/robot_ws/install/waypoint_navigation_interfaces/share/waypoint_navigation_interfaces/package.zsh'
[5.267s] Level 1:colcon.colcon_core.environment:create_file_with_runtime_dependencies(/home/turtlebot/robot_ws/install/waypoint_navigation_interfaces/share/colcon-core/packages/waypoint_navigation_interfaces)
[5.268s] DEBUG:colcon.colcon_parallel_executor.executor.parallel:closing loop
[5.268s] DEBUG:colcon.colcon_parallel_executor.executor.parallel:loop closed
[5.268s] DEBUG:colcon.colcon_parallel_executor.executor.parallel:run_until_complete finished with '0'
[5.268s] DEBUG:colcon.colcon_core.event_reactor:joining thread
[5.274s] INFO:colcon.colcon_core.plugin_system:Skipping extension 'colcon_notification.desktop_notification.terminal_notifier': Not used on non-Darwin systems
[5.274s] INFO:colcon.colcon_core.plugin_system:Skipping extension 'colcon_notification.desktop_notification.win32': Not used on non-Windows systems
[5.274s] INFO:colcon.colcon_notification.desktop_notification:Sending desktop notification using 'notify2'
[5.290s] DEBUG:colcon.colcon_core.event_reactor:joined thread
[5.293s] INFO:colcon.colcon_core.shell:Creating prefix script '/home/turtlebot/robot_ws/install/local_setup.ps1'
[5.294s] INFO:colcon.colcon_core.shell:Creating prefix util module '/home/turtlebot/robot_ws/install/_local_setup_util_ps1.py'
[5.295s] INFO:colcon.colcon_core.shell:Creating prefix chain script '/home/turtlebot/robot_ws/install/setup.ps1'
[5.299s] INFO:colcon.colcon_core.shell:Creating prefix script '/home/turtlebot/robot_ws/install/local_setup.sh'
[5.300s] INFO:colcon.colcon_core.shell:Creating prefix util module '/home/turtlebot/robot_ws/install/_local_setup_util_sh.py'
[5.301s] INFO:colcon.colcon_core.shell:Creating prefix chain script '/home/turtlebot/robot_ws/install/setup.sh'
[5.302s] INFO:colcon.colcon_core.shell:Creating prefix script '/home/turtlebot/robot_ws/install/local_setup.bash'
[5.306s] INFO:colcon.colcon_core.shell:Creating prefix chain script '/home/turtlebot/robot_ws/install/setup.bash'
[5.308s] INFO:colcon.colcon_core.shell:Creating prefix script '/home/turtlebot/robot_ws/install/local_setup.zsh'
[5.308s] INFO:colcon.colcon_core.shell:Creating prefix chain script '/home/turtlebot/robot_ws/install/setup.zsh'
