-- The C compiler identification is GNU 9.4.0
-- The CXX compiler identification is GNU 9.4.0
-- Check for working C compiler: /usr/bin/cc
-- Check for working C compiler: /usr/bin/cc -- works
-- Detecting C compiler ABI info
-- Detecting C compiler ABI info - done
-- Detecting C compile features
-- Detecting C compile features - done
-- Check for working CXX compiler: /usr/bin/c++
-- Check for working CXX compiler: /usr/bin/c++ -- works
-- Detecting CXX compiler ABI info
-- Detecting CXX compiler ABI info - done
-- Detecting CXX compile features
-- Detecting CXX compile features - done
-- Found ament_cmake: 0.9.11 (/opt/ros/foxy/share/ament_cmake/cmake)
-- Found PythonInterp: /usr/bin/python3 (found suitable version "3.8.10", minimum required is "3") 
-- Using PYTHON_EXECUTABLE: /usr/bin/python3
-- Override CMake install command with custom implementation using symlinks instead of copying resources
-- Found nav2_common: 0.4.7 (/home/turtlebot/nav2_ws/install/nav2_common/share/nav2_common/cmake)
-- Found rclcpp: 2.4.2 (/opt/ros/foxy/share/rclcpp/cmake)
-- Using all available rosidl_typesupport_c: rosidl_typesupport_fastrtps_c;rosidl_typesupport_introspection_c
-- Found rosidl_adapter: 1.3.0 (/opt/ros/foxy/share/rosidl_adapter/cmake)
-- Found OpenSSL: /usr/lib/x86_64-linux-gnu/libcrypto.so (found version "1.1.1f")  
-- Found FastRTPS: /opt/ros/foxy/include  
-- Using all available rosidl_typesupport_cpp: rosidl_typesupport_fastrtps_cpp;rosidl_typesupport_introspection_cpp
-- Found rmw_implementation_cmake: 1.0.4 (/opt/ros/foxy/share/rmw_implementation_cmake/cmake)
-- Using RMW implementation 'rmw_fastrtps_cpp' as default
-- Looking for pthread.h
-- Looking for pthread.h - found
-- Performing Test CMAKE_HAVE_LIBC_PTHREAD
-- Performing Test CMAKE_HAVE_LIBC_PTHREAD - Failed
-- Looking for pthread_create in pthreads
-- Looking for pthread_create in pthreads - not found
-- Looking for pthread_create in pthread
-- Looking for pthread_create in pthread - found
-- Found Threads: TRUE  
-- Found geometry_msgs: 2.0.5 (/opt/ros/foxy/share/geometry_msgs/cmake)
-- Found nav_2d_msgs: 0.4.7 (/home/turtlebot/nav2_ws/install/nav_2d_msgs/share/nav_2d_msgs/cmake)
-- Found dwb_msgs: 0.4.7 (/home/turtlebot/nav2_ws/install/dwb_msgs/share/dwb_msgs/cmake)
-- Found nav2_costmap_2d: 0.4.7 (/home/turtlebot/nav2_ws/install/nav2_costmap_2d/share/nav2_costmap_2d/cmake)
-- Found Eigen3: TRUE (found version "3.3.7") 
-- Found nav_2d_utils: 0.4.7 (/home/turtlebot/nav2_ws/install/nav_2d_utils/share/nav_2d_utils/cmake)
-- Found nav2_core: 0.4.7 (/home/turtlebot/nav2_ws/install/nav2_core/share/nav2_core/cmake)
-- Setting build type to Release as none was specified.
-- Found ament_lint_auto: 0.9.8 (/opt/ros/foxy/share/ament_lint_auto/cmake)
-- Found ament_cmake_gtest: 0.9.11 (/opt/ros/foxy/share/ament_cmake_gtest/cmake)
-- Found gtest sources under '/opt/ros/foxy/src/gtest_vendor': C++ tests using 'Google Test' will be built
-- Check if compiler accepts -pthread
-- Check if compiler accepts -pthread - yes
-- Added test 'cppcheck' to perform static code analysis on C / C++ code
-- Configured cppcheck include dirs: /home/turtlebot/nav2_ws/src/navigation2/nav2_dwb_controller/dwb_core/include
-- Configured cppcheck exclude dirs and/or files: 
-- Added test 'cpplint' to check C / C++ code against the Google style
-- Configured cpplint exclude dirs and/or files: 
-- Added test 'lint_cmake' to check CMake code style
-- Added test 'uncrustify' to check C / C++ code style
-- Configured uncrustify additional arguments: 
-- Added test 'xmllint' to check XML markup files
-- Configuring done
-- Generating done
-- Build files have been written to: /home/turtlebot/nav2_ws/build/dwb_core
[35m[1mScanning dependencies of target dwb_core[0m
[  9%] [32mBuilding CXX object CMakeFiles/dwb_core.dir/src/dwb_local_planner.cpp.o[0m
[ 18%] [32mBuilding CXX object CMakeFiles/dwb_core.dir/src/publisher.cpp.o[0m
[ 27%] [32mBuilding CXX object CMakeFiles/dwb_core.dir/src/illegal_trajectory_tracker.cpp.o[0m
[ 36%] [32mBuilding CXX object CMakeFiles/dwb_core.dir/src/trajectory_utils.cpp.o[0m
[ 45%] [32m[1mLinking CXX shared library libdwb_core.so[0m
[ 45%] Built target dwb_core
[35m[1mScanning dependencies of target gtest[0m
[ 54%] [32mBuilding CXX object gtest/CMakeFiles/gtest.dir/src/gtest-all.cc.o[0m
[ 63%] [32m[1mLinking CXX static library libgtest.a[0m
[ 63%] Built target gtest
[35m[1mScanning dependencies of target gtest_main[0m
[ 72%] [32mBuilding CXX object gtest/CMakeFiles/gtest_main.dir/src/gtest_main.cc.o[0m
[ 81%] [32m[1mLinking CXX static library libgtest_main.a[0m
[ 81%] Built target gtest_main
[35m[1mScanning dependencies of target utils_test[0m
[ 90%] [32mBuilding CXX object test/CMakeFiles/utils_test.dir/utils_test.cpp.o[0m
[100%] [32m[1mLinking CXX executable utils_test[0m
[100%] Built target utils_test
-- Install configuration: "Release"
-- Execute custom install script
-- Symlinking: /home/turtlebot/nav2_ws/install/dwb_core/lib/libdwb_core.so
-- Symlinking: /home/turtlebot/nav2_ws/install/dwb_core/include//dwb_core/dwb_local_planner.hpp
-- Symlinking: /home/turtlebot/nav2_ws/install/dwb_core/include//dwb_core/exceptions.hpp
-- Symlinking: /home/turtlebot/nav2_ws/install/dwb_core/include//dwb_core/illegal_trajectory_tracker.hpp
-- Symlinking: /home/turtlebot/nav2_ws/install/dwb_core/include//dwb_core/publisher.hpp
-- Symlinking: /home/turtlebot/nav2_ws/install/dwb_core/include//dwb_core/trajectory_critic.hpp
-- Symlinking: /home/turtlebot/nav2_ws/install/dwb_core/include//dwb_core/trajectory_generator.hpp
-- Symlinking: /home/turtlebot/nav2_ws/install/dwb_core/include//dwb_core/trajectory_utils.hpp
-- Symlinking: /home/turtlebot/nav2_ws/install/dwb_core/share/dwb_core/environment/library_path.sh
-- Symlinking: /home/turtlebot/nav2_ws/install/dwb_core/share/dwb_core/environment/library_path.dsv
-- Symlinking: /home/turtlebot/nav2_ws/install/dwb_core/share/dwb_core//local_planner_plugin.xml
-- Symlinking: /home/turtlebot/nav2_ws/install/dwb_core/share/ament_index/resource_index/package_run_dependencies/dwb_core
-- Symlinking: /home/turtlebot/nav2_ws/install/dwb_core/share/ament_index/resource_index/parent_prefix_path/dwb_core
-- Symlinking: /home/turtlebot/nav2_ws/install/dwb_core/share/dwb_core/environment/ament_prefix_path.sh
-- Symlinking: /home/turtlebot/nav2_ws/install/dwb_core/share/dwb_core/environment/ament_prefix_path.dsv
-- Symlinking: /home/turtlebot/nav2_ws/install/dwb_core/share/dwb_core/environment/path.sh
-- Symlinking: /home/turtlebot/nav2_ws/install/dwb_core/share/dwb_core/environment/path.dsv
-- Symlinking: /home/turtlebot/nav2_ws/install/dwb_core/share/dwb_core/local_setup.bash
-- Symlinking: /home/turtlebot/nav2_ws/install/dwb_core/share/dwb_core/local_setup.sh
-- Symlinking: /home/turtlebot/nav2_ws/install/dwb_core/share/dwb_core/local_setup.zsh
-- Symlinking: /home/turtlebot/nav2_ws/install/dwb_core/share/dwb_core/local_setup.dsv
-- Symlinking: /home/turtlebot/nav2_ws/install/dwb_core/share/dwb_core/package.dsv
-- Symlinking: /home/turtlebot/nav2_ws/install/dwb_core/share/ament_index/resource_index/packages/dwb_core
-- Symlinking: /home/turtlebot/nav2_ws/install/dwb_core/share/ament_index/resource_index/nav2_core__pluginlib__plugin/dwb_core
-- Symlinking: /home/turtlebot/nav2_ws/install/dwb_core/share/dwb_core/cmake/ament_cmake_export_include_directories-extras.cmake
-- Symlinking: /home/turtlebot/nav2_ws/install/dwb_core/share/dwb_core/cmake/ament_cmake_export_libraries-extras.cmake
-- Symlinking: /home/turtlebot/nav2_ws/install/dwb_core/share/dwb_core/cmake/ament_cmake_export_dependencies-extras.cmake
-- Symlinking: /home/turtlebot/nav2_ws/install/dwb_core/share/dwb_core/cmake/ament_cmake_export_definitions-extras.cmake
-- Symlinking: /home/turtlebot/nav2_ws/install/dwb_core/share/dwb_core/cmake/dwb_coreConfig.cmake
-- Symlinking: /home/turtlebot/nav2_ws/install/dwb_core/share/dwb_core/cmake/dwb_coreConfig-version.cmake
-- Symlinking: /home/turtlebot/nav2_ws/install/dwb_core/share/dwb_core/package.xml
