[0.151s] Invoking command in '/home/turtlebot/nav2_ws/build/dwb_core': AMENT_PREFIX_PATH=/home/turtlebot/nav2_ws/install/nav2_core:/home/turtlebot/nav2_ws/install/nav2_costmap_2d:/home/turtlebot/nav2_ws/install/nav_2d_utils:/home/turtlebot/nav2_ws/install/nav2_util:/home/turtlebot/nav2_ws/install/nav2_voxel_grid:/home/turtlebot/nav2_ws/install/nav2_msgs:/home/turtlebot/nav2_ws/install/dwb_msgs:/home/turtlebot/nav2_ws/install/nav_2d_msgs:/home/turtlebot/nav2_ws/install/nav2_common:${AMENT_PREFIX_PATH} CMAKE_PREFIX_PATH=/home/turtlebot/nav2_ws/install/nav2_core:/home/turtlebot/nav2_ws/install/nav2_costmap_2d:/home/turtlebot/nav2_ws/install/nav_2d_utils:/home/turtlebot/nav2_ws/install/nav2_util:/home/turtlebot/nav2_ws/install/nav2_voxel_grid:/home/turtlebot/nav2_ws/install/nav2_msgs:/home/turtlebot/nav2_ws/install/dwb_msgs:/home/turtlebot/nav2_ws/install/nav_2d_msgs:/home/turtlebot/nav2_ws/install/nav2_common:/home/turtlebot/robot_ws/install/turtlebot3:/home/turtlebot/robot_ws/install/nav2_example:/home/turtlebot/robot_ws/install/my_package:/home/turtlebot/robot_ws/install/my_navigation_pkg:/home/turtlebot/robot_ws/install/forward1:/opt/ros/foxy LD_LIBRARY_PATH=/home/turtlebot/nav2_ws/install/nav2_costmap_2d/lib:/home/turtlebot/nav2_ws/install/nav_2d_utils/lib:/home/turtlebot/nav2_ws/install/nav2_util/lib:/home/turtlebot/nav2_ws/install/nav2_voxel_grid/lib:/home/turtlebot/nav2_ws/install/nav2_msgs/lib:/home/turtlebot/nav2_ws/install/dwb_msgs/lib:/home/turtlebot/nav2_ws/install/nav_2d_msgs/lib:${LD_LIBRARY_PATH} PYTHONPATH=/home/turtlebot/nav2_ws/install/nav2_msgs/lib/python3.8/site-packages:/home/turtlebot/nav2_ws/install/dwb_msgs/lib/python3.8/site-packages:/home/turtlebot/nav2_ws/install/nav_2d_msgs/lib/python3.8/site-packages:/home/turtlebot/nav2_ws/install/nav2_common/lib/python3.8/site-packages:${PYTHONPATH} /usr/bin/cmake /home/turtlebot/nav2_ws/src/navigation2/nav2_dwb_controller/dwb_core -DAMENT_CMAKE_SYMLINK_INSTALL=1 -DCMAKE_INSTALL_PREFIX=/home/turtlebot/nav2_ws/install/dwb_core
[0.355s] -- The C compiler identification is GNU 9.4.0
[0.548s] -- The CXX compiler identification is GNU 9.4.0
[0.561s] -- Check for working C compiler: /usr/bin/cc
[0.794s] -- Check for working C compiler: /usr/bin/cc -- works
[0.799s] -- Detecting C compiler ABI info
[1.054s] -- Detecting C compiler ABI info - done
[1.107s] -- Detecting C compile features
[1.108s] -- Detecting C compile features - done
[1.118s] -- Check for working CXX compiler: /usr/bin/c++
[1.426s] -- Check for working CXX compiler: /usr/bin/c++ -- works
[1.430s] -- Detecting CXX compiler ABI info
[1.743s] -- Detecting CXX compiler ABI info - done
[1.790s] -- Detecting CXX compile features
[1.793s] -- Detecting CXX compile features - done
[1.809s] -- Found ament_cmake: 0.9.11 (/opt/ros/foxy/share/ament_cmake/cmake)
[1.947s] -- Found PythonInterp: /usr/bin/python3 (found suitable version "3.8.10", minimum required is "3") 
[1.947s] -- Using PYTHON_EXECUTABLE: /usr/bin/python3
[2.719s] -- Override CMake install command with custom implementation using symlinks instead of copying resources
[2.848s] -- Found nav2_common: 0.4.7 (/home/turtlebot/nav2_ws/install/nav2_common/share/nav2_common/cmake)
[2.857s] -- Found rclcpp: 2.4.2 (/opt/ros/foxy/share/rclcpp/cmake)
[3.070s] -- Using all available rosidl_typesupport_c: rosidl_typesupport_fastrtps_c;rosidl_typesupport_introspection_c
[3.106s] -- Found rosidl_adapter: 1.3.0 (/opt/ros/foxy/share/rosidl_adapter/cmake)
[3.388s] -- Found OpenSSL: /usr/lib/x86_64-linux-gnu/libcrypto.so (found version "1.1.1f")  
[3.493s] -- Found FastRTPS: /opt/ros/foxy/include  
[3.812s] -- Using all available rosidl_typesupport_cpp: rosidl_typesupport_fastrtps_cpp;rosidl_typesupport_introspection_cpp
[4.067s] -- Found rmw_implementation_cmake: 1.0.4 (/opt/ros/foxy/share/rmw_implementation_cmake/cmake)
[4.075s] -- Using RMW implementation 'rmw_fastrtps_cpp' as default
[4.078s] -- Looking for pthread.h
[4.344s] -- Looking for pthread.h - found
[4.345s] -- Performing Test CMAKE_HAVE_LIBC_PTHREAD
[4.562s] -- Performing Test CMAKE_HAVE_LIBC_PTHREAD - Failed
[4.563s] -- Looking for pthread_create in pthreads
[4.769s] -- Looking for pthread_create in pthreads - not found
[4.769s] -- Looking for pthread_create in pthread
[5.043s] -- Looking for pthread_create in pthread - found
[5.047s] -- Found Threads: TRUE  
[5.601s] -- Found geometry_msgs: 2.0.5 (/opt/ros/foxy/share/geometry_msgs/cmake)
[5.753s] -- Found nav_2d_msgs: 0.4.7 (/home/turtlebot/nav2_ws/install/nav_2d_msgs/share/nav_2d_msgs/cmake)
[6.047s] -- Found dwb_msgs: 0.4.7 (/home/turtlebot/nav2_ws/install/dwb_msgs/share/dwb_msgs/cmake)
[7.198s] -- Found nav2_costmap_2d: 0.4.7 (/home/turtlebot/nav2_ws/install/nav2_costmap_2d/share/nav2_costmap_2d/cmake)
[10.736s] -- Found Eigen3: TRUE (found version "3.3.7") 
[12.766s] -- Found nav_2d_utils: 0.4.7 (/home/turtlebot/nav2_ws/install/nav_2d_utils/share/nav_2d_utils/cmake)
[13.425s] -- Found nav2_core: 0.4.7 (/home/turtlebot/nav2_ws/install/nav2_core/share/nav2_core/cmake)
[15.355s] -- Setting build type to Release as none was specified.
[25.128s] -- Found ament_lint_auto: 0.9.8 (/opt/ros/foxy/share/ament_lint_auto/cmake)
[25.415s] -- Found ament_cmake_gtest: 0.9.11 (/opt/ros/foxy/share/ament_cmake_gtest/cmake)
[25.430s] -- Found gtest sources under '/opt/ros/foxy/src/gtest_vendor': C++ tests using 'Google Test' will be built
[25.434s] -- Check if compiler accepts -pthread
[25.708s] -- Check if compiler accepts -pthread - yes
[25.748s] -- Added test 'cppcheck' to perform static code analysis on C / C++ code
[25.751s] -- Configured cppcheck include dirs: /home/turtlebot/nav2_ws/src/navigation2/nav2_dwb_controller/dwb_core/include
[25.751s] -- Configured cppcheck exclude dirs and/or files: 
[25.754s] -- Added test 'cpplint' to check C / C++ code against the Google style
[25.754s] -- Configured cpplint exclude dirs and/or files: 
[25.756s] -- Added test 'lint_cmake' to check CMake code style
[25.760s] -- Added test 'uncrustify' to check C / C++ code style
[25.760s] -- Configured uncrustify additional arguments: 
[25.762s] -- Added test 'xmllint' to check XML markup files
[25.781s] -- Configuring done
[26.088s] -- Generating done
[26.097s] -- Build files have been written to: /home/turtlebot/nav2_ws/build/dwb_core
[26.141s] Invoked command in '/home/turtlebot/nav2_ws/build/dwb_core' returned '0': AMENT_PREFIX_PATH=/home/turtlebot/nav2_ws/install/nav2_core:/home/turtlebot/nav2_ws/install/nav2_costmap_2d:/home/turtlebot/nav2_ws/install/nav_2d_utils:/home/turtlebot/nav2_ws/install/nav2_util:/home/turtlebot/nav2_ws/install/nav2_voxel_grid:/home/turtlebot/nav2_ws/install/nav2_msgs:/home/turtlebot/nav2_ws/install/dwb_msgs:/home/turtlebot/nav2_ws/install/nav_2d_msgs:/home/turtlebot/nav2_ws/install/nav2_common:${AMENT_PREFIX_PATH} CMAKE_PREFIX_PATH=/home/turtlebot/nav2_ws/install/nav2_core:/home/turtlebot/nav2_ws/install/nav2_costmap_2d:/home/turtlebot/nav2_ws/install/nav_2d_utils:/home/turtlebot/nav2_ws/install/nav2_util:/home/turtlebot/nav2_ws/install/nav2_voxel_grid:/home/turtlebot/nav2_ws/install/nav2_msgs:/home/turtlebot/nav2_ws/install/dwb_msgs:/home/turtlebot/nav2_ws/install/nav_2d_msgs:/home/turtlebot/nav2_ws/install/nav2_common:/home/turtlebot/robot_ws/install/turtlebot3:/home/turtlebot/robot_ws/install/nav2_example:/home/turtlebot/robot_ws/install/my_package:/home/turtlebot/robot_ws/install/my_navigation_pkg:/home/turtlebot/robot_ws/install/forward1:/opt/ros/foxy LD_LIBRARY_PATH=/home/turtlebot/nav2_ws/install/nav2_costmap_2d/lib:/home/turtlebot/nav2_ws/install/nav_2d_utils/lib:/home/turtlebot/nav2_ws/install/nav2_util/lib:/home/turtlebot/nav2_ws/install/nav2_voxel_grid/lib:/home/turtlebot/nav2_ws/install/nav2_msgs/lib:/home/turtlebot/nav2_ws/install/dwb_msgs/lib:/home/turtlebot/nav2_ws/install/nav_2d_msgs/lib:${LD_LIBRARY_PATH} PYTHONPATH=/home/turtlebot/nav2_ws/install/nav2_msgs/lib/python3.8/site-packages:/home/turtlebot/nav2_ws/install/dwb_msgs/lib/python3.8/site-packages:/home/turtlebot/nav2_ws/install/nav_2d_msgs/lib/python3.8/site-packages:/home/turtlebot/nav2_ws/install/nav2_common/lib/python3.8/site-packages:${PYTHONPATH} /usr/bin/cmake /home/turtlebot/nav2_ws/src/navigation2/nav2_dwb_controller/dwb_core -DAMENT_CMAKE_SYMLINK_INSTALL=1 -DCMAKE_INSTALL_PREFIX=/home/turtlebot/nav2_ws/install/dwb_core
[26.145s] Invoking command in '/home/turtlebot/nav2_ws/build/dwb_core': AMENT_PREFIX_PATH=/home/turtlebot/nav2_ws/install/nav2_core:/home/turtlebot/nav2_ws/install/nav2_costmap_2d:/home/turtlebot/nav2_ws/install/nav_2d_utils:/home/turtlebot/nav2_ws/install/nav2_util:/home/turtlebot/nav2_ws/install/nav2_voxel_grid:/home/turtlebot/nav2_ws/install/nav2_msgs:/home/turtlebot/nav2_ws/install/dwb_msgs:/home/turtlebot/nav2_ws/install/nav_2d_msgs:/home/turtlebot/nav2_ws/install/nav2_common:${AMENT_PREFIX_PATH} CMAKE_PREFIX_PATH=/home/turtlebot/nav2_ws/install/nav2_core:/home/turtlebot/nav2_ws/install/nav2_costmap_2d:/home/turtlebot/nav2_ws/install/nav_2d_utils:/home/turtlebot/nav2_ws/install/nav2_util:/home/turtlebot/nav2_ws/install/nav2_voxel_grid:/home/turtlebot/nav2_ws/install/nav2_msgs:/home/turtlebot/nav2_ws/install/dwb_msgs:/home/turtlebot/nav2_ws/install/nav_2d_msgs:/home/turtlebot/nav2_ws/install/nav2_common:/home/turtlebot/robot_ws/install/turtlebot3:/home/turtlebot/robot_ws/install/nav2_example:/home/turtlebot/robot_ws/install/my_package:/home/turtlebot/robot_ws/install/my_navigation_pkg:/home/turtlebot/robot_ws/install/forward1:/opt/ros/foxy LD_LIBRARY_PATH=/home/turtlebot/nav2_ws/install/nav2_costmap_2d/lib:/home/turtlebot/nav2_ws/install/nav_2d_utils/lib:/home/turtlebot/nav2_ws/install/nav2_util/lib:/home/turtlebot/nav2_ws/install/nav2_voxel_grid/lib:/home/turtlebot/nav2_ws/install/nav2_msgs/lib:/home/turtlebot/nav2_ws/install/dwb_msgs/lib:/home/turtlebot/nav2_ws/install/nav_2d_msgs/lib:${LD_LIBRARY_PATH} PYTHONPATH=/home/turtlebot/nav2_ws/install/nav2_msgs/lib/python3.8/site-packages:/home/turtlebot/nav2_ws/install/dwb_msgs/lib/python3.8/site-packages:/home/turtlebot/nav2_ws/install/nav_2d_msgs/lib/python3.8/site-packages:/home/turtlebot/nav2_ws/install/nav2_common/lib/python3.8/site-packages:${PYTHONPATH} /usr/bin/cmake --build /home/turtlebot/nav2_ws/build/dwb_core -- -j2 -l2
[26.334s] [35m[1mScanning dependencies of target dwb_core[0m
[26.677s] [  9%] [32mBuilding CXX object CMakeFiles/dwb_core.dir/src/dwb_local_planner.cpp.o[0m
[68.161s] [ 18%] [32mBuilding CXX object CMakeFiles/dwb_core.dir/src/publisher.cpp.o[0m
[98.730s] [ 27%] [32mBuilding CXX object CMakeFiles/dwb_core.dir/src/illegal_trajectory_tracker.cpp.o[0m
[101.666s] [ 36%] [32mBuilding CXX object CMakeFiles/dwb_core.dir/src/trajectory_utils.cpp.o[0m
[108.143s] [ 45%] [32m[1mLinking CXX shared library libdwb_core.so[0m
[108.907s] [ 45%] Built target dwb_core
[108.948s] [35m[1mScanning dependencies of target gtest[0m
[109.017s] [ 54%] [32mBuilding CXX object gtest/CMakeFiles/gtest.dir/src/gtest-all.cc.o[0m
[134.869s] [ 63%] [32m[1mLinking CXX static library libgtest.a[0m
[135.027s] [ 63%] Built target gtest
[135.075s] [35m[1mScanning dependencies of target gtest_main[0m
[135.137s] [ 72%] [32mBuilding CXX object gtest/CMakeFiles/gtest_main.dir/src/gtest_main.cc.o[0m
[138.156s] [ 81%] [32m[1mLinking CXX static library libgtest_main.a[0m
[138.286s] [ 81%] Built target gtest_main
[138.320s] [35m[1mScanning dependencies of target utils_test[0m
[138.550s] [ 90%] [32mBuilding CXX object test/CMakeFiles/utils_test.dir/utils_test.cpp.o[0m
[146.185s] [100%] [32m[1mLinking CXX executable utils_test[0m
[146.508s] [100%] Built target utils_test
[146.528s] Invoked command in '/home/turtlebot/nav2_ws/build/dwb_core' returned '0': AMENT_PREFIX_PATH=/home/turtlebot/nav2_ws/install/nav2_core:/home/turtlebot/nav2_ws/install/nav2_costmap_2d:/home/turtlebot/nav2_ws/install/nav_2d_utils:/home/turtlebot/nav2_ws/install/nav2_util:/home/turtlebot/nav2_ws/install/nav2_voxel_grid:/home/turtlebot/nav2_ws/install/nav2_msgs:/home/turtlebot/nav2_ws/install/dwb_msgs:/home/turtlebot/nav2_ws/install/nav_2d_msgs:/home/turtlebot/nav2_ws/install/nav2_common:${AMENT_PREFIX_PATH} CMAKE_PREFIX_PATH=/home/turtlebot/nav2_ws/install/nav2_core:/home/turtlebot/nav2_ws/install/nav2_costmap_2d:/home/turtlebot/nav2_ws/install/nav_2d_utils:/home/turtlebot/nav2_ws/install/nav2_util:/home/turtlebot/nav2_ws/install/nav2_voxel_grid:/home/turtlebot/nav2_ws/install/nav2_msgs:/home/turtlebot/nav2_ws/install/dwb_msgs:/home/turtlebot/nav2_ws/install/nav_2d_msgs:/home/turtlebot/nav2_ws/install/nav2_common:/home/turtlebot/robot_ws/install/turtlebot3:/home/turtlebot/robot_ws/install/nav2_example:/home/turtlebot/robot_ws/install/my_package:/home/turtlebot/robot_ws/install/my_navigation_pkg:/home/turtlebot/robot_ws/install/forward1:/opt/ros/foxy LD_LIBRARY_PATH=/home/turtlebot/nav2_ws/install/nav2_costmap_2d/lib:/home/turtlebot/nav2_ws/install/nav_2d_utils/lib:/home/turtlebot/nav2_ws/install/nav2_util/lib:/home/turtlebot/nav2_ws/install/nav2_voxel_grid/lib:/home/turtlebot/nav2_ws/install/nav2_msgs/lib:/home/turtlebot/nav2_ws/install/dwb_msgs/lib:/home/turtlebot/nav2_ws/install/nav_2d_msgs/lib:${LD_LIBRARY_PATH} PYTHONPATH=/home/turtlebot/nav2_ws/install/nav2_msgs/lib/python3.8/site-packages:/home/turtlebot/nav2_ws/install/dwb_msgs/lib/python3.8/site-packages:/home/turtlebot/nav2_ws/install/nav_2d_msgs/lib/python3.8/site-packages:/home/turtlebot/nav2_ws/install/nav2_common/lib/python3.8/site-packages:${PYTHONPATH} /usr/bin/cmake --build /home/turtlebot/nav2_ws/build/dwb_core -- -j2 -l2
[146.576s] Invoking command in '/home/turtlebot/nav2_ws/build/dwb_core': AMENT_PREFIX_PATH=/home/turtlebot/nav2_ws/install/nav2_core:/home/turtlebot/nav2_ws/install/nav2_costmap_2d:/home/turtlebot/nav2_ws/install/nav_2d_utils:/home/turtlebot/nav2_ws/install/nav2_util:/home/turtlebot/nav2_ws/install/nav2_voxel_grid:/home/turtlebot/nav2_ws/install/nav2_msgs:/home/turtlebot/nav2_ws/install/dwb_msgs:/home/turtlebot/nav2_ws/install/nav_2d_msgs:/home/turtlebot/nav2_ws/install/nav2_common:${AMENT_PREFIX_PATH} CMAKE_PREFIX_PATH=/home/turtlebot/nav2_ws/install/nav2_core:/home/turtlebot/nav2_ws/install/nav2_costmap_2d:/home/turtlebot/nav2_ws/install/nav_2d_utils:/home/turtlebot/nav2_ws/install/nav2_util:/home/turtlebot/nav2_ws/install/nav2_voxel_grid:/home/turtlebot/nav2_ws/install/nav2_msgs:/home/turtlebot/nav2_ws/install/dwb_msgs:/home/turtlebot/nav2_ws/install/nav_2d_msgs:/home/turtlebot/nav2_ws/install/nav2_common:/home/turtlebot/robot_ws/install/turtlebot3:/home/turtlebot/robot_ws/install/nav2_example:/home/turtlebot/robot_ws/install/my_package:/home/turtlebot/robot_ws/install/my_navigation_pkg:/home/turtlebot/robot_ws/install/forward1:/opt/ros/foxy LD_LIBRARY_PATH=/home/turtlebot/nav2_ws/install/nav2_costmap_2d/lib:/home/turtlebot/nav2_ws/install/nav_2d_utils/lib:/home/turtlebot/nav2_ws/install/nav2_util/lib:/home/turtlebot/nav2_ws/install/nav2_voxel_grid/lib:/home/turtlebot/nav2_ws/install/nav2_msgs/lib:/home/turtlebot/nav2_ws/install/dwb_msgs/lib:/home/turtlebot/nav2_ws/install/nav_2d_msgs/lib:${LD_LIBRARY_PATH} PYTHONPATH=/home/turtlebot/nav2_ws/install/nav2_msgs/lib/python3.8/site-packages:/home/turtlebot/nav2_ws/install/dwb_msgs/lib/python3.8/site-packages:/home/turtlebot/nav2_ws/install/nav_2d_msgs/lib/python3.8/site-packages:/home/turtlebot/nav2_ws/install/nav2_common/lib/python3.8/site-packages:${PYTHONPATH} /usr/bin/cmake --install /home/turtlebot/nav2_ws/build/dwb_core
[146.593s] -- Install configuration: "Release"
[146.594s] -- Execute custom install script
[146.595s] -- Symlinking: /home/turtlebot/nav2_ws/install/dwb_core/lib/libdwb_core.so
[146.610s] -- Symlinking: /home/turtlebot/nav2_ws/install/dwb_core/include//dwb_core/dwb_local_planner.hpp
[146.624s] -- Symlinking: /home/turtlebot/nav2_ws/install/dwb_core/include//dwb_core/exceptions.hpp
[146.638s] -- Symlinking: /home/turtlebot/nav2_ws/install/dwb_core/include//dwb_core/illegal_trajectory_tracker.hpp
[146.651s] -- Symlinking: /home/turtlebot/nav2_ws/install/dwb_core/include//dwb_core/publisher.hpp
[146.665s] -- Symlinking: /home/turtlebot/nav2_ws/install/dwb_core/include//dwb_core/trajectory_critic.hpp
[146.679s] -- Symlinking: /home/turtlebot/nav2_ws/install/dwb_core/include//dwb_core/trajectory_generator.hpp
[146.694s] -- Symlinking: /home/turtlebot/nav2_ws/install/dwb_core/include//dwb_core/trajectory_utils.hpp
[146.709s] -- Symlinking: /home/turtlebot/nav2_ws/install/dwb_core/share/dwb_core/environment/library_path.sh
[146.723s] -- Symlinking: /home/turtlebot/nav2_ws/install/dwb_core/share/dwb_core/environment/library_path.dsv
[146.737s] -- Symlinking: /home/turtlebot/nav2_ws/install/dwb_core/share/dwb_core//local_planner_plugin.xml
[146.751s] -- Symlinking: /home/turtlebot/nav2_ws/install/dwb_core/share/ament_index/resource_index/package_run_dependencies/dwb_core
[146.765s] -- Symlinking: /home/turtlebot/nav2_ws/install/dwb_core/share/ament_index/resource_index/parent_prefix_path/dwb_core
[146.781s] -- Symlinking: /home/turtlebot/nav2_ws/install/dwb_core/share/dwb_core/environment/ament_prefix_path.sh
[146.796s] -- Symlinking: /home/turtlebot/nav2_ws/install/dwb_core/share/dwb_core/environment/ament_prefix_path.dsv
[146.810s] -- Symlinking: /home/turtlebot/nav2_ws/install/dwb_core/share/dwb_core/environment/path.sh
[146.824s] -- Symlinking: /home/turtlebot/nav2_ws/install/dwb_core/share/dwb_core/environment/path.dsv
[146.838s] -- Symlinking: /home/turtlebot/nav2_ws/install/dwb_core/share/dwb_core/local_setup.bash
[146.853s] -- Symlinking: /home/turtlebot/nav2_ws/install/dwb_core/share/dwb_core/local_setup.sh
[146.868s] -- Symlinking: /home/turtlebot/nav2_ws/install/dwb_core/share/dwb_core/local_setup.zsh
[146.892s] -- Symlinking: /home/turtlebot/nav2_ws/install/dwb_core/share/dwb_core/local_setup.dsv
[146.936s] -- Symlinking: /home/turtlebot/nav2_ws/install/dwb_core/share/dwb_core/package.dsv
[146.976s] -- Symlinking: /home/turtlebot/nav2_ws/install/dwb_core/share/ament_index/resource_index/packages/dwb_core
[147.002s] -- Symlinking: /home/turtlebot/nav2_ws/install/dwb_core/share/ament_index/resource_index/nav2_core__pluginlib__plugin/dwb_core
[147.032s] -- Symlinking: /home/turtlebot/nav2_ws/install/dwb_core/share/dwb_core/cmake/ament_cmake_export_include_directories-extras.cmake
[147.047s] -- Symlinking: /home/turtlebot/nav2_ws/install/dwb_core/share/dwb_core/cmake/ament_cmake_export_libraries-extras.cmake
[147.063s] -- Symlinking: /home/turtlebot/nav2_ws/install/dwb_core/share/dwb_core/cmake/ament_cmake_export_dependencies-extras.cmake
[147.082s] -- Symlinking: /home/turtlebot/nav2_ws/install/dwb_core/share/dwb_core/cmake/ament_cmake_export_definitions-extras.cmake
[147.103s] -- Symlinking: /home/turtlebot/nav2_ws/install/dwb_core/share/dwb_core/cmake/dwb_coreConfig.cmake
[147.119s] -- Symlinking: /home/turtlebot/nav2_ws/install/dwb_core/share/dwb_core/cmake/dwb_coreConfig-version.cmake
[147.133s] -- Symlinking: /home/turtlebot/nav2_ws/install/dwb_core/share/dwb_core/package.xml
[147.156s] Invoked command in '/home/turtlebot/nav2_ws/build/dwb_core' returned '0': AMENT_PREFIX_PATH=/home/turtlebot/nav2_ws/install/nav2_core:/home/turtlebot/nav2_ws/install/nav2_costmap_2d:/home/turtlebot/nav2_ws/install/nav_2d_utils:/home/turtlebot/nav2_ws/install/nav2_util:/home/turtlebot/nav2_ws/install/nav2_voxel_grid:/home/turtlebot/nav2_ws/install/nav2_msgs:/home/turtlebot/nav2_ws/install/dwb_msgs:/home/turtlebot/nav2_ws/install/nav_2d_msgs:/home/turtlebot/nav2_ws/install/nav2_common:${AMENT_PREFIX_PATH} CMAKE_PREFIX_PATH=/home/turtlebot/nav2_ws/install/nav2_core:/home/turtlebot/nav2_ws/install/nav2_costmap_2d:/home/turtlebot/nav2_ws/install/nav_2d_utils:/home/turtlebot/nav2_ws/install/nav2_util:/home/turtlebot/nav2_ws/install/nav2_voxel_grid:/home/turtlebot/nav2_ws/install/nav2_msgs:/home/turtlebot/nav2_ws/install/dwb_msgs:/home/turtlebot/nav2_ws/install/nav_2d_msgs:/home/turtlebot/nav2_ws/install/nav2_common:/home/turtlebot/robot_ws/install/turtlebot3:/home/turtlebot/robot_ws/install/nav2_example:/home/turtlebot/robot_ws/install/my_package:/home/turtlebot/robot_ws/install/my_navigation_pkg:/home/turtlebot/robot_ws/install/forward1:/opt/ros/foxy LD_LIBRARY_PATH=/home/turtlebot/nav2_ws/install/nav2_costmap_2d/lib:/home/turtlebot/nav2_ws/install/nav_2d_utils/lib:/home/turtlebot/nav2_ws/install/nav2_util/lib:/home/turtlebot/nav2_ws/install/nav2_voxel_grid/lib:/home/turtlebot/nav2_ws/install/nav2_msgs/lib:/home/turtlebot/nav2_ws/install/dwb_msgs/lib:/home/turtlebot/nav2_ws/install/nav_2d_msgs/lib:${LD_LIBRARY_PATH} PYTHONPATH=/home/turtlebot/nav2_ws/install/nav2_msgs/lib/python3.8/site-packages:/home/turtlebot/nav2_ws/install/dwb_msgs/lib/python3.8/site-packages:/home/turtlebot/nav2_ws/install/nav_2d_msgs/lib/python3.8/site-packages:/home/turtlebot/nav2_ws/install/nav2_common/lib/python3.8/site-packages:${PYTHONPATH} /usr/bin/cmake --install /home/turtlebot/nav2_ws/build/dwb_core
