[0.093s] Invoking command in '/home/turtlebot/robot_ws/build/turtlebot3_node': CMAKE_PREFIX_PATH=${CMAKE_PREFIX_PATH}:/home/turtlebot/robot_ws/install/waypoint_navigation:/home/turtlebot/robot_ws/install/turtlebot3_teleop:/home/turtlebot/robot_ws/install/turtlebot3_example:/home/turtlebot/robot_ws/install/my_package:/home/turtlebot/robot_ws/install/my_navigation_pkg:/home/turtlebot/robot_ws/install/forward1:/opt/ros/foxy /usr/bin/cmake --build /home/turtlebot/robot_ws/build/turtlebot3_node -- -j2 -l2
[0.268s] [ 85%] Built target turtlebot3_node_lib
[0.327s] [100%] Built target turtlebot3_ros
[0.397s] Invoked command in '/home/turtlebot/robot_ws/build/turtlebot3_node' returned '0': CMAKE_PREFIX_PATH=${CMAKE_PREFIX_PATH}:/home/turtlebot/robot_ws/install/waypoint_navigation:/home/turtlebot/robot_ws/install/turtlebot3_teleop:/home/turtlebot/robot_ws/install/turtlebot3_example:/home/turtlebot/robot_ws/install/my_package:/home/turtlebot/robot_ws/install/my_navigation_pkg:/home/turtlebot/robot_ws/install/forward1:/opt/ros/foxy /usr/bin/cmake --build /home/turtlebot/robot_ws/build/turtlebot3_node -- -j2 -l2
[0.483s] Invoking command in '/home/turtlebot/robot_ws/build/turtlebot3_node': CMAKE_PREFIX_PATH=${CMAKE_PREFIX_PATH}:/home/turtlebot/robot_ws/install/waypoint_navigation:/home/turtlebot/robot_ws/install/turtlebot3_teleop:/home/turtlebot/robot_ws/install/turtlebot3_example:/home/turtlebot/robot_ws/install/my_package:/home/turtlebot/robot_ws/install/my_navigation_pkg:/home/turtlebot/robot_ws/install/forward1:/opt/ros/foxy /usr/bin/cmake --install /home/turtlebot/robot_ws/build/turtlebot3_node
[0.499s] -- Install configuration: ""
[0.500s] -- Up-to-date: /home/turtlebot/robot_ws/install/turtlebot3_node/share/turtlebot3_node/param
[0.500s] -- Up-to-date: /home/turtlebot/robot_ws/install/turtlebot3_node/share/turtlebot3_node/param/waffle_pi.yaml
[0.500s] -- Up-to-date: /home/turtlebot/robot_ws/install/turtlebot3_node/share/turtlebot3_node/param/burger.yaml
[0.500s] -- Up-to-date: /home/turtlebot/robot_ws/install/turtlebot3_node/share/turtlebot3_node/param/waffle.yaml
[0.500s] -- Up-to-date: /home/turtlebot/robot_ws/install/turtlebot3_node/lib/turtlebot3_node/turtlebot3_ros
[0.502s] -- Up-to-date: /home/turtlebot/robot_ws/install/turtlebot3_node/share/ament_index/resource_index/package_run_dependencies/turtlebot3_node
[0.506s] -- Up-to-date: /home/turtlebot/robot_ws/install/turtlebot3_node/share/ament_index/resource_index/parent_prefix_path/turtlebot3_node
[0.507s] -- Up-to-date: /home/turtlebot/robot_ws/install/turtlebot3_node/share/turtlebot3_node/environment/ament_prefix_path.sh
[0.507s] -- Up-to-date: /home/turtlebot/robot_ws/install/turtlebot3_node/share/turtlebot3_node/environment/ament_prefix_path.dsv
[0.507s] -- Up-to-date: /home/turtlebot/robot_ws/install/turtlebot3_node/share/turtlebot3_node/environment/path.sh
[0.508s] -- Up-to-date: /home/turtlebot/robot_ws/install/turtlebot3_node/share/turtlebot3_node/environment/path.dsv
[0.508s] -- Up-to-date: /home/turtlebot/robot_ws/install/turtlebot3_node/share/turtlebot3_node/local_setup.bash
[0.508s] -- Up-to-date: /home/turtlebot/robot_ws/install/turtlebot3_node/share/turtlebot3_node/local_setup.sh
[0.508s] -- Up-to-date: /home/turtlebot/robot_ws/install/turtlebot3_node/share/turtlebot3_node/local_setup.zsh
[0.509s] -- Up-to-date: /home/turtlebot/robot_ws/install/turtlebot3_node/share/turtlebot3_node/local_setup.dsv
[0.509s] -- Installing: /home/turtlebot/robot_ws/install/turtlebot3_node/share/turtlebot3_node/package.dsv
[0.510s] -- Up-to-date: /home/turtlebot/robot_ws/install/turtlebot3_node/share/ament_index/resource_index/packages/turtlebot3_node
[0.510s] -- Up-to-date: /home/turtlebot/robot_ws/install/turtlebot3_node/share/turtlebot3_node/cmake/ament_cmake_export_include_directories-extras.cmake
[0.510s] -- Up-to-date: /home/turtlebot/robot_ws/install/turtlebot3_node/share/turtlebot3_node/cmake/turtlebot3_nodeConfig.cmake
[0.510s] -- Up-to-date: /home/turtlebot/robot_ws/install/turtlebot3_node/share/turtlebot3_node/cmake/turtlebot3_nodeConfig-version.cmake
[0.511s] -- Up-to-date: /home/turtlebot/robot_ws/install/turtlebot3_node/share/turtlebot3_node/package.xml
[0.513s] Invoked command in '/home/turtlebot/robot_ws/build/turtlebot3_node' returned '0': CMAKE_PREFIX_PATH=${CMAKE_PREFIX_PATH}:/home/turtlebot/robot_ws/install/waypoint_navigation:/home/turtlebot/robot_ws/install/turtlebot3_teleop:/home/turtlebot/robot_ws/install/turtlebot3_example:/home/turtlebot/robot_ws/install/my_package:/home/turtlebot/robot_ws/install/my_navigation_pkg:/home/turtlebot/robot_ws/install/forward1:/opt/ros/foxy /usr/bin/cmake --install /home/turtlebot/robot_ws/build/turtlebot3_node
