running develop
Removing /home/turtlebot/robot_ws/install/forward1/lib/python3.8/site-packages/forward1.egg-link (link to .)
running egg_info
writing ../../build/forward1/forward1.egg-info/PKG-INFO
writing dependency_links to ../../build/forward1/forward1.egg-info/dependency_links.txt
writing entry points to ../../build/forward1/forward1.egg-info/entry_points.txt
writing requirements to ../../build/forward1/forward1.egg-info/requires.txt
writing top-level names to ../../build/forward1/forward1.egg-info/top_level.txt
reading manifest file '../../build/forward1/forward1.egg-info/SOURCES.txt'
writing manifest file '../../build/forward1/forward1.egg-info/SOURCES.txt'
running build
running build_py
copying forward1/forward1_1.py -> /home/turtlebot/robot_ws/build/forward1/build/lib/forward1
copying forward1/amcl2.py -> /home/turtlebot/robot_ws/build/forward1/build/lib/forward1
running install
running install_lib
creating /home/turtlebot/robot_ws/install/forward1/lib/python3.8/site-packages/forward1
copying /home/turtlebot/robot_ws/build/forward1/build/lib/forward1/forward1_2.py -> /home/turtlebot/robot_ws/install/forward1/lib/python3.8/site-packages/forward1
copying /home/turtlebot/robot_ws/build/forward1/build/lib/forward1/forward1_1.py -> /home/turtlebot/robot_ws/install/forward1/lib/python3.8/site-packages/forward1
copying /home/turtlebot/robot_ws/build/forward1/build/lib/forward1/tb3_navigation.py -> /home/turtlebot/robot_ws/install/forward1/lib/python3.8/site-packages/forward1
copying /home/turtlebot/robot_ws/build/forward1/build/lib/forward1/__init__.py -> /home/turtlebot/robot_ws/install/forward1/lib/python3.8/site-packages/forward1
copying /home/turtlebot/robot_ws/build/forward1/build/lib/forward1/amcl2.py -> /home/turtlebot/robot_ws/install/forward1/lib/python3.8/site-packages/forward1
copying /home/turtlebot/robot_ws/build/forward1/build/lib/forward1/amcl1.py -> /home/turtlebot/robot_ws/install/forward1/lib/python3.8/site-packages/forward1
copying /home/turtlebot/robot_ws/build/forward1/build/lib/forward1/test1.py -> /home/turtlebot/robot_ws/install/forward1/lib/python3.8/site-packages/forward1
byte-compiling /home/turtlebot/robot_ws/install/forward1/lib/python3.8/site-packages/forward1/forward1_2.py to forward1_2.cpython-38.pyc
byte-compiling /home/turtlebot/robot_ws/install/forward1/lib/python3.8/site-packages/forward1/forward1_1.py to forward1_1.cpython-38.pyc
byte-compiling /home/turtlebot/robot_ws/install/forward1/lib/python3.8/site-packages/forward1/tb3_navigation.py to tb3_navigation.cpython-38.pyc
byte-compiling /home/turtlebot/robot_ws/install/forward1/lib/python3.8/site-packages/forward1/__init__.py to __init__.cpython-38.pyc
byte-compiling /home/turtlebot/robot_ws/install/forward1/lib/python3.8/site-packages/forward1/amcl2.py to amcl2.cpython-38.pyc
byte-compiling /home/turtlebot/robot_ws/install/forward1/lib/python3.8/site-packages/forward1/amcl1.py to amcl1.cpython-38.pyc
byte-compiling /home/turtlebot/robot_ws/install/forward1/lib/python3.8/site-packages/forward1/test1.py to test1.cpython-38.pyc
running install_data
running install_egg_info
Copying ../../build/forward1/forward1.egg-info to /home/turtlebot/robot_ws/install/forward1/lib/python3.8/site-packages/forward1-0.0.0-py3.8.egg-info
running install_scripts
Installing amcl1 script to /home/turtlebot/robot_ws/install/forward1/lib/forward1
Installing amcl2 script to /home/turtlebot/robot_ws/install/forward1/lib/forward1
Installing forward1_1 script to /home/turtlebot/robot_ws/install/forward1/lib/forward1
Installing forward1_2 script to /home/turtlebot/robot_ws/install/forward1/lib/forward1
Installing tb3_navigation script to /home/turtlebot/robot_ws/install/forward1/lib/forward1
Installing test1 script to /home/turtlebot/robot_ws/install/forward1/lib/forward1
writing list of installed files to '/home/turtlebot/robot_ws/build/forward1/install.log'
