[0.107s] Invoking command in '/home/turtlebot/nav2_ws/build/nav2_map_server': AMENT_PREFIX_PATH=/home/turtlebot/nav2_ws/install/nav2_util:/home/turtlebot/nav2_ws/install/nav2_msgs:/home/turtlebot/nav2_ws/install/nav2_common:${AMENT_PREFIX_PATH} CMAKE_PREFIX_PATH=/home/turtlebot/nav2_ws/install/nav2_util:/home/turtlebot/nav2_ws/install/nav2_msgs:/home/turtlebot/nav2_ws/install/nav2_common:/home/turtlebot/robot_ws/install/turtlebot3:/home/turtlebot/robot_ws/install/nav2_example:/home/turtlebot/robot_ws/install/my_package:/home/turtlebot/robot_ws/install/my_navigation_pkg:/home/turtlebot/robot_ws/install/forward1:/opt/ros/foxy LD_LIBRARY_PATH=/home/turtlebot/nav2_ws/install/nav2_util/lib:/home/turtlebot/nav2_ws/install/nav2_msgs/lib:${LD_LIBRARY_PATH} PYTHONPATH=/home/turtlebot/nav2_ws/install/nav2_msgs/lib/python3.8/site-packages:/home/turtlebot/nav2_ws/install/nav2_common/lib/python3.8/site-packages:${PYTHONPATH} /usr/bin/cmake /home/turtlebot/nav2_ws/src/navigation2/nav2_map_server -DAMENT_CMAKE_SYMLINK_INSTALL=1 -DCMAKE_INSTALL_PREFIX=/home/turtlebot/nav2_ws/install/nav2_map_server
[0.308s] -- The C compiler identification is GNU 9.4.0
[0.513s] -- The CXX compiler identification is GNU 9.4.0
[0.536s] -- Check for working C compiler: /usr/bin/cc
[0.787s] -- Check for working C compiler: /usr/bin/cc -- works
[0.791s] -- Detecting C compiler ABI info
[1.042s] -- Detecting C compiler ABI info - done
[1.096s] -- Detecting C compile features
[1.099s] -- Detecting C compile features - done
[1.109s] -- Check for working CXX compiler: /usr/bin/c++
[1.271s] -- Check for working CXX compiler: /usr/bin/c++ -- works
[1.272s] -- Detecting CXX compiler ABI info
[1.384s] -- Detecting CXX compiler ABI info - done
[1.402s] -- Detecting CXX compile features
[1.403s] -- Detecting CXX compile features - done
[1.407s] -- Found ament_cmake: 0.9.11 (/opt/ros/foxy/share/ament_cmake/cmake)
[1.455s] -- Found PythonInterp: /usr/bin/python3 (found suitable version "3.8.10", minimum required is "3") 
[1.456s] -- Using PYTHON_EXECUTABLE: /usr/bin/python3
[1.757s] -- Override CMake install command with custom implementation using symlinks instead of copying resources
[1.799s] -- Found nav2_common: 0.4.7 (/home/turtlebot/nav2_ws/install/nav2_common/share/nav2_common/cmake)
[1.802s] -- Found rclcpp: 2.4.2 (/opt/ros/foxy/share/rclcpp/cmake)
[1.881s] -- Using all available rosidl_typesupport_c: rosidl_typesupport_fastrtps_c;rosidl_typesupport_introspection_c
[1.894s] -- Found rosidl_adapter: 1.3.0 (/opt/ros/foxy/share/rosidl_adapter/cmake)
[2.006s] -- Found OpenSSL: /usr/lib/x86_64-linux-gnu/libcrypto.so (found version "1.1.1f")  
[2.050s] -- Found FastRTPS: /opt/ros/foxy/include  
[2.166s] -- Using all available rosidl_typesupport_cpp: rosidl_typesupport_fastrtps_cpp;rosidl_typesupport_introspection_cpp
[2.272s] -- Found rmw_implementation_cmake: 1.0.4 (/opt/ros/foxy/share/rmw_implementation_cmake/cmake)
[2.276s] -- Using RMW implementation 'rmw_fastrtps_cpp' as default
[2.278s] -- Looking for pthread.h
[2.412s] -- Looking for pthread.h - found
[2.412s] -- Performing Test CMAKE_HAVE_LIBC_PTHREAD
[2.548s] -- Performing Test CMAKE_HAVE_LIBC_PTHREAD - Failed
[2.549s] -- Looking for pthread_create in pthreads
[2.641s] -- Looking for pthread_create in pthreads - not found
[2.641s] -- Looking for pthread_create in pthread
[2.743s] -- Looking for pthread_create in pthread - found
[2.745s] -- Found Threads: TRUE  
[2.976s] -- Found rclcpp_lifecycle: 2.4.2 (/opt/ros/foxy/share/rclcpp_lifecycle/cmake)
[3.021s] -- Found nav_msgs: 2.0.5 (/opt/ros/foxy/share/nav_msgs/cmake)
[3.200s] -- Found nav2_msgs: 0.4.7 (/home/turtlebot/nav2_ws/install/nav2_msgs/share/nav2_msgs/cmake)
[3.703s] -- Found yaml_cpp_vendor: 7.0.3 (/opt/ros/foxy/share/yaml_cpp_vendor/cmake)
[3.703s] -- Setting yaml-cpp_DIR to: '/opt/ros/foxy/share/yaml_cpp_vendor/cmake/../../../opt/yaml_cpp_vendor/lib/cmake/yaml-cpp'
[3.710s] -- Found tf2: 0.13.14 (/opt/ros/foxy/share/tf2/cmake)
[3.727s] -- Found nav2_util: 0.4.7 (/home/turtlebot/nav2_ws/install/nav2_util/share/nav2_util/cmake)
[4.200s] -- Found eigen3_cmake_module: 0.1.1 (/opt/ros/foxy/share/eigen3_cmake_module/cmake)
[4.204s] -- Found Eigen3: TRUE (found version "3.3.7") 
[4.405s] -- Found GRAPHICSMAGICKCPP: /usr/include/GraphicsMagick  
[4.405s] -- Setting build type to Release as none was specified.
[5.397s] -- Found ament_lint_auto: 0.9.8 (/opt/ros/foxy/share/ament_lint_auto/cmake)
[5.543s] -- Found gtest sources under '/opt/ros/foxy/src/gtest_vendor': C++ tests using 'Google Test' will be built
[5.546s] -- Check if compiler accepts -pthread
[5.645s] -- Check if compiler accepts -pthread - yes
[5.651s] -- Found gtest sources under '/opt/ros/foxy/src/gtest_vendor': C++ tests using 'Google Test' will be built
[5.662s] -- Found gtest sources under '/opt/ros/foxy/src/gtest_vendor': C++ tests using 'Google Test' will be built
[5.679s] -- Added test 'cppcheck' to perform static code analysis on C / C++ code
[5.680s] -- Configured cppcheck include dirs: /home/turtlebot/nav2_ws/src/navigation2/nav2_map_server/include
[5.680s] -- Configured cppcheck exclude dirs and/or files: 
[5.683s] -- Added test 'cpplint' to check C / C++ code against the Google style
[5.683s] -- Configured cpplint exclude dirs and/or files: 
[5.684s] -- Added test 'flake8' to check Python code syntax and style conventions
[5.685s] -- Added test 'lint_cmake' to check CMake code style
[5.686s] -- Added test 'pep257' to check Python code against some of the style conventions in PEP 257
[5.689s] -- Added test 'uncrustify' to check C / C++ code style
[5.689s] -- Configured uncrustify additional arguments: 
[5.690s] -- Added test 'xmllint' to check XML markup files
[5.699s] -- Configuring done
[6.020s] -- Generating done
[6.024s] -- Build files have been written to: /home/turtlebot/nav2_ws/build/nav2_map_server
[6.042s] Invoked command in '/home/turtlebot/nav2_ws/build/nav2_map_server' returned '0': AMENT_PREFIX_PATH=/home/turtlebot/nav2_ws/install/nav2_util:/home/turtlebot/nav2_ws/install/nav2_msgs:/home/turtlebot/nav2_ws/install/nav2_common:${AMENT_PREFIX_PATH} CMAKE_PREFIX_PATH=/home/turtlebot/nav2_ws/install/nav2_util:/home/turtlebot/nav2_ws/install/nav2_msgs:/home/turtlebot/nav2_ws/install/nav2_common:/home/turtlebot/robot_ws/install/turtlebot3:/home/turtlebot/robot_ws/install/nav2_example:/home/turtlebot/robot_ws/install/my_package:/home/turtlebot/robot_ws/install/my_navigation_pkg:/home/turtlebot/robot_ws/install/forward1:/opt/ros/foxy LD_LIBRARY_PATH=/home/turtlebot/nav2_ws/install/nav2_util/lib:/home/turtlebot/nav2_ws/install/nav2_msgs/lib:${LD_LIBRARY_PATH} PYTHONPATH=/home/turtlebot/nav2_ws/install/nav2_msgs/lib/python3.8/site-packages:/home/turtlebot/nav2_ws/install/nav2_common/lib/python3.8/site-packages:${PYTHONPATH} /usr/bin/cmake /home/turtlebot/nav2_ws/src/navigation2/nav2_map_server -DAMENT_CMAKE_SYMLINK_INSTALL=1 -DCMAKE_INSTALL_PREFIX=/home/turtlebot/nav2_ws/install/nav2_map_server
[6.043s] Invoking command in '/home/turtlebot/nav2_ws/build/nav2_map_server': AMENT_PREFIX_PATH=/home/turtlebot/nav2_ws/install/nav2_util:/home/turtlebot/nav2_ws/install/nav2_msgs:/home/turtlebot/nav2_ws/install/nav2_common:${AMENT_PREFIX_PATH} CMAKE_PREFIX_PATH=/home/turtlebot/nav2_ws/install/nav2_util:/home/turtlebot/nav2_ws/install/nav2_msgs:/home/turtlebot/nav2_ws/install/nav2_common:/home/turtlebot/robot_ws/install/turtlebot3:/home/turtlebot/robot_ws/install/nav2_example:/home/turtlebot/robot_ws/install/my_package:/home/turtlebot/robot_ws/install/my_navigation_pkg:/home/turtlebot/robot_ws/install/forward1:/opt/ros/foxy LD_LIBRARY_PATH=/home/turtlebot/nav2_ws/install/nav2_util/lib:/home/turtlebot/nav2_ws/install/nav2_msgs/lib:${LD_LIBRARY_PATH} PYTHONPATH=/home/turtlebot/nav2_ws/install/nav2_msgs/lib/python3.8/site-packages:/home/turtlebot/nav2_ws/install/nav2_common/lib/python3.8/site-packages:${PYTHONPATH} /usr/bin/cmake --build /home/turtlebot/nav2_ws/build/nav2_map_server -- -j2 -l2
[6.105s] [35m[1mScanning dependencies of target map_io[0m
[6.219s] [  3%] [32mBuilding CXX object CMakeFiles/map_io.dir/src/map_mode.cpp.o[0m
[6.528s] [  6%] [32mBuilding CXX object CMakeFiles/map_io.dir/src/map_io.cpp.o[0m
[12.447s] [  9%] [32m[1mLinking CXX shared library libmap_io.so[0m
[12.699s] [  9%] Built target map_io
[12.714s] [35m[1mScanning dependencies of target gtest[0m
[12.739s] [ 12%] [32mBuilding CXX object gtest/CMakeFiles/gtest.dir/src/gtest-all.cc.o[0m
[23.468s] [ 16%] [32m[1mLinking CXX static library libgtest.a[0m
[23.524s] [ 16%] Built target gtest
[23.540s] [35m[1mScanning dependencies of target gtest_main[0m
[23.561s] [ 19%] [32mBuilding CXX object gtest/CMakeFiles/gtest_main.dir/src/gtest_main.cc.o[0m
[24.588s] [ 22%] [32m[1mLinking CXX static library libgtest_main.a[0m
[24.634s] [ 22%] Built target gtest_main
[24.651s] [35m[1mScanning dependencies of target test_map_saver_publisher[0m
[24.700s] [ 25%] [32mBuilding CXX object test/component/CMakeFiles/test_map_saver_publisher.dir/test_map_saver_publisher.cpp.o[0m
[30.779s] [ 29%] [32mBuilding CXX object test/component/CMakeFiles/test_map_saver_publisher.dir/__/test_constants.cpp.o[0m
[30.958s] [ 32%] [32m[1mLinking CXX executable test_map_saver_publisher[0m
[31.248s] [ 32%] Built target test_map_saver_publisher
[31.265s] [35m[1mScanning dependencies of target map_server_core[0m
[31.341s] [ 35%] [32mBuilding CXX object CMakeFiles/map_server_core.dir/src/map_server/map_server.cpp.o[0m
[38.538s] [ 38%] [32mBuilding CXX object CMakeFiles/map_server_core.dir/src/map_saver/map_saver.cpp.o[0m
[50.980s] [ 41%] [32m[1mLinking CXX shared library libmap_server_core.so[0m
[51.291s] [ 41%] Built target map_server_core
[51.306s] [35m[1mScanning dependencies of target test_map_io[0m
[51.378s] [ 45%] [32mBuilding CXX object test/unit/CMakeFiles/test_map_io.dir/test_map_io.cpp.o[0m
[58.006s] [ 48%] [32mBuilding CXX object test/unit/CMakeFiles/test_map_io.dir/__/test_constants.cpp.o[0m
[58.173s] [ 51%] [32m[1mLinking CXX executable test_map_io[0m
[58.463s] [ 51%] Built target test_map_io
[58.479s] [35m[1mScanning dependencies of target test_map_saver_cli[0m
[58.535s] [ 54%] [32mBuilding CXX object test/map_saver_cli/CMakeFiles/test_map_saver_cli.dir/test_map_saver_cli.cpp.o[0m
[70.048s] [ 58%] [32mBuilding CXX object test/map_saver_cli/CMakeFiles/test_map_saver_cli.dir/__/test_constants.cpp.o[0m
[70.241s] [ 61%] [32m[1mLinking CXX executable test_map_saver_cli[0m
[70.473s] [ 61%] Built target test_map_saver_cli
[70.491s] [35m[1mScanning dependencies of target map_server[0m
[70.558s] [ 64%] [32mBuilding CXX object CMakeFiles/map_server.dir/src/map_server/main.cpp.o[0m
[73.581s] [ 67%] [32m[1mLinking CXX executable map_server[0m
[74.000s] [ 67%] Built target map_server
[74.021s] [35m[1mScanning dependencies of target map_saver_cli[0m
[74.091s] [ 70%] [32mBuilding CXX object CMakeFiles/map_saver_cli.dir/src/map_saver/main_cli.cpp.o[0m
[77.374s] [ 74%] [32m[1mLinking CXX executable map_saver_cli[0m
[77.722s] [ 74%] Built target map_saver_cli
[77.738s] [35m[1mScanning dependencies of target map_saver_server[0m
[77.799s] [ 77%] [32mBuilding CXX object CMakeFiles/map_saver_server.dir/src/map_saver/main_server.cpp.o[0m
[82.302s] [ 80%] [32m[1mLinking CXX executable map_saver_server[0m
[83.390s] [ 80%] Built target map_saver_server
[83.439s] [35m[1mScanning dependencies of target test_map_saver_node[0m
[83.664s] [ 83%] [32mBuilding CXX object test/component/CMakeFiles/test_map_saver_node.dir/test_map_saver_node.cpp.o[0m
[100.521s] [ 87%] [32mBuilding CXX object test/component/CMakeFiles/test_map_saver_node.dir/__/test_constants.cpp.o[0m
[100.692s] [ 90%] [32m[1mLinking CXX executable test_map_saver_node[0m
[101.094s] [ 90%] Built target test_map_saver_node
[101.110s] [35m[1mScanning dependencies of target test_map_server_node[0m
[101.181s] [ 93%] [32mBuilding CXX object test/component/CMakeFiles/test_map_server_node.dir/test_map_server_node.cpp.o[0m
[107.947s] [ 96%] [32mBuilding CXX object test/component/CMakeFiles/test_map_server_node.dir/__/test_constants.cpp.o[0m
[108.121s] [100%] [32m[1mLinking CXX executable test_map_server_node[0m
[108.402s] [100%] Built target test_map_server_node
[108.419s] Invoked command in '/home/turtlebot/nav2_ws/build/nav2_map_server' returned '0': AMENT_PREFIX_PATH=/home/turtlebot/nav2_ws/install/nav2_util:/home/turtlebot/nav2_ws/install/nav2_msgs:/home/turtlebot/nav2_ws/install/nav2_common:${AMENT_PREFIX_PATH} CMAKE_PREFIX_PATH=/home/turtlebot/nav2_ws/install/nav2_util:/home/turtlebot/nav2_ws/install/nav2_msgs:/home/turtlebot/nav2_ws/install/nav2_common:/home/turtlebot/robot_ws/install/turtlebot3:/home/turtlebot/robot_ws/install/nav2_example:/home/turtlebot/robot_ws/install/my_package:/home/turtlebot/robot_ws/install/my_navigation_pkg:/home/turtlebot/robot_ws/install/forward1:/opt/ros/foxy LD_LIBRARY_PATH=/home/turtlebot/nav2_ws/install/nav2_util/lib:/home/turtlebot/nav2_ws/install/nav2_msgs/lib:${LD_LIBRARY_PATH} PYTHONPATH=/home/turtlebot/nav2_ws/install/nav2_msgs/lib/python3.8/site-packages:/home/turtlebot/nav2_ws/install/nav2_common/lib/python3.8/site-packages:${PYTHONPATH} /usr/bin/cmake --build /home/turtlebot/nav2_ws/build/nav2_map_server -- -j2 -l2
[108.484s] Invoking command in '/home/turtlebot/nav2_ws/build/nav2_map_server': AMENT_PREFIX_PATH=/home/turtlebot/nav2_ws/install/nav2_util:/home/turtlebot/nav2_ws/install/nav2_msgs:/home/turtlebot/nav2_ws/install/nav2_common:${AMENT_PREFIX_PATH} CMAKE_PREFIX_PATH=/home/turtlebot/nav2_ws/install/nav2_util:/home/turtlebot/nav2_ws/install/nav2_msgs:/home/turtlebot/nav2_ws/install/nav2_common:/home/turtlebot/robot_ws/install/turtlebot3:/home/turtlebot/robot_ws/install/nav2_example:/home/turtlebot/robot_ws/install/my_package:/home/turtlebot/robot_ws/install/my_navigation_pkg:/home/turtlebot/robot_ws/install/forward1:/opt/ros/foxy LD_LIBRARY_PATH=/home/turtlebot/nav2_ws/install/nav2_util/lib:/home/turtlebot/nav2_ws/install/nav2_msgs/lib:${LD_LIBRARY_PATH} PYTHONPATH=/home/turtlebot/nav2_ws/install/nav2_msgs/lib/python3.8/site-packages:/home/turtlebot/nav2_ws/install/nav2_common/lib/python3.8/site-packages:${PYTHONPATH} /usr/bin/cmake --install /home/turtlebot/nav2_ws/build/nav2_map_server
[108.500s] -- Install configuration: "Release"
[108.500s] -- Execute custom install script
[108.501s] -- Symlinking: /home/turtlebot/nav2_ws/install/nav2_map_server/lib/libmap_server_core.so
[108.517s] -- Symlinking: /home/turtlebot/nav2_ws/install/nav2_map_server/lib/libmap_io.so
[108.531s] -- Symlinking: /home/turtlebot/nav2_ws/install/nav2_map_server/lib/nav2_map_server/map_server
[108.546s] -- Symlinking: /home/turtlebot/nav2_ws/install/nav2_map_server/lib/nav2_map_server/map_saver_cli
[108.560s] -- Symlinking: /home/turtlebot/nav2_ws/install/nav2_map_server/lib/nav2_map_server/map_saver_server
[108.574s] -- Symlinking: /home/turtlebot/nav2_ws/install/nav2_map_server/include//nav2_map_server/map_io.hpp
[108.590s] -- Symlinking: /home/turtlebot/nav2_ws/install/nav2_map_server/include//nav2_map_server/map_mode.hpp
[108.604s] -- Symlinking: /home/turtlebot/nav2_ws/install/nav2_map_server/include//nav2_map_server/map_saver.hpp
[108.617s] -- Symlinking: /home/turtlebot/nav2_ws/install/nav2_map_server/include//nav2_map_server/map_server.hpp
[108.631s] -- Symlinking: /home/turtlebot/nav2_ws/install/nav2_map_server/share/nav2_map_server/launch/map_saver_server.launch.py
[108.645s] -- Symlinking: /home/turtlebot/nav2_ws/install/nav2_map_server/share/nav2_map_server/environment/library_path.sh
[108.659s] -- Symlinking: /home/turtlebot/nav2_ws/install/nav2_map_server/share/nav2_map_server/environment/library_path.dsv
[108.674s] -- Symlinking: /home/turtlebot/nav2_ws/install/nav2_map_server/share/ament_index/resource_index/package_run_dependencies/nav2_map_server
[108.689s] -- Symlinking: /home/turtlebot/nav2_ws/install/nav2_map_server/share/ament_index/resource_index/parent_prefix_path/nav2_map_server
[108.704s] -- Symlinking: /home/turtlebot/nav2_ws/install/nav2_map_server/share/nav2_map_server/environment/ament_prefix_path.sh
[108.718s] -- Symlinking: /home/turtlebot/nav2_ws/install/nav2_map_server/share/nav2_map_server/environment/ament_prefix_path.dsv
[108.731s] -- Symlinking: /home/turtlebot/nav2_ws/install/nav2_map_server/share/nav2_map_server/environment/path.sh
[108.745s] -- Symlinking: /home/turtlebot/nav2_ws/install/nav2_map_server/share/nav2_map_server/environment/path.dsv
[108.759s] -- Symlinking: /home/turtlebot/nav2_ws/install/nav2_map_server/share/nav2_map_server/local_setup.bash
[108.772s] -- Symlinking: /home/turtlebot/nav2_ws/install/nav2_map_server/share/nav2_map_server/local_setup.sh
[108.786s] -- Symlinking: /home/turtlebot/nav2_ws/install/nav2_map_server/share/nav2_map_server/local_setup.zsh
[108.802s] -- Symlinking: /home/turtlebot/nav2_ws/install/nav2_map_server/share/nav2_map_server/local_setup.dsv
[108.816s] -- Symlinking: /home/turtlebot/nav2_ws/install/nav2_map_server/share/nav2_map_server/package.dsv
[108.830s] -- Symlinking: /home/turtlebot/nav2_ws/install/nav2_map_server/share/ament_index/resource_index/packages/nav2_map_server
[108.845s] -- Symlinking: /home/turtlebot/nav2_ws/install/nav2_map_server/share/nav2_map_server/cmake/ament_cmake_export_include_directories-extras.cmake
[108.858s] -- Symlinking: /home/turtlebot/nav2_ws/install/nav2_map_server/share/nav2_map_server/cmake/ament_cmake_export_libraries-extras.cmake
[108.872s] -- Symlinking: /home/turtlebot/nav2_ws/install/nav2_map_server/share/nav2_map_server/cmake/nav2_map_serverConfig.cmake
[108.885s] -- Symlinking: /home/turtlebot/nav2_ws/install/nav2_map_server/share/nav2_map_server/cmake/nav2_map_serverConfig-version.cmake
[108.901s] -- Symlinking: /home/turtlebot/nav2_ws/install/nav2_map_server/share/nav2_map_server/package.xml
[108.923s] Invoked command in '/home/turtlebot/nav2_ws/build/nav2_map_server' returned '0': AMENT_PREFIX_PATH=/home/turtlebot/nav2_ws/install/nav2_util:/home/turtlebot/nav2_ws/install/nav2_msgs:/home/turtlebot/nav2_ws/install/nav2_common:${AMENT_PREFIX_PATH} CMAKE_PREFIX_PATH=/home/turtlebot/nav2_ws/install/nav2_util:/home/turtlebot/nav2_ws/install/nav2_msgs:/home/turtlebot/nav2_ws/install/nav2_common:/home/turtlebot/robot_ws/install/turtlebot3:/home/turtlebot/robot_ws/install/nav2_example:/home/turtlebot/robot_ws/install/my_package:/home/turtlebot/robot_ws/install/my_navigation_pkg:/home/turtlebot/robot_ws/install/forward1:/opt/ros/foxy LD_LIBRARY_PATH=/home/turtlebot/nav2_ws/install/nav2_util/lib:/home/turtlebot/nav2_ws/install/nav2_msgs/lib:${LD_LIBRARY_PATH} PYTHONPATH=/home/turtlebot/nav2_ws/install/nav2_msgs/lib/python3.8/site-packages:/home/turtlebot/nav2_ws/install/nav2_common/lib/python3.8/site-packages:${PYTHONPATH} /usr/bin/cmake --install /home/turtlebot/nav2_ws/build/nav2_map_server
