[0.023s] Invoking command in '/home/turtlebot/robot_ws/build/turtlebot3_description': CMAKE_PREFIX_PATH=/opt/ros/foxy /usr/bin/cmake /home/turtlebot/robot_ws/src/turtlebot3/turtlebot3_description -DCMAKE_INSTALL_PREFIX=/home/turtlebot/robot_ws/install/turtlebot3_description
[0.186s] -- The C compiler identification is GNU 9.4.0
[0.309s] -- The CXX compiler identification is GNU 9.4.0
[0.317s] -- Check for working C compiler: /usr/bin/cc
[0.378s] -- Check for working C compiler: /usr/bin/cc -- works
[0.381s] -- Detecting C compiler ABI info
[0.438s] -- Detecting C compiler ABI info - done
[0.448s] -- Detecting C compile features
[0.449s] -- Detecting C compile features - done
[0.454s] -- Check for working CXX compiler: /usr/bin/c++
[0.515s] -- Check for working CXX compiler: /usr/bin/c++ -- works
[0.516s] -- Detecting CXX compiler ABI info
[0.579s] -- Detecting CXX compiler ABI info - done
[0.589s] -- Detecting CXX compile features
[0.589s] -- Detecting CXX compile features - done
[0.592s] -- Found ament_cmake: 0.9.11 (/opt/ros/foxy/share/ament_cmake/cmake)
[0.617s] -- Found PythonInterp: /usr/bin/python3 (found suitable version "3.8.10", minimum required is "3") 
[0.617s] -- Using PYTHON_EXECUTABLE: /usr/bin/python3
[0.810s] -- Found urdf: 2.4.0 (/opt/ros/foxy/share/urdf/cmake)
[0.898s] -- Configuring done
[0.899s] -- Generating done
[0.900s] -- Build files have been written to: /home/turtlebot/robot_ws/build/turtlebot3_description
[0.906s] Invoked command in '/home/turtlebot/robot_ws/build/turtlebot3_description' returned '0': CMAKE_PREFIX_PATH=/opt/ros/foxy /usr/bin/cmake /home/turtlebot/robot_ws/src/turtlebot3/turtlebot3_description -DCMAKE_INSTALL_PREFIX=/home/turtlebot/robot_ws/install/turtlebot3_description
[0.908s] Invoking command in '/home/turtlebot/robot_ws/build/turtlebot3_description': CMAKE_PREFIX_PATH=/opt/ros/foxy /usr/bin/cmake --build /home/turtlebot/robot_ws/build/turtlebot3_description -- -j2 -l2
[0.951s] Invoked command in '/home/turtlebot/robot_ws/build/turtlebot3_description' returned '0': CMAKE_PREFIX_PATH=/opt/ros/foxy /usr/bin/cmake --build /home/turtlebot/robot_ws/build/turtlebot3_description -- -j2 -l2
[0.993s] Invoking command in '/home/turtlebot/robot_ws/build/turtlebot3_description': CMAKE_PREFIX_PATH=/opt/ros/foxy /usr/bin/cmake --install /home/turtlebot/robot_ws/build/turtlebot3_description
[1.003s] -- Install configuration: ""
[1.003s] -- Installing: /home/turtlebot/robot_ws/install/turtlebot3_description/share/turtlebot3_description/meshes
[1.003s] -- Installing: /home/turtlebot/robot_ws/install/turtlebot3_description/share/turtlebot3_description/meshes/sensors
[1.003s] -- Installing: /home/turtlebot/robot_ws/install/turtlebot3_description/share/turtlebot3_description/meshes/sensors/lds.stl
[1.004s] -- Installing: /home/turtlebot/robot_ws/install/turtlebot3_description/share/turtlebot3_description/meshes/sensors/astra.dae
[1.011s] -- Installing: /home/turtlebot/robot_ws/install/turtlebot3_description/share/turtlebot3_description/meshes/sensors/r200.jpg
[1.011s] -- Installing: /home/turtlebot/robot_ws/install/turtlebot3_description/share/turtlebot3_description/meshes/sensors/r200.dae
[1.011s] -- Installing: /home/turtlebot/robot_ws/install/turtlebot3_description/share/turtlebot3_description/meshes/sensors/astra.jpg
[1.012s] -- Installing: /home/turtlebot/robot_ws/install/turtlebot3_description/share/turtlebot3_description/meshes/bases
[1.012s] -- Installing: /home/turtlebot/robot_ws/install/turtlebot3_description/share/turtlebot3_description/meshes/bases/waffle_pi_base.stl
[1.019s] -- Installing: /home/turtlebot/robot_ws/install/turtlebot3_description/share/turtlebot3_description/meshes/bases/burger_base.stl
[1.023s] -- Installing: /home/turtlebot/robot_ws/install/turtlebot3_description/share/turtlebot3_description/meshes/bases/waffle_base.stl
[1.037s] -- Installing: /home/turtlebot/robot_ws/install/turtlebot3_description/share/turtlebot3_description/meshes/wheels
[1.037s] -- Installing: /home/turtlebot/robot_ws/install/turtlebot3_description/share/turtlebot3_description/meshes/wheels/right_tire.stl
[1.038s] -- Installing: /home/turtlebot/robot_ws/install/turtlebot3_description/share/turtlebot3_description/meshes/wheels/left_tire.stl
[1.040s] -- Installing: /home/turtlebot/robot_ws/install/turtlebot3_description/share/turtlebot3_description/rviz
[1.040s] -- Installing: /home/turtlebot/robot_ws/install/turtlebot3_description/share/turtlebot3_description/rviz/model.rviz
[1.040s] -- Installing: /home/turtlebot/robot_ws/install/turtlebot3_description/share/turtlebot3_description/urdf
[1.040s] -- Installing: /home/turtlebot/robot_ws/install/turtlebot3_description/share/turtlebot3_description/urdf/turtlebot3_waffle_pi.urdf
[1.040s] -- Installing: /home/turtlebot/robot_ws/install/turtlebot3_description/share/turtlebot3_description/urdf/turtlebot3_waffle.urdf
[1.041s] -- Installing: /home/turtlebot/robot_ws/install/turtlebot3_description/share/turtlebot3_description/urdf/turtlebot3_burger.urdf
[1.041s] -- Installing: /home/turtlebot/robot_ws/install/turtlebot3_description/share/turtlebot3_description/urdf/common_properties.urdf
[1.041s] -- Installing: /home/turtlebot/robot_ws/install/turtlebot3_description/share/ament_index/resource_index/package_run_dependencies/turtlebot3_description
[1.041s] -- Installing: /home/turtlebot/robot_ws/install/turtlebot3_description/share/ament_index/resource_index/parent_prefix_path/turtlebot3_description
[1.042s] -- Installing: /home/turtlebot/robot_ws/install/turtlebot3_description/share/turtlebot3_description/environment/ament_prefix_path.sh
[1.042s] -- Installing: /home/turtlebot/robot_ws/install/turtlebot3_description/share/turtlebot3_description/environment/ament_prefix_path.dsv
[1.042s] -- Installing: /home/turtlebot/robot_ws/install/turtlebot3_description/share/turtlebot3_description/environment/path.sh
[1.042s] -- Installing: /home/turtlebot/robot_ws/install/turtlebot3_description/share/turtlebot3_description/environment/path.dsv
[1.043s] -- Installing: /home/turtlebot/robot_ws/install/turtlebot3_description/share/turtlebot3_description/local_setup.bash
[1.043s] -- Installing: /home/turtlebot/robot_ws/install/turtlebot3_description/share/turtlebot3_description/local_setup.sh
[1.043s] -- Installing: /home/turtlebot/robot_ws/install/turtlebot3_description/share/turtlebot3_description/local_setup.zsh
[1.043s] -- Installing: /home/turtlebot/robot_ws/install/turtlebot3_description/share/turtlebot3_description/local_setup.dsv
[1.044s] -- Installing: /home/turtlebot/robot_ws/install/turtlebot3_description/share/turtlebot3_description/package.dsv
[1.044s] -- Installing: /home/turtlebot/robot_ws/install/turtlebot3_description/share/ament_index/resource_index/packages/turtlebot3_description
[1.044s] -- Installing: /home/turtlebot/robot_ws/install/turtlebot3_description/share/turtlebot3_description/cmake/turtlebot3_descriptionConfig.cmake
[1.044s] -- Installing: /home/turtlebot/robot_ws/install/turtlebot3_description/share/turtlebot3_description/cmake/turtlebot3_descriptionConfig-version.cmake
[1.045s] -- Installing: /home/turtlebot/robot_ws/install/turtlebot3_description/share/turtlebot3_description/package.xml
[1.049s] Invoked command in '/home/turtlebot/robot_ws/build/turtlebot3_description' returned '0': CMAKE_PREFIX_PATH=/opt/ros/foxy /usr/bin/cmake --install /home/turtlebot/robot_ws/build/turtlebot3_description
