[0.530s] DEBUG:colcon:Command line arguments: ['/usr/bin/colcon', 'build']
[0.531s] DEBUG:colcon:Parsed command line arguments: Namespace(allow_overriding=[], ament_cmake_args=None, base_paths=['.'], build_base='build', catkin_cmake_args=None, catkin_skip_building_tests=False, cmake_args=None, cmake_clean_cache=False, cmake_clean_first=False, cmake_force_configure=False, cmake_target=None, cmake_target_skip_unavailable=False, continue_on_error=False, event_handlers=None, executor='parallel', ignore_user_meta=False, install_base='install', log_base=None, log_level=None, main=<bound method BuildVerb.main of <colcon_core.verb.build.BuildVerb object at 0x7f362543f760>>, merge_install=False, metas=['./colcon.meta'], packages_above=None, packages_above_and_dependencies=None, packages_above_depth=None, packages_end=None, packages_ignore=None, packages_ignore_regex=None, packages_select=None, packages_select_build_failed=False, packages_select_by_dep=None, packages_select_regex=None, packages_select_test_failures=False, packages_skip=None, packages_skip_build_finished=False, packages_skip_by_dep=None, packages_skip_regex=None, packages_skip_test_passed=False, packages_skip_up_to=None, packages_start=None, packages_up_to=None, packages_up_to_regex=None, parallel_workers=2, paths=None, symlink_install=False, test_result_base=None, verb_extension=<colcon_core.verb.build.BuildVerb object at 0x7f362543f760>, verb_name='build', verb_parser=<colcon_defaults.argument_parser.defaults.DefaultArgumentsDecorator object at 0x7f362543fca0>)
[0.582s] Level 1:colcon.colcon_core.package_discovery:discover_packages(colcon_meta) check parameters
[0.582s] Level 1:colcon.colcon_core.package_discovery:discover_packages(recursive) check parameters
[0.582s] Level 1:colcon.colcon_core.package_discovery:discover_packages(ignore) check parameters
[0.582s] Level 1:colcon.colcon_core.package_discovery:discover_packages(path) check parameters
[0.582s] Level 1:colcon.colcon_core.package_discovery:discover_packages(colcon_meta) discover
[0.582s] Level 1:colcon.colcon_core.package_discovery:discover_packages(recursive) discover
[0.582s] INFO:colcon.colcon_core.package_discovery:Crawling recursively for packages in '/home/turtlebot/robot_ws'
[0.583s] Level 1:colcon.colcon_core.package_identification:_identify(.) by extensions ['ignore', 'ignore_ament_install']
[0.583s] Level 1:colcon.colcon_core.package_identification:_identify(.) by extension 'ignore'
[0.583s] Level 1:colcon.colcon_core.package_identification:_identify(.) by extension 'ignore_ament_install'
[0.583s] Level 1:colcon.colcon_core.package_identification:_identify(.) by extensions ['colcon_pkg']
[0.583s] Level 1:colcon.colcon_core.package_identification:_identify(.) by extension 'colcon_pkg'
[0.583s] Level 1:colcon.colcon_core.package_identification:_identify(.) by extensions ['colcon_meta']
[0.583s] Level 1:colcon.colcon_core.package_identification:_identify(.) by extension 'colcon_meta'
[0.583s] Level 1:colcon.colcon_core.package_identification:_identify(.) by extensions ['ros']
[0.583s] Level 1:colcon.colcon_core.package_identification:_identify(.) by extension 'ros'
[0.599s] Level 1:colcon.colcon_core.package_identification:_identify(.) by extensions ['cmake', 'python']
[0.599s] Level 1:colcon.colcon_core.package_identification:_identify(.) by extension 'cmake'
[0.599s] Level 1:colcon.colcon_core.package_identification:_identify(.) by extension 'python'
[0.599s] Level 1:colcon.colcon_core.package_identification:_identify(.) by extensions ['python_setup_py']
[0.599s] Level 1:colcon.colcon_core.package_identification:_identify(.) by extension 'python_setup_py'
[0.599s] Level 1:colcon.colcon_core.package_identification:_identify(build) by extensions ['ignore', 'ignore_ament_install']
[0.599s] Level 1:colcon.colcon_core.package_identification:_identify(build) by extension 'ignore'
[0.600s] Level 1:colcon.colcon_core.package_identification:_identify(build) ignored
[0.600s] Level 1:colcon.colcon_core.package_identification:_identify(install) by extensions ['ignore', 'ignore_ament_install']
[0.600s] Level 1:colcon.colcon_core.package_identification:_identify(install) by extension 'ignore'
[0.600s] Level 1:colcon.colcon_core.package_identification:_identify(install) ignored
[0.600s] Level 1:colcon.colcon_core.package_identification:_identify(log) by extensions ['ignore', 'ignore_ament_install']
[0.600s] Level 1:colcon.colcon_core.package_identification:_identify(log) by extension 'ignore'
[0.600s] Level 1:colcon.colcon_core.package_identification:_identify(log) ignored
[0.600s] Level 1:colcon.colcon_core.package_identification:_identify(my_package) by extensions ['ignore', 'ignore_ament_install']
[0.600s] Level 1:colcon.colcon_core.package_identification:_identify(my_package) by extension 'ignore'
[0.601s] Level 1:colcon.colcon_core.package_identification:_identify(my_package) by extension 'ignore_ament_install'
[0.601s] Level 1:colcon.colcon_core.package_identification:_identify(my_package) by extensions ['colcon_pkg']
[0.601s] Level 1:colcon.colcon_core.package_identification:_identify(my_package) by extension 'colcon_pkg'
[0.601s] Level 1:colcon.colcon_core.package_identification:_identify(my_package) by extensions ['colcon_meta']
[0.601s] Level 1:colcon.colcon_core.package_identification:_identify(my_package) by extension 'colcon_meta'
[0.601s] Level 1:colcon.colcon_core.package_identification:_identify(my_package) by extensions ['ros']
[0.601s] Level 1:colcon.colcon_core.package_identification:_identify(my_package) by extension 'ros'
[0.604s] DEBUG:colcon.colcon_core.package_identification:Package 'my_package' with type 'ros.ament_python' and name 'my_package'
[0.604s] Level 1:colcon.colcon_core.package_identification:_identify(src) by extensions ['ignore', 'ignore_ament_install']
[0.605s] Level 1:colcon.colcon_core.package_identification:_identify(src) by extension 'ignore'
[0.605s] Level 1:colcon.colcon_core.package_identification:_identify(src) by extension 'ignore_ament_install'
[0.605s] Level 1:colcon.colcon_core.package_identification:_identify(src) by extensions ['colcon_pkg']
[0.605s] Level 1:colcon.colcon_core.package_identification:_identify(src) by extension 'colcon_pkg'
[0.605s] Level 1:colcon.colcon_core.package_identification:_identify(src) by extensions ['colcon_meta']
[0.605s] Level 1:colcon.colcon_core.package_identification:_identify(src) by extension 'colcon_meta'
[0.605s] Level 1:colcon.colcon_core.package_identification:_identify(src) by extensions ['ros']
[0.605s] Level 1:colcon.colcon_core.package_identification:_identify(src) by extension 'ros'
[0.605s] Level 1:colcon.colcon_core.package_identification:_identify(src) by extensions ['cmake', 'python']
[0.605s] Level 1:colcon.colcon_core.package_identification:_identify(src) by extension 'cmake'
[0.605s] Level 1:colcon.colcon_core.package_identification:_identify(src) by extension 'python'
[0.605s] Level 1:colcon.colcon_core.package_identification:_identify(src) by extensions ['python_setup_py']
[0.605s] Level 1:colcon.colcon_core.package_identification:_identify(src) by extension 'python_setup_py'
[0.606s] Level 1:colcon.colcon_core.package_identification:_identify(src/waypoint_navigation) by extensions ['ignore', 'ignore_ament_install']
[0.606s] Level 1:colcon.colcon_core.package_identification:_identify(src/waypoint_navigation) by extension 'ignore'
[0.606s] Level 1:colcon.colcon_core.package_identification:_identify(src/waypoint_navigation) by extension 'ignore_ament_install'
[0.606s] Level 1:colcon.colcon_core.package_identification:_identify(src/waypoint_navigation) by extensions ['colcon_pkg']
[0.606s] Level 1:colcon.colcon_core.package_identification:_identify(src/waypoint_navigation) by extension 'colcon_pkg'
[0.606s] Level 1:colcon.colcon_core.package_identification:_identify(src/waypoint_navigation) by extensions ['colcon_meta']
[0.606s] Level 1:colcon.colcon_core.package_identification:_identify(src/waypoint_navigation) by extension 'colcon_meta'
[0.606s] Level 1:colcon.colcon_core.package_identification:_identify(src/waypoint_navigation) by extensions ['ros']
[0.606s] Level 1:colcon.colcon_core.package_identification:_identify(src/waypoint_navigation) by extension 'ros'
[0.606s] Level 1:colcon.colcon_core.package_identification:_identify(src/waypoint_navigation) by extensions ['cmake', 'python']
[0.606s] Level 1:colcon.colcon_core.package_identification:_identify(src/waypoint_navigation) by extension 'cmake'
[0.606s] Level 1:colcon.colcon_core.package_identification:_identify(src/waypoint_navigation) by extension 'python'
[0.606s] Level 1:colcon.colcon_core.package_identification:_identify(src/waypoint_navigation) by extensions ['python_setup_py']
[0.606s] Level 1:colcon.colcon_core.package_identification:_identify(src/waypoint_navigation) by extension 'python_setup_py'
[0.607s] Level 1:colcon.colcon_core.package_identification:_identify(src/waypoint_navigation/waypoint_navigation) by extensions ['ignore', 'ignore_ament_install']
[0.607s] Level 1:colcon.colcon_core.package_identification:_identify(src/waypoint_navigation/waypoint_navigation) by extension 'ignore'
[0.607s] Level 1:colcon.colcon_core.package_identification:_identify(src/waypoint_navigation/waypoint_navigation) by extension 'ignore_ament_install'
[0.607s] Level 1:colcon.colcon_core.package_identification:_identify(src/waypoint_navigation/waypoint_navigation) by extensions ['colcon_pkg']
[0.607s] Level 1:colcon.colcon_core.package_identification:_identify(src/waypoint_navigation/waypoint_navigation) by extension 'colcon_pkg'
[0.607s] Level 1:colcon.colcon_core.package_identification:_identify(src/waypoint_navigation/waypoint_navigation) by extensions ['colcon_meta']
[0.607s] Level 1:colcon.colcon_core.package_identification:_identify(src/waypoint_navigation/waypoint_navigation) by extension 'colcon_meta'
[0.607s] Level 1:colcon.colcon_core.package_identification:_identify(src/waypoint_navigation/waypoint_navigation) by extensions ['ros']
[0.607s] Level 1:colcon.colcon_core.package_identification:_identify(src/waypoint_navigation/waypoint_navigation) by extension 'ros'
[0.608s] DEBUG:colcon.colcon_core.package_identification:Package 'src/waypoint_navigation/waypoint_navigation' with type 'ros.ament_python' and name 'waypoint_navigation'
[0.608s] Level 1:colcon.colcon_core.package_identification:_identify(src/waypoint_navigation/waypoint_navigation_interfaces) by extensions ['ignore', 'ignore_ament_install']
[0.608s] Level 1:colcon.colcon_core.package_identification:_identify(src/waypoint_navigation/waypoint_navigation_interfaces) by extension 'ignore'
[0.608s] Level 1:colcon.colcon_core.package_identification:_identify(src/waypoint_navigation/waypoint_navigation_interfaces) by extension 'ignore_ament_install'
[0.608s] Level 1:colcon.colcon_core.package_identification:_identify(src/waypoint_navigation/waypoint_navigation_interfaces) by extensions ['colcon_pkg']
[0.608s] Level 1:colcon.colcon_core.package_identification:_identify(src/waypoint_navigation/waypoint_navigation_interfaces) by extension 'colcon_pkg'
[0.608s] Level 1:colcon.colcon_core.package_identification:_identify(src/waypoint_navigation/waypoint_navigation_interfaces) by extensions ['colcon_meta']
[0.608s] Level 1:colcon.colcon_core.package_identification:_identify(src/waypoint_navigation/waypoint_navigation_interfaces) by extension 'colcon_meta'
[0.608s] Level 1:colcon.colcon_core.package_identification:_identify(src/waypoint_navigation/waypoint_navigation_interfaces) by extensions ['ros']
[0.609s] Level 1:colcon.colcon_core.package_identification:_identify(src/waypoint_navigation/waypoint_navigation_interfaces) by extension 'ros'
[0.609s] DEBUG:colcon.colcon_core.package_identification:Package 'src/waypoint_navigation/waypoint_navigation_interfaces' with type 'ros.ament_cmake' and name 'waypoint_navigation_interfaces'
[0.609s] Level 1:colcon.colcon_core.package_discovery:discover_packages(recursive) using defaults
[0.609s] Level 1:colcon.colcon_core.package_discovery:discover_packages(ignore) discover
[0.610s] Level 1:colcon.colcon_core.package_discovery:discover_packages(ignore) using defaults
[0.610s] Level 1:colcon.colcon_core.package_discovery:discover_packages(path) discover
[0.610s] Level 1:colcon.colcon_core.package_discovery:discover_packages(path) using defaults
[0.642s] Level 1:colcon.colcon_core.package_discovery:discover_packages(prefix_path) check parameters
[0.642s] Level 1:colcon.colcon_core.package_discovery:discover_packages(prefix_path) discover
[0.646s] DEBUG:colcon.colcon_installed_package_information.package_discovery:Found 0 installed packages in /home/turtlebot/colcon_ws/install
[0.650s] DEBUG:colcon.colcon_installed_package_information.package_discovery:Found 334 installed packages in /opt/ros/foxy
[0.652s] Level 1:colcon.colcon_core.package_discovery:discover_packages(prefix_path) using defaults
[0.761s] Level 5:colcon.colcon_core.verb:set package 'my_package' build argument 'cmake_args' from command line to 'None'
[0.761s] Level 5:colcon.colcon_core.verb:set package 'my_package' build argument 'cmake_target' from command line to 'None'
[0.761s] Level 5:colcon.colcon_core.verb:set package 'my_package' build argument 'cmake_target_skip_unavailable' from command line to 'False'
[0.761s] Level 5:colcon.colcon_core.verb:set package 'my_package' build argument 'cmake_clean_cache' from command line to 'False'
[0.761s] Level 5:colcon.colcon_core.verb:set package 'my_package' build argument 'cmake_clean_first' from command line to 'False'
[0.761s] Level 5:colcon.colcon_core.verb:set package 'my_package' build argument 'cmake_force_configure' from command line to 'False'
[0.761s] Level 5:colcon.colcon_core.verb:set package 'my_package' build argument 'ament_cmake_args' from command line to 'None'
[0.761s] Level 5:colcon.colcon_core.verb:set package 'my_package' build argument 'catkin_cmake_args' from command line to 'None'
[0.761s] Level 5:colcon.colcon_core.verb:set package 'my_package' build argument 'catkin_skip_building_tests' from command line to 'False'
[0.761s] DEBUG:colcon.colcon_core.verb:Building package 'my_package' with the following arguments: {'ament_cmake_args': None, 'build_base': '/home/turtlebot/robot_ws/build/my_package', 'catkin_cmake_args': None, 'catkin_skip_building_tests': False, 'cmake_args': None, 'cmake_clean_cache': False, 'cmake_clean_first': False, 'cmake_force_configure': False, 'cmake_target': None, 'cmake_target_skip_unavailable': False, 'install_base': '/home/turtlebot/robot_ws/install/my_package', 'merge_install': False, 'path': '/home/turtlebot/robot_ws/my_package', 'symlink_install': False, 'test_result_base': None}
[0.763s] Level 5:colcon.colcon_core.verb:set package 'waypoint_navigation' build argument 'cmake_args' from command line to 'None'
[0.763s] Level 5:colcon.colcon_core.verb:set package 'waypoint_navigation' build argument 'cmake_target' from command line to 'None'
[0.763s] Level 5:colcon.colcon_core.verb:set package 'waypoint_navigation' build argument 'cmake_target_skip_unavailable' from command line to 'False'
[0.763s] Level 5:colcon.colcon_core.verb:set package 'waypoint_navigation' build argument 'cmake_clean_cache' from command line to 'False'
[0.763s] Level 5:colcon.colcon_core.verb:set package 'waypoint_navigation' build argument 'cmake_clean_first' from command line to 'False'
[0.763s] Level 5:colcon.colcon_core.verb:set package 'waypoint_navigation' build argument 'cmake_force_configure' from command line to 'False'
[0.763s] Level 5:colcon.colcon_core.verb:set package 'waypoint_navigation' build argument 'ament_cmake_args' from command line to 'None'
[0.763s] Level 5:colcon.colcon_core.verb:set package 'waypoint_navigation' build argument 'catkin_cmake_args' from command line to 'None'
[0.763s] Level 5:colcon.colcon_core.verb:set package 'waypoint_navigation' build argument 'catkin_skip_building_tests' from command line to 'False'
[0.764s] DEBUG:colcon.colcon_core.verb:Building package 'waypoint_navigation' with the following arguments: {'ament_cmake_args': None, 'build_base': '/home/turtlebot/robot_ws/build/waypoint_navigation', 'catkin_cmake_args': None, 'catkin_skip_building_tests': False, 'cmake_args': None, 'cmake_clean_cache': False, 'cmake_clean_first': False, 'cmake_force_configure': False, 'cmake_target': None, 'cmake_target_skip_unavailable': False, 'install_base': '/home/turtlebot/robot_ws/install/waypoint_navigation', 'merge_install': False, 'path': '/home/turtlebot/robot_ws/src/waypoint_navigation/waypoint_navigation', 'symlink_install': False, 'test_result_base': None}
[0.766s] Level 5:colcon.colcon_core.verb:set package 'waypoint_navigation_interfaces' build argument 'cmake_args' from command line to 'None'
[0.766s] Level 5:colcon.colcon_core.verb:set package 'waypoint_navigation_interfaces' build argument 'cmake_target' from command line to 'None'
[0.766s] Level 5:colcon.colcon_core.verb:set package 'waypoint_navigation_interfaces' build argument 'cmake_target_skip_unavailable' from command line to 'False'
[0.766s] Level 5:colcon.colcon_core.verb:set package 'waypoint_navigation_interfaces' build argument 'cmake_clean_cache' from command line to 'False'
[0.766s] Level 5:colcon.colcon_core.verb:set package 'waypoint_navigation_interfaces' build argument 'cmake_clean_first' from command line to 'False'
[0.766s] Level 5:colcon.colcon_core.verb:set package 'waypoint_navigation_interfaces' build argument 'cmake_force_configure' from command line to 'False'
[0.766s] Level 5:colcon.colcon_core.verb:set package 'waypoint_navigation_interfaces' build argument 'ament_cmake_args' from command line to 'None'
[0.766s] Level 5:colcon.colcon_core.verb:set package 'waypoint_navigation_interfaces' build argument 'catkin_cmake_args' from command line to 'None'
[0.766s] Level 5:colcon.colcon_core.verb:set package 'waypoint_navigation_interfaces' build argument 'catkin_skip_building_tests' from command line to 'False'
[0.766s] DEBUG:colcon.colcon_core.verb:Building package 'waypoint_navigation_interfaces' with the following arguments: {'ament_cmake_args': None, 'build_base': '/home/turtlebot/robot_ws/build/waypoint_navigation_interfaces', 'catkin_cmake_args': None, 'catkin_skip_building_tests': False, 'cmake_args': None, 'cmake_clean_cache': False, 'cmake_clean_first': False, 'cmake_force_configure': False, 'cmake_target': None, 'cmake_target_skip_unavailable': False, 'install_base': '/home/turtlebot/robot_ws/install/waypoint_navigation_interfaces', 'merge_install': False, 'path': '/home/turtlebot/robot_ws/src/waypoint_navigation/waypoint_navigation_interfaces', 'symlink_install': False, 'test_result_base': None}
[0.768s] INFO:colcon.colcon_core.executor:Executing jobs using 'parallel' executor
[0.776s] DEBUG:colcon.colcon_parallel_executor.executor.parallel:run_until_complete
[0.776s] INFO:colcon.colcon_ros.task.ament_python.build:Building ROS package in '/home/turtlebot/robot_ws/my_package' with build type 'ament_python'
[0.776s] Level 1:colcon.colcon_core.shell:create_environment_hook('my_package', 'ament_prefix_path')
[0.785s] INFO:colcon.colcon_core.plugin_system:Skipping extension 'colcon_core.shell.bat': Not used on non-Windows systems
[0.785s] INFO:colcon.colcon_core.shell:Creating environment hook '/home/turtlebot/robot_ws/install/my_package/share/my_package/hook/ament_prefix_path.ps1'
[0.786s] INFO:colcon.colcon_core.shell:Creating environment descriptor '/home/turtlebot/robot_ws/install/my_package/share/my_package/hook/ament_prefix_path.dsv'
[0.787s] INFO:colcon.colcon_core.shell:Creating environment hook '/home/turtlebot/robot_ws/install/my_package/share/my_package/hook/ament_prefix_path.sh'
[0.791s] INFO:colcon.colcon_core.shell:Skip shell extension 'powershell' for command environment: Not usable outside of PowerShell
[0.791s] DEBUG:colcon.colcon_core.shell:Skip shell extension 'dsv' for command environment
[0.802s] INFO:colcon.colcon_ros.task.ament_python.build:Building ROS package in '/home/turtlebot/robot_ws/src/waypoint_navigation/waypoint_navigation' with build type 'ament_python'
[0.802s] Level 1:colcon.colcon_core.shell:create_environment_hook('waypoint_navigation', 'ament_prefix_path')
[0.806s] INFO:colcon.colcon_core.shell:Creating environment hook '/home/turtlebot/robot_ws/install/waypoint_navigation/share/waypoint_navigation/hook/ament_prefix_path.ps1'
[0.807s] INFO:colcon.colcon_core.shell:Creating environment descriptor '/home/turtlebot/robot_ws/install/waypoint_navigation/share/waypoint_navigation/hook/ament_prefix_path.dsv'
[0.808s] INFO:colcon.colcon_core.shell:Creating environment hook '/home/turtlebot/robot_ws/install/waypoint_navigation/share/waypoint_navigation/hook/ament_prefix_path.sh'
[0.812s] INFO:colcon.colcon_core.shell:Skip shell extension 'powershell' for command environment: Not usable outside of PowerShell
[0.812s] DEBUG:colcon.colcon_core.shell:Skip shell extension 'dsv' for command environment
[1.137s] INFO:colcon.colcon_core.task.python.build:Building Python package in '/home/turtlebot/robot_ws/my_package'
[1.143s] INFO:colcon.colcon_core.shell:Skip shell extension 'powershell' for command environment: Not usable outside of PowerShell
[1.143s] DEBUG:colcon.colcon_core.shell:Skip shell extension 'dsv' for command environment
[1.470s] INFO:colcon.colcon_core.task.python.build:Building Python package in '/home/turtlebot/robot_ws/src/waypoint_navigation/waypoint_navigation'
[1.475s] INFO:colcon.colcon_core.shell:Skip shell extension 'powershell' for command environment: Not usable outside of PowerShell
[1.475s] DEBUG:colcon.colcon_core.shell:Skip shell extension 'dsv' for command environment
[2.029s] DEBUG:colcon.colcon_core.event_handler.log_command:Invoking command in '/home/turtlebot/robot_ws/my_package': PYTHONPATH=/home/turtlebot/robot_ws/build/my_package/prefix_override:/home/turtlebot/robot_ws/install/my_package/lib/python3.8/site-packages:${PYTHONPATH} /usr/bin/python3 setup.py egg_info --egg-base ../build/my_package build --build-base /home/turtlebot/robot_ws/build/my_package/build install --record /home/turtlebot/robot_ws/build/my_package/install.log --install-scripts $base/lib/my_package --single-version-externally-managed
[2.036s] DEBUG:colcon.colcon_core.event_handler.log_command:Invoking command in '/home/turtlebot/robot_ws/src/waypoint_navigation/waypoint_navigation': PYTHONPATH=/home/turtlebot/robot_ws/build/waypoint_navigation/prefix_override:/home/turtlebot/robot_ws/install/waypoint_navigation/lib/python3.8/site-packages:${PYTHONPATH} /usr/bin/python3 setup.py egg_info --egg-base ../../../build/waypoint_navigation build --build-base /home/turtlebot/robot_ws/build/waypoint_navigation/build install --record /home/turtlebot/robot_ws/build/waypoint_navigation/install.log --install-scripts $base/lib/waypoint_navigation --single-version-externally-managed
[2.437s] DEBUG:colcon.colcon_core.event_handler.log_command:Invoked command in '/home/turtlebot/robot_ws/my_package' returned '0': PYTHONPATH=/home/turtlebot/robot_ws/build/my_package/prefix_override:/home/turtlebot/robot_ws/install/my_package/lib/python3.8/site-packages:${PYTHONPATH} /usr/bin/python3 setup.py egg_info --egg-base ../build/my_package build --build-base /home/turtlebot/robot_ws/build/my_package/build install --record /home/turtlebot/robot_ws/build/my_package/install.log --install-scripts $base/lib/my_package --single-version-externally-managed
[2.447s] Level 1:colcon.colcon_core.environment:checking '/home/turtlebot/robot_ws/install/my_package' for CMake module files
[2.448s] Level 1:colcon.colcon_core.environment:checking '/home/turtlebot/robot_ws/install/my_package' for CMake config files
[2.449s] Level 1:colcon.colcon_core.environment:checking '/home/turtlebot/robot_ws/install/my_package/lib'
[2.449s] Level 1:colcon.colcon_core.environment:checking '/home/turtlebot/robot_ws/install/my_package/bin'
[2.449s] Level 1:colcon.colcon_core.environment:checking '/home/turtlebot/robot_ws/install/my_package/lib/pkgconfig/my_package.pc'
[2.450s] Level 1:colcon.colcon_core.environment:checking '/home/turtlebot/robot_ws/install/my_package/lib/python3.8/site-packages'
[2.450s] Level 1:colcon.colcon_core.shell:create_environment_hook('my_package', 'pythonpath')
[2.453s] INFO:colcon.colcon_core.shell:Creating environment hook '/home/turtlebot/robot_ws/install/my_package/share/my_package/hook/pythonpath.ps1'
[2.454s] INFO:colcon.colcon_core.shell:Creating environment descriptor '/home/turtlebot/robot_ws/install/my_package/share/my_package/hook/pythonpath.dsv'
[2.455s] INFO:colcon.colcon_core.shell:Creating environment hook '/home/turtlebot/robot_ws/install/my_package/share/my_package/hook/pythonpath.sh'
[2.456s] Level 1:colcon.colcon_core.environment:checking '/home/turtlebot/robot_ws/install/my_package/bin'
[2.456s] Level 1:colcon.colcon_core.environment:create_environment_scripts_only(my_package)
[2.459s] INFO:colcon.colcon_core.shell:Creating package script '/home/turtlebot/robot_ws/install/my_package/share/my_package/package.ps1'
[2.461s] INFO:colcon.colcon_core.shell:Creating package descriptor '/home/turtlebot/robot_ws/install/my_package/share/my_package/package.dsv'
[2.461s] INFO:colcon.colcon_core.shell:Creating package script '/home/turtlebot/robot_ws/install/my_package/share/my_package/package.sh'
[2.463s] INFO:colcon.colcon_core.shell:Creating package script '/home/turtlebot/robot_ws/install/my_package/share/my_package/package.bash'
[2.464s] INFO:colcon.colcon_core.shell:Creating package script '/home/turtlebot/robot_ws/install/my_package/share/my_package/package.zsh'
[2.465s] Level 1:colcon.colcon_core.environment:create_file_with_runtime_dependencies(/home/turtlebot/robot_ws/install/my_package/share/colcon-core/packages/my_package)
[2.465s] INFO:colcon.colcon_ros.task.ament_cmake.build:Building ROS package in '/home/turtlebot/robot_ws/src/waypoint_navigation/waypoint_navigation_interfaces' with build type 'ament_cmake'
[2.466s] INFO:colcon.colcon_cmake.task.cmake.build:Building CMake package in '/home/turtlebot/robot_ws/src/waypoint_navigation/waypoint_navigation_interfaces'
[2.470s] INFO:colcon.colcon_core.shell:Skip shell extension 'powershell' for command environment: Not usable outside of PowerShell
[2.470s] DEBUG:colcon.colcon_core.shell:Skip shell extension 'dsv' for command environment
[2.490s] Level 1:colcon.colcon_core.environment:checking '/home/turtlebot/robot_ws/install/waypoint_navigation' for CMake module files
[2.491s] DEBUG:colcon.colcon_core.event_handler.log_command:Invoked command in '/home/turtlebot/robot_ws/src/waypoint_navigation/waypoint_navigation' returned '0': PYTHONPATH=/home/turtlebot/robot_ws/build/waypoint_navigation/prefix_override:/home/turtlebot/robot_ws/install/waypoint_navigation/lib/python3.8/site-packages:${PYTHONPATH} /usr/bin/python3 setup.py egg_info --egg-base ../../../build/waypoint_navigation build --build-base /home/turtlebot/robot_ws/build/waypoint_navigation/build install --record /home/turtlebot/robot_ws/build/waypoint_navigation/install.log --install-scripts $base/lib/waypoint_navigation --single-version-externally-managed
[2.492s] Level 1:colcon.colcon_core.environment:checking '/home/turtlebot/robot_ws/install/waypoint_navigation' for CMake config files
[2.492s] Level 1:colcon.colcon_core.environment:checking '/home/turtlebot/robot_ws/install/waypoint_navigation/lib'
[2.493s] Level 1:colcon.colcon_core.environment:checking '/home/turtlebot/robot_ws/install/waypoint_navigation/bin'
[2.493s] Level 1:colcon.colcon_core.environment:checking '/home/turtlebot/robot_ws/install/waypoint_navigation/lib/pkgconfig/waypoint_navigation.pc'
[2.493s] Level 1:colcon.colcon_core.environment:checking '/home/turtlebot/robot_ws/install/waypoint_navigation/lib/python3.8/site-packages'
[2.493s] Level 1:colcon.colcon_core.shell:create_environment_hook('waypoint_navigation', 'pythonpath')
[2.497s] INFO:colcon.colcon_core.shell:Creating environment hook '/home/turtlebot/robot_ws/install/waypoint_navigation/share/waypoint_navigation/hook/pythonpath.ps1'
[2.498s] INFO:colcon.colcon_core.shell:Creating environment descriptor '/home/turtlebot/robot_ws/install/waypoint_navigation/share/waypoint_navigation/hook/pythonpath.dsv'
[2.499s] INFO:colcon.colcon_core.shell:Creating environment hook '/home/turtlebot/robot_ws/install/waypoint_navigation/share/waypoint_navigation/hook/pythonpath.sh'
[2.500s] Level 1:colcon.colcon_core.environment:checking '/home/turtlebot/robot_ws/install/waypoint_navigation/bin'
[2.500s] Level 1:colcon.colcon_core.environment:create_environment_scripts_only(waypoint_navigation)
[2.505s] INFO:colcon.colcon_core.shell:Creating package script '/home/turtlebot/robot_ws/install/waypoint_navigation/share/waypoint_navigation/package.ps1'
[2.505s] INFO:colcon.colcon_core.shell:Creating package descriptor '/home/turtlebot/robot_ws/install/waypoint_navigation/share/waypoint_navigation/package.dsv'
[2.506s] INFO:colcon.colcon_core.shell:Creating package script '/home/turtlebot/robot_ws/install/waypoint_navigation/share/waypoint_navigation/package.sh'
[2.507s] INFO:colcon.colcon_core.shell:Creating package script '/home/turtlebot/robot_ws/install/waypoint_navigation/share/waypoint_navigation/package.bash'
[2.507s] INFO:colcon.colcon_core.shell:Creating package script '/home/turtlebot/robot_ws/install/waypoint_navigation/share/waypoint_navigation/package.zsh'
[2.508s] Level 1:colcon.colcon_core.environment:create_file_with_runtime_dependencies(/home/turtlebot/robot_ws/install/waypoint_navigation/share/colcon-core/packages/waypoint_navigation)
[2.516s] DEBUG:colcon.colcon_core.event_handler.log_command:Invoking command in '/home/turtlebot/robot_ws/build/waypoint_navigation_interfaces': CMAKE_PREFIX_PATH=/opt/ros/foxy /usr/bin/cmake /home/turtlebot/robot_ws/src/waypoint_navigation/waypoint_navigation_interfaces -DCMAKE_INSTALL_PREFIX=/home/turtlebot/robot_ws/install/waypoint_navigation_interfaces
[7.123s] DEBUG:colcon.colcon_core.event_handler.log_command:Invoked command in '/home/turtlebot/robot_ws/build/waypoint_navigation_interfaces' returned '0': CMAKE_PREFIX_PATH=/opt/ros/foxy /usr/bin/cmake /home/turtlebot/robot_ws/src/waypoint_navigation/waypoint_navigation_interfaces -DCMAKE_INSTALL_PREFIX=/home/turtlebot/robot_ws/install/waypoint_navigation_interfaces
[7.124s] DEBUG:colcon.colcon_core.event_handler.log_command:Invoking command in '/home/turtlebot/robot_ws/build/waypoint_navigation_interfaces': CMAKE_PREFIX_PATH=/opt/ros/foxy /usr/bin/cmake --build /home/turtlebot/robot_ws/build/waypoint_navigation_interfaces -- -j2 -l2
[20.083s] DEBUG:colcon.colcon_core.event_handler.log_command:Invoked command in '/home/turtlebot/robot_ws/build/waypoint_navigation_interfaces' returned '0': CMAKE_PREFIX_PATH=/opt/ros/foxy /usr/bin/cmake --build /home/turtlebot/robot_ws/build/waypoint_navigation_interfaces -- -j2 -l2
[20.523s] DEBUG:colcon.colcon_core.event_handler.log_command:Invoking command in '/home/turtlebot/robot_ws/build/waypoint_navigation_interfaces': CMAKE_PREFIX_PATH=/opt/ros/foxy /usr/bin/cmake --install /home/turtlebot/robot_ws/build/waypoint_navigation_interfaces
[20.751s] Level 1:colcon.colcon_core.environment:create_environment_scripts_only(waypoint_navigation_interfaces)
[20.760s] DEBUG:colcon.colcon_core.event_handler.log_command:Invoked command in '/home/turtlebot/robot_ws/build/waypoint_navigation_interfaces' returned '0': CMAKE_PREFIX_PATH=/opt/ros/foxy /usr/bin/cmake --install /home/turtlebot/robot_ws/build/waypoint_navigation_interfaces
[20.764s] Level 1:colcon.colcon_core.environment:checking '/home/turtlebot/robot_ws/install/waypoint_navigation_interfaces' for CMake module files
[20.766s] Level 1:colcon.colcon_core.environment:checking '/home/turtlebot/robot_ws/install/waypoint_navigation_interfaces' for CMake config files
[20.766s] Level 1:colcon.colcon_core.shell:create_environment_hook('waypoint_navigation_interfaces', 'cmake_prefix_path')
[20.775s] INFO:colcon.colcon_core.shell:Creating environment hook '/home/turtlebot/robot_ws/install/waypoint_navigation_interfaces/share/waypoint_navigation_interfaces/hook/cmake_prefix_path.ps1'
[20.778s] INFO:colcon.colcon_core.shell:Creating environment descriptor '/home/turtlebot/robot_ws/install/waypoint_navigation_interfaces/share/waypoint_navigation_interfaces/hook/cmake_prefix_path.dsv'
[20.779s] INFO:colcon.colcon_core.shell:Creating environment hook '/home/turtlebot/robot_ws/install/waypoint_navigation_interfaces/share/waypoint_navigation_interfaces/hook/cmake_prefix_path.sh'
[20.780s] Level 1:colcon.colcon_core.environment:checking '/home/turtlebot/robot_ws/install/waypoint_navigation_interfaces/lib'
[20.781s] Level 1:colcon.colcon_core.shell:create_environment_hook('waypoint_navigation_interfaces', 'ld_library_path_lib')
[20.789s] INFO:colcon.colcon_core.shell:Creating environment hook '/home/turtlebot/robot_ws/install/waypoint_navigation_interfaces/share/waypoint_navigation_interfaces/hook/ld_library_path_lib.ps1'
[20.790s] INFO:colcon.colcon_core.shell:Creating environment descriptor '/home/turtlebot/robot_ws/install/waypoint_navigation_interfaces/share/waypoint_navigation_interfaces/hook/ld_library_path_lib.dsv'
[20.791s] INFO:colcon.colcon_core.shell:Creating environment hook '/home/turtlebot/robot_ws/install/waypoint_navigation_interfaces/share/waypoint_navigation_interfaces/hook/ld_library_path_lib.sh'
[20.792s] Level 1:colcon.colcon_core.environment:checking '/home/turtlebot/robot_ws/install/waypoint_navigation_interfaces/bin'
[20.792s] Level 1:colcon.colcon_core.environment:checking '/home/turtlebot/robot_ws/install/waypoint_navigation_interfaces/lib/pkgconfig/waypoint_navigation_interfaces.pc'
[20.793s] Level 1:colcon.colcon_core.environment:checking '/home/turtlebot/robot_ws/install/waypoint_navigation_interfaces/lib/python3.8/site-packages'
[20.793s] Level 1:colcon.colcon_core.shell:create_environment_hook('waypoint_navigation_interfaces', 'pythonpath')
[20.801s] INFO:colcon.colcon_core.shell:Creating environment hook '/home/turtlebot/robot_ws/install/waypoint_navigation_interfaces/share/waypoint_navigation_interfaces/hook/pythonpath.ps1'
[20.803s] INFO:colcon.colcon_core.shell:Creating environment descriptor '/home/turtlebot/robot_ws/install/waypoint_navigation_interfaces/share/waypoint_navigation_interfaces/hook/pythonpath.dsv'
[20.804s] INFO:colcon.colcon_core.shell:Creating environment hook '/home/turtlebot/robot_ws/install/waypoint_navigation_interfaces/share/waypoint_navigation_interfaces/hook/pythonpath.sh'
[20.805s] Level 1:colcon.colcon_core.environment:checking '/home/turtlebot/robot_ws/install/waypoint_navigation_interfaces/bin'
[20.813s] INFO:colcon.colcon_core.shell:Creating package script '/home/turtlebot/robot_ws/install/waypoint_navigation_interfaces/share/waypoint_navigation_interfaces/package.ps1'
[20.815s] INFO:colcon.colcon_core.shell:Creating package descriptor '/home/turtlebot/robot_ws/install/waypoint_navigation_interfaces/share/waypoint_navigation_interfaces/package.dsv'
[20.817s] INFO:colcon.colcon_core.shell:Creating package script '/home/turtlebot/robot_ws/install/waypoint_navigation_interfaces/share/waypoint_navigation_interfaces/package.sh'
[20.819s] INFO:colcon.colcon_core.shell:Creating package script '/home/turtlebot/robot_ws/install/waypoint_navigation_interfaces/share/waypoint_navigation_interfaces/package.bash'
[20.820s] INFO:colcon.colcon_core.shell:Creating package script '/home/turtlebot/robot_ws/install/waypoint_navigation_interfaces/share/waypoint_navigation_interfaces/package.zsh'
[20.820s] Level 1:colcon.colcon_core.environment:create_file_with_runtime_dependencies(/home/turtlebot/robot_ws/install/waypoint_navigation_interfaces/share/colcon-core/packages/waypoint_navigation_interfaces)
[21.203s] Level 1:colcon.colcon_core.environment:create_environment_scripts_only(waypoint_navigation_interfaces)
[21.217s] Level 1:colcon.colcon_core.environment:checking '/home/turtlebot/robot_ws/install/waypoint_navigation_interfaces' for CMake module files
[21.219s] Level 1:colcon.colcon_core.environment:checking '/home/turtlebot/robot_ws/install/waypoint_navigation_interfaces' for CMake config files
[21.220s] Level 1:colcon.colcon_core.shell:create_environment_hook('waypoint_navigation_interfaces', 'cmake_prefix_path')
[21.229s] INFO:colcon.colcon_core.shell:Creating environment hook '/home/turtlebot/robot_ws/install/waypoint_navigation_interfaces/share/waypoint_navigation_interfaces/hook/cmake_prefix_path.ps1'
[21.231s] INFO:colcon.colcon_core.shell:Creating environment descriptor '/home/turtlebot/robot_ws/install/waypoint_navigation_interfaces/share/waypoint_navigation_interfaces/hook/cmake_prefix_path.dsv'
[21.232s] INFO:colcon.colcon_core.shell:Creating environment hook '/home/turtlebot/robot_ws/install/waypoint_navigation_interfaces/share/waypoint_navigation_interfaces/hook/cmake_prefix_path.sh'
[21.235s] Level 1:colcon.colcon_core.environment:checking '/home/turtlebot/robot_ws/install/waypoint_navigation_interfaces/lib'
[21.235s] Level 1:colcon.colcon_core.shell:create_environment_hook('waypoint_navigation_interfaces', 'ld_library_path_lib')
[21.245s] INFO:colcon.colcon_core.shell:Creating environment hook '/home/turtlebot/robot_ws/install/waypoint_navigation_interfaces/share/waypoint_navigation_interfaces/hook/ld_library_path_lib.ps1'
[21.246s] INFO:colcon.colcon_core.shell:Creating environment descriptor '/home/turtlebot/robot_ws/install/waypoint_navigation_interfaces/share/waypoint_navigation_interfaces/hook/ld_library_path_lib.dsv'
[21.248s] INFO:colcon.colcon_core.shell:Creating environment hook '/home/turtlebot/robot_ws/install/waypoint_navigation_interfaces/share/waypoint_navigation_interfaces/hook/ld_library_path_lib.sh'
[21.249s] Level 1:colcon.colcon_core.environment:checking '/home/turtlebot/robot_ws/install/waypoint_navigation_interfaces/bin'
[21.250s] Level 1:colcon.colcon_core.environment:checking '/home/turtlebot/robot_ws/install/waypoint_navigation_interfaces/lib/pkgconfig/waypoint_navigation_interfaces.pc'
[21.251s] Level 1:colcon.colcon_core.environment:checking '/home/turtlebot/robot_ws/install/waypoint_navigation_interfaces/lib/python3.8/site-packages'
[21.251s] Level 1:colcon.colcon_core.shell:create_environment_hook('waypoint_navigation_interfaces', 'pythonpath')
[21.260s] INFO:colcon.colcon_core.shell:Creating environment hook '/home/turtlebot/robot_ws/install/waypoint_navigation_interfaces/share/waypoint_navigation_interfaces/hook/pythonpath.ps1'
[21.262s] INFO:colcon.colcon_core.shell:Creating environment descriptor '/home/turtlebot/robot_ws/install/waypoint_navigation_interfaces/share/waypoint_navigation_interfaces/hook/pythonpath.dsv'
[21.263s] INFO:colcon.colcon_core.shell:Creating environment hook '/home/turtlebot/robot_ws/install/waypoint_navigation_interfaces/share/waypoint_navigation_interfaces/hook/pythonpath.sh'
[21.265s] Level 1:colcon.colcon_core.environment:checking '/home/turtlebot/robot_ws/install/waypoint_navigation_interfaces/bin'
[21.278s] INFO:colcon.colcon_core.shell:Creating package script '/home/turtlebot/robot_ws/install/waypoint_navigation_interfaces/share/waypoint_navigation_interfaces/package.ps1'
[21.281s] INFO:colcon.colcon_core.shell:Creating package descriptor '/home/turtlebot/robot_ws/install/waypoint_navigation_interfaces/share/waypoint_navigation_interfaces/package.dsv'
[21.283s] INFO:colcon.colcon_core.shell:Creating package script '/home/turtlebot/robot_ws/install/waypoint_navigation_interfaces/share/waypoint_navigation_interfaces/package.sh'
[21.285s] INFO:colcon.colcon_core.shell:Creating package script '/home/turtlebot/robot_ws/install/waypoint_navigation_interfaces/share/waypoint_navigation_interfaces/package.bash'
[21.287s] INFO:colcon.colcon_core.shell:Creating package script '/home/turtlebot/robot_ws/install/waypoint_navigation_interfaces/share/waypoint_navigation_interfaces/package.zsh'
[21.289s] Level 1:colcon.colcon_core.environment:create_file_with_runtime_dependencies(/home/turtlebot/robot_ws/install/waypoint_navigation_interfaces/share/colcon-core/packages/waypoint_navigation_interfaces)
[21.291s] DEBUG:colcon.colcon_parallel_executor.executor.parallel:closing loop
[21.292s] DEBUG:colcon.colcon_parallel_executor.executor.parallel:loop closed
[21.292s] DEBUG:colcon.colcon_parallel_executor.executor.parallel:run_until_complete finished with '0'
[21.293s] DEBUG:colcon.colcon_core.event_reactor:joining thread
[21.320s] INFO:colcon.colcon_core.plugin_system:Skipping extension 'colcon_notification.desktop_notification.terminal_notifier': Not used on non-Darwin systems
[21.320s] INFO:colcon.colcon_core.plugin_system:Skipping extension 'colcon_notification.desktop_notification.win32': Not used on non-Windows systems
[21.321s] INFO:colcon.colcon_notification.desktop_notification:Sending desktop notification using 'notify2'
[21.392s] DEBUG:colcon.colcon_core.event_reactor:joined thread
[21.403s] INFO:colcon.colcon_core.shell:Creating prefix script '/home/turtlebot/robot_ws/install/local_setup.ps1'
[21.407s] INFO:colcon.colcon_core.shell:Creating prefix util module '/home/turtlebot/robot_ws/install/_local_setup_util_ps1.py'
[21.413s] INFO:colcon.colcon_core.shell:Creating prefix chain script '/home/turtlebot/robot_ws/install/setup.ps1'
[21.419s] INFO:colcon.colcon_core.shell:Creating prefix script '/home/turtlebot/robot_ws/install/local_setup.sh'
[21.421s] INFO:colcon.colcon_core.shell:Creating prefix util module '/home/turtlebot/robot_ws/install/_local_setup_util_sh.py'
[21.423s] INFO:colcon.colcon_core.shell:Creating prefix chain script '/home/turtlebot/robot_ws/install/setup.sh'
[21.428s] INFO:colcon.colcon_core.shell:Creating prefix script '/home/turtlebot/robot_ws/install/local_setup.bash'
[21.430s] INFO:colcon.colcon_core.shell:Creating prefix chain script '/home/turtlebot/robot_ws/install/setup.bash'
[21.435s] INFO:colcon.colcon_core.shell:Creating prefix script '/home/turtlebot/robot_ws/install/local_setup.zsh'
[21.436s] INFO:colcon.colcon_core.shell:Creating prefix chain script '/home/turtlebot/robot_ws/install/setup.zsh'
