[1.574s] Invoking command in '/home/turtlebot/robot_ws/build/forward1': PYTHONPATH=/home/turtlebot/robot_ws/build/forward1/prefix_override:/home/turtlebot/robot_ws/install/forward1/lib/python3.8/site-packages:${PYTHONPATH} /usr/bin/python3 setup.py develop --editable --build-directory /home/turtlebot/robot_ws/build/forward1/build --no-deps install_data
[2.015s] running develop
[2.204s] running egg_info
[2.204s] writing forward1.egg-info/PKG-INFO
[2.205s] writing dependency_links to forward1.egg-info/dependency_links.txt
[2.206s] writing entry points to forward1.egg-info/entry_points.txt
[2.206s] writing requirements to forward1.egg-info/requires.txt
[2.206s] writing top-level names to forward1.egg-info/top_level.txt
[2.254s] reading manifest file 'forward1.egg-info/SOURCES.txt'
[2.255s] writing manifest file 'forward1.egg-info/SOURCES.txt'
[2.302s] running build_ext
[2.310s] Creating /home/turtlebot/robot_ws/install/forward1/lib/python3.8/site-packages/forward1.egg-link (link to .)
[2.312s] Installing amcl1 script to /home/turtlebot/robot_ws/install/forward1/lib/forward1
[2.312s] Installing amcl2 script to /home/turtlebot/robot_ws/install/forward1/lib/forward1
[2.312s] Installing forward1_1 script to /home/turtlebot/robot_ws/install/forward1/lib/forward1
[2.313s] Installing test1 script to /home/turtlebot/robot_ws/install/forward1/lib/forward1
[2.313s] 
[2.313s] Installed /home/turtlebot/robot_ws/build/forward1
[2.313s] running install_data
[2.314s] copying package.xml -> /home/turtlebot/robot_ws/install/forward1/share/forward1
[2.347s] Invoked command in '/home/turtlebot/robot_ws/build/forward1' returned '0': PYTHONPATH=/home/turtlebot/robot_ws/build/forward1/prefix_override:/home/turtlebot/robot_ws/install/forward1/lib/python3.8/site-packages:${PYTHONPATH} /usr/bin/python3 setup.py develop --editable --build-directory /home/turtlebot/robot_ws/build/forward1/build --no-deps install_data
