[0.399s] DEBUG:colcon:Command line arguments: ['/usr/bin/colcon', 'build', '--symlink-install', '--packages-select', 'forward1']
[0.400s] DEBUG:colcon:Parsed command line arguments: Namespace(allow_overriding=[], ament_cmake_args=None, base_paths=['.'], build_base='build', catkin_cmake_args=None, catkin_skip_building_tests=False, cmake_args=None, cmake_clean_cache=False, cmake_clean_first=False, cmake_force_configure=False, cmake_target=None, cmake_target_skip_unavailable=False, continue_on_error=False, event_handlers=None, executor='parallel', ignore_user_meta=False, install_base='install', log_base=None, log_level=None, main=<bound method BuildVerb.main of <colcon_core.verb.build.BuildVerb object at 0x7fb1412f27c0>>, merge_install=False, metas=['./colcon.meta'], packages_above=None, packages_above_and_dependencies=None, packages_above_depth=None, packages_end=None, packages_ignore=None, packages_ignore_regex=None, packages_select=['forward1'], packages_select_build_failed=False, packages_select_by_dep=None, packages_select_regex=None, packages_select_test_failures=False, packages_skip=None, packages_skip_build_finished=False, packages_skip_by_dep=None, packages_skip_regex=None, packages_skip_test_passed=False, packages_skip_up_to=None, packages_start=None, packages_up_to=None, packages_up_to_regex=None, parallel_workers=2, paths=None, symlink_install=True, test_result_base=None, verb_extension=<colcon_core.verb.build.BuildVerb object at 0x7fb1412f27c0>, verb_name='build', verb_parser=<colcon_defaults.argument_parser.defaults.DefaultArgumentsDecorator object at 0x7fb1412f2d30>)
[0.454s] Level 1:colcon.colcon_core.package_discovery:discover_packages(colcon_meta) check parameters
[0.454s] Level 1:colcon.colcon_core.package_discovery:discover_packages(recursive) check parameters
[0.454s] Level 1:colcon.colcon_core.package_discovery:discover_packages(ignore) check parameters
[0.454s] Level 1:colcon.colcon_core.package_discovery:discover_packages(path) check parameters
[0.454s] Level 1:colcon.colcon_core.package_discovery:discover_packages(colcon_meta) discover
[0.454s] Level 1:colcon.colcon_core.package_discovery:discover_packages(recursive) discover
[0.454s] INFO:colcon.colcon_core.package_discovery:Crawling recursively for packages in '/home/turtlebot/robot_ws'
[0.455s] Level 1:colcon.colcon_core.package_identification:_identify(.) by extensions ['ignore', 'ignore_ament_install']
[0.455s] Level 1:colcon.colcon_core.package_identification:_identify(.) by extension 'ignore'
[0.455s] Level 1:colcon.colcon_core.package_identification:_identify(.) by extension 'ignore_ament_install'
[0.455s] Level 1:colcon.colcon_core.package_identification:_identify(.) by extensions ['colcon_pkg']
[0.455s] Level 1:colcon.colcon_core.package_identification:_identify(.) by extension 'colcon_pkg'
[0.455s] Level 1:colcon.colcon_core.package_identification:_identify(.) by extensions ['colcon_meta']
[0.455s] Level 1:colcon.colcon_core.package_identification:_identify(.) by extension 'colcon_meta'
[0.455s] Level 1:colcon.colcon_core.package_identification:_identify(.) by extensions ['ros']
[0.455s] Level 1:colcon.colcon_core.package_identification:_identify(.) by extension 'ros'
[0.472s] Level 1:colcon.colcon_core.package_identification:_identify(.) by extensions ['cmake', 'python']
[0.472s] Level 1:colcon.colcon_core.package_identification:_identify(.) by extension 'cmake'
[0.472s] Level 1:colcon.colcon_core.package_identification:_identify(.) by extension 'python'
[0.472s] Level 1:colcon.colcon_core.package_identification:_identify(.) by extensions ['python_setup_py']
[0.472s] Level 1:colcon.colcon_core.package_identification:_identify(.) by extension 'python_setup_py'
[0.472s] Level 1:colcon.colcon_core.package_identification:_identify(build) by extensions ['ignore', 'ignore_ament_install']
[0.472s] Level 1:colcon.colcon_core.package_identification:_identify(build) by extension 'ignore'
[0.472s] Level 1:colcon.colcon_core.package_identification:_identify(build) ignored
[0.472s] Level 1:colcon.colcon_core.package_identification:_identify(install) by extensions ['ignore', 'ignore_ament_install']
[0.473s] Level 1:colcon.colcon_core.package_identification:_identify(install) by extension 'ignore'
[0.473s] Level 1:colcon.colcon_core.package_identification:_identify(install) ignored
[0.473s] Level 1:colcon.colcon_core.package_identification:_identify(log) by extensions ['ignore', 'ignore_ament_install']
[0.473s] Level 1:colcon.colcon_core.package_identification:_identify(log) by extension 'ignore'
[0.473s] Level 1:colcon.colcon_core.package_identification:_identify(log) ignored
[0.473s] Level 1:colcon.colcon_core.package_identification:_identify(my_package) by extensions ['ignore', 'ignore_ament_install']
[0.473s] Level 1:colcon.colcon_core.package_identification:_identify(my_package) by extension 'ignore'
[0.473s] Level 1:colcon.colcon_core.package_identification:_identify(my_package) by extension 'ignore_ament_install'
[0.473s] Level 1:colcon.colcon_core.package_identification:_identify(my_package) by extensions ['colcon_pkg']
[0.473s] Level 1:colcon.colcon_core.package_identification:_identify(my_package) by extension 'colcon_pkg'
[0.473s] Level 1:colcon.colcon_core.package_identification:_identify(my_package) by extensions ['colcon_meta']
[0.473s] Level 1:colcon.colcon_core.package_identification:_identify(my_package) by extension 'colcon_meta'
[0.473s] Level 1:colcon.colcon_core.package_identification:_identify(my_package) by extensions ['ros']
[0.473s] Level 1:colcon.colcon_core.package_identification:_identify(my_package) by extension 'ros'
[0.476s] DEBUG:colcon.colcon_core.package_identification:Package 'my_package' with type 'ros.ament_python' and name 'my_package'
[0.476s] Level 1:colcon.colcon_core.package_identification:_identify(src) by extensions ['ignore', 'ignore_ament_install']
[0.477s] Level 1:colcon.colcon_core.package_identification:_identify(src) by extension 'ignore'
[0.477s] Level 1:colcon.colcon_core.package_identification:_identify(src) by extension 'ignore_ament_install'
[0.477s] Level 1:colcon.colcon_core.package_identification:_identify(src) by extensions ['colcon_pkg']
[0.477s] Level 1:colcon.colcon_core.package_identification:_identify(src) by extension 'colcon_pkg'
[0.477s] Level 1:colcon.colcon_core.package_identification:_identify(src) by extensions ['colcon_meta']
[0.477s] Level 1:colcon.colcon_core.package_identification:_identify(src) by extension 'colcon_meta'
[0.477s] Level 1:colcon.colcon_core.package_identification:_identify(src) by extensions ['ros']
[0.477s] Level 1:colcon.colcon_core.package_identification:_identify(src) by extension 'ros'
[0.477s] Level 1:colcon.colcon_core.package_identification:_identify(src) by extensions ['cmake', 'python']
[0.477s] Level 1:colcon.colcon_core.package_identification:_identify(src) by extension 'cmake'
[0.477s] Level 1:colcon.colcon_core.package_identification:_identify(src) by extension 'python'
[0.477s] Level 1:colcon.colcon_core.package_identification:_identify(src) by extensions ['python_setup_py']
[0.477s] Level 1:colcon.colcon_core.package_identification:_identify(src) by extension 'python_setup_py'
[0.477s] Level 1:colcon.colcon_core.package_identification:_identify(src/forward1) by extensions ['ignore', 'ignore_ament_install']
[0.477s] Level 1:colcon.colcon_core.package_identification:_identify(src/forward1) by extension 'ignore'
[0.477s] Level 1:colcon.colcon_core.package_identification:_identify(src/forward1) by extension 'ignore_ament_install'
[0.477s] Level 1:colcon.colcon_core.package_identification:_identify(src/forward1) by extensions ['colcon_pkg']
[0.477s] Level 1:colcon.colcon_core.package_identification:_identify(src/forward1) by extension 'colcon_pkg'
[0.477s] Level 1:colcon.colcon_core.package_identification:_identify(src/forward1) by extensions ['colcon_meta']
[0.477s] Level 1:colcon.colcon_core.package_identification:_identify(src/forward1) by extension 'colcon_meta'
[0.478s] Level 1:colcon.colcon_core.package_identification:_identify(src/forward1) by extensions ['ros']
[0.478s] Level 1:colcon.colcon_core.package_identification:_identify(src/forward1) by extension 'ros'
[0.478s] DEBUG:colcon.colcon_core.package_identification:Package 'src/forward1' with type 'ros.ament_python' and name 'forward1'
[0.478s] Level 1:colcon.colcon_core.package_identification:_identify(src/waypoint_navigation) by extensions ['ignore', 'ignore_ament_install']
[0.478s] Level 1:colcon.colcon_core.package_identification:_identify(src/waypoint_navigation) by extension 'ignore'
[0.478s] Level 1:colcon.colcon_core.package_identification:_identify(src/waypoint_navigation) by extension 'ignore_ament_install'
[0.479s] Level 1:colcon.colcon_core.package_identification:_identify(src/waypoint_navigation) by extensions ['colcon_pkg']
[0.479s] Level 1:colcon.colcon_core.package_identification:_identify(src/waypoint_navigation) by extension 'colcon_pkg'
[0.479s] Level 1:colcon.colcon_core.package_identification:_identify(src/waypoint_navigation) by extensions ['colcon_meta']
[0.479s] Level 1:colcon.colcon_core.package_identification:_identify(src/waypoint_navigation) by extension 'colcon_meta'
[0.479s] Level 1:colcon.colcon_core.package_identification:_identify(src/waypoint_navigation) by extensions ['ros']
[0.479s] Level 1:colcon.colcon_core.package_identification:_identify(src/waypoint_navigation) by extension 'ros'
[0.479s] Level 1:colcon.colcon_core.package_identification:_identify(src/waypoint_navigation) by extensions ['cmake', 'python']
[0.479s] Level 1:colcon.colcon_core.package_identification:_identify(src/waypoint_navigation) by extension 'cmake'
[0.479s] Level 1:colcon.colcon_core.package_identification:_identify(src/waypoint_navigation) by extension 'python'
[0.479s] Level 1:colcon.colcon_core.package_identification:_identify(src/waypoint_navigation) by extensions ['python_setup_py']
[0.479s] Level 1:colcon.colcon_core.package_identification:_identify(src/waypoint_navigation) by extension 'python_setup_py'
[0.479s] Level 1:colcon.colcon_core.package_identification:_identify(src/waypoint_navigation/waypoint_navigation) by extensions ['ignore', 'ignore_ament_install']
[0.479s] Level 1:colcon.colcon_core.package_identification:_identify(src/waypoint_navigation/waypoint_navigation) by extension 'ignore'
[0.479s] Level 1:colcon.colcon_core.package_identification:_identify(src/waypoint_navigation/waypoint_navigation) by extension 'ignore_ament_install'
[0.479s] Level 1:colcon.colcon_core.package_identification:_identify(src/waypoint_navigation/waypoint_navigation) by extensions ['colcon_pkg']
[0.479s] Level 1:colcon.colcon_core.package_identification:_identify(src/waypoint_navigation/waypoint_navigation) by extension 'colcon_pkg'
[0.479s] Level 1:colcon.colcon_core.package_identification:_identify(src/waypoint_navigation/waypoint_navigation) by extensions ['colcon_meta']
[0.479s] Level 1:colcon.colcon_core.package_identification:_identify(src/waypoint_navigation/waypoint_navigation) by extension 'colcon_meta'
[0.479s] Level 1:colcon.colcon_core.package_identification:_identify(src/waypoint_navigation/waypoint_navigation) by extensions ['ros']
[0.479s] Level 1:colcon.colcon_core.package_identification:_identify(src/waypoint_navigation/waypoint_navigation) by extension 'ros'
[0.482s] DEBUG:colcon.colcon_core.package_identification:Package 'src/waypoint_navigation/waypoint_navigation' with type 'ros.ament_python' and name 'waypoint_navigation'
[0.482s] Level 1:colcon.colcon_core.package_identification:_identify(src/waypoint_navigation/waypoint_navigation_interfaces) by extensions ['ignore', 'ignore_ament_install']
[0.482s] Level 1:colcon.colcon_core.package_identification:_identify(src/waypoint_navigation/waypoint_navigation_interfaces) by extension 'ignore'
[0.482s] Level 1:colcon.colcon_core.package_identification:_identify(src/waypoint_navigation/waypoint_navigation_interfaces) by extension 'ignore_ament_install'
[0.482s] Level 1:colcon.colcon_core.package_identification:_identify(src/waypoint_navigation/waypoint_navigation_interfaces) by extensions ['colcon_pkg']
[0.482s] Level 1:colcon.colcon_core.package_identification:_identify(src/waypoint_navigation/waypoint_navigation_interfaces) by extension 'colcon_pkg'
[0.482s] Level 1:colcon.colcon_core.package_identification:_identify(src/waypoint_navigation/waypoint_navigation_interfaces) by extensions ['colcon_meta']
[0.482s] Level 1:colcon.colcon_core.package_identification:_identify(src/waypoint_navigation/waypoint_navigation_interfaces) by extension 'colcon_meta'
[0.482s] Level 1:colcon.colcon_core.package_identification:_identify(src/waypoint_navigation/waypoint_navigation_interfaces) by extensions ['ros']
[0.482s] Level 1:colcon.colcon_core.package_identification:_identify(src/waypoint_navigation/waypoint_navigation_interfaces) by extension 'ros'
[0.483s] DEBUG:colcon.colcon_core.package_identification:Package 'src/waypoint_navigation/waypoint_navigation_interfaces' with type 'ros.ament_cmake' and name 'waypoint_navigation_interfaces'
[0.483s] Level 1:colcon.colcon_core.package_discovery:discover_packages(recursive) using defaults
[0.483s] Level 1:colcon.colcon_core.package_discovery:discover_packages(ignore) discover
[0.483s] Level 1:colcon.colcon_core.package_discovery:discover_packages(ignore) using defaults
[0.483s] Level 1:colcon.colcon_core.package_discovery:discover_packages(path) discover
[0.483s] Level 1:colcon.colcon_core.package_discovery:discover_packages(path) using defaults
[0.512s] INFO:colcon.colcon_core.package_selection:Skipping not selected package 'my_package' in 'my_package'
[0.512s] INFO:colcon.colcon_core.package_selection:Skipping not selected package 'waypoint_navigation' in 'src/waypoint_navigation/waypoint_navigation'
[0.512s] INFO:colcon.colcon_core.package_selection:Skipping not selected package 'waypoint_navigation_interfaces' in 'src/waypoint_navigation/waypoint_navigation_interfaces'
[0.515s] Level 1:colcon.colcon_core.package_discovery:discover_packages(prefix_path) check parameters
[0.515s] Level 1:colcon.colcon_core.package_discovery:discover_packages(prefix_path) discover
[0.520s] DEBUG:colcon.colcon_installed_package_information.package_discovery:Found 0 installed packages in /home/turtlebot/colcon_ws/install
[0.522s] DEBUG:colcon.colcon_installed_package_information.package_discovery:Found 334 installed packages in /opt/ros/foxy
[0.524s] Level 1:colcon.colcon_core.package_discovery:discover_packages(prefix_path) using defaults
[0.628s] Level 5:colcon.colcon_core.verb:set package 'forward1' build argument 'cmake_args' from command line to 'None'
[0.628s] Level 5:colcon.colcon_core.verb:set package 'forward1' build argument 'cmake_target' from command line to 'None'
[0.628s] Level 5:colcon.colcon_core.verb:set package 'forward1' build argument 'cmake_target_skip_unavailable' from command line to 'False'
[0.628s] Level 5:colcon.colcon_core.verb:set package 'forward1' build argument 'cmake_clean_cache' from command line to 'False'
[0.628s] Level 5:colcon.colcon_core.verb:set package 'forward1' build argument 'cmake_clean_first' from command line to 'False'
[0.628s] Level 5:colcon.colcon_core.verb:set package 'forward1' build argument 'cmake_force_configure' from command line to 'False'
[0.628s] Level 5:colcon.colcon_core.verb:set package 'forward1' build argument 'ament_cmake_args' from command line to 'None'
[0.628s] Level 5:colcon.colcon_core.verb:set package 'forward1' build argument 'catkin_cmake_args' from command line to 'None'
[0.628s] Level 5:colcon.colcon_core.verb:set package 'forward1' build argument 'catkin_skip_building_tests' from command line to 'False'
[0.628s] DEBUG:colcon.colcon_core.verb:Building package 'forward1' with the following arguments: {'ament_cmake_args': None, 'build_base': '/home/turtlebot/robot_ws/build/forward1', 'catkin_cmake_args': None, 'catkin_skip_building_tests': False, 'cmake_args': None, 'cmake_clean_cache': False, 'cmake_clean_first': False, 'cmake_force_configure': False, 'cmake_target': None, 'cmake_target_skip_unavailable': False, 'install_base': '/home/turtlebot/robot_ws/install/forward1', 'merge_install': False, 'path': '/home/turtlebot/robot_ws/src/forward1', 'symlink_install': True, 'test_result_base': None}
[0.630s] INFO:colcon.colcon_core.executor:Executing jobs using 'parallel' executor
[0.635s] DEBUG:colcon.colcon_parallel_executor.executor.parallel:run_until_complete
[0.636s] INFO:colcon.colcon_ros.task.ament_python.build:Building ROS package in '/home/turtlebot/robot_ws/src/forward1' with build type 'ament_python'
[0.636s] Level 1:colcon.colcon_core.shell:create_environment_hook('forward1', 'ament_prefix_path')
[0.643s] INFO:colcon.colcon_core.plugin_system:Skipping extension 'colcon_core.shell.bat': Not used on non-Windows systems
[0.643s] INFO:colcon.colcon_core.shell:Creating environment hook '/home/turtlebot/robot_ws/install/forward1/share/forward1/hook/ament_prefix_path.ps1'
[0.644s] INFO:colcon.colcon_core.shell:Creating environment descriptor '/home/turtlebot/robot_ws/install/forward1/share/forward1/hook/ament_prefix_path.dsv'
[0.644s] INFO:colcon.colcon_core.shell:Creating environment hook '/home/turtlebot/robot_ws/install/forward1/share/forward1/hook/ament_prefix_path.sh'
[0.648s] INFO:colcon.colcon_core.shell:Skip shell extension 'powershell' for command environment: Not usable outside of PowerShell
[0.648s] DEBUG:colcon.colcon_core.shell:Skip shell extension 'dsv' for command environment
[0.913s] INFO:colcon.colcon_core.task.python.build:Building Python package in '/home/turtlebot/robot_ws/src/forward1'
[0.917s] INFO:colcon.colcon_core.shell:Skip shell extension 'powershell' for command environment: Not usable outside of PowerShell
[0.917s] DEBUG:colcon.colcon_core.shell:Skip shell extension 'dsv' for command environment
[1.349s] DEBUG:colcon.colcon_core.event_handler.log_command:Invoking command in '/home/turtlebot/robot_ws/build/forward1': PYTHONPATH=/home/turtlebot/robot_ws/build/forward1/prefix_override:/home/turtlebot/robot_ws/install/forward1/lib/python3.8/site-packages:${PYTHONPATH} /usr/bin/python3 setup.py develop --editable --build-directory /home/turtlebot/robot_ws/build/forward1/build --no-deps install_data
[1.845s] Level 1:colcon.colcon_core.shell:create_environment_hook('forward1', 'pythonpath_develop')
[1.849s] INFO:colcon.colcon_core.shell:Creating environment hook '/home/turtlebot/robot_ws/build/forward1/share/forward1/hook/pythonpath_develop.ps1'
[1.849s] DEBUG:colcon.colcon_core.event_handler.log_command:Invoked command in '/home/turtlebot/robot_ws/build/forward1' returned '0': PYTHONPATH=/home/turtlebot/robot_ws/build/forward1/prefix_override:/home/turtlebot/robot_ws/install/forward1/lib/python3.8/site-packages:${PYTHONPATH} /usr/bin/python3 setup.py develop --editable --build-directory /home/turtlebot/robot_ws/build/forward1/build --no-deps install_data
[1.850s] INFO:colcon.colcon_core.shell:Creating environment descriptor '/home/turtlebot/robot_ws/build/forward1/share/forward1/hook/pythonpath_develop.dsv'
[1.850s] INFO:colcon.colcon_core.shell:Creating environment hook '/home/turtlebot/robot_ws/build/forward1/share/forward1/hook/pythonpath_develop.sh'
[1.860s] Level 1:colcon.colcon_core.environment:checking '/home/turtlebot/robot_ws/install/forward1' for CMake module files
[1.861s] Level 1:colcon.colcon_core.environment:checking '/home/turtlebot/robot_ws/install/forward1' for CMake config files
[1.861s] Level 1:colcon.colcon_core.environment:checking '/home/turtlebot/robot_ws/install/forward1/lib'
[1.861s] Level 1:colcon.colcon_core.environment:checking '/home/turtlebot/robot_ws/install/forward1/bin'
[1.862s] Level 1:colcon.colcon_core.environment:checking '/home/turtlebot/robot_ws/install/forward1/lib/pkgconfig/forward1.pc'
[1.862s] Level 1:colcon.colcon_core.environment:checking '/home/turtlebot/robot_ws/install/forward1/lib/python3.8/site-packages'
[1.862s] Level 1:colcon.colcon_core.shell:create_environment_hook('forward1', 'pythonpath')
[1.864s] INFO:colcon.colcon_core.shell:Creating environment hook '/home/turtlebot/robot_ws/install/forward1/share/forward1/hook/pythonpath.ps1'
[1.865s] INFO:colcon.colcon_core.shell:Creating environment descriptor '/home/turtlebot/robot_ws/install/forward1/share/forward1/hook/pythonpath.dsv'
[1.866s] INFO:colcon.colcon_core.shell:Creating environment hook '/home/turtlebot/robot_ws/install/forward1/share/forward1/hook/pythonpath.sh'
[1.867s] Level 1:colcon.colcon_core.environment:checking '/home/turtlebot/robot_ws/install/forward1/bin'
[1.867s] Level 1:colcon.colcon_core.environment:create_environment_scripts_only(forward1)
[1.869s] INFO:colcon.colcon_core.shell:Creating package script '/home/turtlebot/robot_ws/install/forward1/share/forward1/package.ps1'
[1.870s] INFO:colcon.colcon_core.shell:Creating package descriptor '/home/turtlebot/robot_ws/install/forward1/share/forward1/package.dsv'
[1.871s] INFO:colcon.colcon_core.shell:Creating package script '/home/turtlebot/robot_ws/install/forward1/share/forward1/package.sh'
[1.872s] INFO:colcon.colcon_core.shell:Creating package script '/home/turtlebot/robot_ws/install/forward1/share/forward1/package.bash'
[1.873s] INFO:colcon.colcon_core.shell:Creating package script '/home/turtlebot/robot_ws/install/forward1/share/forward1/package.zsh'
[1.877s] Level 1:colcon.colcon_core.environment:create_file_with_runtime_dependencies(/home/turtlebot/robot_ws/install/forward1/share/colcon-core/packages/forward1)
[1.878s] DEBUG:colcon.colcon_parallel_executor.executor.parallel:closing loop
[1.878s] DEBUG:colcon.colcon_parallel_executor.executor.parallel:loop closed
[1.878s] DEBUG:colcon.colcon_parallel_executor.executor.parallel:run_until_complete finished with '0'
[1.878s] DEBUG:colcon.colcon_core.event_reactor:joining thread
[1.886s] INFO:colcon.colcon_core.plugin_system:Skipping extension 'colcon_notification.desktop_notification.terminal_notifier': Not used on non-Darwin systems
[1.886s] INFO:colcon.colcon_core.plugin_system:Skipping extension 'colcon_notification.desktop_notification.win32': Not used on non-Windows systems
[1.886s] INFO:colcon.colcon_notification.desktop_notification:Sending desktop notification using 'notify2'
[1.904s] DEBUG:colcon.colcon_core.event_reactor:joined thread
[1.907s] INFO:colcon.colcon_core.shell:Creating prefix script '/home/turtlebot/robot_ws/install/local_setup.ps1'
[1.909s] INFO:colcon.colcon_core.shell:Creating prefix util module '/home/turtlebot/robot_ws/install/_local_setup_util_ps1.py'
[1.911s] INFO:colcon.colcon_core.shell:Creating prefix chain script '/home/turtlebot/robot_ws/install/setup.ps1'
[1.913s] INFO:colcon.colcon_core.shell:Creating prefix script '/home/turtlebot/robot_ws/install/local_setup.sh'
[1.914s] INFO:colcon.colcon_core.shell:Creating prefix util module '/home/turtlebot/robot_ws/install/_local_setup_util_sh.py'
[1.914s] INFO:colcon.colcon_core.shell:Creating prefix chain script '/home/turtlebot/robot_ws/install/setup.sh'
[1.917s] INFO:colcon.colcon_core.shell:Creating prefix script '/home/turtlebot/robot_ws/install/local_setup.bash'
[1.920s] INFO:colcon.colcon_core.shell:Creating prefix chain script '/home/turtlebot/robot_ws/install/setup.bash'
[1.923s] INFO:colcon.colcon_core.shell:Creating prefix script '/home/turtlebot/robot_ws/install/local_setup.zsh'
[1.925s] INFO:colcon.colcon_core.shell:Creating prefix chain script '/home/turtlebot/robot_ws/install/setup.zsh'
