[  1%] Built target waypoint_navigation_interfaces__cpp
[ 12%] Built target waypoint_navigation_interfaces__rosidl_generator_c
[ 23%] Built target waypoint_navigation_interfaces__rosidl_typesupport_fastrtps_cpp
[ 34%] Built target waypoint_navigation_interfaces__rosidl_typesupport_introspection_cpp
[ 46%] Built target waypoint_navigation_interfaces__rosidl_typesupport_introspection_c
[ 57%] Built target waypoint_navigation_interfaces__rosidl_typesupport_cpp
[ 68%] Built target waypoint_navigation_interfaces__rosidl_typesupport_c
[ 79%] Built target waypoint_navigation_interfaces__rosidl_typesupport_fastrtps_c
[ 79%] Built target waypoint_navigation_interfaces
[ 80%] Built target waypoint_navigation_interfaces__py
[ 90%] Built target waypoint_navigation_interfaces__python
[ 93%] Built target waypoint_navigation_interfaces__rosidl_typesupport_introspection_c__pyext
[ 96%] Built target waypoint_navigation_interfaces__rosidl_typesupport_fastrtps_c__pyext
[100%] Built target waypoint_navigation_interfaces__rosidl_typesupport_c__pyext
-- Install configuration: ""
-- Execute custom install script
-- Up-to-date symlink: /home/turtlebot/robot_ws/install/waypoint_navigation_interfaces/share/ament_index/resource_index/rosidl_interfaces/waypoint_navigation_interfaces
-- Up-to-date symlink: /home/turtlebot/robot_ws/install/waypoint_navigation_interfaces/include/waypoint_navigation_interfaces/action/detail/navigate_to_wp__functions.h
-- Up-to-date symlink: /home/turtlebot/robot_ws/install/waypoint_navigation_interfaces/include/waypoint_navigation_interfaces/action/detail/navigate_to_wp__struct.h
-- Up-to-date symlink: /home/turtlebot/robot_ws/install/waypoint_navigation_interfaces/include/waypoint_navigation_interfaces/action/detail/navigate_to_wp__type_support.h
-- Up-to-date symlink: /home/turtlebot/robot_ws/install/waypoint_navigation_interfaces/include/waypoint_navigation_interfaces/action/navigate_to_wp.h
-- Up-to-date symlink: /home/turtlebot/robot_ws/install/waypoint_navigation_interfaces/include/waypoint_navigation_interfaces/msg/detail/wp__functions.h
-- Up-to-date symlink: /home/turtlebot/robot_ws/install/waypoint_navigation_interfaces/include/waypoint_navigation_interfaces/msg/detail/wp__struct.h
-- Up-to-date symlink: /home/turtlebot/robot_ws/install/waypoint_navigation_interfaces/include/waypoint_navigation_interfaces/msg/detail/wp__type_support.h
-- Up-to-date symlink: /home/turtlebot/robot_ws/install/waypoint_navigation_interfaces/include/waypoint_navigation_interfaces/msg/rosidl_generator_c__visibility_control.h
-- Up-to-date symlink: /home/turtlebot/robot_ws/install/waypoint_navigation_interfaces/include/waypoint_navigation_interfaces/msg/wp.h
-- Up-to-date symlink: /home/turtlebot/robot_ws/install/waypoint_navigation_interfaces/include/waypoint_navigation_interfaces/srv/add_wp.h
-- Up-to-date symlink: /home/turtlebot/robot_ws/install/waypoint_navigation_interfaces/include/waypoint_navigation_interfaces/srv/detail/add_wp__functions.h
-- Up-to-date symlink: /home/turtlebot/robot_ws/install/waypoint_navigation_interfaces/include/waypoint_navigation_interfaces/srv/detail/add_wp__struct.h
-- Up-to-date symlink: /home/turtlebot/robot_ws/install/waypoint_navigation_interfaces/include/waypoint_navigation_interfaces/srv/detail/add_wp__type_support.h
-- Up-to-date symlink: /home/turtlebot/robot_ws/install/waypoint_navigation_interfaces/include/waypoint_navigation_interfaces/srv/detail/get_wp__functions.h
-- Up-to-date symlink: /home/turtlebot/robot_ws/install/waypoint_navigation_interfaces/include/waypoint_navigation_interfaces/srv/detail/get_wp__struct.h
-- Up-to-date symlink: /home/turtlebot/robot_ws/install/waypoint_navigation_interfaces/include/waypoint_navigation_interfaces/srv/detail/get_wp__type_support.h
-- Up-to-date symlink: /home/turtlebot/robot_ws/install/waypoint_navigation_interfaces/include/waypoint_navigation_interfaces/srv/detail/get_wps__functions.h
-- Up-to-date symlink: /home/turtlebot/robot_ws/install/waypoint_navigation_interfaces/include/waypoint_navigation_interfaces/srv/detail/get_wps__struct.h
-- Up-to-date symlink: /home/turtlebot/robot_ws/install/waypoint_navigation_interfaces/include/waypoint_navigation_interfaces/srv/detail/get_wps__type_support.h
-- Up-to-date symlink: /home/turtlebot/robot_ws/install/waypoint_navigation_interfaces/include/waypoint_navigation_interfaces/srv/get_wp.h
-- Up-to-date symlink: /home/turtlebot/robot_ws/install/waypoint_navigation_interfaces/include/waypoint_navigation_interfaces/srv/get_wps.h
-- Up-to-date symlink: /home/turtlebot/robot_ws/install/waypoint_navigation_interfaces/share/waypoint_navigation_interfaces/environment/library_path.sh
-- Up-to-date symlink: /home/turtlebot/robot_ws/install/waypoint_navigation_interfaces/share/waypoint_navigation_interfaces/environment/library_path.dsv
-- Up-to-date symlink: /home/turtlebot/robot_ws/install/waypoint_navigation_interfaces/include/waypoint_navigation_interfaces/action/detail/navigate_to_wp__rosidl_typesupport_fastrtps_c.h
-- Up-to-date symlink: /home/turtlebot/robot_ws/install/waypoint_navigation_interfaces/include/waypoint_navigation_interfaces/msg/detail/wp__rosidl_typesupport_fastrtps_c.h
-- Up-to-date symlink: /home/turtlebot/robot_ws/install/waypoint_navigation_interfaces/include/waypoint_navigation_interfaces/msg/rosidl_typesupport_fastrtps_c__visibility_control.h
-- Up-to-date symlink: /home/turtlebot/robot_ws/install/waypoint_navigation_interfaces/include/waypoint_navigation_interfaces/srv/detail/add_wp__rosidl_typesupport_fastrtps_c.h
-- Up-to-date symlink: /home/turtlebot/robot_ws/install/waypoint_navigation_interfaces/include/waypoint_navigation_interfaces/srv/detail/get_wp__rosidl_typesupport_fastrtps_c.h
-- Up-to-date symlink: /home/turtlebot/robot_ws/install/waypoint_navigation_interfaces/include/waypoint_navigation_interfaces/srv/detail/get_wps__rosidl_typesupport_fastrtps_c.h
-- Up-to-date symlink: /home/turtlebot/robot_ws/install/waypoint_navigation_interfaces/lib/libwaypoint_navigation_interfaces__rosidl_typesupport_fastrtps_c.so
-- Up-to-date symlink: /home/turtlebot/robot_ws/install/waypoint_navigation_interfaces/include/waypoint_navigation_interfaces/action/detail/navigate_to_wp__rosidl_typesupport_fastrtps_cpp.hpp
-- Up-to-date symlink: /home/turtlebot/robot_ws/install/waypoint_navigation_interfaces/include/waypoint_navigation_interfaces/msg/detail/wp__rosidl_typesupport_fastrtps_cpp.hpp
-- Up-to-date symlink: /home/turtlebot/robot_ws/install/waypoint_navigation_interfaces/include/waypoint_navigation_interfaces/msg/rosidl_typesupport_fastrtps_cpp__visibility_control.h
-- Up-to-date symlink: /home/turtlebot/robot_ws/install/waypoint_navigation_interfaces/include/waypoint_navigation_interfaces/srv/detail/add_wp__rosidl_typesupport_fastrtps_cpp.hpp
-- Up-to-date symlink: /home/turtlebot/robot_ws/install/waypoint_navigation_interfaces/include/waypoint_navigation_interfaces/srv/detail/get_wp__rosidl_typesupport_fastrtps_cpp.hpp
-- Up-to-date symlink: /home/turtlebot/robot_ws/install/waypoint_navigation_interfaces/include/waypoint_navigation_interfaces/srv/detail/get_wps__rosidl_typesupport_fastrtps_cpp.hpp
-- Up-to-date symlink: /home/turtlebot/robot_ws/install/waypoint_navigation_interfaces/lib/libwaypoint_navigation_interfaces__rosidl_typesupport_fastrtps_cpp.so
-- Up-to-date symlink: /home/turtlebot/robot_ws/install/waypoint_navigation_interfaces/include/waypoint_navigation_interfaces/action/detail/navigate_to_wp__rosidl_typesupport_introspection_c.h
-- Up-to-date symlink: /home/turtlebot/robot_ws/install/waypoint_navigation_interfaces/include/waypoint_navigation_interfaces/msg/detail/wp__rosidl_typesupport_introspection_c.h
-- Up-to-date symlink: /home/turtlebot/robot_ws/install/waypoint_navigation_interfaces/include/waypoint_navigation_interfaces/msg/rosidl_typesupport_introspection_c__visibility_control.h
-- Up-to-date symlink: /home/turtlebot/robot_ws/install/waypoint_navigation_interfaces/include/waypoint_navigation_interfaces/srv/detail/add_wp__rosidl_typesupport_introspection_c.h
-- Up-to-date symlink: /home/turtlebot/robot_ws/install/waypoint_navigation_interfaces/include/waypoint_navigation_interfaces/srv/detail/get_wp__rosidl_typesupport_introspection_c.h
-- Up-to-date symlink: /home/turtlebot/robot_ws/install/waypoint_navigation_interfaces/include/waypoint_navigation_interfaces/srv/detail/get_wps__rosidl_typesupport_introspection_c.h
-- Up-to-date symlink: /home/turtlebot/robot_ws/install/waypoint_navigation_interfaces/include/waypoint_navigation_interfaces/action/detail/navigate_to_wp__builder.hpp
-- Up-to-date symlink: /home/turtlebot/robot_ws/install/waypoint_navigation_interfaces/include/waypoint_navigation_interfaces/action/detail/navigate_to_wp__struct.hpp
-- Up-to-date symlink: /home/turtlebot/robot_ws/install/waypoint_navigation_interfaces/include/waypoint_navigation_interfaces/action/detail/navigate_to_wp__traits.hpp
-- Up-to-date symlink: /home/turtlebot/robot_ws/install/waypoint_navigation_interfaces/include/waypoint_navigation_interfaces/action/navigate_to_wp.hpp
-- Up-to-date symlink: /home/turtlebot/robot_ws/install/waypoint_navigation_interfaces/include/waypoint_navigation_interfaces/msg/detail/wp__builder.hpp
-- Up-to-date symlink: /home/turtlebot/robot_ws/install/waypoint_navigation_interfaces/include/waypoint_navigation_interfaces/msg/detail/wp__struct.hpp
-- Up-to-date symlink: /home/turtlebot/robot_ws/install/waypoint_navigation_interfaces/include/waypoint_navigation_interfaces/msg/detail/wp__traits.hpp
-- Up-to-date symlink: /home/turtlebot/robot_ws/install/waypoint_navigation_interfaces/include/waypoint_navigation_interfaces/msg/wp.hpp
-- Up-to-date symlink: /home/turtlebot/robot_ws/install/waypoint_navigation_interfaces/include/waypoint_navigation_interfaces/srv/add_wp.hpp
-- Up-to-date symlink: /home/turtlebot/robot_ws/install/waypoint_navigation_interfaces/include/waypoint_navigation_interfaces/srv/detail/add_wp__builder.hpp
-- Up-to-date symlink: /home/turtlebot/robot_ws/install/waypoint_navigation_interfaces/include/waypoint_navigation_interfaces/srv/detail/add_wp__struct.hpp
-- Up-to-date symlink: /home/turtlebot/robot_ws/install/waypoint_navigation_interfaces/include/waypoint_navigation_interfaces/srv/detail/add_wp__traits.hpp
-- Up-to-date symlink: /home/turtlebot/robot_ws/install/waypoint_navigation_interfaces/include/waypoint_navigation_interfaces/srv/detail/get_wp__builder.hpp
-- Up-to-date symlink: /home/turtlebot/robot_ws/install/waypoint_navigation_interfaces/include/waypoint_navigation_interfaces/srv/detail/get_wp__struct.hpp
-- Up-to-date symlink: /home/turtlebot/robot_ws/install/waypoint_navigation_interfaces/include/waypoint_navigation_interfaces/srv/detail/get_wp__traits.hpp
-- Up-to-date symlink: /home/turtlebot/robot_ws/install/waypoint_navigation_interfaces/include/waypoint_navigation_interfaces/srv/detail/get_wps__builder.hpp
-- Up-to-date symlink: /home/turtlebot/robot_ws/install/waypoint_navigation_interfaces/include/waypoint_navigation_interfaces/srv/detail/get_wps__struct.hpp
-- Up-to-date symlink: /home/turtlebot/robot_ws/install/waypoint_navigation_interfaces/include/waypoint_navigation_interfaces/srv/detail/get_wps__traits.hpp
-- Up-to-date symlink: /home/turtlebot/robot_ws/install/waypoint_navigation_interfaces/include/waypoint_navigation_interfaces/srv/get_wp.hpp
-- Up-to-date symlink: /home/turtlebot/robot_ws/install/waypoint_navigation_interfaces/include/waypoint_navigation_interfaces/srv/get_wps.hpp
-- Up-to-date symlink: /home/turtlebot/robot_ws/install/waypoint_navigation_interfaces/include/waypoint_navigation_interfaces/action/detail/navigate_to_wp__rosidl_typesupport_introspection_cpp.hpp
-- Up-to-date symlink: /home/turtlebot/robot_ws/install/waypoint_navigation_interfaces/include/waypoint_navigation_interfaces/msg/detail/wp__rosidl_typesupport_introspection_cpp.hpp
-- Up-to-date symlink: /home/turtlebot/robot_ws/install/waypoint_navigation_interfaces/include/waypoint_navigation_interfaces/srv/detail/add_wp__rosidl_typesupport_introspection_cpp.hpp
-- Up-to-date symlink: /home/turtlebot/robot_ws/install/waypoint_navigation_interfaces/include/waypoint_navigation_interfaces/srv/detail/get_wp__rosidl_typesupport_introspection_cpp.hpp
-- Up-to-date symlink: /home/turtlebot/robot_ws/install/waypoint_navigation_interfaces/include/waypoint_navigation_interfaces/srv/detail/get_wps__rosidl_typesupport_introspection_cpp.hpp
-- Up-to-date symlink: /home/turtlebot/robot_ws/install/waypoint_navigation_interfaces/share/waypoint_navigation_interfaces/environment/pythonpath.sh
-- Up-to-date symlink: /home/turtlebot/robot_ws/install/waypoint_navigation_interfaces/share/waypoint_navigation_interfaces/environment/pythonpath.dsv
-- Up-to-date symlink: /home/turtlebot/robot_ws/install/waypoint_navigation_interfaces/lib/python3.8/site-packages/waypoint_navigation_interfaces/__init__.py
-- Up-to-date symlink: /home/turtlebot/robot_ws/install/waypoint_navigation_interfaces/lib/python3.8/site-packages/waypoint_navigation_interfaces/action/__init__.py
-- Up-to-date symlink: /home/turtlebot/robot_ws/install/waypoint_navigation_interfaces/lib/python3.8/site-packages/waypoint_navigation_interfaces/action/_navigate_to_wp.py
-- Up-to-date symlink: /home/turtlebot/robot_ws/install/waypoint_navigation_interfaces/lib/python3.8/site-packages/waypoint_navigation_interfaces/srv/__init__.py
-- Up-to-date symlink: /home/turtlebot/robot_ws/install/waypoint_navigation_interfaces/lib/python3.8/site-packages/waypoint_navigation_interfaces/srv/_add_wp.py
-- Up-to-date symlink: /home/turtlebot/robot_ws/install/waypoint_navigation_interfaces/lib/python3.8/site-packages/waypoint_navigation_interfaces/srv/_get_wp.py
-- Up-to-date symlink: /home/turtlebot/robot_ws/install/waypoint_navigation_interfaces/lib/python3.8/site-packages/waypoint_navigation_interfaces/srv/_get_wps.py
-- Up-to-date symlink: /home/turtlebot/robot_ws/install/waypoint_navigation_interfaces/lib/python3.8/site-packages/waypoint_navigation_interfaces/msg/__init__.py
-- Up-to-date symlink: /home/turtlebot/robot_ws/install/waypoint_navigation_interfaces/lib/python3.8/site-packages/waypoint_navigation_interfaces/msg/_wp.py
-- Up-to-date symlink: /home/turtlebot/robot_ws/install/waypoint_navigation_interfaces/lib/python3.8/site-packages/waypoint_navigation_interfaces/waypoint_navigation_interfaces_s__rosidl_typesupport_fastrtps_c.cpython-38-x86_64-linux-gnu.so
-- Up-to-date symlink: /home/turtlebot/robot_ws/install/waypoint_navigation_interfaces/lib/python3.8/site-packages/waypoint_navigation_interfaces/waypoint_navigation_interfaces_s__rosidl_typesupport_introspection_c.cpython-38-x86_64-linux-gnu.so
-- Up-to-date symlink: /home/turtlebot/robot_ws/install/waypoint_navigation_interfaces/lib/python3.8/site-packages/waypoint_navigation_interfaces/waypoint_navigation_interfaces_s__rosidl_typesupport_c.cpython-38-x86_64-linux-gnu.so
-- Up-to-date symlink: /home/turtlebot/robot_ws/install/waypoint_navigation_interfaces/lib/libwaypoint_navigation_interfaces__python.so
-- Up-to-date symlink: /home/turtlebot/robot_ws/install/waypoint_navigation_interfaces/share/waypoint_navigation_interfaces/action/NavigateToWp.idl
-- Up-to-date symlink: /home/turtlebot/robot_ws/install/waypoint_navigation_interfaces/share/waypoint_navigation_interfaces/srv/AddWp.idl
-- Up-to-date symlink: /home/turtlebot/robot_ws/install/waypoint_navigation_interfaces/share/waypoint_navigation_interfaces/srv/GetWp.idl
-- Up-to-date symlink: /home/turtlebot/robot_ws/install/waypoint_navigation_interfaces/share/waypoint_navigation_interfaces/srv/GetWps.idl
-- Up-to-date symlink: /home/turtlebot/robot_ws/install/waypoint_navigation_interfaces/share/waypoint_navigation_interfaces/msg/Wp.idl
-- Up-to-date symlink: /home/turtlebot/robot_ws/install/waypoint_navigation_interfaces/share/waypoint_navigation_interfaces/action/NavigateToWp.action
-- Up-to-date symlink: /home/turtlebot/robot_ws/install/waypoint_navigation_interfaces/share/waypoint_navigation_interfaces/srv/AddWp.srv
-- Up-to-date symlink: /home/turtlebot/robot_ws/install/waypoint_navigation_interfaces/share/waypoint_navigation_interfaces/srv/AddWp_Request.msg
-- Up-to-date symlink: /home/turtlebot/robot_ws/install/waypoint_navigation_interfaces/share/waypoint_navigation_interfaces/srv/AddWp_Response.msg
-- Up-to-date symlink: /home/turtlebot/robot_ws/install/waypoint_navigation_interfaces/share/waypoint_navigation_interfaces/srv/GetWp.srv
-- Up-to-date symlink: /home/turtlebot/robot_ws/install/waypoint_navigation_interfaces/share/waypoint_navigation_interfaces/srv/GetWp_Request.msg
-- Up-to-date symlink: /home/turtlebot/robot_ws/install/waypoint_navigation_interfaces/share/waypoint_navigation_interfaces/srv/GetWp_Response.msg
-- Up-to-date symlink: /home/turtlebot/robot_ws/install/waypoint_navigation_interfaces/share/waypoint_navigation_interfaces/srv/GetWps.srv
-- Up-to-date symlink: /home/turtlebot/robot_ws/install/waypoint_navigation_interfaces/share/waypoint_navigation_interfaces/srv/GetWps_Request.msg
-- Up-to-date symlink: /home/turtlebot/robot_ws/install/waypoint_navigation_interfaces/share/waypoint_navigation_interfaces/srv/GetWps_Response.msg
-- Up-to-date symlink: /home/turtlebot/robot_ws/install/waypoint_navigation_interfaces/share/waypoint_navigation_interfaces/msg/Wp.msg
-- Up-to-date symlink: /home/turtlebot/robot_ws/install/waypoint_navigation_interfaces/share/ament_index/resource_index/package_run_dependencies/waypoint_navigation_interfaces
-- Up-to-date symlink: /home/turtlebot/robot_ws/install/waypoint_navigation_interfaces/share/ament_index/resource_index/parent_prefix_path/waypoint_navigation_interfaces
-- Up-to-date symlink: /home/turtlebot/robot_ws/install/waypoint_navigation_interfaces/share/waypoint_navigation_interfaces/environment/ament_prefix_path.sh
-- Up-to-date symlink: /home/turtlebot/robot_ws/install/waypoint_navigation_interfaces/share/waypoint_navigation_interfaces/environment/ament_prefix_path.dsv
-- Up-to-date symlink: /home/turtlebot/robot_ws/install/waypoint_navigation_interfaces/share/waypoint_navigation_interfaces/environment/path.sh
-- Up-to-date symlink: /home/turtlebot/robot_ws/install/waypoint_navigation_interfaces/share/waypoint_navigation_interfaces/environment/path.dsv
-- Up-to-date symlink: /home/turtlebot/robot_ws/install/waypoint_navigation_interfaces/share/waypoint_navigation_interfaces/local_setup.bash
-- Up-to-date symlink: /home/turtlebot/robot_ws/install/waypoint_navigation_interfaces/share/waypoint_navigation_interfaces/local_setup.sh
-- Up-to-date symlink: /home/turtlebot/robot_ws/install/waypoint_navigation_interfaces/share/waypoint_navigation_interfaces/local_setup.zsh
-- Up-to-date symlink: /home/turtlebot/robot_ws/install/waypoint_navigation_interfaces/share/waypoint_navigation_interfaces/local_setup.dsv
-- Symlinking: /home/turtlebot/robot_ws/install/waypoint_navigation_interfaces/share/waypoint_navigation_interfaces/package.dsv
-- Up-to-date symlink: /home/turtlebot/robot_ws/install/waypoint_navigation_interfaces/share/ament_index/resource_index/packages/waypoint_navigation_interfaces
-- Up-to-date symlink: /home/turtlebot/robot_ws/install/waypoint_navigation_interfaces/share/waypoint_navigation_interfaces/cmake/rosidl_cmake-extras.cmake
-- Up-to-date symlink: /home/turtlebot/robot_ws/install/waypoint_navigation_interfaces/share/waypoint_navigation_interfaces/cmake/ament_cmake_export_dependencies-extras.cmake
-- Up-to-date symlink: /home/turtlebot/robot_ws/install/waypoint_navigation_interfaces/share/waypoint_navigation_interfaces/cmake/ament_cmake_export_libraries-extras.cmake
-- Up-to-date symlink: /home/turtlebot/robot_ws/install/waypoint_navigation_interfaces/share/waypoint_navigation_interfaces/cmake/ament_cmake_export_targets-extras.cmake
-- Up-to-date symlink: /home/turtlebot/robot_ws/install/waypoint_navigation_interfaces/share/waypoint_navigation_interfaces/cmake/ament_cmake_export_include_directories-extras.cmake
-- Up-to-date symlink: /home/turtlebot/robot_ws/install/waypoint_navigation_interfaces/share/waypoint_navigation_interfaces/cmake/rosidl_cmake_export_typesupport_libraries-extras.cmake
-- Up-to-date symlink: /home/turtlebot/robot_ws/install/waypoint_navigation_interfaces/share/waypoint_navigation_interfaces/cmake/rosidl_cmake_export_typesupport_targets-extras.cmake
-- Up-to-date symlink: /home/turtlebot/robot_ws/install/waypoint_navigation_interfaces/share/waypoint_navigation_interfaces/cmake/waypoint_navigation_interfacesConfig.cmake
-- Up-to-date symlink: /home/turtlebot/robot_ws/install/waypoint_navigation_interfaces/share/waypoint_navigation_interfaces/cmake/waypoint_navigation_interfacesConfig-version.cmake
-- Up-to-date symlink: /home/turtlebot/robot_ws/install/waypoint_navigation_interfaces/share/waypoint_navigation_interfaces/package.xml
-- Up-to-date: /home/turtlebot/robot_ws/install/waypoint_navigation_interfaces/lib/libwaypoint_navigation_interfaces__rosidl_generator_c.so
-- Up-to-date: /home/turtlebot/robot_ws/install/waypoint_navigation_interfaces/lib/libwaypoint_navigation_interfaces__rosidl_typesupport_introspection_c.so
-- Up-to-date: /home/turtlebot/robot_ws/install/waypoint_navigation_interfaces/lib/libwaypoint_navigation_interfaces__rosidl_typesupport_c.so
-- Up-to-date: /home/turtlebot/robot_ws/install/waypoint_navigation_interfaces/lib/libwaypoint_navigation_interfaces__rosidl_typesupport_introspection_cpp.so
-- Up-to-date: /home/turtlebot/robot_ws/install/waypoint_navigation_interfaces/lib/libwaypoint_navigation_interfaces__rosidl_typesupport_cpp.so
-- Up-to-date: /home/turtlebot/robot_ws/install/waypoint_navigation_interfaces/share/waypoint_navigation_interfaces/cmake/waypoint_navigation_interfaces__rosidl_generator_cExport.cmake
-- Up-to-date: /home/turtlebot/robot_ws/install/waypoint_navigation_interfaces/share/waypoint_navigation_interfaces/cmake/waypoint_navigation_interfaces__rosidl_generator_cExport-noconfig.cmake
-- Up-to-date: /home/turtlebot/robot_ws/install/waypoint_navigation_interfaces/share/waypoint_navigation_interfaces/cmake/waypoint_navigation_interfaces__rosidl_typesupport_introspection_cExport.cmake
-- Up-to-date: /home/turtlebot/robot_ws/install/waypoint_navigation_interfaces/share/waypoint_navigation_interfaces/cmake/waypoint_navigation_interfaces__rosidl_typesupport_introspection_cExport-noconfig.cmake
-- Up-to-date: /home/turtlebot/robot_ws/install/waypoint_navigation_interfaces/share/waypoint_navigation_interfaces/cmake/waypoint_navigation_interfaces__rosidl_typesupport_cExport.cmake
-- Up-to-date: /home/turtlebot/robot_ws/install/waypoint_navigation_interfaces/share/waypoint_navigation_interfaces/cmake/waypoint_navigation_interfaces__rosidl_typesupport_cExport-noconfig.cmake
-- Up-to-date: /home/turtlebot/robot_ws/install/waypoint_navigation_interfaces/share/waypoint_navigation_interfaces/cmake/waypoint_navigation_interfaces__rosidl_generator_cppExport.cmake
-- Up-to-date: /home/turtlebot/robot_ws/install/waypoint_navigation_interfaces/share/waypoint_navigation_interfaces/cmake/waypoint_navigation_interfaces__rosidl_typesupport_introspection_cppExport.cmake
-- Up-to-date: /home/turtlebot/robot_ws/install/waypoint_navigation_interfaces/share/waypoint_navigation_interfaces/cmake/waypoint_navigation_interfaces__rosidl_typesupport_introspection_cppExport-noconfig.cmake
-- Up-to-date: /home/turtlebot/robot_ws/install/waypoint_navigation_interfaces/share/waypoint_navigation_interfaces/cmake/waypoint_navigation_interfaces__rosidl_typesupport_cppExport.cmake
-- Up-to-date: /home/turtlebot/robot_ws/install/waypoint_navigation_interfaces/share/waypoint_navigation_interfaces/cmake/waypoint_navigation_interfaces__rosidl_typesupport_cppExport-noconfig.cmake
