[0.025s] Invoking command in '/home/turtlebot/robot_ws/build/turtlebot3_navigation2': CMAKE_PREFIX_PATH=${CMAKE_PREFIX_PATH}:/home/turtlebot/robot_ws/install/waypoint_navigation:/home/turtlebot/robot_ws/install/turtlebot3_teleop:/home/turtlebot/robot_ws/install/turtlebot3_example:/home/turtlebot/robot_ws/install/my_package:/home/turtlebot/robot_ws/install/my_navigation_pkg:/home/turtlebot/robot_ws/install/forward1:/opt/ros/foxy /usr/bin/cmake --build /home/turtlebot/robot_ws/build/turtlebot3_navigation2 -- -j2 -l2
[0.106s] Invoked command in '/home/turtlebot/robot_ws/build/turtlebot3_navigation2' returned '0': CMAKE_PREFIX_PATH=${CMAKE_PREFIX_PATH}:/home/turtlebot/robot_ws/install/waypoint_navigation:/home/turtlebot/robot_ws/install/turtlebot3_teleop:/home/turtlebot/robot_ws/install/turtlebot3_example:/home/turtlebot/robot_ws/install/my_package:/home/turtlebot/robot_ws/install/my_navigation_pkg:/home/turtlebot/robot_ws/install/forward1:/opt/ros/foxy /usr/bin/cmake --build /home/turtlebot/robot_ws/build/turtlebot3_navigation2 -- -j2 -l2
[0.144s] Invoking command in '/home/turtlebot/robot_ws/build/turtlebot3_navigation2': CMAKE_PREFIX_PATH=${CMAKE_PREFIX_PATH}:/home/turtlebot/robot_ws/install/waypoint_navigation:/home/turtlebot/robot_ws/install/turtlebot3_teleop:/home/turtlebot/robot_ws/install/turtlebot3_example:/home/turtlebot/robot_ws/install/my_package:/home/turtlebot/robot_ws/install/my_navigation_pkg:/home/turtlebot/robot_ws/install/forward1:/opt/ros/foxy /usr/bin/cmake --install /home/turtlebot/robot_ws/build/turtlebot3_navigation2
[0.161s] -- Install configuration: ""
[0.161s] -- Up-to-date: /home/turtlebot/robot_ws/install/turtlebot3_navigation2/share/turtlebot3_navigation2/launch
[0.162s] -- Up-to-date: /home/turtlebot/robot_ws/install/turtlebot3_navigation2/share/turtlebot3_navigation2/launch/navigation2.launch.py
[0.162s] -- Up-to-date: /home/turtlebot/robot_ws/install/turtlebot3_navigation2/share/turtlebot3_navigation2/map
[0.174s] -- Up-to-date: /home/turtlebot/robot_ws/install/turtlebot3_navigation2/share/turtlebot3_navigation2/map/turtlebot3_world.pgm
[0.174s] -- Up-to-date: /home/turtlebot/robot_ws/install/turtlebot3_navigation2/share/turtlebot3_navigation2/map/turtlebot3_world.yaml
[0.174s] -- Up-to-date: /home/turtlebot/robot_ws/install/turtlebot3_navigation2/share/turtlebot3_navigation2/param
[0.174s] -- Up-to-date: /home/turtlebot/robot_ws/install/turtlebot3_navigation2/share/turtlebot3_navigation2/param/waffle_pi.yaml
[0.174s] -- Up-to-date: /home/turtlebot/robot_ws/install/turtlebot3_navigation2/share/turtlebot3_navigation2/param/burger.yaml
[0.174s] -- Up-to-date: /home/turtlebot/robot_ws/install/turtlebot3_navigation2/share/turtlebot3_navigation2/param/waffle.yaml
[0.174s] -- Up-to-date: /home/turtlebot/robot_ws/install/turtlebot3_navigation2/share/turtlebot3_navigation2/rviz
[0.175s] -- Up-to-date: /home/turtlebot/robot_ws/install/turtlebot3_navigation2/share/turtlebot3_navigation2/rviz/tb3_navigation2.rviz
[0.175s] -- Up-to-date: /home/turtlebot/robot_ws/install/turtlebot3_navigation2/share/ament_index/resource_index/package_run_dependencies/turtlebot3_navigation2
[0.175s] -- Up-to-date: /home/turtlebot/robot_ws/install/turtlebot3_navigation2/share/ament_index/resource_index/parent_prefix_path/turtlebot3_navigation2
[0.175s] -- Up-to-date: /home/turtlebot/robot_ws/install/turtlebot3_navigation2/share/turtlebot3_navigation2/environment/ament_prefix_path.sh
[0.175s] -- Up-to-date: /home/turtlebot/robot_ws/install/turtlebot3_navigation2/share/turtlebot3_navigation2/environment/ament_prefix_path.dsv
[0.175s] -- Up-to-date: /home/turtlebot/robot_ws/install/turtlebot3_navigation2/share/turtlebot3_navigation2/environment/path.sh
[0.175s] -- Up-to-date: /home/turtlebot/robot_ws/install/turtlebot3_navigation2/share/turtlebot3_navigation2/environment/path.dsv
[0.175s] -- Up-to-date: /home/turtlebot/robot_ws/install/turtlebot3_navigation2/share/turtlebot3_navigation2/local_setup.bash
[0.175s] -- Up-to-date: /home/turtlebot/robot_ws/install/turtlebot3_navigation2/share/turtlebot3_navigation2/local_setup.sh
[0.175s] -- Up-to-date: /home/turtlebot/robot_ws/install/turtlebot3_navigation2/share/turtlebot3_navigation2/local_setup.zsh
[0.175s] -- Up-to-date: /home/turtlebot/robot_ws/install/turtlebot3_navigation2/share/turtlebot3_navigation2/local_setup.dsv
[0.176s] -- Up-to-date: /home/turtlebot/robot_ws/install/turtlebot3_navigation2/share/turtlebot3_navigation2/package.dsv
[0.176s] -- Up-to-date: /home/turtlebot/robot_ws/install/turtlebot3_navigation2/share/ament_index/resource_index/packages/turtlebot3_navigation2
[0.176s] -- Up-to-date: /home/turtlebot/robot_ws/install/turtlebot3_navigation2/share/turtlebot3_navigation2/cmake/turtlebot3_navigation2Config.cmake
[0.176s] -- Up-to-date: /home/turtlebot/robot_ws/install/turtlebot3_navigation2/share/turtlebot3_navigation2/cmake/turtlebot3_navigation2Config-version.cmake
[0.176s] -- Up-to-date: /home/turtlebot/robot_ws/install/turtlebot3_navigation2/share/turtlebot3_navigation2/package.xml
[0.233s] Invoked command in '/home/turtlebot/robot_ws/build/turtlebot3_navigation2' returned '0': CMAKE_PREFIX_PATH=${CMAKE_PREFIX_PATH}:/home/turtlebot/robot_ws/install/waypoint_navigation:/home/turtlebot/robot_ws/install/turtlebot3_teleop:/home/turtlebot/robot_ws/install/turtlebot3_example:/home/turtlebot/robot_ws/install/my_package:/home/turtlebot/robot_ws/install/my_navigation_pkg:/home/turtlebot/robot_ws/install/forward1:/opt/ros/foxy /usr/bin/cmake --install /home/turtlebot/robot_ws/build/turtlebot3_navigation2
