[0.499s] Invoking command in '/home/turtlebot/robot_ws/build/forward1': PYTHONPATH=/home/turtlebot/robot_ws/build/forward1/prefix_override:/home/turtlebot/robot_ws/install/forward1/lib/python3.8/site-packages:${PYTHONPATH} /usr/bin/python3 setup.py develop --editable --build-directory /home/turtlebot/robot_ws/build/forward1/build --no-deps install_data
[0.678s] running develop
[0.783s] running egg_info
[0.783s] writing forward1.egg-info/PKG-INFO
[0.784s] writing dependency_links to forward1.egg-info/dependency_links.txt
[0.785s] writing entry points to forward1.egg-info/entry_points.txt
[0.785s] writing requirements to forward1.egg-info/requires.txt
[0.785s] writing top-level names to forward1.egg-info/top_level.txt
[0.811s] reading manifest file 'forward1.egg-info/SOURCES.txt'
[0.812s] writing manifest file 'forward1.egg-info/SOURCES.txt'
[0.839s] running build_ext
[0.839s] Creating /home/turtlebot/robot_ws/install/forward1/lib/python3.8/site-packages/forward1.egg-link (link to .)
[0.840s] Installing amcl1 script to /home/turtlebot/robot_ws/install/forward1/lib/forward1
[0.840s] Installing amcl2 script to /home/turtlebot/robot_ws/install/forward1/lib/forward1
[0.840s] Installing forward1_1 script to /home/turtlebot/robot_ws/install/forward1/lib/forward1
[0.841s] 
[0.841s] Installed /home/turtlebot/robot_ws/build/forward1
[0.841s] running install_data
[0.841s] copying package.xml -> /home/turtlebot/robot_ws/install/forward1/share/forward1
[0.860s] Invoked command in '/home/turtlebot/robot_ws/build/forward1' returned '0': PYTHONPATH=/home/turtlebot/robot_ws/build/forward1/prefix_override:/home/turtlebot/robot_ws/install/forward1/lib/python3.8/site-packages:${PYTHONPATH} /usr/bin/python3 setup.py develop --editable --build-directory /home/turtlebot/robot_ws/build/forward1/build --no-deps install_data
