[0.877s] Invoking command in '/home/turtlebot/robot_ws/build/my_navigation_pkg': PYTHONPATH=/home/turtlebot/robot_ws/build/my_navigation_pkg/prefix_override:/home/turtlebot/robot_ws/install/my_navigation_pkg/lib/python3.8/site-packages:${PYTHONPATH} /usr/bin/python3 setup.py develop --uninstall --editable --build-directory /home/turtlebot/robot_ws/build/my_navigation_pkg/build
[1.087s] running develop
[1.218s] Removing /home/turtlebot/robot_ws/install/my_navigation_pkg/lib/python3.8/site-packages/my-navigation-pkg.egg-link (link to .)
[1.237s] Invoked command in '/home/turtlebot/robot_ws/build/my_navigation_pkg' returned '0': PYTHONPATH=/home/turtlebot/robot_ws/build/my_navigation_pkg/prefix_override:/home/turtlebot/robot_ws/install/my_navigation_pkg/lib/python3.8/site-packages:${PYTHONPATH} /usr/bin/python3 setup.py develop --uninstall --editable --build-directory /home/turtlebot/robot_ws/build/my_navigation_pkg/build
[1.241s] Invoking command in '/home/turtlebot/robot_ws/src/my_navigation_pkg': PYTHONPATH=/home/turtlebot/robot_ws/build/my_navigation_pkg/prefix_override:/home/turtlebot/robot_ws/install/my_navigation_pkg/lib/python3.8/site-packages:${PYTHONPATH} /usr/bin/python3 setup.py egg_info --egg-base ../../build/my_navigation_pkg build --build-base /home/turtlebot/robot_ws/build/my_navigation_pkg/build install --record /home/turtlebot/robot_ws/build/my_navigation_pkg/install.log --install-scripts $base/lib/my_navigation_pkg --single-version-externally-managed
[1.442s] running egg_info
[1.442s] writing ../../build/my_navigation_pkg/my_navigation_pkg.egg-info/PKG-INFO
[1.443s] writing dependency_links to ../../build/my_navigation_pkg/my_navigation_pkg.egg-info/dependency_links.txt
[1.443s] writing entry points to ../../build/my_navigation_pkg/my_navigation_pkg.egg-info/entry_points.txt
[1.444s] writing requirements to ../../build/my_navigation_pkg/my_navigation_pkg.egg-info/requires.txt
[1.444s] writing top-level names to ../../build/my_navigation_pkg/my_navigation_pkg.egg-info/top_level.txt
[1.476s] reading manifest file '../../build/my_navigation_pkg/my_navigation_pkg.egg-info/SOURCES.txt'
[1.478s] writing manifest file '../../build/my_navigation_pkg/my_navigation_pkg.egg-info/SOURCES.txt'
[1.478s] running build
[1.478s] running build_py
[1.480s] copying my_navigation_pkg/move_to_goal.py -> /home/turtlebot/robot_ws/build/my_navigation_pkg/build/lib/my_navigation_pkg
[1.482s] running install
[1.483s] running install_lib
[1.484s] creating /home/turtlebot/robot_ws/install/my_navigation_pkg/lib/python3.8/site-packages/my_navigation_pkg
[1.484s] copying /home/turtlebot/robot_ws/build/my_navigation_pkg/build/lib/my_navigation_pkg/__init__.py -> /home/turtlebot/robot_ws/install/my_navigation_pkg/lib/python3.8/site-packages/my_navigation_pkg
[1.484s] copying /home/turtlebot/robot_ws/build/my_navigation_pkg/build/lib/my_navigation_pkg/move_to_goal.py -> /home/turtlebot/robot_ws/install/my_navigation_pkg/lib/python3.8/site-packages/my_navigation_pkg
[1.485s] byte-compiling /home/turtlebot/robot_ws/install/my_navigation_pkg/lib/python3.8/site-packages/my_navigation_pkg/__init__.py to __init__.cpython-38.pyc
[1.486s] byte-compiling /home/turtlebot/robot_ws/install/my_navigation_pkg/lib/python3.8/site-packages/my_navigation_pkg/move_to_goal.py to move_to_goal.cpython-38.pyc
[1.486s] running install_data
[1.487s] copying launch/robot_navigation.launch.py -> /home/turtlebot/robot_ws/install/my_navigation_pkg/share/my_navigation_pkg/launch
[1.488s] running install_egg_info
[1.489s] Copying ../../build/my_navigation_pkg/my_navigation_pkg.egg-info to /home/turtlebot/robot_ws/install/my_navigation_pkg/lib/python3.8/site-packages/my_navigation_pkg-0.0.1-py3.8.egg-info
[1.490s] running install_scripts
[1.506s] Installing my_navigation_node script to /home/turtlebot/robot_ws/install/my_navigation_pkg/lib/my_navigation_pkg
[1.507s] writing list of installed files to '/home/turtlebot/robot_ws/build/my_navigation_pkg/install.log'
[1.526s] Invoked command in '/home/turtlebot/robot_ws/src/my_navigation_pkg' returned '0': PYTHONPATH=/home/turtlebot/robot_ws/build/my_navigation_pkg/prefix_override:/home/turtlebot/robot_ws/install/my_navigation_pkg/lib/python3.8/site-packages:${PYTHONPATH} /usr/bin/python3 setup.py egg_info --egg-base ../../build/my_navigation_pkg build --build-base /home/turtlebot/robot_ws/build/my_navigation_pkg/build install --record /home/turtlebot/robot_ws/build/my_navigation_pkg/install.log --install-scripts $base/lib/my_navigation_pkg --single-version-externally-managed
