[0.730s] Invoking command in '/home/turtlebot/robot_ws/build/forward1': PYTHONPATH=/home/turtlebot/robot_ws/build/forward1/prefix_override:/home/turtlebot/robot_ws/install/forward1/lib/python3.8/site-packages:${PYTHONPATH} /usr/bin/python3 setup.py develop --editable --build-directory /home/turtlebot/robot_ws/build/forward1/build --no-deps install_data
[0.926s] running develop
[1.037s] running egg_info
[1.037s] writing forward1.egg-info/PKG-INFO
[1.038s] writing dependency_links to forward1.egg-info/dependency_links.txt
[1.038s] writing entry points to forward1.egg-info/entry_points.txt
[1.038s] writing requirements to forward1.egg-info/requires.txt
[1.038s] writing top-level names to forward1.egg-info/top_level.txt
[1.067s] reading manifest file 'forward1.egg-info/SOURCES.txt'
[1.069s] writing manifest file 'forward1.egg-info/SOURCES.txt'
[1.096s] running build_ext
[1.097s] Creating /home/turtlebot/robot_ws/install/forward1/lib/python3.8/site-packages/forward1.egg-link (link to .)
[1.097s] Installing amcl1 script to /home/turtlebot/robot_ws/install/forward1/lib/forward1
[1.098s] Installing amcl2 script to /home/turtlebot/robot_ws/install/forward1/lib/forward1
[1.098s] Installing forward1_1 script to /home/turtlebot/robot_ws/install/forward1/lib/forward1
[1.098s] Installing test1 script to /home/turtlebot/robot_ws/install/forward1/lib/forward1
[1.098s] 
[1.099s] Installed /home/turtlebot/robot_ws/build/forward1
[1.099s] running install_data
[1.128s] Invoked command in '/home/turtlebot/robot_ws/build/forward1' returned '0': PYTHONPATH=/home/turtlebot/robot_ws/build/forward1/prefix_override:/home/turtlebot/robot_ws/install/forward1/lib/python3.8/site-packages:${PYTHONPATH} /usr/bin/python3 setup.py develop --editable --build-directory /home/turtlebot/robot_ws/build/forward1/build --no-deps install_data
