[1.167s] Invoking command in '/home/turtlebot/robot_ws/src/turtlebot3/turtlebot3_teleop': PYTHONPATH=/home/turtlebot/robot_ws/build/turtlebot3_teleop/prefix_override:/home/turtlebot/robot_ws/install/turtlebot3_teleop/lib/python3.8/site-packages:${PYTHONPATH} /usr/bin/python3 setup.py egg_info --egg-base ../../../build/turtlebot3_teleop build --build-base /home/turtlebot/robot_ws/build/turtlebot3_teleop/build install --record /home/turtlebot/robot_ws/build/turtlebot3_teleop/install.log --single-version-externally-managed
[1.471s] running egg_info
[1.472s] writing ../../../build/turtlebot3_teleop/turtlebot3_teleop.egg-info/PKG-INFO
[1.473s] writing dependency_links to ../../../build/turtlebot3_teleop/turtlebot3_teleop.egg-info/dependency_links.txt
[1.473s] writing entry points to ../../../build/turtlebot3_teleop/turtlebot3_teleop.egg-info/entry_points.txt
[1.473s] writing requirements to ../../../build/turtlebot3_teleop/turtlebot3_teleop.egg-info/requires.txt
[1.474s] writing top-level names to ../../../build/turtlebot3_teleop/turtlebot3_teleop.egg-info/top_level.txt
[1.520s] reading manifest file '../../../build/turtlebot3_teleop/turtlebot3_teleop.egg-info/SOURCES.txt'
[1.521s] writing manifest file '../../../build/turtlebot3_teleop/turtlebot3_teleop.egg-info/SOURCES.txt'
[1.522s] running build
[1.522s] running build_py
[1.523s] running install
[1.524s] running install_lib
[1.527s] running install_data
[1.528s] running install_egg_info
[1.530s] removing '/home/turtlebot/robot_ws/install/turtlebot3_teleop/lib/python3.8/site-packages/turtlebot3_teleop-2.1.4-py3.8.egg-info' (and everything under it)
[1.531s] Copying ../../../build/turtlebot3_teleop/turtlebot3_teleop.egg-info to /home/turtlebot/robot_ws/install/turtlebot3_teleop/lib/python3.8/site-packages/turtlebot3_teleop-2.1.4-py3.8.egg-info
[1.532s] running install_scripts
[1.555s] Installing teleop_keyboard script to /home/turtlebot/robot_ws/install/turtlebot3_teleop/lib/turtlebot3_teleop
[1.556s] writing list of installed files to '/home/turtlebot/robot_ws/build/turtlebot3_teleop/install.log'
[1.587s] Invoked command in '/home/turtlebot/robot_ws/src/turtlebot3/turtlebot3_teleop' returned '0': PYTHONPATH=/home/turtlebot/robot_ws/build/turtlebot3_teleop/prefix_override:/home/turtlebot/robot_ws/install/turtlebot3_teleop/lib/python3.8/site-packages:${PYTHONPATH} /usr/bin/python3 setup.py egg_info --egg-base ../../../build/turtlebot3_teleop build --build-base /home/turtlebot/robot_ws/build/turtlebot3_teleop/build install --record /home/turtlebot/robot_ws/build/turtlebot3_teleop/install.log --single-version-externally-managed
