[0.036s] Invoking command in '/home/turtlebot/robot_ws/build/turtlebot3_bringup': CMAKE_PREFIX_PATH=/home/turtlebot/robot_ws/install/turtlebot3_node:/home/turtlebot/robot_ws/install/turtlebot3_description:/home/turtlebot/robot_ws/install/turtlebot3_bringup:/home/turtlebot/robot_ws/install/waypoint_navigation_interfaces:/home/turtlebot/robot_ws/install/turtlebot3_navigation2:/home/turtlebot/robot_ws/install/turtlebot3_msgs:/home/turtlebot/robot_ws/install/turtlebot3_gazebo:/home/turtlebot/robot_ws/install/turtlebot3_cartographer:/home/turtlebot/robot_ws/install/waypoint_navigation:/home/turtlebot/robot_ws/install/turtlebot3_teleop:/home/turtlebot/robot_ws/install/turtlebot3_example:/home/turtlebot/robot_ws/install/my_package:/home/turtlebot/robot_ws/install/my_navigation_pkg:/home/turtlebot/robot_ws/install/forward1:/opt/ros/foxy /usr/bin/cmake --build /home/turtlebot/robot_ws/build/turtlebot3_bringup -- -j2 -l2
[0.102s] Invoked command in '/home/turtlebot/robot_ws/build/turtlebot3_bringup' returned '0': CMAKE_PREFIX_PATH=/home/turtlebot/robot_ws/install/turtlebot3_node:/home/turtlebot/robot_ws/install/turtlebot3_description:/home/turtlebot/robot_ws/install/turtlebot3_bringup:/home/turtlebot/robot_ws/install/waypoint_navigation_interfaces:/home/turtlebot/robot_ws/install/turtlebot3_navigation2:/home/turtlebot/robot_ws/install/turtlebot3_msgs:/home/turtlebot/robot_ws/install/turtlebot3_gazebo:/home/turtlebot/robot_ws/install/turtlebot3_cartographer:/home/turtlebot/robot_ws/install/waypoint_navigation:/home/turtlebot/robot_ws/install/turtlebot3_teleop:/home/turtlebot/robot_ws/install/turtlebot3_example:/home/turtlebot/robot_ws/install/my_package:/home/turtlebot/robot_ws/install/my_navigation_pkg:/home/turtlebot/robot_ws/install/forward1:/opt/ros/foxy /usr/bin/cmake --build /home/turtlebot/robot_ws/build/turtlebot3_bringup -- -j2 -l2
[0.131s] Invoking command in '/home/turtlebot/robot_ws/build/turtlebot3_bringup': CMAKE_PREFIX_PATH=/home/turtlebot/robot_ws/install/turtlebot3_node:/home/turtlebot/robot_ws/install/turtlebot3_description:/home/turtlebot/robot_ws/install/turtlebot3_bringup:/home/turtlebot/robot_ws/install/waypoint_navigation_interfaces:/home/turtlebot/robot_ws/install/turtlebot3_navigation2:/home/turtlebot/robot_ws/install/turtlebot3_msgs:/home/turtlebot/robot_ws/install/turtlebot3_gazebo:/home/turtlebot/robot_ws/install/turtlebot3_cartographer:/home/turtlebot/robot_ws/install/waypoint_navigation:/home/turtlebot/robot_ws/install/turtlebot3_teleop:/home/turtlebot/robot_ws/install/turtlebot3_example:/home/turtlebot/robot_ws/install/my_package:/home/turtlebot/robot_ws/install/my_navigation_pkg:/home/turtlebot/robot_ws/install/forward1:/opt/ros/foxy /usr/bin/cmake --install /home/turtlebot/robot_ws/build/turtlebot3_bringup
[0.146s] -- Install configuration: ""
[0.146s] -- Up-to-date: /home/turtlebot/robot_ws/install/turtlebot3_bringup/share/turtlebot3_bringup/launch
[0.146s] -- Up-to-date: /home/turtlebot/robot_ws/install/turtlebot3_bringup/share/turtlebot3_bringup/launch/rviz2.launch.py
[0.146s] -- Up-to-date: /home/turtlebot/robot_ws/install/turtlebot3_bringup/share/turtlebot3_bringup/launch/robot.launch.py
[0.146s] -- Up-to-date: /home/turtlebot/robot_ws/install/turtlebot3_bringup/share/turtlebot3_bringup/launch/turtlebot3_state_publisher.launch.py
[0.146s] -- Up-to-date: /home/turtlebot/robot_ws/install/turtlebot3_bringup/share/turtlebot3_bringup/param
[0.146s] -- Up-to-date: /home/turtlebot/robot_ws/install/turtlebot3_bringup/share/turtlebot3_bringup/param/waffle_pi.yaml
[0.146s] -- Up-to-date: /home/turtlebot/robot_ws/install/turtlebot3_bringup/share/turtlebot3_bringup/param/burger.yaml
[0.146s] -- Up-to-date: /home/turtlebot/robot_ws/install/turtlebot3_bringup/share/turtlebot3_bringup/param/waffle.yaml
[0.146s] -- Up-to-date: /home/turtlebot/robot_ws/install/turtlebot3_bringup/share/turtlebot3_bringup/script
[0.147s] -- Up-to-date: /home/turtlebot/robot_ws/install/turtlebot3_bringup/share/turtlebot3_bringup/script/99-turtlebot3-cdc.rules
[0.147s] -- Up-to-date: /home/turtlebot/robot_ws/install/turtlebot3_bringup/share/turtlebot3_bringup/script/create_udev_rules
[0.147s] -- Up-to-date: /home/turtlebot/robot_ws/install/turtlebot3_bringup/share/ament_index/resource_index/package_run_dependencies/turtlebot3_bringup
[0.147s] -- Up-to-date: /home/turtlebot/robot_ws/install/turtlebot3_bringup/share/ament_index/resource_index/parent_prefix_path/turtlebot3_bringup
[0.148s] -- Up-to-date: /home/turtlebot/robot_ws/install/turtlebot3_bringup/share/turtlebot3_bringup/environment/ament_prefix_path.sh
[0.148s] -- Up-to-date: /home/turtlebot/robot_ws/install/turtlebot3_bringup/share/turtlebot3_bringup/environment/ament_prefix_path.dsv
[0.148s] -- Up-to-date: /home/turtlebot/robot_ws/install/turtlebot3_bringup/share/turtlebot3_bringup/environment/path.sh
[0.148s] -- Up-to-date: /home/turtlebot/robot_ws/install/turtlebot3_bringup/share/turtlebot3_bringup/environment/path.dsv
[0.149s] -- Up-to-date: /home/turtlebot/robot_ws/install/turtlebot3_bringup/share/turtlebot3_bringup/local_setup.bash
[0.149s] -- Up-to-date: /home/turtlebot/robot_ws/install/turtlebot3_bringup/share/turtlebot3_bringup/local_setup.sh
[0.149s] -- Up-to-date: /home/turtlebot/robot_ws/install/turtlebot3_bringup/share/turtlebot3_bringup/local_setup.zsh
[0.150s] -- Up-to-date: /home/turtlebot/robot_ws/install/turtlebot3_bringup/share/turtlebot3_bringup/local_setup.dsv
[0.150s] -- Up-to-date: /home/turtlebot/robot_ws/install/turtlebot3_bringup/share/turtlebot3_bringup/package.dsv
[0.150s] -- Up-to-date: /home/turtlebot/robot_ws/install/turtlebot3_bringup/share/ament_index/resource_index/packages/turtlebot3_bringup
[0.151s] -- Up-to-date: /home/turtlebot/robot_ws/install/turtlebot3_bringup/share/turtlebot3_bringup/cmake/turtlebot3_bringupConfig.cmake
[0.151s] -- Up-to-date: /home/turtlebot/robot_ws/install/turtlebot3_bringup/share/turtlebot3_bringup/cmake/turtlebot3_bringupConfig-version.cmake
[0.151s] -- Up-to-date: /home/turtlebot/robot_ws/install/turtlebot3_bringup/share/turtlebot3_bringup/package.xml
[0.159s] Invoked command in '/home/turtlebot/robot_ws/build/turtlebot3_bringup' returned '0': CMAKE_PREFIX_PATH=/home/turtlebot/robot_ws/install/turtlebot3_node:/home/turtlebot/robot_ws/install/turtlebot3_description:/home/turtlebot/robot_ws/install/turtlebot3_bringup:/home/turtlebot/robot_ws/install/waypoint_navigation_interfaces:/home/turtlebot/robot_ws/install/turtlebot3_navigation2:/home/turtlebot/robot_ws/install/turtlebot3_msgs:/home/turtlebot/robot_ws/install/turtlebot3_gazebo:/home/turtlebot/robot_ws/install/turtlebot3_cartographer:/home/turtlebot/robot_ws/install/waypoint_navigation:/home/turtlebot/robot_ws/install/turtlebot3_teleop:/home/turtlebot/robot_ws/install/turtlebot3_example:/home/turtlebot/robot_ws/install/my_package:/home/turtlebot/robot_ws/install/my_navigation_pkg:/home/turtlebot/robot_ws/install/forward1:/opt/ros/foxy /usr/bin/cmake --install /home/turtlebot/robot_ws/build/turtlebot3_bringup
