[0.020s] Invoking command in '/home/turtlebot/robot_ws/build/turtlebot3_cartographer': CMAKE_PREFIX_PATH=${CMAKE_PREFIX_PATH}:/home/turtlebot/robot_ws/install/nav2_example:/home/turtlebot/robot_ws/install/my_package:/home/turtlebot/robot_ws/install/my_navigation_pkg:/home/turtlebot/robot_ws/install/forward1:/opt/ros/foxy /usr/bin/cmake --build /home/turtlebot/robot_ws/build/turtlebot3_cartographer -- -j2 -l2
[0.072s] Invoked command in '/home/turtlebot/robot_ws/build/turtlebot3_cartographer' returned '0': CMAKE_PREFIX_PATH=${CMAKE_PREFIX_PATH}:/home/turtlebot/robot_ws/install/nav2_example:/home/turtlebot/robot_ws/install/my_package:/home/turtlebot/robot_ws/install/my_navigation_pkg:/home/turtlebot/robot_ws/install/forward1:/opt/ros/foxy /usr/bin/cmake --build /home/turtlebot/robot_ws/build/turtlebot3_cartographer -- -j2 -l2
[0.104s] Invoking command in '/home/turtlebot/robot_ws/build/turtlebot3_cartographer': CMAKE_PREFIX_PATH=${CMAKE_PREFIX_PATH}:/home/turtlebot/robot_ws/install/nav2_example:/home/turtlebot/robot_ws/install/my_package:/home/turtlebot/robot_ws/install/my_navigation_pkg:/home/turtlebot/robot_ws/install/forward1:/opt/ros/foxy /usr/bin/cmake --install /home/turtlebot/robot_ws/build/turtlebot3_cartographer
[0.115s] -- Install configuration: ""
[0.115s] -- Installing: /home/turtlebot/robot_ws/install/turtlebot3_cartographer/share/turtlebot3_cartographer/config
[0.115s] -- Installing: /home/turtlebot/robot_ws/install/turtlebot3_cartographer/share/turtlebot3_cartographer/config/turtlebot3_lds_2d.lua
[0.116s] -- Installing: /home/turtlebot/robot_ws/install/turtlebot3_cartographer/share/turtlebot3_cartographer/launch
[0.116s] -- Installing: /home/turtlebot/robot_ws/install/turtlebot3_cartographer/share/turtlebot3_cartographer/launch/occupancy_grid.launch.py
[0.116s] -- Installing: /home/turtlebot/robot_ws/install/turtlebot3_cartographer/share/turtlebot3_cartographer/launch/cartographer.launch.py
[0.117s] -- Installing: /home/turtlebot/robot_ws/install/turtlebot3_cartographer/share/turtlebot3_cartographer/rviz
[0.117s] -- Installing: /home/turtlebot/robot_ws/install/turtlebot3_cartographer/share/turtlebot3_cartographer/rviz/tb3_cartographer.rviz
[0.118s] -- Installing: /home/turtlebot/robot_ws/install/turtlebot3_cartographer/share/ament_index/resource_index/package_run_dependencies/turtlebot3_cartographer
[0.118s] -- Installing: /home/turtlebot/robot_ws/install/turtlebot3_cartographer/share/ament_index/resource_index/parent_prefix_path/turtlebot3_cartographer
[0.119s] -- Installing: /home/turtlebot/robot_ws/install/turtlebot3_cartographer/share/turtlebot3_cartographer/environment/ament_prefix_path.sh
[0.119s] -- Installing: /home/turtlebot/robot_ws/install/turtlebot3_cartographer/share/turtlebot3_cartographer/environment/ament_prefix_path.dsv
[0.119s] -- Installing: /home/turtlebot/robot_ws/install/turtlebot3_cartographer/share/turtlebot3_cartographer/environment/path.sh
[0.119s] -- Installing: /home/turtlebot/robot_ws/install/turtlebot3_cartographer/share/turtlebot3_cartographer/environment/path.dsv
[0.120s] -- Installing: /home/turtlebot/robot_ws/install/turtlebot3_cartographer/share/turtlebot3_cartographer/local_setup.bash
[0.120s] -- Installing: /home/turtlebot/robot_ws/install/turtlebot3_cartographer/share/turtlebot3_cartographer/local_setup.sh
[0.121s] -- Installing: /home/turtlebot/robot_ws/install/turtlebot3_cartographer/share/turtlebot3_cartographer/local_setup.zsh
[0.121s] -- Installing: /home/turtlebot/robot_ws/install/turtlebot3_cartographer/share/turtlebot3_cartographer/local_setup.dsv
[0.122s] -- Installing: /home/turtlebot/robot_ws/install/turtlebot3_cartographer/share/turtlebot3_cartographer/package.dsv
[0.123s] -- Installing: /home/turtlebot/robot_ws/install/turtlebot3_cartographer/share/ament_index/resource_index/packages/turtlebot3_cartographer
[0.123s] -- Installing: /home/turtlebot/robot_ws/install/turtlebot3_cartographer/share/turtlebot3_cartographer/cmake/turtlebot3_cartographerConfig.cmake
[0.124s] -- Installing: /home/turtlebot/robot_ws/install/turtlebot3_cartographer/share/turtlebot3_cartographer/cmake/turtlebot3_cartographerConfig-version.cmake
[0.124s] -- Installing: /home/turtlebot/robot_ws/install/turtlebot3_cartographer/share/turtlebot3_cartographer/package.xml
[0.126s] Invoked command in '/home/turtlebot/robot_ws/build/turtlebot3_cartographer' returned '0': CMAKE_PREFIX_PATH=${CMAKE_PREFIX_PATH}:/home/turtlebot/robot_ws/install/nav2_example:/home/turtlebot/robot_ws/install/my_package:/home/turtlebot/robot_ws/install/my_navigation_pkg:/home/turtlebot/robot_ws/install/forward1:/opt/ros/foxy /usr/bin/cmake --install /home/turtlebot/robot_ws/build/turtlebot3_cartographer
