[1.057s] Invoking command in '/home/turtlebot/robot_ws/build/forward1': PYTHONPATH=/home/turtlebot/robot_ws/build/forward1/prefix_override:/home/turtlebot/robot_ws/install/forward1/lib/python3.8/site-packages:${PYTHONPATH} /usr/bin/python3 setup.py develop --editable --build-directory /home/turtlebot/robot_ws/build/forward1/build --no-deps install_data
[1.437s] running develop
[1.632s] running egg_info
[1.632s] writing forward1.egg-info/PKG-INFO
[1.633s] writing dependency_links to forward1.egg-info/dependency_links.txt
[1.633s] writing entry points to forward1.egg-info/entry_points.txt
[1.633s] writing requirements to forward1.egg-info/requires.txt
[1.633s] writing top-level names to forward1.egg-info/top_level.txt
[1.676s] reading manifest file 'forward1.egg-info/SOURCES.txt'
[1.677s] writing manifest file 'forward1.egg-info/SOURCES.txt'
[1.722s] running build_ext
[1.723s] Creating /home/turtlebot/robot_ws/install/forward1/lib/python3.8/site-packages/forward1.egg-link (link to .)
[1.724s] Installing amcl1 script to /home/turtlebot/robot_ws/install/forward1/lib/forward1
[1.724s] Installing amcl2 script to /home/turtlebot/robot_ws/install/forward1/lib/forward1
[1.725s] Installing forward1_1 script to /home/turtlebot/robot_ws/install/forward1/lib/forward1
[1.725s] Installing forward1_2 script to /home/turtlebot/robot_ws/install/forward1/lib/forward1
[1.725s] Installing tb3_navigation script to /home/turtlebot/robot_ws/install/forward1/lib/forward1
[1.725s] Installing test1 script to /home/turtlebot/robot_ws/install/forward1/lib/forward1
[1.726s] 
[1.726s] Installed /home/turtlebot/robot_ws/build/forward1
[1.726s] running install_data
[1.777s] Invoked command in '/home/turtlebot/robot_ws/build/forward1' returned '0': PYTHONPATH=/home/turtlebot/robot_ws/build/forward1/prefix_override:/home/turtlebot/robot_ws/install/forward1/lib/python3.8/site-packages:${PYTHONPATH} /usr/bin/python3 setup.py develop --editable --build-directory /home/turtlebot/robot_ws/build/forward1/build --no-deps install_data
