[1.047s] Invoking command in '/home/turtlebot/robot_ws/src/turtlebot3/turtlebot3_example': CMAKE_PREFIX_PATH=/home/turtlebot/robot_ws/install/turtlebot3_msgs:/home/turtlebot/robot_ws/install/waypoint_navigation_interfaces:/home/turtlebot/robot_ws/install/turtlebot3_navigation2:/home/turtlebot/robot_ws/install/turtlebot3_gazebo:/home/turtlebot/robot_ws/install/turtlebot3_description:/home/turtlebot/robot_ws/install/turtlebot3_cartographer LD_LIBRARY_PATH=/home/turtlebot/robot_ws/install/turtlebot3_msgs/lib:/home/turtlebot/robot_ws/install/waypoint_navigation_interfaces/lib:/usr/lib/x86_64-linux-gnu/gazebo-11/plugins:/opt/ros/foxy/opt/yaml_cpp_vendor/lib:/opt/ros/foxy/opt/rviz_ogre_vendor/lib:/opt/ros/foxy/lib/x86_64-linux-gnu:/opt/ros/foxy/lib PYTHONPATH=/home/turtlebot/robot_ws/build/turtlebot3_example/prefix_override:/home/turtlebot/robot_ws/install/turtlebot3_example/lib/python3.8/site-packages:/home/turtlebot/robot_ws/install/turtlebot3_msgs/lib/python3.8/site-packages:/home/turtlebot/robot_ws/install/waypoint_navigation_interfaces/lib/python3.8/site-packages:/home/turtlebot/robot_ws/install/waypoint_navigation/lib/python3.8/site-packages:/home/turtlebot/robot_ws/install/turtlebot3_teleop/lib/python3.8/site-packages:/home/turtlebot/robot_ws/install/turtlebot3_example/lib/python3.8/site-packages:/home/turtlebot/robot_ws/install/my_package/lib/python3.8/site-packages:/home/turtlebot/robot_ws/install/my_navigation_pkg/lib/python3.8/site-packages:/home/turtlebot/robot_ws/build/forward1:/home/turtlebot/robot_ws/install/forward1/lib/python3.8/site-packages:/opt/ros/foxy/lib/python3.8/site-packages /usr/bin/python3 setup.py egg_info --egg-base ../../../build/turtlebot3_example build --build-base /home/turtlebot/robot_ws/build/turtlebot3_example/build install --record /home/turtlebot/robot_ws/build/turtlebot3_example/install.log --single-version-externally-managed
[1.366s] running egg_info
[1.367s] writing ../../../build/turtlebot3_example/turtlebot3_example.egg-info/PKG-INFO
[1.367s] writing dependency_links to ../../../build/turtlebot3_example/turtlebot3_example.egg-info/dependency_links.txt
[1.367s] writing entry points to ../../../build/turtlebot3_example/turtlebot3_example.egg-info/entry_points.txt
[1.368s] writing requirements to ../../../build/turtlebot3_example/turtlebot3_example.egg-info/requires.txt
[1.368s] writing top-level names to ../../../build/turtlebot3_example/turtlebot3_example.egg-info/top_level.txt
[1.425s] reading manifest file '../../../build/turtlebot3_example/turtlebot3_example.egg-info/SOURCES.txt'
[1.426s] writing manifest file '../../../build/turtlebot3_example/turtlebot3_example.egg-info/SOURCES.txt'
[1.426s] running build
[1.427s] running build_py
[1.430s] running install
[1.431s] running install_lib
[1.436s] running install_data
[1.437s] running install_egg_info
[1.439s] removing '/home/turtlebot/robot_ws/install/turtlebot3_example/lib/python3.8/site-packages/turtlebot3_example-2.1.4-py3.8.egg-info' (and everything under it)
[1.440s] Copying ../../../build/turtlebot3_example/turtlebot3_example.egg-info to /home/turtlebot/robot_ws/install/turtlebot3_example/lib/python3.8/site-packages/turtlebot3_example-2.1.4-py3.8.egg-info
[1.441s] running install_scripts
[1.465s] Installing turtlebot3_obstacle_detection script to /home/turtlebot/robot_ws/install/turtlebot3_example/lib/turtlebot3_example
[1.465s] Installing turtlebot3_patrol_client script to /home/turtlebot/robot_ws/install/turtlebot3_example/lib/turtlebot3_example
[1.465s] Installing turtlebot3_patrol_server script to /home/turtlebot/robot_ws/install/turtlebot3_example/lib/turtlebot3_example
[1.466s] Installing turtlebot3_position_control script to /home/turtlebot/robot_ws/install/turtlebot3_example/lib/turtlebot3_example
[1.467s] writing list of installed files to '/home/turtlebot/robot_ws/build/turtlebot3_example/install.log'
[1.500s] Invoked command in '/home/turtlebot/robot_ws/src/turtlebot3/turtlebot3_example' returned '0': CMAKE_PREFIX_PATH=/home/turtlebot/robot_ws/install/turtlebot3_msgs:/home/turtlebot/robot_ws/install/waypoint_navigation_interfaces:/home/turtlebot/robot_ws/install/turtlebot3_navigation2:/home/turtlebot/robot_ws/install/turtlebot3_gazebo:/home/turtlebot/robot_ws/install/turtlebot3_description:/home/turtlebot/robot_ws/install/turtlebot3_cartographer LD_LIBRARY_PATH=/home/turtlebot/robot_ws/install/turtlebot3_msgs/lib:/home/turtlebot/robot_ws/install/waypoint_navigation_interfaces/lib:/usr/lib/x86_64-linux-gnu/gazebo-11/plugins:/opt/ros/foxy/opt/yaml_cpp_vendor/lib:/opt/ros/foxy/opt/rviz_ogre_vendor/lib:/opt/ros/foxy/lib/x86_64-linux-gnu:/opt/ros/foxy/lib PYTHONPATH=/home/turtlebot/robot_ws/build/turtlebot3_example/prefix_override:/home/turtlebot/robot_ws/install/turtlebot3_example/lib/python3.8/site-packages:/home/turtlebot/robot_ws/install/turtlebot3_msgs/lib/python3.8/site-packages:/home/turtlebot/robot_ws/install/waypoint_navigation_interfaces/lib/python3.8/site-packages:/home/turtlebot/robot_ws/install/waypoint_navigation/lib/python3.8/site-packages:/home/turtlebot/robot_ws/install/turtlebot3_teleop/lib/python3.8/site-packages:/home/turtlebot/robot_ws/install/turtlebot3_example/lib/python3.8/site-packages:/home/turtlebot/robot_ws/install/my_package/lib/python3.8/site-packages:/home/turtlebot/robot_ws/install/my_navigation_pkg/lib/python3.8/site-packages:/home/turtlebot/robot_ws/build/forward1:/home/turtlebot/robot_ws/install/forward1/lib/python3.8/site-packages:/opt/ros/foxy/lib/python3.8/site-packages /usr/bin/python3 setup.py egg_info --egg-base ../../../build/turtlebot3_example build --build-base /home/turtlebot/robot_ws/build/turtlebot3_example/build install --record /home/turtlebot/robot_ws/build/turtlebot3_example/install.log --single-version-externally-managed
