running develop
running egg_info
creating nav2_example.egg-info
writing nav2_example.egg-info/PKG-INFO
writing dependency_links to nav2_example.egg-info/dependency_links.txt
writing entry points to nav2_example.egg-info/entry_points.txt
writing requirements to nav2_example.egg-info/requires.txt
writing top-level names to nav2_example.egg-info/top_level.txt
writing manifest file 'nav2_example.egg-info/SOURCES.txt'
reading manifest file 'nav2_example.egg-info/SOURCES.txt'
writing manifest file 'nav2_example.egg-info/SOURCES.txt'
running build_ext
Creating /home/turtlebot/robot_ws/install/nav2_example/lib/python3.8/site-packages/site.py
Creating /home/turtlebot/robot_ws/install/nav2_example/lib/python3.8/site-packages/nav2-example.egg-link (link to .)

Installed /home/turtlebot/robot_ws/build/nav2_example
running install_data
creating /home/turtlebot/robot_ws/install/nav2_example/share/ament_index
creating /home/turtlebot/robot_ws/install/nav2_example/share/ament_index/resource_index
creating /home/turtlebot/robot_ws/install/nav2_example/share/ament_index/resource_index/packages
copying resource/nav2_example -> /home/turtlebot/robot_ws/install/nav2_example/share/ament_index/resource_index/packages
copying package.xml -> /home/turtlebot/robot_ws/install/nav2_example/share/nav2_example
