[1.248s] Invoking command in '/home/turtlebot/robot_ws/my_package': PYTHONPATH=/home/turtlebot/robot_ws/build/my_package/prefix_override:/home/turtlebot/robot_ws/install/my_package/lib/python3.8/site-packages:${PYTHONPATH} /usr/bin/python3 setup.py egg_info --egg-base ../build/my_package build --build-base /home/turtlebot/robot_ws/build/my_package/build install --record /home/turtlebot/robot_ws/build/my_package/install.log --install-scripts $base/lib/my_package --single-version-externally-managed
[1.534s] running egg_info
[1.535s] writing ../build/my_package/my_package.egg-info/PKG-INFO
[1.536s] writing dependency_links to ../build/my_package/my_package.egg-info/dependency_links.txt
[1.537s] writing entry points to ../build/my_package/my_package.egg-info/entry_points.txt
[1.538s] writing requirements to ../build/my_package/my_package.egg-info/requires.txt
[1.538s] writing top-level names to ../build/my_package/my_package.egg-info/top_level.txt
[1.587s] reading manifest file '../build/my_package/my_package.egg-info/SOURCES.txt'
[1.588s] writing manifest file '../build/my_package/my_package.egg-info/SOURCES.txt'
[1.589s] running build
[1.589s] running build_py
[1.590s] running install
[1.591s] running install_lib
[1.595s] running install_data
[1.596s] running install_egg_info
[1.600s] removing '/home/turtlebot/robot_ws/install/my_package/lib/python3.8/site-packages/my_package-0.0.0-py3.8.egg-info' (and everything under it)
[1.600s] Copying ../build/my_package/my_package.egg-info to /home/turtlebot/robot_ws/install/my_package/lib/python3.8/site-packages/my_package-0.0.0-py3.8.egg-info
[1.604s] running install_scripts
[1.627s] Installing my_node script to /home/turtlebot/robot_ws/install/my_package/lib/my_package
[1.629s] writing list of installed files to '/home/turtlebot/robot_ws/build/my_package/install.log'
[1.657s] Invoked command in '/home/turtlebot/robot_ws/my_package' returned '0': PYTHONPATH=/home/turtlebot/robot_ws/build/my_package/prefix_override:/home/turtlebot/robot_ws/install/my_package/lib/python3.8/site-packages:${PYTHONPATH} /usr/bin/python3 setup.py egg_info --egg-base ../build/my_package build --build-base /home/turtlebot/robot_ws/build/my_package/build install --record /home/turtlebot/robot_ws/build/my_package/install.log --install-scripts $base/lib/my_package --single-version-externally-managed
