[0.061s] Invoking command in '/home/turtlebot/robot_ws/build/turtlebot3_msgs': CMAKE_PREFIX_PATH=${CMAKE_PREFIX_PATH}:/home/turtlebot/robot_ws/install/waypoint_navigation:/home/turtlebot/robot_ws/install/turtlebot3_teleop:/home/turtlebot/robot_ws/install/turtlebot3_example:/home/turtlebot/robot_ws/install/my_package:/home/turtlebot/robot_ws/install/my_navigation_pkg:/home/turtlebot/robot_ws/install/forward1:/opt/ros/foxy /usr/bin/cmake --build /home/turtlebot/robot_ws/build/turtlebot3_msgs -- -j2 -l2
[0.263s] [  1%] Built target turtlebot3_msgs__cpp
[0.273s] [ 12%] Built target turtlebot3_msgs__rosidl_generator_c
[0.369s] [ 23%] Built target turtlebot3_msgs__rosidl_typesupport_cpp
[0.379s] [ 35%] Built target turtlebot3_msgs__rosidl_typesupport_fastrtps_cpp
[0.463s] [ 46%] Built target turtlebot3_msgs__rosidl_typesupport_c
[0.467s] [ 57%] Built target turtlebot3_msgs__rosidl_typesupport_introspection_cpp
[0.556s] [ 69%] Built target turtlebot3_msgs__rosidl_typesupport_fastrtps_c
[0.561s] [ 80%] Built target turtlebot3_msgs__rosidl_typesupport_introspection_c
[0.598s] [ 80%] Built target turtlebot3_msgs
[0.645s] [ 81%] Built target turtlebot3_msgs__py
[0.702s] [ 91%] Built target turtlebot3_msgs__python
[0.771s] [ 94%] Built target turtlebot3_msgs__rosidl_typesupport_fastrtps_c__pyext
[0.772s] [ 97%] Built target turtlebot3_msgs__rosidl_typesupport_introspection_c__pyext
[0.817s] [100%] Built target turtlebot3_msgs__rosidl_typesupport_c__pyext
[0.840s] Invoked command in '/home/turtlebot/robot_ws/build/turtlebot3_msgs' returned '0': CMAKE_PREFIX_PATH=${CMAKE_PREFIX_PATH}:/home/turtlebot/robot_ws/install/waypoint_navigation:/home/turtlebot/robot_ws/install/turtlebot3_teleop:/home/turtlebot/robot_ws/install/turtlebot3_example:/home/turtlebot/robot_ws/install/my_package:/home/turtlebot/robot_ws/install/my_navigation_pkg:/home/turtlebot/robot_ws/install/forward1:/opt/ros/foxy /usr/bin/cmake --build /home/turtlebot/robot_ws/build/turtlebot3_msgs -- -j2 -l2
[1.141s] Invoking command in '/home/turtlebot/robot_ws/build/turtlebot3_msgs': CMAKE_PREFIX_PATH=${CMAKE_PREFIX_PATH}:/home/turtlebot/robot_ws/install/waypoint_navigation:/home/turtlebot/robot_ws/install/turtlebot3_teleop:/home/turtlebot/robot_ws/install/turtlebot3_example:/home/turtlebot/robot_ws/install/my_package:/home/turtlebot/robot_ws/install/my_navigation_pkg:/home/turtlebot/robot_ws/install/forward1:/opt/ros/foxy /usr/bin/cmake --install /home/turtlebot/robot_ws/build/turtlebot3_msgs
[1.171s] -- Install configuration: ""
[1.171s] -- Up-to-date: /home/turtlebot/robot_ws/install/turtlebot3_msgs/share/ament_index/resource_index/rosidl_interfaces/turtlebot3_msgs
[1.171s] -- Up-to-date: /home/turtlebot/robot_ws/install/turtlebot3_msgs/include/turtlebot3_msgs
[1.171s] -- Up-to-date: /home/turtlebot/robot_ws/install/turtlebot3_msgs/include/turtlebot3_msgs/msg
[1.172s] -- Up-to-date: /home/turtlebot/robot_ws/install/turtlebot3_msgs/include/turtlebot3_msgs/msg/rosidl_generator_c__visibility_control.h
[1.172s] -- Up-to-date: /home/turtlebot/robot_ws/install/turtlebot3_msgs/include/turtlebot3_msgs/msg/sound.h
[1.172s] -- Up-to-date: /home/turtlebot/robot_ws/install/turtlebot3_msgs/include/turtlebot3_msgs/msg/sensor_state.h
[1.172s] -- Up-to-date: /home/turtlebot/robot_ws/install/turtlebot3_msgs/include/turtlebot3_msgs/msg/detail
[1.173s] -- Up-to-date: /home/turtlebot/robot_ws/install/turtlebot3_msgs/include/turtlebot3_msgs/msg/detail/version_info__struct.h
[1.173s] -- Up-to-date: /home/turtlebot/robot_ws/install/turtlebot3_msgs/include/turtlebot3_msgs/msg/detail/sound__struct.h
[1.174s] -- Up-to-date: /home/turtlebot/robot_ws/install/turtlebot3_msgs/include/turtlebot3_msgs/msg/detail/sensor_state__functions.c
[1.174s] -- Up-to-date: /home/turtlebot/robot_ws/install/turtlebot3_msgs/include/turtlebot3_msgs/msg/detail/sensor_state__struct.h
[1.174s] -- Up-to-date: /home/turtlebot/robot_ws/install/turtlebot3_msgs/include/turtlebot3_msgs/msg/detail/sound__functions.c
[1.175s] -- Up-to-date: /home/turtlebot/robot_ws/install/turtlebot3_msgs/include/turtlebot3_msgs/msg/detail/sound__functions.h
[1.175s] -- Up-to-date: /home/turtlebot/robot_ws/install/turtlebot3_msgs/include/turtlebot3_msgs/msg/detail/sensor_state__functions.h
[1.176s] -- Up-to-date: /home/turtlebot/robot_ws/install/turtlebot3_msgs/include/turtlebot3_msgs/msg/detail/sensor_state__type_support.h
[1.176s] -- Up-to-date: /home/turtlebot/robot_ws/install/turtlebot3_msgs/include/turtlebot3_msgs/msg/detail/sound__type_support.h
[1.176s] -- Up-to-date: /home/turtlebot/robot_ws/install/turtlebot3_msgs/include/turtlebot3_msgs/msg/detail/version_info__functions.h
[1.176s] -- Up-to-date: /home/turtlebot/robot_ws/install/turtlebot3_msgs/include/turtlebot3_msgs/msg/detail/version_info__type_support.h
[1.177s] -- Up-to-date: /home/turtlebot/robot_ws/install/turtlebot3_msgs/include/turtlebot3_msgs/msg/detail/version_info__functions.c
[1.177s] -- Up-to-date: /home/turtlebot/robot_ws/install/turtlebot3_msgs/include/turtlebot3_msgs/msg/version_info.h
[1.177s] -- Up-to-date: /home/turtlebot/robot_ws/install/turtlebot3_msgs/include/turtlebot3_msgs/action
[1.177s] -- Up-to-date: /home/turtlebot/robot_ws/install/turtlebot3_msgs/include/turtlebot3_msgs/action/detail
[1.177s] -- Up-to-date: /home/turtlebot/robot_ws/install/turtlebot3_msgs/include/turtlebot3_msgs/action/detail/patrol__struct.h
[1.178s] -- Up-to-date: /home/turtlebot/robot_ws/install/turtlebot3_msgs/include/turtlebot3_msgs/action/detail/patrol__type_support.h
[1.178s] -- Up-to-date: /home/turtlebot/robot_ws/install/turtlebot3_msgs/include/turtlebot3_msgs/action/detail/patrol__functions.h
[1.178s] -- Up-to-date: /home/turtlebot/robot_ws/install/turtlebot3_msgs/include/turtlebot3_msgs/action/detail/patrol__functions.c
[1.178s] -- Up-to-date: /home/turtlebot/robot_ws/install/turtlebot3_msgs/include/turtlebot3_msgs/action/patrol.h
[1.179s] -- Up-to-date: /home/turtlebot/robot_ws/install/turtlebot3_msgs/include/turtlebot3_msgs/srv
[1.179s] -- Up-to-date: /home/turtlebot/robot_ws/install/turtlebot3_msgs/include/turtlebot3_msgs/srv/dqn.h
[1.179s] -- Up-to-date: /home/turtlebot/robot_ws/install/turtlebot3_msgs/include/turtlebot3_msgs/srv/sound.h
[1.180s] -- Up-to-date: /home/turtlebot/robot_ws/install/turtlebot3_msgs/include/turtlebot3_msgs/srv/detail
[1.180s] -- Up-to-date: /home/turtlebot/robot_ws/install/turtlebot3_msgs/include/turtlebot3_msgs/srv/detail/dqn__functions.h
[1.180s] -- Up-to-date: /home/turtlebot/robot_ws/install/turtlebot3_msgs/include/turtlebot3_msgs/srv/detail/dqn__functions.c
[1.180s] -- Up-to-date: /home/turtlebot/robot_ws/install/turtlebot3_msgs/include/turtlebot3_msgs/srv/detail/dqn__struct.h
[1.180s] -- Up-to-date: /home/turtlebot/robot_ws/install/turtlebot3_msgs/include/turtlebot3_msgs/srv/detail/sound__struct.h
[1.181s] -- Up-to-date: /home/turtlebot/robot_ws/install/turtlebot3_msgs/include/turtlebot3_msgs/srv/detail/sound__functions.c
[1.181s] -- Up-to-date: /home/turtlebot/robot_ws/install/turtlebot3_msgs/include/turtlebot3_msgs/srv/detail/sound__functions.h
[1.181s] -- Up-to-date: /home/turtlebot/robot_ws/install/turtlebot3_msgs/include/turtlebot3_msgs/srv/detail/dqn__type_support.h
[1.181s] -- Up-to-date: /home/turtlebot/robot_ws/install/turtlebot3_msgs/include/turtlebot3_msgs/srv/detail/sound__type_support.h
[1.182s] -- Up-to-date: /home/turtlebot/robot_ws/install/turtlebot3_msgs/share/turtlebot3_msgs/environment/library_path.sh
[1.182s] -- Up-to-date: /home/turtlebot/robot_ws/install/turtlebot3_msgs/share/turtlebot3_msgs/environment/library_path.dsv
[1.182s] -- Up-to-date: /home/turtlebot/robot_ws/install/turtlebot3_msgs/lib/libturtlebot3_msgs__rosidl_generator_c.so
[1.182s] -- Up-to-date: /home/turtlebot/robot_ws/install/turtlebot3_msgs/include/turtlebot3_msgs
[1.182s] -- Up-to-date: /home/turtlebot/robot_ws/install/turtlebot3_msgs/include/turtlebot3_msgs/msg
[1.183s] -- Up-to-date: /home/turtlebot/robot_ws/install/turtlebot3_msgs/include/turtlebot3_msgs/msg/detail
[1.183s] -- Up-to-date: /home/turtlebot/robot_ws/install/turtlebot3_msgs/include/turtlebot3_msgs/msg/detail/version_info__rosidl_typesupport_fastrtps_c.h
[1.183s] -- Up-to-date: /home/turtlebot/robot_ws/install/turtlebot3_msgs/include/turtlebot3_msgs/msg/detail/sound__rosidl_typesupport_fastrtps_c.h
[1.184s] -- Up-to-date: /home/turtlebot/robot_ws/install/turtlebot3_msgs/include/turtlebot3_msgs/msg/detail/sensor_state__rosidl_typesupport_fastrtps_c.h
[1.184s] -- Up-to-date: /home/turtlebot/robot_ws/install/turtlebot3_msgs/include/turtlebot3_msgs/msg/rosidl_typesupport_fastrtps_c__visibility_control.h
[1.184s] -- Up-to-date: /home/turtlebot/robot_ws/install/turtlebot3_msgs/include/turtlebot3_msgs/action
[1.184s] -- Up-to-date: /home/turtlebot/robot_ws/install/turtlebot3_msgs/include/turtlebot3_msgs/action/detail
[1.185s] -- Up-to-date: /home/turtlebot/robot_ws/install/turtlebot3_msgs/include/turtlebot3_msgs/action/detail/patrol__rosidl_typesupport_fastrtps_c.h
[1.185s] -- Up-to-date: /home/turtlebot/robot_ws/install/turtlebot3_msgs/include/turtlebot3_msgs/srv
[1.185s] -- Up-to-date: /home/turtlebot/robot_ws/install/turtlebot3_msgs/include/turtlebot3_msgs/srv/detail
[1.185s] -- Up-to-date: /home/turtlebot/robot_ws/install/turtlebot3_msgs/include/turtlebot3_msgs/srv/detail/sound__rosidl_typesupport_fastrtps_c.h
[1.185s] -- Up-to-date: /home/turtlebot/robot_ws/install/turtlebot3_msgs/include/turtlebot3_msgs/srv/detail/dqn__rosidl_typesupport_fastrtps_c.h
[1.187s] -- Up-to-date: /home/turtlebot/robot_ws/install/turtlebot3_msgs/lib/libturtlebot3_msgs__rosidl_typesupport_fastrtps_c.so
[1.187s] -- Up-to-date: /home/turtlebot/robot_ws/install/turtlebot3_msgs/include/turtlebot3_msgs
[1.187s] -- Up-to-date: /home/turtlebot/robot_ws/install/turtlebot3_msgs/include/turtlebot3_msgs/msg
[1.187s] -- Up-to-date: /home/turtlebot/robot_ws/install/turtlebot3_msgs/include/turtlebot3_msgs/msg/rosidl_typesupport_fastrtps_cpp__visibility_control.h
[1.187s] -- Up-to-date: /home/turtlebot/robot_ws/install/turtlebot3_msgs/include/turtlebot3_msgs/msg/detail
[1.188s] -- Up-to-date: /home/turtlebot/robot_ws/install/turtlebot3_msgs/include/turtlebot3_msgs/msg/detail/sound__rosidl_typesupport_fastrtps_cpp.hpp
[1.188s] -- Up-to-date: /home/turtlebot/robot_ws/install/turtlebot3_msgs/include/turtlebot3_msgs/msg/detail/sensor_state__rosidl_typesupport_fastrtps_cpp.hpp
[1.188s] -- Up-to-date: /home/turtlebot/robot_ws/install/turtlebot3_msgs/include/turtlebot3_msgs/msg/detail/version_info__rosidl_typesupport_fastrtps_cpp.hpp
[1.188s] -- Up-to-date: /home/turtlebot/robot_ws/install/turtlebot3_msgs/include/turtlebot3_msgs/msg/detail/dds_fastrtps
[1.189s] -- Up-to-date: /home/turtlebot/robot_ws/install/turtlebot3_msgs/include/turtlebot3_msgs/action
[1.189s] -- Up-to-date: /home/turtlebot/robot_ws/install/turtlebot3_msgs/include/turtlebot3_msgs/action/detail
[1.189s] -- Up-to-date: /home/turtlebot/robot_ws/install/turtlebot3_msgs/include/turtlebot3_msgs/action/detail/patrol__rosidl_typesupport_fastrtps_cpp.hpp
[1.189s] -- Up-to-date: /home/turtlebot/robot_ws/install/turtlebot3_msgs/include/turtlebot3_msgs/action/detail/dds_fastrtps
[1.189s] -- Up-to-date: /home/turtlebot/robot_ws/install/turtlebot3_msgs/include/turtlebot3_msgs/srv
[1.190s] -- Up-to-date: /home/turtlebot/robot_ws/install/turtlebot3_msgs/include/turtlebot3_msgs/srv/detail
[1.190s] -- Up-to-date: /home/turtlebot/robot_ws/install/turtlebot3_msgs/include/turtlebot3_msgs/srv/detail/sound__rosidl_typesupport_fastrtps_cpp.hpp
[1.190s] -- Up-to-date: /home/turtlebot/robot_ws/install/turtlebot3_msgs/include/turtlebot3_msgs/srv/detail/dqn__rosidl_typesupport_fastrtps_cpp.hpp
[1.191s] -- Up-to-date: /home/turtlebot/robot_ws/install/turtlebot3_msgs/include/turtlebot3_msgs/srv/detail/dds_fastrtps
[1.197s] -- Up-to-date: /home/turtlebot/robot_ws/install/turtlebot3_msgs/lib/libturtlebot3_msgs__rosidl_typesupport_fastrtps_cpp.so
[1.197s] -- Up-to-date: /home/turtlebot/robot_ws/install/turtlebot3_msgs/include/turtlebot3_msgs
[1.198s] -- Up-to-date: /home/turtlebot/robot_ws/install/turtlebot3_msgs/include/turtlebot3_msgs/msg
[1.198s] -- Up-to-date: /home/turtlebot/robot_ws/install/turtlebot3_msgs/include/turtlebot3_msgs/msg/detail
[1.198s] -- Up-to-date: /home/turtlebot/robot_ws/install/turtlebot3_msgs/include/turtlebot3_msgs/msg/detail/sound__rosidl_typesupport_introspection_c.h
[1.199s] -- Up-to-date: /home/turtlebot/robot_ws/install/turtlebot3_msgs/include/turtlebot3_msgs/msg/detail/sensor_state__rosidl_typesupport_introspection_c.h
[1.200s] -- Up-to-date: /home/turtlebot/robot_ws/install/turtlebot3_msgs/include/turtlebot3_msgs/msg/detail/version_info__type_support.c
[1.200s] -- Up-to-date: /home/turtlebot/robot_ws/install/turtlebot3_msgs/include/turtlebot3_msgs/msg/detail/sensor_state__type_support.c
[1.200s] -- Up-to-date: /home/turtlebot/robot_ws/install/turtlebot3_msgs/include/turtlebot3_msgs/msg/detail/sound__type_support.c
[1.200s] -- Up-to-date: /home/turtlebot/robot_ws/install/turtlebot3_msgs/include/turtlebot3_msgs/msg/detail/version_info__rosidl_typesupport_introspection_c.h
[1.200s] -- Up-to-date: /home/turtlebot/robot_ws/install/turtlebot3_msgs/include/turtlebot3_msgs/msg/rosidl_typesupport_introspection_c__visibility_control.h
[1.200s] -- Up-to-date: /home/turtlebot/robot_ws/install/turtlebot3_msgs/include/turtlebot3_msgs/action
[1.201s] -- Up-to-date: /home/turtlebot/robot_ws/install/turtlebot3_msgs/include/turtlebot3_msgs/action/detail
[1.201s] -- Up-to-date: /home/turtlebot/robot_ws/install/turtlebot3_msgs/include/turtlebot3_msgs/action/detail/patrol__rosidl_typesupport_introspection_c.h
[1.201s] -- Up-to-date: /home/turtlebot/robot_ws/install/turtlebot3_msgs/include/turtlebot3_msgs/action/detail/patrol__type_support.c
[1.201s] -- Up-to-date: /home/turtlebot/robot_ws/install/turtlebot3_msgs/include/turtlebot3_msgs/srv
[1.201s] -- Up-to-date: /home/turtlebot/robot_ws/install/turtlebot3_msgs/include/turtlebot3_msgs/srv/detail
[1.202s] -- Up-to-date: /home/turtlebot/robot_ws/install/turtlebot3_msgs/include/turtlebot3_msgs/srv/detail/dqn__rosidl_typesupport_introspection_c.h
[1.202s] -- Up-to-date: /home/turtlebot/robot_ws/install/turtlebot3_msgs/include/turtlebot3_msgs/srv/detail/sound__rosidl_typesupport_introspection_c.h
[1.202s] -- Up-to-date: /home/turtlebot/robot_ws/install/turtlebot3_msgs/include/turtlebot3_msgs/srv/detail/sound__type_support.c
[1.202s] -- Up-to-date: /home/turtlebot/robot_ws/install/turtlebot3_msgs/include/turtlebot3_msgs/srv/detail/dqn__type_support.c
[1.203s] -- Up-to-date: /home/turtlebot/robot_ws/install/turtlebot3_msgs/lib/libturtlebot3_msgs__rosidl_typesupport_introspection_c.so
[1.203s] -- Up-to-date: /home/turtlebot/robot_ws/install/turtlebot3_msgs/lib/libturtlebot3_msgs__rosidl_typesupport_c.so
[1.204s] -- Up-to-date: /home/turtlebot/robot_ws/install/turtlebot3_msgs/include/turtlebot3_msgs
[1.205s] -- Up-to-date: /home/turtlebot/robot_ws/install/turtlebot3_msgs/include/turtlebot3_msgs/msg
[1.205s] -- Up-to-date: /home/turtlebot/robot_ws/install/turtlebot3_msgs/include/turtlebot3_msgs/msg/sensor_state.hpp
[1.205s] -- Up-to-date: /home/turtlebot/robot_ws/install/turtlebot3_msgs/include/turtlebot3_msgs/msg/sound.hpp
[1.205s] -- Up-to-date: /home/turtlebot/robot_ws/install/turtlebot3_msgs/include/turtlebot3_msgs/msg/detail
[1.212s] -- Up-to-date: /home/turtlebot/robot_ws/install/turtlebot3_msgs/include/turtlebot3_msgs/msg/detail/sound__traits.hpp
[1.212s] -- Up-to-date: /home/turtlebot/robot_ws/install/turtlebot3_msgs/include/turtlebot3_msgs/msg/detail/version_info__traits.hpp
[1.212s] -- Up-to-date: /home/turtlebot/robot_ws/install/turtlebot3_msgs/include/turtlebot3_msgs/msg/detail/sensor_state__struct.hpp
[1.213s] -- Up-to-date: /home/turtlebot/robot_ws/install/turtlebot3_msgs/include/turtlebot3_msgs/msg/detail/sensor_state__builder.hpp
[1.214s] -- Up-to-date: /home/turtlebot/robot_ws/install/turtlebot3_msgs/include/turtlebot3_msgs/msg/detail/sound__builder.hpp
[1.214s] -- Up-to-date: /home/turtlebot/robot_ws/install/turtlebot3_msgs/include/turtlebot3_msgs/msg/detail/sound__struct.hpp
[1.214s] -- Up-to-date: /home/turtlebot/robot_ws/install/turtlebot3_msgs/include/turtlebot3_msgs/msg/detail/sensor_state__traits.hpp
[1.214s] -- Up-to-date: /home/turtlebot/robot_ws/install/turtlebot3_msgs/include/turtlebot3_msgs/msg/detail/version_info__builder.hpp
[1.214s] -- Up-to-date: /home/turtlebot/robot_ws/install/turtlebot3_msgs/include/turtlebot3_msgs/msg/detail/version_info__struct.hpp
[1.215s] -- Up-to-date: /home/turtlebot/robot_ws/install/turtlebot3_msgs/include/turtlebot3_msgs/msg/version_info.hpp
[1.215s] -- Up-to-date: /home/turtlebot/robot_ws/install/turtlebot3_msgs/include/turtlebot3_msgs/action
[1.215s] -- Up-to-date: /home/turtlebot/robot_ws/install/turtlebot3_msgs/include/turtlebot3_msgs/action/patrol.hpp
[1.216s] -- Up-to-date: /home/turtlebot/robot_ws/install/turtlebot3_msgs/include/turtlebot3_msgs/action/detail
[1.216s] -- Up-to-date: /home/turtlebot/robot_ws/install/turtlebot3_msgs/include/turtlebot3_msgs/action/detail/patrol__builder.hpp
[1.216s] -- Up-to-date: /home/turtlebot/robot_ws/install/turtlebot3_msgs/include/turtlebot3_msgs/action/detail/patrol__struct.hpp
[1.216s] -- Up-to-date: /home/turtlebot/robot_ws/install/turtlebot3_msgs/include/turtlebot3_msgs/action/detail/patrol__traits.hpp
[1.216s] -- Up-to-date: /home/turtlebot/robot_ws/install/turtlebot3_msgs/include/turtlebot3_msgs/srv
[1.216s] -- Up-to-date: /home/turtlebot/robot_ws/install/turtlebot3_msgs/include/turtlebot3_msgs/srv/sound.hpp
[1.217s] -- Up-to-date: /home/turtlebot/robot_ws/install/turtlebot3_msgs/include/turtlebot3_msgs/srv/dqn.hpp
[1.217s] -- Up-to-date: /home/turtlebot/robot_ws/install/turtlebot3_msgs/include/turtlebot3_msgs/srv/detail
[1.217s] -- Up-to-date: /home/turtlebot/robot_ws/install/turtlebot3_msgs/include/turtlebot3_msgs/srv/detail/sound__traits.hpp
[1.218s] -- Up-to-date: /home/turtlebot/robot_ws/install/turtlebot3_msgs/include/turtlebot3_msgs/srv/detail/sound__builder.hpp
[1.218s] -- Up-to-date: /home/turtlebot/robot_ws/install/turtlebot3_msgs/include/turtlebot3_msgs/srv/detail/sound__struct.hpp
[1.219s] -- Up-to-date: /home/turtlebot/robot_ws/install/turtlebot3_msgs/include/turtlebot3_msgs/srv/detail/dqn__traits.hpp
[1.219s] -- Up-to-date: /home/turtlebot/robot_ws/install/turtlebot3_msgs/include/turtlebot3_msgs/srv/detail/dqn__builder.hpp
[1.219s] -- Up-to-date: /home/turtlebot/robot_ws/install/turtlebot3_msgs/include/turtlebot3_msgs/srv/detail/dqn__struct.hpp
[1.219s] -- Up-to-date: /home/turtlebot/robot_ws/install/turtlebot3_msgs/include/turtlebot3_msgs
[1.219s] -- Up-to-date: /home/turtlebot/robot_ws/install/turtlebot3_msgs/include/turtlebot3_msgs/msg
[1.220s] -- Up-to-date: /home/turtlebot/robot_ws/install/turtlebot3_msgs/include/turtlebot3_msgs/msg/detail
[1.220s] -- Up-to-date: /home/turtlebot/robot_ws/install/turtlebot3_msgs/include/turtlebot3_msgs/msg/detail/version_info__rosidl_typesupport_introspection_cpp.hpp
[1.221s] -- Up-to-date: /home/turtlebot/robot_ws/install/turtlebot3_msgs/include/turtlebot3_msgs/msg/detail/sound__type_support.cpp
[1.221s] -- Up-to-date: /home/turtlebot/robot_ws/install/turtlebot3_msgs/include/turtlebot3_msgs/msg/detail/sensor_state__type_support.cpp
[1.221s] -- Up-to-date: /home/turtlebot/robot_ws/install/turtlebot3_msgs/include/turtlebot3_msgs/msg/detail/sound__rosidl_typesupport_introspection_cpp.hpp
[1.221s] -- Up-to-date: /home/turtlebot/robot_ws/install/turtlebot3_msgs/include/turtlebot3_msgs/msg/detail/version_info__type_support.cpp
[1.222s] -- Up-to-date: /home/turtlebot/robot_ws/install/turtlebot3_msgs/include/turtlebot3_msgs/msg/detail/sensor_state__rosidl_typesupport_introspection_cpp.hpp
[1.222s] -- Up-to-date: /home/turtlebot/robot_ws/install/turtlebot3_msgs/include/turtlebot3_msgs/action
[1.222s] -- Up-to-date: /home/turtlebot/robot_ws/install/turtlebot3_msgs/include/turtlebot3_msgs/action/detail
[1.223s] -- Up-to-date: /home/turtlebot/robot_ws/install/turtlebot3_msgs/include/turtlebot3_msgs/action/detail/patrol__type_support.cpp
[1.223s] -- Up-to-date: /home/turtlebot/robot_ws/install/turtlebot3_msgs/include/turtlebot3_msgs/action/detail/patrol__rosidl_typesupport_introspection_cpp.hpp
[1.223s] -- Up-to-date: /home/turtlebot/robot_ws/install/turtlebot3_msgs/include/turtlebot3_msgs/srv
[1.229s] -- Up-to-date: /home/turtlebot/robot_ws/install/turtlebot3_msgs/include/turtlebot3_msgs/srv/detail
[1.230s] -- Up-to-date: /home/turtlebot/robot_ws/install/turtlebot3_msgs/include/turtlebot3_msgs/srv/detail/sound__type_support.cpp
[1.230s] -- Up-to-date: /home/turtlebot/robot_ws/install/turtlebot3_msgs/include/turtlebot3_msgs/srv/detail/dqn__rosidl_typesupport_introspection_cpp.hpp
[1.230s] -- Up-to-date: /home/turtlebot/robot_ws/install/turtlebot3_msgs/include/turtlebot3_msgs/srv/detail/sound__rosidl_typesupport_introspection_cpp.hpp
[1.230s] -- Up-to-date: /home/turtlebot/robot_ws/install/turtlebot3_msgs/include/turtlebot3_msgs/srv/detail/dqn__type_support.cpp
[1.230s] -- Up-to-date: /home/turtlebot/robot_ws/install/turtlebot3_msgs/lib/libturtlebot3_msgs__rosidl_typesupport_introspection_cpp.so
[1.230s] -- Up-to-date: /home/turtlebot/robot_ws/install/turtlebot3_msgs/lib/libturtlebot3_msgs__rosidl_typesupport_cpp.so
[1.230s] -- Up-to-date: /home/turtlebot/robot_ws/install/turtlebot3_msgs/share/turtlebot3_msgs/environment/pythonpath.sh
[1.230s] -- Up-to-date: /home/turtlebot/robot_ws/install/turtlebot3_msgs/share/turtlebot3_msgs/environment/pythonpath.dsv
[1.230s] -- Up-to-date: /home/turtlebot/robot_ws/install/turtlebot3_msgs/lib/python3.8/site-packages/turtlebot3_msgs/__init__.py
[1.275s] -- Up-to-date: /home/turtlebot/robot_ws/install/turtlebot3_msgs/lib/python3.8/site-packages/turtlebot3_msgs/msg
[1.275s] -- Up-to-date: /home/turtlebot/robot_ws/install/turtlebot3_msgs/lib/python3.8/site-packages/turtlebot3_msgs/msg/_sound_s.c
[1.275s] -- Up-to-date: /home/turtlebot/robot_ws/install/turtlebot3_msgs/lib/python3.8/site-packages/turtlebot3_msgs/msg/_sensor_state_s.c
[1.275s] -- Up-to-date: /home/turtlebot/robot_ws/install/turtlebot3_msgs/lib/python3.8/site-packages/turtlebot3_msgs/msg/__init__.py
[1.275s] -- Up-to-date: /home/turtlebot/robot_ws/install/turtlebot3_msgs/lib/python3.8/site-packages/turtlebot3_msgs/msg/_version_info.py
[1.275s] -- Up-to-date: /home/turtlebot/robot_ws/install/turtlebot3_msgs/lib/python3.8/site-packages/turtlebot3_msgs/msg/_version_info_s.c
[1.276s] -- Up-to-date: /home/turtlebot/robot_ws/install/turtlebot3_msgs/lib/python3.8/site-packages/turtlebot3_msgs/msg/_sound.py
[1.276s] -- Up-to-date: /home/turtlebot/robot_ws/install/turtlebot3_msgs/lib/python3.8/site-packages/turtlebot3_msgs/msg/_sensor_state.py
[1.276s] -- Up-to-date: /home/turtlebot/robot_ws/install/turtlebot3_msgs/lib/python3.8/site-packages/turtlebot3_msgs/srv
[1.276s] -- Up-to-date: /home/turtlebot/robot_ws/install/turtlebot3_msgs/lib/python3.8/site-packages/turtlebot3_msgs/srv/_sound_s.c
[1.276s] -- Up-to-date: /home/turtlebot/robot_ws/install/turtlebot3_msgs/lib/python3.8/site-packages/turtlebot3_msgs/srv/__init__.py
[1.276s] -- Up-to-date: /home/turtlebot/robot_ws/install/turtlebot3_msgs/lib/python3.8/site-packages/turtlebot3_msgs/srv/_dqn_s.c
[1.276s] -- Up-to-date: /home/turtlebot/robot_ws/install/turtlebot3_msgs/lib/python3.8/site-packages/turtlebot3_msgs/srv/_sound.py
[1.276s] -- Up-to-date: /home/turtlebot/robot_ws/install/turtlebot3_msgs/lib/python3.8/site-packages/turtlebot3_msgs/srv/_dqn.py
[1.276s] -- Up-to-date: /home/turtlebot/robot_ws/install/turtlebot3_msgs/lib/python3.8/site-packages/turtlebot3_msgs/action
[1.277s] -- Up-to-date: /home/turtlebot/robot_ws/install/turtlebot3_msgs/lib/python3.8/site-packages/turtlebot3_msgs/action/_patrol.py
[1.277s] -- Up-to-date: /home/turtlebot/robot_ws/install/turtlebot3_msgs/lib/python3.8/site-packages/turtlebot3_msgs/action/__init__.py
[1.277s] -- Up-to-date: /home/turtlebot/robot_ws/install/turtlebot3_msgs/lib/python3.8/site-packages/turtlebot3_msgs/action/_patrol_s.c
[1.277s] -- Up-to-date: /home/turtlebot/robot_ws/install/turtlebot3_msgs/lib/python3.8/site-packages/turtlebot3_msgs/turtlebot3_msgs_s__rosidl_typesupport_fastrtps_c.cpython-38-x86_64-linux-gnu.so
[1.279s] -- Up-to-date: /home/turtlebot/robot_ws/install/turtlebot3_msgs/lib/python3.8/site-packages/turtlebot3_msgs/turtlebot3_msgs_s__rosidl_typesupport_introspection_c.cpython-38-x86_64-linux-gnu.so
[1.280s] -- Up-to-date: /home/turtlebot/robot_ws/install/turtlebot3_msgs/lib/python3.8/site-packages/turtlebot3_msgs/turtlebot3_msgs_s__rosidl_typesupport_c.cpython-38-x86_64-linux-gnu.so
[1.281s] -- Up-to-date: /home/turtlebot/robot_ws/install/turtlebot3_msgs/lib/libturtlebot3_msgs__python.so
[1.282s] -- Up-to-date: /home/turtlebot/robot_ws/install/turtlebot3_msgs/share/turtlebot3_msgs/msg/SensorState.idl
[1.282s] -- Up-to-date: /home/turtlebot/robot_ws/install/turtlebot3_msgs/share/turtlebot3_msgs/msg/Sound.idl
[1.282s] -- Up-to-date: /home/turtlebot/robot_ws/install/turtlebot3_msgs/share/turtlebot3_msgs/msg/VersionInfo.idl
[1.282s] -- Up-to-date: /home/turtlebot/robot_ws/install/turtlebot3_msgs/share/turtlebot3_msgs/srv/Sound.idl
[1.283s] -- Up-to-date: /home/turtlebot/robot_ws/install/turtlebot3_msgs/share/turtlebot3_msgs/srv/Dqn.idl
[1.283s] -- Up-to-date: /home/turtlebot/robot_ws/install/turtlebot3_msgs/share/turtlebot3_msgs/action/Patrol.idl
[1.283s] -- Up-to-date: /home/turtlebot/robot_ws/install/turtlebot3_msgs/share/turtlebot3_msgs/msg/SensorState.msg
[1.283s] -- Up-to-date: /home/turtlebot/robot_ws/install/turtlebot3_msgs/share/turtlebot3_msgs/msg/Sound.msg
[1.283s] -- Up-to-date: /home/turtlebot/robot_ws/install/turtlebot3_msgs/share/turtlebot3_msgs/msg/VersionInfo.msg
[1.284s] -- Up-to-date: /home/turtlebot/robot_ws/install/turtlebot3_msgs/share/turtlebot3_msgs/srv/Sound.srv
[1.284s] -- Up-to-date: /home/turtlebot/robot_ws/install/turtlebot3_msgs/share/turtlebot3_msgs/srv/Sound_Request.msg
[1.284s] -- Up-to-date: /home/turtlebot/robot_ws/install/turtlebot3_msgs/share/turtlebot3_msgs/srv/Sound_Response.msg
[1.284s] -- Up-to-date: /home/turtlebot/robot_ws/install/turtlebot3_msgs/share/turtlebot3_msgs/srv/Dqn.srv
[1.284s] -- Up-to-date: /home/turtlebot/robot_ws/install/turtlebot3_msgs/share/turtlebot3_msgs/srv/Dqn_Request.msg
[1.284s] -- Up-to-date: /home/turtlebot/robot_ws/install/turtlebot3_msgs/share/turtlebot3_msgs/srv/Dqn_Response.msg
[1.284s] -- Up-to-date: /home/turtlebot/robot_ws/install/turtlebot3_msgs/share/turtlebot3_msgs/action/Patrol.action
[1.284s] -- Up-to-date: /home/turtlebot/robot_ws/install/turtlebot3_msgs/share/ament_index/resource_index/package_run_dependencies/turtlebot3_msgs
[1.285s] -- Up-to-date: /home/turtlebot/robot_ws/install/turtlebot3_msgs/share/ament_index/resource_index/parent_prefix_path/turtlebot3_msgs
[1.285s] -- Up-to-date: /home/turtlebot/robot_ws/install/turtlebot3_msgs/share/turtlebot3_msgs/environment/ament_prefix_path.sh
[1.285s] -- Up-to-date: /home/turtlebot/robot_ws/install/turtlebot3_msgs/share/turtlebot3_msgs/environment/ament_prefix_path.dsv
[1.285s] -- Up-to-date: /home/turtlebot/robot_ws/install/turtlebot3_msgs/share/turtlebot3_msgs/environment/path.sh
[1.286s] -- Up-to-date: /home/turtlebot/robot_ws/install/turtlebot3_msgs/share/turtlebot3_msgs/environment/path.dsv
[1.286s] -- Up-to-date: /home/turtlebot/robot_ws/install/turtlebot3_msgs/share/turtlebot3_msgs/local_setup.bash
[1.286s] -- Up-to-date: /home/turtlebot/robot_ws/install/turtlebot3_msgs/share/turtlebot3_msgs/local_setup.sh
[1.286s] -- Up-to-date: /home/turtlebot/robot_ws/install/turtlebot3_msgs/share/turtlebot3_msgs/local_setup.zsh
[1.286s] -- Up-to-date: /home/turtlebot/robot_ws/install/turtlebot3_msgs/share/turtlebot3_msgs/local_setup.dsv
[1.286s] -- Installing: /home/turtlebot/robot_ws/install/turtlebot3_msgs/share/turtlebot3_msgs/package.dsv
[1.286s] -- Up-to-date: /home/turtlebot/robot_ws/install/turtlebot3_msgs/share/ament_index/resource_index/packages/turtlebot3_msgs
[1.288s] -- Up-to-date: /home/turtlebot/robot_ws/install/turtlebot3_msgs/share/turtlebot3_msgs/cmake/turtlebot3_msgs__rosidl_generator_cExport.cmake
[1.288s] -- Up-to-date: /home/turtlebot/robot_ws/install/turtlebot3_msgs/share/turtlebot3_msgs/cmake/turtlebot3_msgs__rosidl_generator_cExport-noconfig.cmake
[1.289s] -- Up-to-date: /home/turtlebot/robot_ws/install/turtlebot3_msgs/share/turtlebot3_msgs/cmake/turtlebot3_msgs__rosidl_typesupport_introspection_cExport.cmake
[1.289s] -- Up-to-date: /home/turtlebot/robot_ws/install/turtlebot3_msgs/share/turtlebot3_msgs/cmake/turtlebot3_msgs__rosidl_typesupport_introspection_cExport-noconfig.cmake
[1.290s] -- Up-to-date: /home/turtlebot/robot_ws/install/turtlebot3_msgs/share/turtlebot3_msgs/cmake/turtlebot3_msgs__rosidl_typesupport_cExport.cmake
[1.290s] -- Up-to-date: /home/turtlebot/robot_ws/install/turtlebot3_msgs/share/turtlebot3_msgs/cmake/turtlebot3_msgs__rosidl_typesupport_cExport-noconfig.cmake
[1.291s] -- Up-to-date: /home/turtlebot/robot_ws/install/turtlebot3_msgs/share/turtlebot3_msgs/cmake/turtlebot3_msgs__rosidl_generator_cppExport.cmake
[1.291s] -- Up-to-date: /home/turtlebot/robot_ws/install/turtlebot3_msgs/share/turtlebot3_msgs/cmake/turtlebot3_msgs__rosidl_typesupport_introspection_cppExport.cmake
[1.291s] -- Up-to-date: /home/turtlebot/robot_ws/install/turtlebot3_msgs/share/turtlebot3_msgs/cmake/turtlebot3_msgs__rosidl_typesupport_introspection_cppExport-noconfig.cmake
[1.292s] -- Up-to-date: /home/turtlebot/robot_ws/install/turtlebot3_msgs/share/turtlebot3_msgs/cmake/turtlebot3_msgs__rosidl_typesupport_cppExport.cmake
[1.292s] -- Up-to-date: /home/turtlebot/robot_ws/install/turtlebot3_msgs/share/turtlebot3_msgs/cmake/turtlebot3_msgs__rosidl_typesupport_cppExport-noconfig.cmake
[1.292s] -- Up-to-date: /home/turtlebot/robot_ws/install/turtlebot3_msgs/share/turtlebot3_msgs/cmake/rosidl_cmake-extras.cmake
[1.293s] -- Up-to-date: /home/turtlebot/robot_ws/install/turtlebot3_msgs/share/turtlebot3_msgs/cmake/ament_cmake_export_dependencies-extras.cmake
[1.293s] -- Up-to-date: /home/turtlebot/robot_ws/install/turtlebot3_msgs/share/turtlebot3_msgs/cmake/ament_cmake_export_libraries-extras.cmake
[1.293s] -- Up-to-date: /home/turtlebot/robot_ws/install/turtlebot3_msgs/share/turtlebot3_msgs/cmake/ament_cmake_export_targets-extras.cmake
[1.293s] -- Up-to-date: /home/turtlebot/robot_ws/install/turtlebot3_msgs/share/turtlebot3_msgs/cmake/ament_cmake_export_include_directories-extras.cmake
[1.294s] -- Up-to-date: /home/turtlebot/robot_ws/install/turtlebot3_msgs/share/turtlebot3_msgs/cmake/rosidl_cmake_export_typesupport_libraries-extras.cmake
[1.294s] -- Up-to-date: /home/turtlebot/robot_ws/install/turtlebot3_msgs/share/turtlebot3_msgs/cmake/rosidl_cmake_export_typesupport_targets-extras.cmake
[1.294s] -- Up-to-date: /home/turtlebot/robot_ws/install/turtlebot3_msgs/share/turtlebot3_msgs/cmake/turtlebot3_msgsConfig.cmake
[1.294s] -- Up-to-date: /home/turtlebot/robot_ws/install/turtlebot3_msgs/share/turtlebot3_msgs/cmake/turtlebot3_msgsConfig-version.cmake
[1.294s] -- Up-to-date: /home/turtlebot/robot_ws/install/turtlebot3_msgs/share/turtlebot3_msgs/package.xml
[1.303s] Invoked command in '/home/turtlebot/robot_ws/build/turtlebot3_msgs' returned '0': CMAKE_PREFIX_PATH=${CMAKE_PREFIX_PATH}:/home/turtlebot/robot_ws/install/waypoint_navigation:/home/turtlebot/robot_ws/install/turtlebot3_teleop:/home/turtlebot/robot_ws/install/turtlebot3_example:/home/turtlebot/robot_ws/install/my_package:/home/turtlebot/robot_ws/install/my_navigation_pkg:/home/turtlebot/robot_ws/install/forward1:/opt/ros/foxy /usr/bin/cmake --install /home/turtlebot/robot_ws/build/turtlebot3_msgs
