[0.110s] Invoking command in '/home/turtlebot/nav2_ws/build/dwb_msgs': AMENT_PREFIX_PATH=/home/turtlebot/nav2_ws/install/nav_2d_msgs:${AMENT_PREFIX_PATH} CMAKE_PREFIX_PATH=/home/turtlebot/nav2_ws/install/nav_2d_msgs:/home/turtlebot/robot_ws/install/turtlebot3:/home/turtlebot/robot_ws/install/nav2_example:/home/turtlebot/robot_ws/install/my_package:/home/turtlebot/robot_ws/install/my_navigation_pkg:/home/turtlebot/robot_ws/install/forward1:/opt/ros/foxy LD_LIBRARY_PATH=/home/turtlebot/nav2_ws/install/nav_2d_msgs/lib:${LD_LIBRARY_PATH} PYTHONPATH=/home/turtlebot/nav2_ws/install/nav_2d_msgs/lib/python3.8/site-packages:${PYTHONPATH} /usr/bin/cmake /home/turtlebot/nav2_ws/src/navigation2/nav2_dwb_controller/dwb_msgs -DAMENT_CMAKE_SYMLINK_INSTALL=1 -DCMAKE_INSTALL_PREFIX=/home/turtlebot/nav2_ws/install/dwb_msgs
[0.318s] -- The C compiler identification is GNU 9.4.0
[0.519s] -- The CXX compiler identification is GNU 9.4.0
[0.537s] -- Check for working C compiler: /usr/bin/cc
[0.790s] -- Check for working C compiler: /usr/bin/cc -- works
[0.793s] -- Detecting C compiler ABI info
[1.046s] -- Detecting C compiler ABI info - done
[1.095s] -- Detecting C compile features
[1.097s] -- Detecting C compile features - done
[1.110s] -- Check for working CXX compiler: /usr/bin/c++
[1.393s] -- Check for working CXX compiler: /usr/bin/c++ -- works
[1.397s] -- Detecting CXX compiler ABI info
[1.686s] -- Detecting CXX compiler ABI info - done
[1.744s] -- Detecting CXX compile features
[1.747s] -- Detecting CXX compile features - done
[1.756s] -- Found builtin_interfaces: 1.0.0 (/opt/ros/foxy/share/builtin_interfaces/cmake)
[1.885s] -- Found PythonInterp: /usr/bin/python3 (found suitable version "3.8.10", minimum required is "3") 
[1.886s] -- Using PYTHON_EXECUTABLE: /usr/bin/python3
[2.710s] -- Override CMake install command with custom implementation using symlinks instead of copying resources
[2.941s] -- Using all available rosidl_typesupport_c: rosidl_typesupport_fastrtps_c;rosidl_typesupport_introspection_c
[2.974s] -- Found rosidl_adapter: 1.3.0 (/opt/ros/foxy/share/rosidl_adapter/cmake)
[3.273s] -- Found OpenSSL: /usr/lib/x86_64-linux-gnu/libcrypto.so (found version "1.1.1f")  
[3.383s] -- Found FastRTPS: /opt/ros/foxy/include  
[3.706s] -- Using all available rosidl_typesupport_cpp: rosidl_typesupport_fastrtps_cpp;rosidl_typesupport_introspection_cpp
[3.830s] -- Found geometry_msgs: 2.0.5 (/opt/ros/foxy/share/geometry_msgs/cmake)
[4.106s] -- Found nav_2d_msgs: 0.4.7 (/home/turtlebot/nav2_ws/install/nav_2d_msgs/share/nav_2d_msgs/cmake)
[4.433s] -- Found nav_msgs: 2.0.5 (/opt/ros/foxy/share/nav_msgs/cmake)
[4.784s] -- Found rosidl_default_generators: 1.0.1 (/opt/ros/foxy/share/rosidl_default_generators/cmake)
[4.939s] -- Found PythonInterp: /usr/bin/python3 (found version "3.8.10") 
[6.080s] -- Found ament_cmake_ros: 0.9.2 (/opt/ros/foxy/share/ament_cmake_ros/cmake)
[7.378s] -- Using all available rosidl_typesupport_c: rosidl_typesupport_fastrtps_c;rosidl_typesupport_introspection_c
[8.104s] -- Using all available rosidl_typesupport_cpp: rosidl_typesupport_fastrtps_cpp;rosidl_typesupport_introspection_cpp
[8.250s] -- Found PythonInterp: /usr/bin/python3 (found suitable version "3.8.10", minimum required is "3.5") 
[8.258s] -- Found python_cmake_module: 0.8.1 (/opt/ros/foxy/share/python_cmake_module/cmake)
[8.397s] -- Found PythonLibs: /usr/lib/x86_64-linux-gnu/libpython3.8.so (found suitable version "3.8.10", minimum required is "3.5") 
[8.398s] -- Using PYTHON_EXECUTABLE: /usr/bin/python3
[8.399s] -- Using PYTHON_INCLUDE_DIRS: /usr/include/python3.8
[8.400s] -- Using PYTHON_LIBRARIES: /usr/lib/x86_64-linux-gnu/libpython3.8.so
[8.519s] -- Found PythonExtra: .so  
[9.057s] -- Configuring done
[9.435s] -- Generating done
[9.448s] -- Build files have been written to: /home/turtlebot/nav2_ws/build/dwb_msgs
[9.478s] Invoked command in '/home/turtlebot/nav2_ws/build/dwb_msgs' returned '0': AMENT_PREFIX_PATH=/home/turtlebot/nav2_ws/install/nav_2d_msgs:${AMENT_PREFIX_PATH} CMAKE_PREFIX_PATH=/home/turtlebot/nav2_ws/install/nav_2d_msgs:/home/turtlebot/robot_ws/install/turtlebot3:/home/turtlebot/robot_ws/install/nav2_example:/home/turtlebot/robot_ws/install/my_package:/home/turtlebot/robot_ws/install/my_navigation_pkg:/home/turtlebot/robot_ws/install/forward1:/opt/ros/foxy LD_LIBRARY_PATH=/home/turtlebot/nav2_ws/install/nav_2d_msgs/lib:${LD_LIBRARY_PATH} PYTHONPATH=/home/turtlebot/nav2_ws/install/nav_2d_msgs/lib/python3.8/site-packages:${PYTHONPATH} /usr/bin/cmake /home/turtlebot/nav2_ws/src/navigation2/nav2_dwb_controller/dwb_msgs -DAMENT_CMAKE_SYMLINK_INSTALL=1 -DCMAKE_INSTALL_PREFIX=/home/turtlebot/nav2_ws/install/dwb_msgs
[9.480s] Invoking command in '/home/turtlebot/nav2_ws/build/dwb_msgs': AMENT_PREFIX_PATH=/home/turtlebot/nav2_ws/install/nav_2d_msgs:${AMENT_PREFIX_PATH} CMAKE_PREFIX_PATH=/home/turtlebot/nav2_ws/install/nav_2d_msgs:/home/turtlebot/robot_ws/install/turtlebot3:/home/turtlebot/robot_ws/install/nav2_example:/home/turtlebot/robot_ws/install/my_package:/home/turtlebot/robot_ws/install/my_navigation_pkg:/home/turtlebot/robot_ws/install/forward1:/opt/ros/foxy LD_LIBRARY_PATH=/home/turtlebot/nav2_ws/install/nav_2d_msgs/lib:${LD_LIBRARY_PATH} PYTHONPATH=/home/turtlebot/nav2_ws/install/nav_2d_msgs/lib/python3.8/site-packages:${PYTHONPATH} /usr/bin/cmake --build /home/turtlebot/nav2_ws/build/dwb_msgs -- -j2 -l2
[9.666s] [35m[1mScanning dependencies of target dwb_msgs__cpp[0m
[9.715s] [  1%] [34m[1mGenerating C++ code for ROS interfaces[0m
[14.406s] [  1%] Built target dwb_msgs__cpp
[14.447s] [  2%] [34m[1mGenerating C code for ROS interfaces[0m
[19.791s] [35m[1mScanning dependencies of target dwb_msgs__rosidl_generator_c[0m
[19.872s] [  3%] [32mBuilding C object CMakeFiles/dwb_msgs__rosidl_generator_c.dir/rosidl_generator_c/dwb_msgs/msg/detail/critic_score__functions.c.o[0m
[20.057s] [  4%] [32mBuilding C object CMakeFiles/dwb_msgs__rosidl_generator_c.dir/rosidl_generator_c/dwb_msgs/msg/detail/local_plan_evaluation__functions.c.o[0m
[20.251s] [  5%] [32mBuilding C object CMakeFiles/dwb_msgs__rosidl_generator_c.dir/rosidl_generator_c/dwb_msgs/msg/detail/trajectory2_d__functions.c.o[0m
[20.445s] [  6%] [32mBuilding C object CMakeFiles/dwb_msgs__rosidl_generator_c.dir/rosidl_generator_c/dwb_msgs/msg/detail/trajectory_score__functions.c.o[0m
[20.647s] [  7%] [32mBuilding C object CMakeFiles/dwb_msgs__rosidl_generator_c.dir/rosidl_generator_c/dwb_msgs/srv/detail/debug_local_plan__functions.c.o[0m
[20.894s] [  8%] [32mBuilding C object CMakeFiles/dwb_msgs__rosidl_generator_c.dir/rosidl_generator_c/dwb_msgs/srv/detail/generate_trajectory__functions.c.o[0m
[21.139s] [  9%] [32mBuilding C object CMakeFiles/dwb_msgs__rosidl_generator_c.dir/rosidl_generator_c/dwb_msgs/srv/detail/generate_twists__functions.c.o[0m
[21.370s] [ 10%] [32mBuilding C object CMakeFiles/dwb_msgs__rosidl_generator_c.dir/rosidl_generator_c/dwb_msgs/srv/detail/get_critic_score__functions.c.o[0m
[21.601s] [ 11%] [32mBuilding C object CMakeFiles/dwb_msgs__rosidl_generator_c.dir/rosidl_generator_c/dwb_msgs/srv/detail/score_trajectory__functions.c.o[0m
[21.825s] [ 12%] [32m[1mLinking C shared library libdwb_msgs__rosidl_generator_c.so[0m
[21.965s] [ 12%] Built target dwb_msgs__rosidl_generator_c
[22.009s] [ 13%] [34m[1mGenerating C++ type support dispatch for ROS interfaces[0m
[24.840s] [35m[1mScanning dependencies of target dwb_msgs__rosidl_typesupport_cpp[0m
[24.915s] [ 14%] [32mBuilding CXX object CMakeFiles/dwb_msgs__rosidl_typesupport_cpp.dir/rosidl_typesupport_cpp/dwb_msgs/msg/critic_score__type_support.cpp.o[0m
[26.114s] [ 15%] [32mBuilding CXX object CMakeFiles/dwb_msgs__rosidl_typesupport_cpp.dir/rosidl_typesupport_cpp/dwb_msgs/msg/local_plan_evaluation__type_support.cpp.o[0m
[27.127s] [ 16%] [32mBuilding CXX object CMakeFiles/dwb_msgs__rosidl_typesupport_cpp.dir/rosidl_typesupport_cpp/dwb_msgs/msg/trajectory2_d__type_support.cpp.o[0m
[28.204s] [ 17%] [32mBuilding CXX object CMakeFiles/dwb_msgs__rosidl_typesupport_cpp.dir/rosidl_typesupport_cpp/dwb_msgs/msg/trajectory_score__type_support.cpp.o[0m
[29.420s] [ 18%] [32mBuilding CXX object CMakeFiles/dwb_msgs__rosidl_typesupport_cpp.dir/rosidl_typesupport_cpp/dwb_msgs/srv/debug_local_plan__type_support.cpp.o[0m
[30.644s] [ 20%] [32mBuilding CXX object CMakeFiles/dwb_msgs__rosidl_typesupport_cpp.dir/rosidl_typesupport_cpp/dwb_msgs/srv/generate_trajectory__type_support.cpp.o[0m
[31.829s] [ 21%] [32mBuilding CXX object CMakeFiles/dwb_msgs__rosidl_typesupport_cpp.dir/rosidl_typesupport_cpp/dwb_msgs/srv/generate_twists__type_support.cpp.o[0m
[33.038s] [ 22%] [32mBuilding CXX object CMakeFiles/dwb_msgs__rosidl_typesupport_cpp.dir/rosidl_typesupport_cpp/dwb_msgs/srv/get_critic_score__type_support.cpp.o[0m
[34.331s] [ 23%] [32mBuilding CXX object CMakeFiles/dwb_msgs__rosidl_typesupport_cpp.dir/rosidl_typesupport_cpp/dwb_msgs/srv/score_trajectory__type_support.cpp.o[0m
[35.557s] [ 24%] [32m[1mLinking CXX shared library libdwb_msgs__rosidl_typesupport_cpp.so[0m
[35.738s] [ 24%] Built target dwb_msgs__rosidl_typesupport_cpp
[35.783s] [ 25%] [34m[1mGenerating C++ introspection for ROS interfaces[0m
[39.281s] [35m[1mScanning dependencies of target dwb_msgs__rosidl_typesupport_introspection_cpp[0m
[39.352s] [ 26%] [32mBuilding CXX object CMakeFiles/dwb_msgs__rosidl_typesupport_introspection_cpp.dir/rosidl_typesupport_introspection_cpp/dwb_msgs/msg/detail/critic_score__type_support.cpp.o[0m
[40.565s] [ 27%] [32mBuilding CXX object CMakeFiles/dwb_msgs__rosidl_typesupport_introspection_cpp.dir/rosidl_typesupport_introspection_cpp/dwb_msgs/msg/detail/local_plan_evaluation__type_support.cpp.o[0m
[42.220s] [ 28%] [32mBuilding CXX object CMakeFiles/dwb_msgs__rosidl_typesupport_introspection_cpp.dir/rosidl_typesupport_introspection_cpp/dwb_msgs/msg/detail/trajectory2_d__type_support.cpp.o[0m
[43.745s] [ 29%] [32mBuilding CXX object CMakeFiles/dwb_msgs__rosidl_typesupport_introspection_cpp.dir/rosidl_typesupport_introspection_cpp/dwb_msgs/msg/detail/trajectory_score__type_support.cpp.o[0m
[45.164s] [ 30%] [32mBuilding CXX object CMakeFiles/dwb_msgs__rosidl_typesupport_introspection_cpp.dir/rosidl_typesupport_introspection_cpp/dwb_msgs/srv/detail/debug_local_plan__type_support.cpp.o[0m
[46.490s] [ 31%] [32mBuilding CXX object CMakeFiles/dwb_msgs__rosidl_typesupport_introspection_cpp.dir/rosidl_typesupport_introspection_cpp/dwb_msgs/srv/detail/generate_trajectory__type_support.cpp.o[0m
[47.722s] [ 32%] [32mBuilding CXX object CMakeFiles/dwb_msgs__rosidl_typesupport_introspection_cpp.dir/rosidl_typesupport_introspection_cpp/dwb_msgs/srv/detail/generate_twists__type_support.cpp.o[0m
[49.048s] [ 33%] [32mBuilding CXX object CMakeFiles/dwb_msgs__rosidl_typesupport_introspection_cpp.dir/rosidl_typesupport_introspection_cpp/dwb_msgs/srv/detail/get_critic_score__type_support.cpp.o[0m
[50.330s] [ 34%] [32mBuilding CXX object CMakeFiles/dwb_msgs__rosidl_typesupport_introspection_cpp.dir/rosidl_typesupport_introspection_cpp/dwb_msgs/srv/detail/score_trajectory__type_support.cpp.o[0m
[51.698s] [ 35%] [32m[1mLinking CXX shared library libdwb_msgs__rosidl_typesupport_introspection_cpp.so[0m
[51.969s] [ 35%] Built target dwb_msgs__rosidl_typesupport_introspection_cpp
[51.997s] [ 36%] [34m[1mGenerating C++ type support for eProsima Fast-RTPS[0m
[55.651s] [35m[1mScanning dependencies of target dwb_msgs__rosidl_typesupport_fastrtps_cpp[0m
[55.751s] [ 37%] [32mBuilding CXX object CMakeFiles/dwb_msgs__rosidl_typesupport_fastrtps_cpp.dir/rosidl_typesupport_fastrtps_cpp/dwb_msgs/msg/detail/dds_fastrtps/critic_score__type_support.cpp.o[0m
[57.450s] [ 38%] [32mBuilding CXX object CMakeFiles/dwb_msgs__rosidl_typesupport_fastrtps_cpp.dir/rosidl_typesupport_fastrtps_cpp/dwb_msgs/msg/detail/dds_fastrtps/local_plan_evaluation__type_support.cpp.o[0m
[59.520s] [ 40%] [32mBuilding CXX object CMakeFiles/dwb_msgs__rosidl_typesupport_fastrtps_cpp.dir/rosidl_typesupport_fastrtps_cpp/dwb_msgs/msg/detail/dds_fastrtps/trajectory2_d__type_support.cpp.o[0m
[61.332s] [ 41%] [32mBuilding CXX object CMakeFiles/dwb_msgs__rosidl_typesupport_fastrtps_cpp.dir/rosidl_typesupport_fastrtps_cpp/dwb_msgs/msg/detail/dds_fastrtps/trajectory_score__type_support.cpp.o[0m
[62.711s] [ 42%] [32mBuilding CXX object CMakeFiles/dwb_msgs__rosidl_typesupport_fastrtps_cpp.dir/rosidl_typesupport_fastrtps_cpp/dwb_msgs/srv/detail/dds_fastrtps/debug_local_plan__type_support.cpp.o[0m
[63.859s] [ 43%] [32mBuilding CXX object CMakeFiles/dwb_msgs__rosidl_typesupport_fastrtps_cpp.dir/rosidl_typesupport_fastrtps_cpp/dwb_msgs/srv/detail/dds_fastrtps/generate_trajectory__type_support.cpp.o[0m
[65.133s] [ 44%] [32mBuilding CXX object CMakeFiles/dwb_msgs__rosidl_typesupport_fastrtps_cpp.dir/rosidl_typesupport_fastrtps_cpp/dwb_msgs/srv/detail/dds_fastrtps/generate_twists__type_support.cpp.o[0m
[66.904s] [ 45%] [32mBuilding CXX object CMakeFiles/dwb_msgs__rosidl_typesupport_fastrtps_cpp.dir/rosidl_typesupport_fastrtps_cpp/dwb_msgs/srv/detail/dds_fastrtps/get_critic_score__type_support.cpp.o[0m
[68.730s] [ 46%] [32mBuilding CXX object CMakeFiles/dwb_msgs__rosidl_typesupport_fastrtps_cpp.dir/rosidl_typesupport_fastrtps_cpp/dwb_msgs/srv/detail/dds_fastrtps/score_trajectory__type_support.cpp.o[0m
[70.507s] [ 47%] [32m[1mLinking CXX shared library libdwb_msgs__rosidl_typesupport_fastrtps_cpp.so[0m
[70.863s] [ 47%] Built target dwb_msgs__rosidl_typesupport_fastrtps_cpp
[70.907s] [ 48%] [34m[1mGenerating C type support dispatch for ROS interfaces[0m
[73.600s] [35m[1mScanning dependencies of target dwb_msgs__rosidl_typesupport_c[0m
[73.662s] [ 49%] [32mBuilding CXX object CMakeFiles/dwb_msgs__rosidl_typesupport_c.dir/rosidl_typesupport_c/dwb_msgs/msg/critic_score__type_support.cpp.o[0m
[73.770s] [ 50%] [32mBuilding CXX object CMakeFiles/dwb_msgs__rosidl_typesupport_c.dir/rosidl_typesupport_c/dwb_msgs/msg/local_plan_evaluation__type_support.cpp.o[0m
[73.879s] [ 51%] [32mBuilding CXX object CMakeFiles/dwb_msgs__rosidl_typesupport_c.dir/rosidl_typesupport_c/dwb_msgs/msg/trajectory2_d__type_support.cpp.o[0m
[73.989s] [ 52%] [32mBuilding CXX object CMakeFiles/dwb_msgs__rosidl_typesupport_c.dir/rosidl_typesupport_c/dwb_msgs/msg/trajectory_score__type_support.cpp.o[0m
[74.104s] [ 53%] [32mBuilding CXX object CMakeFiles/dwb_msgs__rosidl_typesupport_c.dir/rosidl_typesupport_c/dwb_msgs/srv/debug_local_plan__type_support.cpp.o[0m
[74.231s] [ 54%] [32mBuilding CXX object CMakeFiles/dwb_msgs__rosidl_typesupport_c.dir/rosidl_typesupport_c/dwb_msgs/srv/generate_trajectory__type_support.cpp.o[0m
[74.349s] [ 55%] [32mBuilding CXX object CMakeFiles/dwb_msgs__rosidl_typesupport_c.dir/rosidl_typesupport_c/dwb_msgs/srv/generate_twists__type_support.cpp.o[0m
[74.443s] [ 56%] [32mBuilding CXX object CMakeFiles/dwb_msgs__rosidl_typesupport_c.dir/rosidl_typesupport_c/dwb_msgs/srv/get_critic_score__type_support.cpp.o[0m
[74.526s] [ 57%] [32mBuilding CXX object CMakeFiles/dwb_msgs__rosidl_typesupport_c.dir/rosidl_typesupport_c/dwb_msgs/srv/score_trajectory__type_support.cpp.o[0m
[74.607s] [ 58%] [32m[1mLinking CXX shared library libdwb_msgs__rosidl_typesupport_c.so[0m
[74.727s] [ 58%] Built target dwb_msgs__rosidl_typesupport_c
[74.770s] [ 60%] [34m[1mGenerating C introspection for ROS interfaces[0m
[77.991s] [35m[1mScanning dependencies of target dwb_msgs__rosidl_typesupport_introspection_c[0m
[78.093s] [ 61%] [32mBuilding C object CMakeFiles/dwb_msgs__rosidl_typesupport_introspection_c.dir/rosidl_typesupport_introspection_c/dwb_msgs/msg/detail/critic_score__type_support.c.o[0m
[78.222s] [ 62%] [32mBuilding C object CMakeFiles/dwb_msgs__rosidl_typesupport_introspection_c.dir/rosidl_typesupport_introspection_c/dwb_msgs/msg/detail/local_plan_evaluation__type_support.c.o[0m
[78.367s] [ 63%] [32mBuilding C object CMakeFiles/dwb_msgs__rosidl_typesupport_introspection_c.dir/rosidl_typesupport_introspection_c/dwb_msgs/msg/detail/trajectory2_d__type_support.c.o[0m
[78.513s] [ 64%] [32mBuilding C object CMakeFiles/dwb_msgs__rosidl_typesupport_introspection_c.dir/rosidl_typesupport_introspection_c/dwb_msgs/msg/detail/trajectory_score__type_support.c.o[0m
[78.651s] [ 65%] [32mBuilding C object CMakeFiles/dwb_msgs__rosidl_typesupport_introspection_c.dir/rosidl_typesupport_introspection_c/dwb_msgs/srv/detail/debug_local_plan__type_support.c.o[0m
[78.801s] [ 66%] [32mBuilding C object CMakeFiles/dwb_msgs__rosidl_typesupport_introspection_c.dir/rosidl_typesupport_introspection_c/dwb_msgs/srv/detail/generate_trajectory__type_support.c.o[0m
[78.937s] [ 67%] [32mBuilding C object CMakeFiles/dwb_msgs__rosidl_typesupport_introspection_c.dir/rosidl_typesupport_introspection_c/dwb_msgs/srv/detail/generate_twists__type_support.c.o[0m
[79.085s] [ 68%] [32mBuilding C object CMakeFiles/dwb_msgs__rosidl_typesupport_introspection_c.dir/rosidl_typesupport_introspection_c/dwb_msgs/srv/detail/get_critic_score__type_support.c.o[0m
[79.240s] [ 69%] [32mBuilding C object CMakeFiles/dwb_msgs__rosidl_typesupport_introspection_c.dir/rosidl_typesupport_introspection_c/dwb_msgs/srv/detail/score_trajectory__type_support.c.o[0m
[79.383s] [ 70%] [32m[1mLinking C shared library libdwb_msgs__rosidl_typesupport_introspection_c.so[0m
[79.519s] [ 70%] Built target dwb_msgs__rosidl_typesupport_introspection_c
[79.563s] [ 71%] [34m[1mGenerating C type support for eProsima Fast-RTPS[0m
[83.503s] [35m[1mScanning dependencies of target dwb_msgs__rosidl_typesupport_fastrtps_c[0m
[83.648s] [ 72%] [32mBuilding CXX object CMakeFiles/dwb_msgs__rosidl_typesupport_fastrtps_c.dir/rosidl_typesupport_fastrtps_c/dwb_msgs/msg/detail/critic_score__type_support_c.cpp.o[0m
[85.113s] [ 73%] [32mBuilding CXX object CMakeFiles/dwb_msgs__rosidl_typesupport_fastrtps_c.dir/rosidl_typesupport_fastrtps_c/dwb_msgs/msg/detail/local_plan_evaluation__type_support_c.cpp.o[0m
[86.572s] [ 74%] [32mBuilding CXX object CMakeFiles/dwb_msgs__rosidl_typesupport_fastrtps_c.dir/rosidl_typesupport_fastrtps_c/dwb_msgs/msg/detail/trajectory2_d__type_support_c.cpp.o[0m
[88.059s] [ 75%] [32mBuilding CXX object CMakeFiles/dwb_msgs__rosidl_typesupport_fastrtps_c.dir/rosidl_typesupport_fastrtps_c/dwb_msgs/msg/detail/trajectory_score__type_support_c.cpp.o[0m
[89.538s] [ 76%] [32mBuilding CXX object CMakeFiles/dwb_msgs__rosidl_typesupport_fastrtps_c.dir/rosidl_typesupport_fastrtps_c/dwb_msgs/srv/detail/debug_local_plan__type_support_c.cpp.o[0m
[91.010s] [ 77%] [32mBuilding CXX object CMakeFiles/dwb_msgs__rosidl_typesupport_fastrtps_c.dir/rosidl_typesupport_fastrtps_c/dwb_msgs/srv/detail/generate_trajectory__type_support_c.cpp.o[0m
[92.521s] [ 78%] [32mBuilding CXX object CMakeFiles/dwb_msgs__rosidl_typesupport_fastrtps_c.dir/rosidl_typesupport_fastrtps_c/dwb_msgs/srv/detail/generate_twists__type_support_c.cpp.o[0m
[94.102s] [ 80%] [32mBuilding CXX object CMakeFiles/dwb_msgs__rosidl_typesupport_fastrtps_c.dir/rosidl_typesupport_fastrtps_c/dwb_msgs/srv/detail/get_critic_score__type_support_c.cpp.o[0m
[95.585s] [ 81%] [32mBuilding CXX object CMakeFiles/dwb_msgs__rosidl_typesupport_fastrtps_c.dir/rosidl_typesupport_fastrtps_c/dwb_msgs/srv/detail/score_trajectory__type_support_c.cpp.o[0m
[97.044s] [ 82%] [32m[1mLinking CXX shared library libdwb_msgs__rosidl_typesupport_fastrtps_c.so[0m
[97.389s] [ 82%] Built target dwb_msgs__rosidl_typesupport_fastrtps_c
[97.428s] [35m[1mScanning dependencies of target dwb_msgs[0m
[97.473s] [ 82%] Built target dwb_msgs
[97.511s] [35m[1mScanning dependencies of target dwb_msgs__py[0m
[97.556s] [ 83%] [34m[1mGenerating Python code for ROS interfaces[0m
[105.751s] [ 83%] Built target dwb_msgs__py
[105.791s] [35m[1mScanning dependencies of target dwb_msgs__python[0m
[105.928s] [ 84%] [32mBuilding C object CMakeFiles/dwb_msgs__python.dir/rosidl_generator_py/dwb_msgs/msg/_critic_score_s.c.o[0m
[106.285s] [ 85%] [32mBuilding C object CMakeFiles/dwb_msgs__python.dir/rosidl_generator_py/dwb_msgs/msg/_local_plan_evaluation_s.c.o[0m
[106.657s] [ 86%] [32mBuilding C object CMakeFiles/dwb_msgs__python.dir/rosidl_generator_py/dwb_msgs/msg/_trajectory2_d_s.c.o[0m
[107.035s] [ 87%] [32mBuilding C object CMakeFiles/dwb_msgs__python.dir/rosidl_generator_py/dwb_msgs/msg/_trajectory_score_s.c.o[0m
[107.407s] [ 88%] [32mBuilding C object CMakeFiles/dwb_msgs__python.dir/rosidl_generator_py/dwb_msgs/srv/_debug_local_plan_s.c.o[0m
[107.788s] [ 89%] [32mBuilding C object CMakeFiles/dwb_msgs__python.dir/rosidl_generator_py/dwb_msgs/srv/_generate_trajectory_s.c.o[0m
[108.145s] [ 90%] [32mBuilding C object CMakeFiles/dwb_msgs__python.dir/rosidl_generator_py/dwb_msgs/srv/_generate_twists_s.c.o[0m
[108.477s] [ 91%] [32mBuilding C object CMakeFiles/dwb_msgs__python.dir/rosidl_generator_py/dwb_msgs/srv/_get_critic_score_s.c.o[0m
[108.869s] [ 92%] [32mBuilding C object CMakeFiles/dwb_msgs__python.dir/rosidl_generator_py/dwb_msgs/srv/_score_trajectory_s.c.o[0m
[109.258s] [ 93%] [32m[1mLinking C shared library rosidl_generator_py/dwb_msgs/libdwb_msgs__python.so[0m
[109.448s] [ 93%] Built target dwb_msgs__python
[109.485s] [35m[1mScanning dependencies of target dwb_msgs__rosidl_typesupport_c__pyext[0m
[109.576s] [ 94%] [32mBuilding C object CMakeFiles/dwb_msgs__rosidl_typesupport_c__pyext.dir/rosidl_generator_py/dwb_msgs/_dwb_msgs_s.ep.rosidl_typesupport_c.c.o[0m
[110.077s] [ 95%] [32m[1mLinking C shared library rosidl_generator_py/dwb_msgs/dwb_msgs_s__rosidl_typesupport_c.cpython-38-x86_64-linux-gnu.so[0m
[110.223s] [ 95%] Built target dwb_msgs__rosidl_typesupport_c__pyext
[110.249s] [35m[1mScanning dependencies of target dwb_msgs__rosidl_typesupport_introspection_c__pyext[0m
[110.339s] [ 96%] [32mBuilding C object CMakeFiles/dwb_msgs__rosidl_typesupport_introspection_c__pyext.dir/rosidl_generator_py/dwb_msgs/_dwb_msgs_s.ep.rosidl_typesupport_introspection_c.c.o[0m
[110.830s] [ 97%] [32m[1mLinking C shared library rosidl_generator_py/dwb_msgs/dwb_msgs_s__rosidl_typesupport_introspection_c.cpython-38-x86_64-linux-gnu.so[0m
[110.993s] [ 97%] Built target dwb_msgs__rosidl_typesupport_introspection_c__pyext
[111.031s] [35m[1mScanning dependencies of target dwb_msgs__rosidl_typesupport_fastrtps_c__pyext[0m
[111.142s] [ 98%] [32mBuilding C object CMakeFiles/dwb_msgs__rosidl_typesupport_fastrtps_c__pyext.dir/rosidl_generator_py/dwb_msgs/_dwb_msgs_s.ep.rosidl_typesupport_fastrtps_c.c.o[0m
[111.653s] [100%] [32m[1mLinking CXX shared library rosidl_generator_py/dwb_msgs/dwb_msgs_s__rosidl_typesupport_fastrtps_c.cpython-38-x86_64-linux-gnu.so[0m
[111.924s] [100%] Built target dwb_msgs__rosidl_typesupport_fastrtps_c__pyext
[111.978s] Invoked command in '/home/turtlebot/nav2_ws/build/dwb_msgs' returned '0': AMENT_PREFIX_PATH=/home/turtlebot/nav2_ws/install/nav_2d_msgs:${AMENT_PREFIX_PATH} CMAKE_PREFIX_PATH=/home/turtlebot/nav2_ws/install/nav_2d_msgs:/home/turtlebot/robot_ws/install/turtlebot3:/home/turtlebot/robot_ws/install/nav2_example:/home/turtlebot/robot_ws/install/my_package:/home/turtlebot/robot_ws/install/my_navigation_pkg:/home/turtlebot/robot_ws/install/forward1:/opt/ros/foxy LD_LIBRARY_PATH=/home/turtlebot/nav2_ws/install/nav_2d_msgs/lib:${LD_LIBRARY_PATH} PYTHONPATH=/home/turtlebot/nav2_ws/install/nav_2d_msgs/lib/python3.8/site-packages:${PYTHONPATH} /usr/bin/cmake --build /home/turtlebot/nav2_ws/build/dwb_msgs -- -j2 -l2
[112.568s] Invoking command in '/home/turtlebot/nav2_ws/build/dwb_msgs': AMENT_PREFIX_PATH=/home/turtlebot/nav2_ws/install/nav_2d_msgs:${AMENT_PREFIX_PATH} CMAKE_PREFIX_PATH=/home/turtlebot/nav2_ws/install/nav_2d_msgs:/home/turtlebot/robot_ws/install/turtlebot3:/home/turtlebot/robot_ws/install/nav2_example:/home/turtlebot/robot_ws/install/my_package:/home/turtlebot/robot_ws/install/my_navigation_pkg:/home/turtlebot/robot_ws/install/forward1:/opt/ros/foxy LD_LIBRARY_PATH=/home/turtlebot/nav2_ws/install/nav_2d_msgs/lib:${LD_LIBRARY_PATH} PYTHONPATH=/home/turtlebot/nav2_ws/install/nav_2d_msgs/lib/python3.8/site-packages:${PYTHONPATH} /usr/bin/cmake --install /home/turtlebot/nav2_ws/build/dwb_msgs
[112.607s] -- Install configuration: ""
[112.610s] -- Execute custom install script
[112.613s] -- Symlinking: /home/turtlebot/nav2_ws/install/dwb_msgs/share/ament_index/resource_index/rosidl_interfaces/dwb_msgs
[112.653s] -- Symlinking: /home/turtlebot/nav2_ws/install/dwb_msgs/include/dwb_msgs/msg/critic_score.h
[112.689s] -- Symlinking: /home/turtlebot/nav2_ws/install/dwb_msgs/include/dwb_msgs/msg/detail/critic_score__functions.h
[112.724s] -- Symlinking: /home/turtlebot/nav2_ws/install/dwb_msgs/include/dwb_msgs/msg/detail/critic_score__struct.h
[112.761s] -- Symlinking: /home/turtlebot/nav2_ws/install/dwb_msgs/include/dwb_msgs/msg/detail/critic_score__type_support.h
[112.795s] -- Symlinking: /home/turtlebot/nav2_ws/install/dwb_msgs/include/dwb_msgs/msg/detail/local_plan_evaluation__functions.h
[112.830s] -- Symlinking: /home/turtlebot/nav2_ws/install/dwb_msgs/include/dwb_msgs/msg/detail/local_plan_evaluation__struct.h
[112.867s] -- Symlinking: /home/turtlebot/nav2_ws/install/dwb_msgs/include/dwb_msgs/msg/detail/local_plan_evaluation__type_support.h
[112.889s] -- Symlinking: /home/turtlebot/nav2_ws/install/dwb_msgs/include/dwb_msgs/msg/detail/trajectory2_d__functions.h
[112.920s] -- Symlinking: /home/turtlebot/nav2_ws/install/dwb_msgs/include/dwb_msgs/msg/detail/trajectory2_d__struct.h
[112.960s] -- Symlinking: /home/turtlebot/nav2_ws/install/dwb_msgs/include/dwb_msgs/msg/detail/trajectory2_d__type_support.h
[112.995s] -- Symlinking: /home/turtlebot/nav2_ws/install/dwb_msgs/include/dwb_msgs/msg/detail/trajectory_score__functions.h
[113.030s] -- Symlinking: /home/turtlebot/nav2_ws/install/dwb_msgs/include/dwb_msgs/msg/detail/trajectory_score__struct.h
[113.068s] -- Symlinking: /home/turtlebot/nav2_ws/install/dwb_msgs/include/dwb_msgs/msg/detail/trajectory_score__type_support.h
[113.102s] -- Symlinking: /home/turtlebot/nav2_ws/install/dwb_msgs/include/dwb_msgs/msg/local_plan_evaluation.h
[113.137s] -- Symlinking: /home/turtlebot/nav2_ws/install/dwb_msgs/include/dwb_msgs/msg/rosidl_generator_c__visibility_control.h
[113.174s] -- Symlinking: /home/turtlebot/nav2_ws/install/dwb_msgs/include/dwb_msgs/msg/trajectory2_d.h
[113.208s] -- Symlinking: /home/turtlebot/nav2_ws/install/dwb_msgs/include/dwb_msgs/msg/trajectory_score.h
[113.244s] -- Symlinking: /home/turtlebot/nav2_ws/install/dwb_msgs/include/dwb_msgs/srv/debug_local_plan.h
[113.281s] -- Symlinking: /home/turtlebot/nav2_ws/install/dwb_msgs/include/dwb_msgs/srv/detail/debug_local_plan__functions.h
[113.316s] -- Symlinking: /home/turtlebot/nav2_ws/install/dwb_msgs/include/dwb_msgs/srv/detail/debug_local_plan__struct.h
[113.353s] -- Symlinking: /home/turtlebot/nav2_ws/install/dwb_msgs/include/dwb_msgs/srv/detail/debug_local_plan__type_support.h
[113.390s] -- Symlinking: /home/turtlebot/nav2_ws/install/dwb_msgs/include/dwb_msgs/srv/detail/generate_trajectory__functions.h
[113.425s] -- Symlinking: /home/turtlebot/nav2_ws/install/dwb_msgs/include/dwb_msgs/srv/detail/generate_trajectory__struct.h
[113.455s] -- Symlinking: /home/turtlebot/nav2_ws/install/dwb_msgs/include/dwb_msgs/srv/detail/generate_trajectory__type_support.h
[113.488s] -- Symlinking: /home/turtlebot/nav2_ws/install/dwb_msgs/include/dwb_msgs/srv/detail/generate_twists__functions.h
[113.521s] -- Symlinking: /home/turtlebot/nav2_ws/install/dwb_msgs/include/dwb_msgs/srv/detail/generate_twists__struct.h
[113.542s] -- Symlinking: /home/turtlebot/nav2_ws/install/dwb_msgs/include/dwb_msgs/srv/detail/generate_twists__type_support.h
[113.565s] -- Symlinking: /home/turtlebot/nav2_ws/install/dwb_msgs/include/dwb_msgs/srv/detail/get_critic_score__functions.h
[113.595s] -- Symlinking: /home/turtlebot/nav2_ws/install/dwb_msgs/include/dwb_msgs/srv/detail/get_critic_score__struct.h
[113.630s] -- Symlinking: /home/turtlebot/nav2_ws/install/dwb_msgs/include/dwb_msgs/srv/detail/get_critic_score__type_support.h
[113.666s] -- Symlinking: /home/turtlebot/nav2_ws/install/dwb_msgs/include/dwb_msgs/srv/detail/score_trajectory__functions.h
[113.691s] -- Symlinking: /home/turtlebot/nav2_ws/install/dwb_msgs/include/dwb_msgs/srv/detail/score_trajectory__struct.h
[113.721s] -- Symlinking: /home/turtlebot/nav2_ws/install/dwb_msgs/include/dwb_msgs/srv/detail/score_trajectory__type_support.h
[113.757s] -- Symlinking: /home/turtlebot/nav2_ws/install/dwb_msgs/include/dwb_msgs/srv/generate_trajectory.h
[113.793s] -- Symlinking: /home/turtlebot/nav2_ws/install/dwb_msgs/include/dwb_msgs/srv/generate_twists.h
[113.828s] -- Symlinking: /home/turtlebot/nav2_ws/install/dwb_msgs/include/dwb_msgs/srv/get_critic_score.h
[113.859s] -- Symlinking: /home/turtlebot/nav2_ws/install/dwb_msgs/include/dwb_msgs/srv/score_trajectory.h
[113.886s] -- Symlinking: /home/turtlebot/nav2_ws/install/dwb_msgs/share/dwb_msgs/environment/library_path.sh
[113.919s] -- Symlinking: /home/turtlebot/nav2_ws/install/dwb_msgs/share/dwb_msgs/environment/library_path.dsv
[113.957s] -- Symlinking: /home/turtlebot/nav2_ws/install/dwb_msgs/include/dwb_msgs/msg/detail/critic_score__rosidl_typesupport_fastrtps_c.h
[113.996s] -- Symlinking: /home/turtlebot/nav2_ws/install/dwb_msgs/include/dwb_msgs/msg/detail/local_plan_evaluation__rosidl_typesupport_fastrtps_c.h
[114.031s] -- Symlinking: /home/turtlebot/nav2_ws/install/dwb_msgs/include/dwb_msgs/msg/detail/trajectory2_d__rosidl_typesupport_fastrtps_c.h
[114.055s] -- Symlinking: /home/turtlebot/nav2_ws/install/dwb_msgs/include/dwb_msgs/msg/detail/trajectory_score__rosidl_typesupport_fastrtps_c.h
[114.084s] -- Symlinking: /home/turtlebot/nav2_ws/install/dwb_msgs/include/dwb_msgs/msg/rosidl_typesupport_fastrtps_c__visibility_control.h
[114.117s] -- Symlinking: /home/turtlebot/nav2_ws/install/dwb_msgs/include/dwb_msgs/srv/detail/debug_local_plan__rosidl_typesupport_fastrtps_c.h
[114.151s] -- Symlinking: /home/turtlebot/nav2_ws/install/dwb_msgs/include/dwb_msgs/srv/detail/generate_trajectory__rosidl_typesupport_fastrtps_c.h
[114.188s] -- Symlinking: /home/turtlebot/nav2_ws/install/dwb_msgs/include/dwb_msgs/srv/detail/generate_twists__rosidl_typesupport_fastrtps_c.h
[114.222s] -- Symlinking: /home/turtlebot/nav2_ws/install/dwb_msgs/include/dwb_msgs/srv/detail/get_critic_score__rosidl_typesupport_fastrtps_c.h
[114.256s] -- Symlinking: /home/turtlebot/nav2_ws/install/dwb_msgs/include/dwb_msgs/srv/detail/score_trajectory__rosidl_typesupport_fastrtps_c.h
[114.295s] -- Symlinking: /home/turtlebot/nav2_ws/install/dwb_msgs/lib/libdwb_msgs__rosidl_typesupport_fastrtps_c.so
[114.332s] -- Symlinking: /home/turtlebot/nav2_ws/install/dwb_msgs/include/dwb_msgs/msg/detail/critic_score__rosidl_typesupport_fastrtps_cpp.hpp
[114.370s] -- Symlinking: /home/turtlebot/nav2_ws/install/dwb_msgs/include/dwb_msgs/msg/detail/local_plan_evaluation__rosidl_typesupport_fastrtps_cpp.hpp
[114.404s] -- Symlinking: /home/turtlebot/nav2_ws/install/dwb_msgs/include/dwb_msgs/msg/detail/trajectory2_d__rosidl_typesupport_fastrtps_cpp.hpp
[114.439s] -- Symlinking: /home/turtlebot/nav2_ws/install/dwb_msgs/include/dwb_msgs/msg/detail/trajectory_score__rosidl_typesupport_fastrtps_cpp.hpp
[114.476s] -- Symlinking: /home/turtlebot/nav2_ws/install/dwb_msgs/include/dwb_msgs/msg/rosidl_typesupport_fastrtps_cpp__visibility_control.h
[114.510s] -- Symlinking: /home/turtlebot/nav2_ws/install/dwb_msgs/include/dwb_msgs/srv/detail/debug_local_plan__rosidl_typesupport_fastrtps_cpp.hpp
[114.545s] -- Symlinking: /home/turtlebot/nav2_ws/install/dwb_msgs/include/dwb_msgs/srv/detail/generate_trajectory__rosidl_typesupport_fastrtps_cpp.hpp
[114.581s] -- Symlinking: /home/turtlebot/nav2_ws/install/dwb_msgs/include/dwb_msgs/srv/detail/generate_twists__rosidl_typesupport_fastrtps_cpp.hpp
[114.616s] -- Symlinking: /home/turtlebot/nav2_ws/install/dwb_msgs/include/dwb_msgs/srv/detail/get_critic_score__rosidl_typesupport_fastrtps_cpp.hpp
[114.650s] -- Symlinking: /home/turtlebot/nav2_ws/install/dwb_msgs/include/dwb_msgs/srv/detail/score_trajectory__rosidl_typesupport_fastrtps_cpp.hpp
[114.685s] -- Symlinking: /home/turtlebot/nav2_ws/install/dwb_msgs/lib/libdwb_msgs__rosidl_typesupport_fastrtps_cpp.so
[114.721s] -- Symlinking: /home/turtlebot/nav2_ws/install/dwb_msgs/include/dwb_msgs/msg/detail/critic_score__rosidl_typesupport_introspection_c.h
[114.757s] -- Symlinking: /home/turtlebot/nav2_ws/install/dwb_msgs/include/dwb_msgs/msg/detail/local_plan_evaluation__rosidl_typesupport_introspection_c.h
[114.793s] -- Symlinking: /home/turtlebot/nav2_ws/install/dwb_msgs/include/dwb_msgs/msg/detail/trajectory2_d__rosidl_typesupport_introspection_c.h
[114.827s] -- Symlinking: /home/turtlebot/nav2_ws/install/dwb_msgs/include/dwb_msgs/msg/detail/trajectory_score__rosidl_typesupport_introspection_c.h
[114.861s] -- Symlinking: /home/turtlebot/nav2_ws/install/dwb_msgs/include/dwb_msgs/msg/rosidl_typesupport_introspection_c__visibility_control.h
[114.897s] -- Symlinking: /home/turtlebot/nav2_ws/install/dwb_msgs/include/dwb_msgs/srv/detail/debug_local_plan__rosidl_typesupport_introspection_c.h
[114.930s] -- Symlinking: /home/turtlebot/nav2_ws/install/dwb_msgs/include/dwb_msgs/srv/detail/generate_trajectory__rosidl_typesupport_introspection_c.h
[114.963s] -- Symlinking: /home/turtlebot/nav2_ws/install/dwb_msgs/include/dwb_msgs/srv/detail/generate_twists__rosidl_typesupport_introspection_c.h
[115.000s] -- Symlinking: /home/turtlebot/nav2_ws/install/dwb_msgs/include/dwb_msgs/srv/detail/get_critic_score__rosidl_typesupport_introspection_c.h
[115.033s] -- Symlinking: /home/turtlebot/nav2_ws/install/dwb_msgs/include/dwb_msgs/srv/detail/score_trajectory__rosidl_typesupport_introspection_c.h
[115.071s] -- Symlinking: /home/turtlebot/nav2_ws/install/dwb_msgs/include/dwb_msgs/msg/critic_score.hpp
[115.105s] -- Symlinking: /home/turtlebot/nav2_ws/install/dwb_msgs/include/dwb_msgs/msg/detail/critic_score__builder.hpp
[115.139s] -- Symlinking: /home/turtlebot/nav2_ws/install/dwb_msgs/include/dwb_msgs/msg/detail/critic_score__struct.hpp
[115.174s] -- Symlinking: /home/turtlebot/nav2_ws/install/dwb_msgs/include/dwb_msgs/msg/detail/critic_score__traits.hpp
[115.208s] -- Symlinking: /home/turtlebot/nav2_ws/install/dwb_msgs/include/dwb_msgs/msg/detail/local_plan_evaluation__builder.hpp
[115.242s] -- Symlinking: /home/turtlebot/nav2_ws/install/dwb_msgs/include/dwb_msgs/msg/detail/local_plan_evaluation__struct.hpp
[115.279s] -- Symlinking: /home/turtlebot/nav2_ws/install/dwb_msgs/include/dwb_msgs/msg/detail/local_plan_evaluation__traits.hpp
[115.312s] -- Symlinking: /home/turtlebot/nav2_ws/install/dwb_msgs/include/dwb_msgs/msg/detail/trajectory2_d__builder.hpp
[115.346s] -- Symlinking: /home/turtlebot/nav2_ws/install/dwb_msgs/include/dwb_msgs/msg/detail/trajectory2_d__struct.hpp
[115.377s] -- Symlinking: /home/turtlebot/nav2_ws/install/dwb_msgs/include/dwb_msgs/msg/detail/trajectory2_d__traits.hpp
[115.409s] -- Symlinking: /home/turtlebot/nav2_ws/install/dwb_msgs/include/dwb_msgs/msg/detail/trajectory_score__builder.hpp
[115.440s] -- Symlinking: /home/turtlebot/nav2_ws/install/dwb_msgs/include/dwb_msgs/msg/detail/trajectory_score__struct.hpp
[115.462s] -- Symlinking: /home/turtlebot/nav2_ws/install/dwb_msgs/include/dwb_msgs/msg/detail/trajectory_score__traits.hpp
[115.491s] -- Symlinking: /home/turtlebot/nav2_ws/install/dwb_msgs/include/dwb_msgs/msg/local_plan_evaluation.hpp
[115.517s] -- Symlinking: /home/turtlebot/nav2_ws/install/dwb_msgs/include/dwb_msgs/msg/trajectory2_d.hpp
[115.541s] -- Symlinking: /home/turtlebot/nav2_ws/install/dwb_msgs/include/dwb_msgs/msg/trajectory_score.hpp
[115.560s] -- Symlinking: /home/turtlebot/nav2_ws/install/dwb_msgs/include/dwb_msgs/srv/debug_local_plan.hpp
[115.581s] -- Symlinking: /home/turtlebot/nav2_ws/install/dwb_msgs/include/dwb_msgs/srv/detail/debug_local_plan__builder.hpp
[115.602s] -- Symlinking: /home/turtlebot/nav2_ws/install/dwb_msgs/include/dwb_msgs/srv/detail/debug_local_plan__struct.hpp
[115.622s] -- Symlinking: /home/turtlebot/nav2_ws/install/dwb_msgs/include/dwb_msgs/srv/detail/debug_local_plan__traits.hpp
[115.643s] -- Symlinking: /home/turtlebot/nav2_ws/install/dwb_msgs/include/dwb_msgs/srv/detail/generate_trajectory__builder.hpp
[115.664s] -- Symlinking: /home/turtlebot/nav2_ws/install/dwb_msgs/include/dwb_msgs/srv/detail/generate_trajectory__struct.hpp
[115.686s] -- Symlinking: /home/turtlebot/nav2_ws/install/dwb_msgs/include/dwb_msgs/srv/detail/generate_trajectory__traits.hpp
[115.708s] -- Symlinking: /home/turtlebot/nav2_ws/install/dwb_msgs/include/dwb_msgs/srv/detail/generate_twists__builder.hpp
[115.729s] -- Symlinking: /home/turtlebot/nav2_ws/install/dwb_msgs/include/dwb_msgs/srv/detail/generate_twists__struct.hpp
[115.752s] -- Symlinking: /home/turtlebot/nav2_ws/install/dwb_msgs/include/dwb_msgs/srv/detail/generate_twists__traits.hpp
[115.773s] -- Symlinking: /home/turtlebot/nav2_ws/install/dwb_msgs/include/dwb_msgs/srv/detail/get_critic_score__builder.hpp
[115.796s] -- Symlinking: /home/turtlebot/nav2_ws/install/dwb_msgs/include/dwb_msgs/srv/detail/get_critic_score__struct.hpp
[115.816s] -- Symlinking: /home/turtlebot/nav2_ws/install/dwb_msgs/include/dwb_msgs/srv/detail/get_critic_score__traits.hpp
[115.836s] -- Symlinking: /home/turtlebot/nav2_ws/install/dwb_msgs/include/dwb_msgs/srv/detail/score_trajectory__builder.hpp
[115.860s] -- Symlinking: /home/turtlebot/nav2_ws/install/dwb_msgs/include/dwb_msgs/srv/detail/score_trajectory__struct.hpp
[115.882s] -- Symlinking: /home/turtlebot/nav2_ws/install/dwb_msgs/include/dwb_msgs/srv/detail/score_trajectory__traits.hpp
[115.904s] -- Symlinking: /home/turtlebot/nav2_ws/install/dwb_msgs/include/dwb_msgs/srv/generate_trajectory.hpp
[115.924s] -- Symlinking: /home/turtlebot/nav2_ws/install/dwb_msgs/include/dwb_msgs/srv/generate_twists.hpp
[115.945s] -- Symlinking: /home/turtlebot/nav2_ws/install/dwb_msgs/include/dwb_msgs/srv/get_critic_score.hpp
[115.962s] -- Symlinking: /home/turtlebot/nav2_ws/install/dwb_msgs/include/dwb_msgs/srv/score_trajectory.hpp
[115.986s] -- Symlinking: /home/turtlebot/nav2_ws/install/dwb_msgs/include/dwb_msgs/msg/detail/critic_score__rosidl_typesupport_introspection_cpp.hpp
[116.007s] -- Symlinking: /home/turtlebot/nav2_ws/install/dwb_msgs/include/dwb_msgs/msg/detail/local_plan_evaluation__rosidl_typesupport_introspection_cpp.hpp
[116.029s] -- Symlinking: /home/turtlebot/nav2_ws/install/dwb_msgs/include/dwb_msgs/msg/detail/trajectory2_d__rosidl_typesupport_introspection_cpp.hpp
[116.050s] -- Symlinking: /home/turtlebot/nav2_ws/install/dwb_msgs/include/dwb_msgs/msg/detail/trajectory_score__rosidl_typesupport_introspection_cpp.hpp
[116.073s] -- Symlinking: /home/turtlebot/nav2_ws/install/dwb_msgs/include/dwb_msgs/srv/detail/debug_local_plan__rosidl_typesupport_introspection_cpp.hpp
[116.100s] -- Symlinking: /home/turtlebot/nav2_ws/install/dwb_msgs/include/dwb_msgs/srv/detail/generate_trajectory__rosidl_typesupport_introspection_cpp.hpp
[116.135s] -- Symlinking: /home/turtlebot/nav2_ws/install/dwb_msgs/include/dwb_msgs/srv/detail/generate_twists__rosidl_typesupport_introspection_cpp.hpp
[116.169s] -- Symlinking: /home/turtlebot/nav2_ws/install/dwb_msgs/include/dwb_msgs/srv/detail/get_critic_score__rosidl_typesupport_introspection_cpp.hpp
[116.203s] -- Symlinking: /home/turtlebot/nav2_ws/install/dwb_msgs/include/dwb_msgs/srv/detail/score_trajectory__rosidl_typesupport_introspection_cpp.hpp
[116.228s] -- Symlinking: /home/turtlebot/nav2_ws/install/dwb_msgs/share/dwb_msgs/environment/pythonpath.sh
[116.249s] -- Symlinking: /home/turtlebot/nav2_ws/install/dwb_msgs/share/dwb_msgs/environment/pythonpath.dsv
[116.270s] -- Symlinking: /home/turtlebot/nav2_ws/install/dwb_msgs/lib/python3.8/site-packages/dwb_msgs/__init__.py
[116.298s] -- Symlinking: /home/turtlebot/nav2_ws/install/dwb_msgs/lib/python3.8/site-packages/dwb_msgs/msg/__init__.py
[116.325s] -- Symlinking: /home/turtlebot/nav2_ws/install/dwb_msgs/lib/python3.8/site-packages/dwb_msgs/msg/_critic_score.py
[116.346s] -- Symlinking: /home/turtlebot/nav2_ws/install/dwb_msgs/lib/python3.8/site-packages/dwb_msgs/msg/_local_plan_evaluation.py
[116.366s] -- Symlinking: /home/turtlebot/nav2_ws/install/dwb_msgs/lib/python3.8/site-packages/dwb_msgs/msg/_trajectory2_d.py
[116.387s] -- Symlinking: /home/turtlebot/nav2_ws/install/dwb_msgs/lib/python3.8/site-packages/dwb_msgs/msg/_trajectory_score.py
[116.404s] -- Symlinking: /home/turtlebot/nav2_ws/install/dwb_msgs/lib/python3.8/site-packages/dwb_msgs/srv/__init__.py
[116.424s] -- Symlinking: /home/turtlebot/nav2_ws/install/dwb_msgs/lib/python3.8/site-packages/dwb_msgs/srv/_debug_local_plan.py
[116.444s] -- Symlinking: /home/turtlebot/nav2_ws/install/dwb_msgs/lib/python3.8/site-packages/dwb_msgs/srv/_generate_trajectory.py
[116.464s] -- Symlinking: /home/turtlebot/nav2_ws/install/dwb_msgs/lib/python3.8/site-packages/dwb_msgs/srv/_generate_twists.py
[116.486s] -- Symlinking: /home/turtlebot/nav2_ws/install/dwb_msgs/lib/python3.8/site-packages/dwb_msgs/srv/_get_critic_score.py
[116.505s] -- Symlinking: /home/turtlebot/nav2_ws/install/dwb_msgs/lib/python3.8/site-packages/dwb_msgs/srv/_score_trajectory.py
[116.526s] -- Symlinking: /home/turtlebot/nav2_ws/install/dwb_msgs/lib/python3.8/site-packages/dwb_msgs/dwb_msgs_s__rosidl_typesupport_fastrtps_c.cpython-38-x86_64-linux-gnu.so
[116.546s] -- Symlinking: /home/turtlebot/nav2_ws/install/dwb_msgs/lib/python3.8/site-packages/dwb_msgs/dwb_msgs_s__rosidl_typesupport_introspection_c.cpython-38-x86_64-linux-gnu.so
[116.567s] -- Symlinking: /home/turtlebot/nav2_ws/install/dwb_msgs/lib/python3.8/site-packages/dwb_msgs/dwb_msgs_s__rosidl_typesupport_c.cpython-38-x86_64-linux-gnu.so
[116.589s] -- Symlinking: /home/turtlebot/nav2_ws/install/dwb_msgs/lib/libdwb_msgs__python.so
[116.610s] -- Symlinking: /home/turtlebot/nav2_ws/install/dwb_msgs/share/dwb_msgs/msg/CriticScore.idl
[116.630s] -- Symlinking: /home/turtlebot/nav2_ws/install/dwb_msgs/share/dwb_msgs/msg/LocalPlanEvaluation.idl
[116.648s] -- Symlinking: /home/turtlebot/nav2_ws/install/dwb_msgs/share/dwb_msgs/msg/Trajectory2D.idl
[116.668s] -- Symlinking: /home/turtlebot/nav2_ws/install/dwb_msgs/share/dwb_msgs/msg/TrajectoryScore.idl
[116.693s] -- Symlinking: /home/turtlebot/nav2_ws/install/dwb_msgs/share/dwb_msgs/srv/DebugLocalPlan.idl
[116.713s] -- Symlinking: /home/turtlebot/nav2_ws/install/dwb_msgs/share/dwb_msgs/srv/GenerateTrajectory.idl
[116.732s] -- Symlinking: /home/turtlebot/nav2_ws/install/dwb_msgs/share/dwb_msgs/srv/GenerateTwists.idl
[116.753s] -- Symlinking: /home/turtlebot/nav2_ws/install/dwb_msgs/share/dwb_msgs/srv/GetCriticScore.idl
[116.773s] -- Symlinking: /home/turtlebot/nav2_ws/install/dwb_msgs/share/dwb_msgs/srv/ScoreTrajectory.idl
[116.796s] -- Symlinking: /home/turtlebot/nav2_ws/install/dwb_msgs/share/dwb_msgs/msg/CriticScore.msg
[116.817s] -- Symlinking: /home/turtlebot/nav2_ws/install/dwb_msgs/share/dwb_msgs/msg/LocalPlanEvaluation.msg
[116.838s] -- Symlinking: /home/turtlebot/nav2_ws/install/dwb_msgs/share/dwb_msgs/msg/Trajectory2D.msg
[116.859s] -- Symlinking: /home/turtlebot/nav2_ws/install/dwb_msgs/share/dwb_msgs/msg/TrajectoryScore.msg
[116.880s] -- Symlinking: /home/turtlebot/nav2_ws/install/dwb_msgs/share/dwb_msgs/srv/DebugLocalPlan.srv
[116.902s] -- Symlinking: /home/turtlebot/nav2_ws/install/dwb_msgs/share/dwb_msgs/srv/DebugLocalPlan_Request.msg
[116.927s] -- Symlinking: /home/turtlebot/nav2_ws/install/dwb_msgs/share/dwb_msgs/srv/DebugLocalPlan_Response.msg
[116.955s] -- Symlinking: /home/turtlebot/nav2_ws/install/dwb_msgs/share/dwb_msgs/srv/GenerateTrajectory.srv
[116.984s] -- Symlinking: /home/turtlebot/nav2_ws/install/dwb_msgs/share/dwb_msgs/srv/GenerateTrajectory_Request.msg
[117.006s] -- Symlinking: /home/turtlebot/nav2_ws/install/dwb_msgs/share/dwb_msgs/srv/GenerateTrajectory_Response.msg
[117.034s] -- Symlinking: /home/turtlebot/nav2_ws/install/dwb_msgs/share/dwb_msgs/srv/GenerateTwists.srv
[117.069s] -- Symlinking: /home/turtlebot/nav2_ws/install/dwb_msgs/share/dwb_msgs/srv/GenerateTwists_Request.msg
[117.093s] -- Symlinking: /home/turtlebot/nav2_ws/install/dwb_msgs/share/dwb_msgs/srv/GenerateTwists_Response.msg
[117.113s] -- Symlinking: /home/turtlebot/nav2_ws/install/dwb_msgs/share/dwb_msgs/srv/GetCriticScore.srv
[117.133s] -- Symlinking: /home/turtlebot/nav2_ws/install/dwb_msgs/share/dwb_msgs/srv/GetCriticScore_Request.msg
[117.153s] -- Symlinking: /home/turtlebot/nav2_ws/install/dwb_msgs/share/dwb_msgs/srv/GetCriticScore_Response.msg
[117.174s] -- Symlinking: /home/turtlebot/nav2_ws/install/dwb_msgs/share/dwb_msgs/srv/ScoreTrajectory.srv
[117.198s] -- Symlinking: /home/turtlebot/nav2_ws/install/dwb_msgs/share/dwb_msgs/srv/ScoreTrajectory_Request.msg
[117.217s] -- Symlinking: /home/turtlebot/nav2_ws/install/dwb_msgs/share/dwb_msgs/srv/ScoreTrajectory_Response.msg
[117.231s] -- Symlinking: /home/turtlebot/nav2_ws/install/dwb_msgs/share/ament_index/resource_index/package_run_dependencies/dwb_msgs
[117.245s] -- Symlinking: /home/turtlebot/nav2_ws/install/dwb_msgs/share/ament_index/resource_index/parent_prefix_path/dwb_msgs
[117.260s] -- Symlinking: /home/turtlebot/nav2_ws/install/dwb_msgs/share/dwb_msgs/environment/ament_prefix_path.sh
[117.275s] -- Symlinking: /home/turtlebot/nav2_ws/install/dwb_msgs/share/dwb_msgs/environment/ament_prefix_path.dsv
[117.290s] -- Symlinking: /home/turtlebot/nav2_ws/install/dwb_msgs/share/dwb_msgs/environment/path.sh
[117.304s] -- Symlinking: /home/turtlebot/nav2_ws/install/dwb_msgs/share/dwb_msgs/environment/path.dsv
[117.318s] -- Symlinking: /home/turtlebot/nav2_ws/install/dwb_msgs/share/dwb_msgs/local_setup.bash
[117.333s] -- Symlinking: /home/turtlebot/nav2_ws/install/dwb_msgs/share/dwb_msgs/local_setup.sh
[117.357s] -- Symlinking: /home/turtlebot/nav2_ws/install/dwb_msgs/share/dwb_msgs/local_setup.zsh
[117.380s] -- Symlinking: /home/turtlebot/nav2_ws/install/dwb_msgs/share/dwb_msgs/local_setup.dsv
[117.407s] -- Symlinking: /home/turtlebot/nav2_ws/install/dwb_msgs/share/dwb_msgs/package.dsv
[117.431s] -- Symlinking: /home/turtlebot/nav2_ws/install/dwb_msgs/share/ament_index/resource_index/packages/dwb_msgs
[117.460s] -- Symlinking: /home/turtlebot/nav2_ws/install/dwb_msgs/share/dwb_msgs/cmake/rosidl_cmake-extras.cmake
[117.498s] -- Symlinking: /home/turtlebot/nav2_ws/install/dwb_msgs/share/dwb_msgs/cmake/ament_cmake_export_dependencies-extras.cmake
[117.533s] -- Symlinking: /home/turtlebot/nav2_ws/install/dwb_msgs/share/dwb_msgs/cmake/ament_cmake_export_libraries-extras.cmake
[117.569s] -- Symlinking: /home/turtlebot/nav2_ws/install/dwb_msgs/share/dwb_msgs/cmake/ament_cmake_export_targets-extras.cmake
[117.608s] -- Symlinking: /home/turtlebot/nav2_ws/install/dwb_msgs/share/dwb_msgs/cmake/ament_cmake_export_include_directories-extras.cmake
[117.642s] -- Symlinking: /home/turtlebot/nav2_ws/install/dwb_msgs/share/dwb_msgs/cmake/rosidl_cmake_export_typesupport_libraries-extras.cmake
[117.678s] -- Symlinking: /home/turtlebot/nav2_ws/install/dwb_msgs/share/dwb_msgs/cmake/rosidl_cmake_export_typesupport_targets-extras.cmake
[117.716s] -- Symlinking: /home/turtlebot/nav2_ws/install/dwb_msgs/share/dwb_msgs/cmake/dwb_msgsConfig.cmake
[117.748s] -- Symlinking: /home/turtlebot/nav2_ws/install/dwb_msgs/share/dwb_msgs/cmake/dwb_msgsConfig-version.cmake
[117.772s] -- Symlinking: /home/turtlebot/nav2_ws/install/dwb_msgs/share/dwb_msgs/package.xml
[117.797s] -- Installing: /home/turtlebot/nav2_ws/install/dwb_msgs/lib/libdwb_msgs__rosidl_generator_c.so
[117.798s] -- Set runtime path of "/home/turtlebot/nav2_ws/install/dwb_msgs/lib/libdwb_msgs__rosidl_generator_c.so" to ""
[117.798s] -- Installing: /home/turtlebot/nav2_ws/install/dwb_msgs/lib/libdwb_msgs__rosidl_typesupport_introspection_c.so
[117.799s] -- Set runtime path of "/home/turtlebot/nav2_ws/install/dwb_msgs/lib/libdwb_msgs__rosidl_typesupport_introspection_c.so" to ""
[117.800s] -- Installing: /home/turtlebot/nav2_ws/install/dwb_msgs/lib/libdwb_msgs__rosidl_typesupport_c.so
[117.801s] -- Set runtime path of "/home/turtlebot/nav2_ws/install/dwb_msgs/lib/libdwb_msgs__rosidl_typesupport_c.so" to ""
[117.802s] -- Installing: /home/turtlebot/nav2_ws/install/dwb_msgs/lib/libdwb_msgs__rosidl_typesupport_introspection_cpp.so
[117.804s] -- Set runtime path of "/home/turtlebot/nav2_ws/install/dwb_msgs/lib/libdwb_msgs__rosidl_typesupport_introspection_cpp.so" to ""
[117.804s] -- Installing: /home/turtlebot/nav2_ws/install/dwb_msgs/lib/libdwb_msgs__rosidl_typesupport_cpp.so
[117.805s] -- Set runtime path of "/home/turtlebot/nav2_ws/install/dwb_msgs/lib/libdwb_msgs__rosidl_typesupport_cpp.so" to ""
[117.932s] Compiling '/home/turtlebot/nav2_ws/install/dwb_msgs/lib/python3.8/site-packages/dwb_msgs/__init__.py'...
[117.946s] -- Installing: /home/turtlebot/nav2_ws/install/dwb_msgs/share/dwb_msgs/cmake/dwb_msgs__rosidl_generator_cExport.cmake
[117.947s] -- Installing: /home/turtlebot/nav2_ws/install/dwb_msgs/share/dwb_msgs/cmake/dwb_msgs__rosidl_generator_cExport-noconfig.cmake
[117.948s] -- Installing: /home/turtlebot/nav2_ws/install/dwb_msgs/share/dwb_msgs/cmake/dwb_msgs__rosidl_typesupport_introspection_cExport.cmake
[117.949s] -- Installing: /home/turtlebot/nav2_ws/install/dwb_msgs/share/dwb_msgs/cmake/dwb_msgs__rosidl_typesupport_introspection_cExport-noconfig.cmake
[117.951s] -- Installing: /home/turtlebot/nav2_ws/install/dwb_msgs/share/dwb_msgs/cmake/dwb_msgs__rosidl_typesupport_cExport.cmake
[117.952s] -- Installing: /home/turtlebot/nav2_ws/install/dwb_msgs/share/dwb_msgs/cmake/dwb_msgs__rosidl_typesupport_cExport-noconfig.cmake
[117.953s] -- Installing: /home/turtlebot/nav2_ws/install/dwb_msgs/share/dwb_msgs/cmake/dwb_msgs__rosidl_generator_cppExport.cmake
[117.955s] -- Installing: /home/turtlebot/nav2_ws/install/dwb_msgs/share/dwb_msgs/cmake/dwb_msgs__rosidl_typesupport_introspection_cppExport.cmake
[117.956s] -- Installing: /home/turtlebot/nav2_ws/install/dwb_msgs/share/dwb_msgs/cmake/dwb_msgs__rosidl_typesupport_introspection_cppExport-noconfig.cmake
[117.957s] -- Installing: /home/turtlebot/nav2_ws/install/dwb_msgs/share/dwb_msgs/cmake/dwb_msgs__rosidl_typesupport_cppExport.cmake
[117.959s] -- Installing: /home/turtlebot/nav2_ws/install/dwb_msgs/share/dwb_msgs/cmake/dwb_msgs__rosidl_typesupport_cppExport-noconfig.cmake
[117.975s] Invoked command in '/home/turtlebot/nav2_ws/build/dwb_msgs' returned '0': AMENT_PREFIX_PATH=/home/turtlebot/nav2_ws/install/nav_2d_msgs:${AMENT_PREFIX_PATH} CMAKE_PREFIX_PATH=/home/turtlebot/nav2_ws/install/nav_2d_msgs:/home/turtlebot/robot_ws/install/turtlebot3:/home/turtlebot/robot_ws/install/nav2_example:/home/turtlebot/robot_ws/install/my_package:/home/turtlebot/robot_ws/install/my_navigation_pkg:/home/turtlebot/robot_ws/install/forward1:/opt/ros/foxy LD_LIBRARY_PATH=/home/turtlebot/nav2_ws/install/nav_2d_msgs/lib:${LD_LIBRARY_PATH} PYTHONPATH=/home/turtlebot/nav2_ws/install/nav_2d_msgs/lib/python3.8/site-packages:${PYTHONPATH} /usr/bin/cmake --install /home/turtlebot/nav2_ws/build/dwb_msgs
