[0.028s] Invoking command in '/home/turtlebot/robot_ws/build/waypoint_navigation_interfaces': CMAKE_PREFIX_PATH=${CMAKE_PREFIX_PATH}:/home/turtlebot/robot_ws/install/waypoint_navigation:/home/turtlebot/robot_ws/install/my_package:/home/turtlebot/robot_ws/install/my_navigation_pkg:/home/turtlebot/robot_ws/install/forward1:/opt/ros/foxy /usr/bin/cmake /home/turtlebot/robot_ws/src/waypoint_navigation/waypoint_navigation_interfaces -DCMAKE_INSTALL_PREFIX=/home/turtlebot/robot_ws/install/waypoint_navigation_interfaces
[0.077s] -- Found ament_cmake: 0.9.11 (/opt/ros/foxy/share/ament_cmake/cmake)
[0.118s] -- Found PythonInterp: /usr/bin/python3 (found suitable version "3.8.10", minimum required is "3") 
[0.118s] -- Using PYTHON_EXECUTABLE: /usr/bin/python3
[0.293s] -- Override CMake install command with custom implementation using symlinks instead of copying resources
[0.313s] -- Found geometry_msgs: 2.0.5 (/opt/ros/foxy/share/geometry_msgs/cmake)
[0.344s] -- Using all available rosidl_typesupport_c: rosidl_typesupport_fastrtps_c;rosidl_typesupport_introspection_c
[0.349s] -- Found rosidl_adapter: 1.3.0 (/opt/ros/foxy/share/rosidl_adapter/cmake)
[0.500s] -- Using all available rosidl_typesupport_cpp: rosidl_typesupport_fastrtps_cpp;rosidl_typesupport_introspection_cpp
[0.602s] -- Found ament_lint_auto: 0.9.8 (/opt/ros/foxy/share/ament_lint_auto/cmake)
[0.677s] -- Found rosidl_default_generators: 1.0.1 (/opt/ros/foxy/share/rosidl_default_generators/cmake)
[0.721s] -- Found PythonInterp: /usr/bin/python3 (found version "3.8.10") 
[0.947s] -- Found ament_cmake_ros: 0.9.2 (/opt/ros/foxy/share/ament_cmake_ros/cmake)
[1.219s] -- Using all available rosidl_typesupport_c: rosidl_typesupport_fastrtps_c;rosidl_typesupport_introspection_c
[1.331s] -- Using all available rosidl_typesupport_cpp: rosidl_typesupport_fastrtps_cpp;rosidl_typesupport_introspection_cpp
[1.362s] -- Found PythonInterp: /usr/bin/python3 (found suitable version "3.8.10", minimum required is "3.5") 
[1.364s] -- Found python_cmake_module: 0.8.1 (/opt/ros/foxy/share/python_cmake_module/cmake)
[1.395s] -- Using PYTHON_EXECUTABLE: /usr/bin/python3
[1.395s] -- Using PYTHON_INCLUDE_DIRS: /usr/include/python3.8
[1.395s] -- Using PYTHON_LIBRARIES: /usr/lib/x86_64-linux-gnu/libpython3.8.so
[1.465s] -- Added test 'copyright' to check source files copyright and LICENSE
[1.467s] -- Added test 'lint_cmake' to check CMake code style
[1.468s] -- Added test 'xmllint' to check XML markup files
[1.483s] -- Configuring done
[1.593s] -- Generating done
[1.598s] -- Build files have been written to: /home/turtlebot/robot_ws/build/waypoint_navigation_interfaces
[1.605s] Invoked command in '/home/turtlebot/robot_ws/build/waypoint_navigation_interfaces' returned '0': CMAKE_PREFIX_PATH=${CMAKE_PREFIX_PATH}:/home/turtlebot/robot_ws/install/waypoint_navigation:/home/turtlebot/robot_ws/install/my_package:/home/turtlebot/robot_ws/install/my_navigation_pkg:/home/turtlebot/robot_ws/install/forward1:/opt/ros/foxy /usr/bin/cmake /home/turtlebot/robot_ws/src/waypoint_navigation/waypoint_navigation_interfaces -DCMAKE_INSTALL_PREFIX=/home/turtlebot/robot_ws/install/waypoint_navigation_interfaces
[1.609s] Invoking command in '/home/turtlebot/robot_ws/build/waypoint_navigation_interfaces': CMAKE_PREFIX_PATH=${CMAKE_PREFIX_PATH}:/home/turtlebot/robot_ws/install/waypoint_navigation:/home/turtlebot/robot_ws/install/my_package:/home/turtlebot/robot_ws/install/my_navigation_pkg:/home/turtlebot/robot_ws/install/forward1:/opt/ros/foxy /usr/bin/cmake --build /home/turtlebot/robot_ws/build/waypoint_navigation_interfaces -- -j2 -l2
[1.669s] [  1%] Built target waypoint_navigation_interfaces__cpp
[1.678s] [ 12%] Built target waypoint_navigation_interfaces__rosidl_generator_c
[1.709s] [ 23%] Built target waypoint_navigation_interfaces__rosidl_typesupport_introspection_cpp
[1.720s] [ 34%] Built target waypoint_navigation_interfaces__rosidl_typesupport_fastrtps_cpp
[1.737s] [ 46%] Built target waypoint_navigation_interfaces__rosidl_typesupport_introspection_c
[1.749s] [ 57%] Built target waypoint_navigation_interfaces__rosidl_typesupport_c
[1.764s] [ 68%] Built target waypoint_navigation_interfaces__rosidl_typesupport_cpp
[1.786s] [ 79%] Built target waypoint_navigation_interfaces__rosidl_typesupport_fastrtps_c
[1.805s] [ 79%] Built target waypoint_navigation_interfaces
[1.825s] [ 80%] Built target waypoint_navigation_interfaces__py
[1.854s] [ 90%] Built target waypoint_navigation_interfaces__python
[1.880s] [ 93%] Built target waypoint_navigation_interfaces__rosidl_typesupport_introspection_c__pyext
[1.886s] [ 96%] Built target waypoint_navigation_interfaces__rosidl_typesupport_fastrtps_c__pyext
[1.907s] [100%] Built target waypoint_navigation_interfaces__rosidl_typesupport_c__pyext
[1.918s] Invoked command in '/home/turtlebot/robot_ws/build/waypoint_navigation_interfaces' returned '0': CMAKE_PREFIX_PATH=${CMAKE_PREFIX_PATH}:/home/turtlebot/robot_ws/install/waypoint_navigation:/home/turtlebot/robot_ws/install/my_package:/home/turtlebot/robot_ws/install/my_navigation_pkg:/home/turtlebot/robot_ws/install/forward1:/opt/ros/foxy /usr/bin/cmake --build /home/turtlebot/robot_ws/build/waypoint_navigation_interfaces -- -j2 -l2
[2.034s] Invoking command in '/home/turtlebot/robot_ws/build/waypoint_navigation_interfaces': CMAKE_PREFIX_PATH=${CMAKE_PREFIX_PATH}:/home/turtlebot/robot_ws/install/waypoint_navigation:/home/turtlebot/robot_ws/install/my_package:/home/turtlebot/robot_ws/install/my_navigation_pkg:/home/turtlebot/robot_ws/install/forward1:/opt/ros/foxy /usr/bin/cmake --install /home/turtlebot/robot_ws/build/waypoint_navigation_interfaces
[2.044s] -- Install configuration: ""
[2.045s] -- Execute custom install script
[2.047s] -- Up-to-date symlink: /home/turtlebot/robot_ws/install/waypoint_navigation_interfaces/share/ament_index/resource_index/rosidl_interfaces/waypoint_navigation_interfaces
[2.049s] -- Up-to-date symlink: /home/turtlebot/robot_ws/install/waypoint_navigation_interfaces/include/waypoint_navigation_interfaces/action/detail/navigate_to_wp__functions.h
[2.049s] -- Up-to-date symlink: /home/turtlebot/robot_ws/install/waypoint_navigation_interfaces/include/waypoint_navigation_interfaces/action/detail/navigate_to_wp__struct.h
[2.050s] -- Up-to-date symlink: /home/turtlebot/robot_ws/install/waypoint_navigation_interfaces/include/waypoint_navigation_interfaces/action/detail/navigate_to_wp__type_support.h
[2.050s] -- Up-to-date symlink: /home/turtlebot/robot_ws/install/waypoint_navigation_interfaces/include/waypoint_navigation_interfaces/action/navigate_to_wp.h
[2.051s] -- Up-to-date symlink: /home/turtlebot/robot_ws/install/waypoint_navigation_interfaces/include/waypoint_navigation_interfaces/msg/detail/wp__functions.h
[2.051s] -- Up-to-date symlink: /home/turtlebot/robot_ws/install/waypoint_navigation_interfaces/include/waypoint_navigation_interfaces/msg/detail/wp__struct.h
[2.052s] -- Up-to-date symlink: /home/turtlebot/robot_ws/install/waypoint_navigation_interfaces/include/waypoint_navigation_interfaces/msg/detail/wp__type_support.h
[2.052s] -- Up-to-date symlink: /home/turtlebot/robot_ws/install/waypoint_navigation_interfaces/include/waypoint_navigation_interfaces/msg/rosidl_generator_c__visibility_control.h
[2.053s] -- Up-to-date symlink: /home/turtlebot/robot_ws/install/waypoint_navigation_interfaces/include/waypoint_navigation_interfaces/msg/wp.h
[2.054s] -- Up-to-date symlink: /home/turtlebot/robot_ws/install/waypoint_navigation_interfaces/include/waypoint_navigation_interfaces/srv/add_wp.h
[2.054s] -- Up-to-date symlink: /home/turtlebot/robot_ws/install/waypoint_navigation_interfaces/include/waypoint_navigation_interfaces/srv/detail/add_wp__functions.h
[2.055s] -- Up-to-date symlink: /home/turtlebot/robot_ws/install/waypoint_navigation_interfaces/include/waypoint_navigation_interfaces/srv/detail/add_wp__struct.h
[2.055s] -- Up-to-date symlink: /home/turtlebot/robot_ws/install/waypoint_navigation_interfaces/include/waypoint_navigation_interfaces/srv/detail/add_wp__type_support.h
[2.056s] -- Up-to-date symlink: /home/turtlebot/robot_ws/install/waypoint_navigation_interfaces/include/waypoint_navigation_interfaces/srv/detail/get_wp__functions.h
[2.056s] -- Up-to-date symlink: /home/turtlebot/robot_ws/install/waypoint_navigation_interfaces/include/waypoint_navigation_interfaces/srv/detail/get_wp__struct.h
[2.057s] -- Up-to-date symlink: /home/turtlebot/robot_ws/install/waypoint_navigation_interfaces/include/waypoint_navigation_interfaces/srv/detail/get_wp__type_support.h
[2.057s] -- Up-to-date symlink: /home/turtlebot/robot_ws/install/waypoint_navigation_interfaces/include/waypoint_navigation_interfaces/srv/detail/get_wps__functions.h
[2.057s] -- Up-to-date symlink: /home/turtlebot/robot_ws/install/waypoint_navigation_interfaces/include/waypoint_navigation_interfaces/srv/detail/get_wps__struct.h
[2.058s] -- Up-to-date symlink: /home/turtlebot/robot_ws/install/waypoint_navigation_interfaces/include/waypoint_navigation_interfaces/srv/detail/get_wps__type_support.h
[2.058s] -- Up-to-date symlink: /home/turtlebot/robot_ws/install/waypoint_navigation_interfaces/include/waypoint_navigation_interfaces/srv/get_wp.h
[2.059s] -- Up-to-date symlink: /home/turtlebot/robot_ws/install/waypoint_navigation_interfaces/include/waypoint_navigation_interfaces/srv/get_wps.h
[2.060s] -- Up-to-date symlink: /home/turtlebot/robot_ws/install/waypoint_navigation_interfaces/share/waypoint_navigation_interfaces/environment/library_path.sh
[2.060s] -- Up-to-date symlink: /home/turtlebot/robot_ws/install/waypoint_navigation_interfaces/share/waypoint_navigation_interfaces/environment/library_path.dsv
[2.061s] -- Up-to-date symlink: /home/turtlebot/robot_ws/install/waypoint_navigation_interfaces/include/waypoint_navigation_interfaces/action/detail/navigate_to_wp__rosidl_typesupport_fastrtps_c.h
[2.061s] -- Up-to-date symlink: /home/turtlebot/robot_ws/install/waypoint_navigation_interfaces/include/waypoint_navigation_interfaces/msg/detail/wp__rosidl_typesupport_fastrtps_c.h
[2.062s] -- Up-to-date symlink: /home/turtlebot/robot_ws/install/waypoint_navigation_interfaces/include/waypoint_navigation_interfaces/msg/rosidl_typesupport_fastrtps_c__visibility_control.h
[2.063s] -- Up-to-date symlink: /home/turtlebot/robot_ws/install/waypoint_navigation_interfaces/include/waypoint_navigation_interfaces/srv/detail/add_wp__rosidl_typesupport_fastrtps_c.h
[2.063s] -- Up-to-date symlink: /home/turtlebot/robot_ws/install/waypoint_navigation_interfaces/include/waypoint_navigation_interfaces/srv/detail/get_wp__rosidl_typesupport_fastrtps_c.h
[2.064s] -- Up-to-date symlink: /home/turtlebot/robot_ws/install/waypoint_navigation_interfaces/include/waypoint_navigation_interfaces/srv/detail/get_wps__rosidl_typesupport_fastrtps_c.h
[2.064s] -- Up-to-date symlink: /home/turtlebot/robot_ws/install/waypoint_navigation_interfaces/lib/libwaypoint_navigation_interfaces__rosidl_typesupport_fastrtps_c.so
[2.066s] -- Up-to-date symlink: /home/turtlebot/robot_ws/install/waypoint_navigation_interfaces/include/waypoint_navigation_interfaces/action/detail/navigate_to_wp__rosidl_typesupport_fastrtps_cpp.hpp
[2.066s] -- Up-to-date symlink: /home/turtlebot/robot_ws/install/waypoint_navigation_interfaces/include/waypoint_navigation_interfaces/msg/detail/wp__rosidl_typesupport_fastrtps_cpp.hpp
[2.066s] -- Up-to-date symlink: /home/turtlebot/robot_ws/install/waypoint_navigation_interfaces/include/waypoint_navigation_interfaces/msg/rosidl_typesupport_fastrtps_cpp__visibility_control.h
[2.067s] -- Up-to-date symlink: /home/turtlebot/robot_ws/install/waypoint_navigation_interfaces/include/waypoint_navigation_interfaces/srv/detail/add_wp__rosidl_typesupport_fastrtps_cpp.hpp
[2.067s] -- Up-to-date symlink: /home/turtlebot/robot_ws/install/waypoint_navigation_interfaces/include/waypoint_navigation_interfaces/srv/detail/get_wp__rosidl_typesupport_fastrtps_cpp.hpp
[2.068s] -- Up-to-date symlink: /home/turtlebot/robot_ws/install/waypoint_navigation_interfaces/include/waypoint_navigation_interfaces/srv/detail/get_wps__rosidl_typesupport_fastrtps_cpp.hpp
[2.068s] -- Up-to-date symlink: /home/turtlebot/robot_ws/install/waypoint_navigation_interfaces/lib/libwaypoint_navigation_interfaces__rosidl_typesupport_fastrtps_cpp.so
[2.069s] -- Up-to-date symlink: /home/turtlebot/robot_ws/install/waypoint_navigation_interfaces/include/waypoint_navigation_interfaces/action/detail/navigate_to_wp__rosidl_typesupport_introspection_c.h
[2.069s] -- Up-to-date symlink: /home/turtlebot/robot_ws/install/waypoint_navigation_interfaces/include/waypoint_navigation_interfaces/msg/detail/wp__rosidl_typesupport_introspection_c.h
[2.069s] -- Up-to-date symlink: /home/turtlebot/robot_ws/install/waypoint_navigation_interfaces/include/waypoint_navigation_interfaces/msg/rosidl_typesupport_introspection_c__visibility_control.h
[2.070s] -- Up-to-date symlink: /home/turtlebot/robot_ws/install/waypoint_navigation_interfaces/include/waypoint_navigation_interfaces/srv/detail/add_wp__rosidl_typesupport_introspection_c.h
[2.071s] -- Up-to-date symlink: /home/turtlebot/robot_ws/install/waypoint_navigation_interfaces/include/waypoint_navigation_interfaces/srv/detail/get_wp__rosidl_typesupport_introspection_c.h
[2.071s] -- Up-to-date symlink: /home/turtlebot/robot_ws/install/waypoint_navigation_interfaces/include/waypoint_navigation_interfaces/srv/detail/get_wps__rosidl_typesupport_introspection_c.h
[2.072s] -- Up-to-date symlink: /home/turtlebot/robot_ws/install/waypoint_navigation_interfaces/include/waypoint_navigation_interfaces/action/detail/navigate_to_wp__builder.hpp
[2.073s] -- Up-to-date symlink: /home/turtlebot/robot_ws/install/waypoint_navigation_interfaces/include/waypoint_navigation_interfaces/action/detail/navigate_to_wp__struct.hpp
[2.073s] -- Up-to-date symlink: /home/turtlebot/robot_ws/install/waypoint_navigation_interfaces/include/waypoint_navigation_interfaces/action/detail/navigate_to_wp__traits.hpp
[2.074s] -- Up-to-date symlink: /home/turtlebot/robot_ws/install/waypoint_navigation_interfaces/include/waypoint_navigation_interfaces/action/navigate_to_wp.hpp
[2.074s] -- Up-to-date symlink: /home/turtlebot/robot_ws/install/waypoint_navigation_interfaces/include/waypoint_navigation_interfaces/msg/detail/wp__builder.hpp
[2.075s] -- Up-to-date symlink: /home/turtlebot/robot_ws/install/waypoint_navigation_interfaces/include/waypoint_navigation_interfaces/msg/detail/wp__struct.hpp
[2.075s] -- Up-to-date symlink: /home/turtlebot/robot_ws/install/waypoint_navigation_interfaces/include/waypoint_navigation_interfaces/msg/detail/wp__traits.hpp
[2.077s] -- Up-to-date symlink: /home/turtlebot/robot_ws/install/waypoint_navigation_interfaces/include/waypoint_navigation_interfaces/msg/wp.hpp
[2.077s] -- Up-to-date symlink: /home/turtlebot/robot_ws/install/waypoint_navigation_interfaces/include/waypoint_navigation_interfaces/srv/add_wp.hpp
[2.077s] -- Up-to-date symlink: /home/turtlebot/robot_ws/install/waypoint_navigation_interfaces/include/waypoint_navigation_interfaces/srv/detail/add_wp__builder.hpp
[2.077s] -- Up-to-date symlink: /home/turtlebot/robot_ws/install/waypoint_navigation_interfaces/include/waypoint_navigation_interfaces/srv/detail/add_wp__struct.hpp
[2.077s] -- Up-to-date symlink: /home/turtlebot/robot_ws/install/waypoint_navigation_interfaces/include/waypoint_navigation_interfaces/srv/detail/add_wp__traits.hpp
[2.078s] -- Up-to-date symlink: /home/turtlebot/robot_ws/install/waypoint_navigation_interfaces/include/waypoint_navigation_interfaces/srv/detail/get_wp__builder.hpp
[2.078s] -- Up-to-date symlink: /home/turtlebot/robot_ws/install/waypoint_navigation_interfaces/include/waypoint_navigation_interfaces/srv/detail/get_wp__struct.hpp
[2.078s] -- Up-to-date symlink: /home/turtlebot/robot_ws/install/waypoint_navigation_interfaces/include/waypoint_navigation_interfaces/srv/detail/get_wp__traits.hpp
[2.079s] -- Up-to-date symlink: /home/turtlebot/robot_ws/install/waypoint_navigation_interfaces/include/waypoint_navigation_interfaces/srv/detail/get_wps__builder.hpp
[2.079s] -- Up-to-date symlink: /home/turtlebot/robot_ws/install/waypoint_navigation_interfaces/include/waypoint_navigation_interfaces/srv/detail/get_wps__struct.hpp
[2.080s] -- Up-to-date symlink: /home/turtlebot/robot_ws/install/waypoint_navigation_interfaces/include/waypoint_navigation_interfaces/srv/detail/get_wps__traits.hpp
[2.081s] -- Up-to-date symlink: /home/turtlebot/robot_ws/install/waypoint_navigation_interfaces/include/waypoint_navigation_interfaces/srv/get_wp.hpp
[2.081s] -- Up-to-date symlink: /home/turtlebot/robot_ws/install/waypoint_navigation_interfaces/include/waypoint_navigation_interfaces/srv/get_wps.hpp
[2.082s] -- Up-to-date symlink: /home/turtlebot/robot_ws/install/waypoint_navigation_interfaces/include/waypoint_navigation_interfaces/action/detail/navigate_to_wp__rosidl_typesupport_introspection_cpp.hpp
[2.082s] -- Up-to-date symlink: /home/turtlebot/robot_ws/install/waypoint_navigation_interfaces/include/waypoint_navigation_interfaces/msg/detail/wp__rosidl_typesupport_introspection_cpp.hpp
[2.083s] -- Up-to-date symlink: /home/turtlebot/robot_ws/install/waypoint_navigation_interfaces/include/waypoint_navigation_interfaces/srv/detail/add_wp__rosidl_typesupport_introspection_cpp.hpp
[2.084s] -- Up-to-date symlink: /home/turtlebot/robot_ws/install/waypoint_navigation_interfaces/include/waypoint_navigation_interfaces/srv/detail/get_wp__rosidl_typesupport_introspection_cpp.hpp
[2.084s] -- Up-to-date symlink: /home/turtlebot/robot_ws/install/waypoint_navigation_interfaces/include/waypoint_navigation_interfaces/srv/detail/get_wps__rosidl_typesupport_introspection_cpp.hpp
[2.085s] -- Up-to-date symlink: /home/turtlebot/robot_ws/install/waypoint_navigation_interfaces/share/waypoint_navigation_interfaces/environment/pythonpath.sh
[2.085s] -- Up-to-date symlink: /home/turtlebot/robot_ws/install/waypoint_navigation_interfaces/share/waypoint_navigation_interfaces/environment/pythonpath.dsv
[2.086s] -- Up-to-date symlink: /home/turtlebot/robot_ws/install/waypoint_navigation_interfaces/lib/python3.8/site-packages/waypoint_navigation_interfaces/__init__.py
[2.087s] -- Up-to-date symlink: /home/turtlebot/robot_ws/install/waypoint_navigation_interfaces/lib/python3.8/site-packages/waypoint_navigation_interfaces/action/__init__.py
[2.087s] -- Up-to-date symlink: /home/turtlebot/robot_ws/install/waypoint_navigation_interfaces/lib/python3.8/site-packages/waypoint_navigation_interfaces/action/_navigate_to_wp.py
[2.088s] -- Up-to-date symlink: /home/turtlebot/robot_ws/install/waypoint_navigation_interfaces/lib/python3.8/site-packages/waypoint_navigation_interfaces/srv/__init__.py
[2.088s] -- Up-to-date symlink: /home/turtlebot/robot_ws/install/waypoint_navigation_interfaces/lib/python3.8/site-packages/waypoint_navigation_interfaces/srv/_add_wp.py
[2.089s] -- Up-to-date symlink: /home/turtlebot/robot_ws/install/waypoint_navigation_interfaces/lib/python3.8/site-packages/waypoint_navigation_interfaces/srv/_get_wp.py
[2.089s] -- Up-to-date symlink: /home/turtlebot/robot_ws/install/waypoint_navigation_interfaces/lib/python3.8/site-packages/waypoint_navigation_interfaces/srv/_get_wps.py
[2.090s] -- Up-to-date symlink: /home/turtlebot/robot_ws/install/waypoint_navigation_interfaces/lib/python3.8/site-packages/waypoint_navigation_interfaces/msg/__init__.py
[2.090s] -- Up-to-date symlink: /home/turtlebot/robot_ws/install/waypoint_navigation_interfaces/lib/python3.8/site-packages/waypoint_navigation_interfaces/msg/_wp.py
[2.091s] -- Up-to-date symlink: /home/turtlebot/robot_ws/install/waypoint_navigation_interfaces/lib/python3.8/site-packages/waypoint_navigation_interfaces/waypoint_navigation_interfaces_s__rosidl_typesupport_fastrtps_c.cpython-38-x86_64-linux-gnu.so
[2.092s] -- Up-to-date symlink: /home/turtlebot/robot_ws/install/waypoint_navigation_interfaces/lib/python3.8/site-packages/waypoint_navigation_interfaces/waypoint_navigation_interfaces_s__rosidl_typesupport_introspection_c.cpython-38-x86_64-linux-gnu.so
[2.092s] -- Up-to-date symlink: /home/turtlebot/robot_ws/install/waypoint_navigation_interfaces/lib/python3.8/site-packages/waypoint_navigation_interfaces/waypoint_navigation_interfaces_s__rosidl_typesupport_c.cpython-38-x86_64-linux-gnu.so
[2.093s] -- Up-to-date symlink: /home/turtlebot/robot_ws/install/waypoint_navigation_interfaces/lib/libwaypoint_navigation_interfaces__python.so
[2.094s] -- Up-to-date symlink: /home/turtlebot/robot_ws/install/waypoint_navigation_interfaces/share/waypoint_navigation_interfaces/action/NavigateToWp.idl
[2.094s] -- Up-to-date symlink: /home/turtlebot/robot_ws/install/waypoint_navigation_interfaces/share/waypoint_navigation_interfaces/srv/AddWp.idl
[2.095s] -- Up-to-date symlink: /home/turtlebot/robot_ws/install/waypoint_navigation_interfaces/share/waypoint_navigation_interfaces/srv/GetWp.idl
[2.095s] -- Up-to-date symlink: /home/turtlebot/robot_ws/install/waypoint_navigation_interfaces/share/waypoint_navigation_interfaces/srv/GetWps.idl
[2.096s] -- Up-to-date symlink: /home/turtlebot/robot_ws/install/waypoint_navigation_interfaces/share/waypoint_navigation_interfaces/msg/Wp.idl
[2.097s] -- Up-to-date symlink: /home/turtlebot/robot_ws/install/waypoint_navigation_interfaces/share/waypoint_navigation_interfaces/action/NavigateToWp.action
[2.097s] -- Up-to-date symlink: /home/turtlebot/robot_ws/install/waypoint_navigation_interfaces/share/waypoint_navigation_interfaces/srv/AddWp.srv
[2.098s] -- Up-to-date symlink: /home/turtlebot/robot_ws/install/waypoint_navigation_interfaces/share/waypoint_navigation_interfaces/srv/AddWp_Request.msg
[2.098s] -- Up-to-date symlink: /home/turtlebot/robot_ws/install/waypoint_navigation_interfaces/share/waypoint_navigation_interfaces/srv/AddWp_Response.msg
[2.099s] -- Up-to-date symlink: /home/turtlebot/robot_ws/install/waypoint_navigation_interfaces/share/waypoint_navigation_interfaces/srv/GetWp.srv
[2.099s] -- Up-to-date symlink: /home/turtlebot/robot_ws/install/waypoint_navigation_interfaces/share/waypoint_navigation_interfaces/srv/GetWp_Request.msg
[2.100s] -- Up-to-date symlink: /home/turtlebot/robot_ws/install/waypoint_navigation_interfaces/share/waypoint_navigation_interfaces/srv/GetWp_Response.msg
[2.100s] -- Up-to-date symlink: /home/turtlebot/robot_ws/install/waypoint_navigation_interfaces/share/waypoint_navigation_interfaces/srv/GetWps.srv
[2.101s] -- Up-to-date symlink: /home/turtlebot/robot_ws/install/waypoint_navigation_interfaces/share/waypoint_navigation_interfaces/srv/GetWps_Request.msg
[2.102s] -- Up-to-date symlink: /home/turtlebot/robot_ws/install/waypoint_navigation_interfaces/share/waypoint_navigation_interfaces/srv/GetWps_Response.msg
[2.102s] -- Up-to-date symlink: /home/turtlebot/robot_ws/install/waypoint_navigation_interfaces/share/waypoint_navigation_interfaces/msg/Wp.msg
[2.103s] -- Up-to-date symlink: /home/turtlebot/robot_ws/install/waypoint_navigation_interfaces/share/ament_index/resource_index/package_run_dependencies/waypoint_navigation_interfaces
[2.103s] -- Up-to-date symlink: /home/turtlebot/robot_ws/install/waypoint_navigation_interfaces/share/ament_index/resource_index/parent_prefix_path/waypoint_navigation_interfaces
[2.104s] -- Up-to-date symlink: /home/turtlebot/robot_ws/install/waypoint_navigation_interfaces/share/waypoint_navigation_interfaces/environment/ament_prefix_path.sh
[2.104s] -- Up-to-date symlink: /home/turtlebot/robot_ws/install/waypoint_navigation_interfaces/share/waypoint_navigation_interfaces/environment/ament_prefix_path.dsv
[2.105s] -- Up-to-date symlink: /home/turtlebot/robot_ws/install/waypoint_navigation_interfaces/share/waypoint_navigation_interfaces/environment/path.sh
[2.105s] -- Up-to-date symlink: /home/turtlebot/robot_ws/install/waypoint_navigation_interfaces/share/waypoint_navigation_interfaces/environment/path.dsv
[2.105s] -- Up-to-date symlink: /home/turtlebot/robot_ws/install/waypoint_navigation_interfaces/share/waypoint_navigation_interfaces/local_setup.bash
[2.106s] -- Up-to-date symlink: /home/turtlebot/robot_ws/install/waypoint_navigation_interfaces/share/waypoint_navigation_interfaces/local_setup.sh
[2.106s] -- Up-to-date symlink: /home/turtlebot/robot_ws/install/waypoint_navigation_interfaces/share/waypoint_navigation_interfaces/local_setup.zsh
[2.108s] -- Up-to-date symlink: /home/turtlebot/robot_ws/install/waypoint_navigation_interfaces/share/waypoint_navigation_interfaces/local_setup.dsv
[2.108s] -- Symlinking: /home/turtlebot/robot_ws/install/waypoint_navigation_interfaces/share/waypoint_navigation_interfaces/package.dsv
[2.117s] -- Up-to-date symlink: /home/turtlebot/robot_ws/install/waypoint_navigation_interfaces/share/ament_index/resource_index/packages/waypoint_navigation_interfaces
[2.118s] -- Up-to-date symlink: /home/turtlebot/robot_ws/install/waypoint_navigation_interfaces/share/waypoint_navigation_interfaces/cmake/rosidl_cmake-extras.cmake
[2.119s] -- Up-to-date symlink: /home/turtlebot/robot_ws/install/waypoint_navigation_interfaces/share/waypoint_navigation_interfaces/cmake/ament_cmake_export_dependencies-extras.cmake
[2.119s] -- Up-to-date symlink: /home/turtlebot/robot_ws/install/waypoint_navigation_interfaces/share/waypoint_navigation_interfaces/cmake/ament_cmake_export_libraries-extras.cmake
[2.120s] -- Up-to-date symlink: /home/turtlebot/robot_ws/install/waypoint_navigation_interfaces/share/waypoint_navigation_interfaces/cmake/ament_cmake_export_targets-extras.cmake
[2.121s] -- Up-to-date symlink: /home/turtlebot/robot_ws/install/waypoint_navigation_interfaces/share/waypoint_navigation_interfaces/cmake/ament_cmake_export_include_directories-extras.cmake
[2.121s] -- Up-to-date symlink: /home/turtlebot/robot_ws/install/waypoint_navigation_interfaces/share/waypoint_navigation_interfaces/cmake/rosidl_cmake_export_typesupport_libraries-extras.cmake
[2.122s] -- Up-to-date symlink: /home/turtlebot/robot_ws/install/waypoint_navigation_interfaces/share/waypoint_navigation_interfaces/cmake/rosidl_cmake_export_typesupport_targets-extras.cmake
[2.122s] -- Up-to-date symlink: /home/turtlebot/robot_ws/install/waypoint_navigation_interfaces/share/waypoint_navigation_interfaces/cmake/waypoint_navigation_interfacesConfig.cmake
[2.122s] -- Up-to-date symlink: /home/turtlebot/robot_ws/install/waypoint_navigation_interfaces/share/waypoint_navigation_interfaces/cmake/waypoint_navigation_interfacesConfig-version.cmake
[2.123s] -- Up-to-date symlink: /home/turtlebot/robot_ws/install/waypoint_navigation_interfaces/share/waypoint_navigation_interfaces/package.xml
[2.124s] -- Up-to-date: /home/turtlebot/robot_ws/install/waypoint_navigation_interfaces/lib/libwaypoint_navigation_interfaces__rosidl_generator_c.so
[2.125s] -- Up-to-date: /home/turtlebot/robot_ws/install/waypoint_navigation_interfaces/lib/libwaypoint_navigation_interfaces__rosidl_typesupport_introspection_c.so
[2.126s] -- Up-to-date: /home/turtlebot/robot_ws/install/waypoint_navigation_interfaces/lib/libwaypoint_navigation_interfaces__rosidl_typesupport_c.so
[2.127s] -- Up-to-date: /home/turtlebot/robot_ws/install/waypoint_navigation_interfaces/lib/libwaypoint_navigation_interfaces__rosidl_typesupport_introspection_cpp.so
[2.128s] -- Up-to-date: /home/turtlebot/robot_ws/install/waypoint_navigation_interfaces/lib/libwaypoint_navigation_interfaces__rosidl_typesupport_cpp.so
[2.161s] Compiling '/home/turtlebot/robot_ws/install/waypoint_navigation_interfaces/lib/python3.8/site-packages/waypoint_navigation_interfaces/__init__.py'...
[2.166s] -- Up-to-date: /home/turtlebot/robot_ws/install/waypoint_navigation_interfaces/share/waypoint_navigation_interfaces/cmake/waypoint_navigation_interfaces__rosidl_generator_cExport.cmake
[2.166s] -- Installing: /home/turtlebot/robot_ws/install/waypoint_navigation_interfaces/share/waypoint_navigation_interfaces/cmake/waypoint_navigation_interfaces__rosidl_generator_cExport-noconfig.cmake
[2.166s] -- Up-to-date: /home/turtlebot/robot_ws/install/waypoint_navigation_interfaces/share/waypoint_navigation_interfaces/cmake/waypoint_navigation_interfaces__rosidl_typesupport_introspection_cExport.cmake
[2.167s] -- Installing: /home/turtlebot/robot_ws/install/waypoint_navigation_interfaces/share/waypoint_navigation_interfaces/cmake/waypoint_navigation_interfaces__rosidl_typesupport_introspection_cExport-noconfig.cmake
[2.167s] -- Up-to-date: /home/turtlebot/robot_ws/install/waypoint_navigation_interfaces/share/waypoint_navigation_interfaces/cmake/waypoint_navigation_interfaces__rosidl_typesupport_cExport.cmake
[2.167s] -- Installing: /home/turtlebot/robot_ws/install/waypoint_navigation_interfaces/share/waypoint_navigation_interfaces/cmake/waypoint_navigation_interfaces__rosidl_typesupport_cExport-noconfig.cmake
[2.168s] -- Up-to-date: /home/turtlebot/robot_ws/install/waypoint_navigation_interfaces/share/waypoint_navigation_interfaces/cmake/waypoint_navigation_interfaces__rosidl_generator_cppExport.cmake
[2.169s] -- Up-to-date: /home/turtlebot/robot_ws/install/waypoint_navigation_interfaces/share/waypoint_navigation_interfaces/cmake/waypoint_navigation_interfaces__rosidl_typesupport_introspection_cppExport.cmake
[2.169s] -- Installing: /home/turtlebot/robot_ws/install/waypoint_navigation_interfaces/share/waypoint_navigation_interfaces/cmake/waypoint_navigation_interfaces__rosidl_typesupport_introspection_cppExport-noconfig.cmake
[2.169s] -- Up-to-date: /home/turtlebot/robot_ws/install/waypoint_navigation_interfaces/share/waypoint_navigation_interfaces/cmake/waypoint_navigation_interfaces__rosidl_typesupport_cppExport.cmake
[2.169s] -- Installing: /home/turtlebot/robot_ws/install/waypoint_navigation_interfaces/share/waypoint_navigation_interfaces/cmake/waypoint_navigation_interfaces__rosidl_typesupport_cppExport-noconfig.cmake
[2.176s] Invoked command in '/home/turtlebot/robot_ws/build/waypoint_navigation_interfaces' returned '0': CMAKE_PREFIX_PATH=${CMAKE_PREFIX_PATH}:/home/turtlebot/robot_ws/install/waypoint_navigation:/home/turtlebot/robot_ws/install/my_package:/home/turtlebot/robot_ws/install/my_navigation_pkg:/home/turtlebot/robot_ws/install/forward1:/opt/ros/foxy /usr/bin/cmake --install /home/turtlebot/robot_ws/build/waypoint_navigation_interfaces
