[0.044s] Invoking command in '/home/turtlebot/nav2_ws/build/nav2_behavior_tree': AMENT_PREFIX_PATH=/home/turtlebot/nav2_ws/install/nav2_util:/home/turtlebot/nav2_ws/install/nav2_msgs:/home/turtlebot/nav2_ws/install/nav2_common:${AMENT_PREFIX_PATH} CMAKE_PREFIX_PATH=/home/turtlebot/nav2_ws/install/nav2_util:/home/turtlebot/nav2_ws/install/nav2_msgs:/home/turtlebot/nav2_ws/install/nav2_common:/home/turtlebot/robot_ws/install/turtlebot3:/home/turtlebot/robot_ws/install/nav2_example:/home/turtlebot/robot_ws/install/my_package:/home/turtlebot/robot_ws/install/my_navigation_pkg:/home/turtlebot/robot_ws/install/forward1:/opt/ros/foxy LD_LIBRARY_PATH=/home/turtlebot/nav2_ws/install/nav2_util/lib:/home/turtlebot/nav2_ws/install/nav2_msgs/lib:${LD_LIBRARY_PATH} PYTHONPATH=/home/turtlebot/nav2_ws/install/nav2_msgs/lib/python3.8/site-packages:/home/turtlebot/nav2_ws/install/nav2_common/lib/python3.8/site-packages:${PYTHONPATH} /usr/bin/cmake /home/turtlebot/nav2_ws/src/navigation2/nav2_behavior_tree -DAMENT_CMAKE_SYMLINK_INSTALL=1 -DCMAKE_INSTALL_PREFIX=/home/turtlebot/nav2_ws/install/nav2_behavior_tree
[0.175s] -- The CXX compiler identification is GNU 9.4.0
[0.184s] -- Check for working CXX compiler: /usr/bin/c++
[0.307s] -- Check for working CXX compiler: /usr/bin/c++ -- works
[0.309s] -- Detecting CXX compiler ABI info
[0.427s] -- Detecting CXX compiler ABI info - done
[0.445s] -- Detecting CXX compile features
[0.446s] -- Detecting CXX compile features - done
[0.449s] -- Found ament_cmake: 0.9.11 (/opt/ros/foxy/share/ament_cmake/cmake)
[0.497s] -- Found PythonInterp: /usr/bin/python3 (found suitable version "3.8.10", minimum required is "3") 
[0.497s] -- Using PYTHON_EXECUTABLE: /usr/bin/python3
[0.765s] -- Override CMake install command with custom implementation using symlinks instead of copying resources
[0.804s] -- Found nav2_common: 0.4.7 (/home/turtlebot/nav2_ws/install/nav2_common/share/nav2_common/cmake)
[0.806s] -- Found rclcpp: 2.4.2 (/opt/ros/foxy/share/rclcpp/cmake)
[0.874s] -- Using all available rosidl_typesupport_c: rosidl_typesupport_fastrtps_c;rosidl_typesupport_introspection_c
[0.885s] -- Found rosidl_adapter: 1.3.0 (/opt/ros/foxy/share/rosidl_adapter/cmake)
[0.990s] -- Found OpenSSL: /usr/lib/x86_64-linux-gnu/libcrypto.so (found version "1.1.1f")  
[1.039s] -- Found FastRTPS: /opt/ros/foxy/include  
[1.156s] -- Using all available rosidl_typesupport_cpp: rosidl_typesupport_fastrtps_cpp;rosidl_typesupport_introspection_cpp
[1.242s] -- Found rmw_implementation_cmake: 1.0.4 (/opt/ros/foxy/share/rmw_implementation_cmake/cmake)
[1.244s] -- Using RMW implementation 'rmw_fastrtps_cpp' as default
[1.254s] -- Looking for C++ include pthread.h
[1.450s] -- Looking for C++ include pthread.h - found
[1.450s] -- Performing Test CMAKE_HAVE_LIBC_PTHREAD
[1.604s] -- Performing Test CMAKE_HAVE_LIBC_PTHREAD - Failed
[1.604s] -- Looking for pthread_create in pthreads
[1.714s] -- Looking for pthread_create in pthreads - not found
[1.715s] -- Looking for pthread_create in pthread
[1.848s] -- Looking for pthread_create in pthread - found
[1.850s] -- Found Threads: TRUE  
[2.089s] -- Found rclcpp_action: 2.4.2 (/opt/ros/foxy/share/rclcpp_action/cmake)
[2.207s] -- Found rclcpp_lifecycle: 2.4.2 (/opt/ros/foxy/share/rclcpp_lifecycle/cmake)
[2.253s] -- Found geometry_msgs: 2.0.5 (/opt/ros/foxy/share/geometry_msgs/cmake)
[2.317s] -- Found sensor_msgs: 2.0.5 (/opt/ros/foxy/share/sensor_msgs/cmake)
[2.463s] -- Found nav2_msgs: 0.4.7 (/home/turtlebot/nav2_ws/install/nav2_msgs/share/nav2_msgs/cmake)
[2.917s] -- Found tf2_ros: 0.13.14 (/opt/ros/foxy/share/tf2_ros/cmake)
[3.421s] -- Found tf2_geometry_msgs: 0.13.14 (/opt/ros/foxy/share/tf2_geometry_msgs/cmake)
[3.434s] -- Found eigen3_cmake_module: 0.1.1 (/opt/ros/foxy/share/eigen3_cmake_module/cmake)
[3.439s] -- Found Eigen3: TRUE (found version "3.3.7") 
[3.478s] -- Found std_srvs: 2.0.5 (/opt/ros/foxy/share/std_srvs/cmake)
[3.492s] -- Found nav2_util: 0.4.7 (/home/turtlebot/nav2_ws/install/nav2_util/share/nav2_util/cmake)
[3.718s] -- Setting build type to Release as none was specified.
[10.242s] -- Found ament_lint_auto: 0.9.8 (/opt/ros/foxy/share/ament_lint_auto/cmake)
[10.374s] -- Found ament_cmake_gtest: 0.9.11 (/opt/ros/foxy/share/ament_cmake_gtest/cmake)
[10.383s] -- Found gtest sources under '/opt/ros/foxy/src/gtest_vendor': C++ tests using 'Google Test' will be built
[10.454s] -- The C compiler identification is GNU 9.4.0
[10.462s] -- Check for working C compiler: /usr/bin/cc
[10.581s] -- Check for working C compiler: /usr/bin/cc -- works
[10.583s] -- Detecting C compiler ABI info
[10.682s] -- Detecting C compiler ABI info - done
[10.698s] -- Detecting C compile features
[10.699s] -- Detecting C compile features - done
[10.702s] -- Check if compiler accepts -pthread
[10.820s] -- Check if compiler accepts -pthread - yes
[16.105s] -- Added test 'copyright' to check source files copyright and LICENSE
[16.112s] -- Added test 'cppcheck' to perform static code analysis on C / C++ code
[16.116s] -- Configured cppcheck include dirs: /home/turtlebot/nav2_ws/src/navigation2/nav2_behavior_tree/include
[16.116s] -- Configured cppcheck exclude dirs and/or files: 
[16.121s] -- Added test 'cpplint' to check C / C++ code against the Google style
[16.121s] -- Configured cpplint exclude dirs and/or files: 
[16.124s] -- Added test 'lint_cmake' to check CMake code style
[16.131s] -- Added test 'uncrustify' to check C / C++ code style
[16.131s] -- Configured uncrustify additional arguments: 
[16.132s] -- Added test 'xmllint' to check XML markup files
[16.143s] -- Configuring done
[18.030s] -- Generating done
[18.039s] -- Build files have been written to: /home/turtlebot/nav2_ws/build/nav2_behavior_tree
[18.069s] Invoked command in '/home/turtlebot/nav2_ws/build/nav2_behavior_tree' returned '0': AMENT_PREFIX_PATH=/home/turtlebot/nav2_ws/install/nav2_util:/home/turtlebot/nav2_ws/install/nav2_msgs:/home/turtlebot/nav2_ws/install/nav2_common:${AMENT_PREFIX_PATH} CMAKE_PREFIX_PATH=/home/turtlebot/nav2_ws/install/nav2_util:/home/turtlebot/nav2_ws/install/nav2_msgs:/home/turtlebot/nav2_ws/install/nav2_common:/home/turtlebot/robot_ws/install/turtlebot3:/home/turtlebot/robot_ws/install/nav2_example:/home/turtlebot/robot_ws/install/my_package:/home/turtlebot/robot_ws/install/my_navigation_pkg:/home/turtlebot/robot_ws/install/forward1:/opt/ros/foxy LD_LIBRARY_PATH=/home/turtlebot/nav2_ws/install/nav2_util/lib:/home/turtlebot/nav2_ws/install/nav2_msgs/lib:${LD_LIBRARY_PATH} PYTHONPATH=/home/turtlebot/nav2_ws/install/nav2_msgs/lib/python3.8/site-packages:/home/turtlebot/nav2_ws/install/nav2_common/lib/python3.8/site-packages:${PYTHONPATH} /usr/bin/cmake /home/turtlebot/nav2_ws/src/navigation2/nav2_behavior_tree -DAMENT_CMAKE_SYMLINK_INSTALL=1 -DCMAKE_INSTALL_PREFIX=/home/turtlebot/nav2_ws/install/nav2_behavior_tree
[18.071s] Invoking command in '/home/turtlebot/nav2_ws/build/nav2_behavior_tree': AMENT_PREFIX_PATH=/home/turtlebot/nav2_ws/install/nav2_util:/home/turtlebot/nav2_ws/install/nav2_msgs:/home/turtlebot/nav2_ws/install/nav2_common:${AMENT_PREFIX_PATH} CMAKE_PREFIX_PATH=/home/turtlebot/nav2_ws/install/nav2_util:/home/turtlebot/nav2_ws/install/nav2_msgs:/home/turtlebot/nav2_ws/install/nav2_common:/home/turtlebot/robot_ws/install/turtlebot3:/home/turtlebot/robot_ws/install/nav2_example:/home/turtlebot/robot_ws/install/my_package:/home/turtlebot/robot_ws/install/my_navigation_pkg:/home/turtlebot/robot_ws/install/forward1:/opt/ros/foxy LD_LIBRARY_PATH=/home/turtlebot/nav2_ws/install/nav2_util/lib:/home/turtlebot/nav2_ws/install/nav2_msgs/lib:${LD_LIBRARY_PATH} PYTHONPATH=/home/turtlebot/nav2_ws/install/nav2_msgs/lib/python3.8/site-packages:/home/turtlebot/nav2_ws/install/nav2_common/lib/python3.8/site-packages:${PYTHONPATH} /usr/bin/cmake --build /home/turtlebot/nav2_ws/build/nav2_behavior_tree -- -j2 -l2
[18.137s] [35m[1mScanning dependencies of target nav2_transform_available_condition_bt_node[0m
[18.235s] [  1%] [32mBuilding CXX object CMakeFiles/nav2_transform_available_condition_bt_node.dir/plugins/condition/transform_available_condition.cpp.o[0m
[28.182s] [  2%] [32m[1mLinking CXX shared library libnav2_transform_available_condition_bt_node.so[0m
[28.740s] [  2%] Built target nav2_transform_available_condition_bt_node
[28.782s] [35m[1mScanning dependencies of target nav2_pipeline_sequence_bt_node[0m
[28.852s] [  3%] [32mBuilding CXX object CMakeFiles/nav2_pipeline_sequence_bt_node.dir/plugins/control/pipeline_sequence.cpp.o[0m
[35.071s] [  4%] [32m[1mLinking CXX shared library libnav2_pipeline_sequence_bt_node.so[0m
[35.497s] [  4%] Built target nav2_pipeline_sequence_bt_node
[35.538s] [35m[1mScanning dependencies of target nav2_wait_action_bt_node[0m
[35.722s] [  5%] [32mBuilding CXX object CMakeFiles/nav2_wait_action_bt_node.dir/plugins/action/wait_action.cpp.o[0m
[46.467s] [  6%] [32m[1mLinking CXX shared library libnav2_wait_action_bt_node.so[0m
[46.717s] [  6%] Built target nav2_wait_action_bt_node
[46.734s] [35m[1mScanning dependencies of target nav2_spin_action_bt_node[0m
[46.813s] [  7%] [32mBuilding CXX object CMakeFiles/nav2_spin_action_bt_node.dir/plugins/action/spin_action.cpp.o[0m
[55.419s] [  8%] [32m[1mLinking CXX shared library libnav2_spin_action_bt_node.so[0m
[55.654s] [  8%] Built target nav2_spin_action_bt_node
[55.673s] [35m[1mScanning dependencies of target nav2_compute_path_to_pose_action_bt_node[0m
[55.743s] [  9%] [32mBuilding CXX object CMakeFiles/nav2_compute_path_to_pose_action_bt_node.dir/plugins/action/compute_path_to_pose_action.cpp.o[0m
[66.934s] [ 10%] [32m[1mLinking CXX shared library libnav2_compute_path_to_pose_action_bt_node.so[0m
[67.169s] [ 10%] Built target nav2_compute_path_to_pose_action_bt_node
[67.185s] [35m[1mScanning dependencies of target nav2_goal_updated_condition_bt_node[0m
[67.216s] [ 11%] [32mBuilding CXX object CMakeFiles/nav2_goal_updated_condition_bt_node.dir/plugins/condition/goal_updated_condition.cpp.o[0m
[69.732s] [ 12%] [32m[1mLinking CXX shared library libnav2_goal_updated_condition_bt_node.so[0m
[69.891s] [ 12%] Built target nav2_goal_updated_condition_bt_node
[69.907s] [35m[1mScanning dependencies of target nav2_is_stuck_condition_bt_node[0m
[69.966s] [ 13%] [32mBuilding CXX object CMakeFiles/nav2_is_stuck_condition_bt_node.dir/plugins/condition/is_stuck_condition.cpp.o[0m
[80.704s] [ 14%] [32m[1mLinking CXX shared library libnav2_is_stuck_condition_bt_node.so[0m
[80.961s] [ 14%] Built target nav2_is_stuck_condition_bt_node
[80.976s] [35m[1mScanning dependencies of target nav2_behavior_tree[0m
[81.048s] [ 15%] [32mBuilding CXX object CMakeFiles/nav2_behavior_tree.dir/src/behavior_tree_engine.cpp.o[0m
[85.130s] [ 16%] [32m[1mLinking CXX shared library libnav2_behavior_tree.so[0m
[85.342s] [ 16%] Built target nav2_behavior_tree
[85.357s] [35m[1mScanning dependencies of target nav2_goal_updater_node_bt_node[0m
[85.417s] [ 17%] [32mBuilding CXX object CMakeFiles/nav2_goal_updater_node_bt_node.dir/plugins/decorator/goal_updater_node.cpp.o[0m
[96.437s] [ 18%] [32m[1mLinking CXX shared library libnav2_goal_updater_node_bt_node.so[0m
[96.686s] [ 18%] Built target nav2_goal_updater_node_bt_node
[96.701s] [35m[1mScanning dependencies of target nav2_follow_path_action_bt_node[0m
[96.767s] [ 19%] [32mBuilding CXX object CMakeFiles/nav2_follow_path_action_bt_node.dir/plugins/action/follow_path_action.cpp.o[0m
[105.276s] [ 20%] [32m[1mLinking CXX shared library libnav2_follow_path_action_bt_node.so[0m
[105.733s] [ 20%] Built target nav2_follow_path_action_bt_node
[105.760s] [35m[1mScanning dependencies of target nav2_goal_reached_condition_bt_node[0m
[105.843s] [ 21%] [32mBuilding CXX object CMakeFiles/nav2_goal_reached_condition_bt_node.dir/plugins/condition/goal_reached_condition.cpp.o[0m
[113.002s] [ 22%] [32m[1mLinking CXX shared library libnav2_goal_reached_condition_bt_node.so[0m
[113.367s] [ 22%] Built target nav2_goal_reached_condition_bt_node
[113.410s] [35m[1mScanning dependencies of target nav2_initial_pose_received_condition_bt_node[0m
[113.472s] [ 23%] [32mBuilding CXX object CMakeFiles/nav2_initial_pose_received_condition_bt_node.dir/plugins/condition/initial_pose_received_condition.cpp.o[0m
[116.151s] [ 24%] [32m[1mLinking CXX shared library libnav2_initial_pose_received_condition_bt_node.so[0m
[116.338s] [ 24%] Built target nav2_initial_pose_received_condition_bt_node
[116.355s] [35m[1mScanning dependencies of target nav2_time_expired_condition_bt_node[0m
[116.418s] [ 25%] [32mBuilding CXX object CMakeFiles/nav2_time_expired_condition_bt_node.dir/plugins/condition/time_expired_condition.cpp.o[0m
[122.179s] [ 26%] [32m[1mLinking CXX shared library libnav2_time_expired_condition_bt_node.so[0m
[122.424s] [ 26%] Built target nav2_time_expired_condition_bt_node
[122.463s] [35m[1mScanning dependencies of target nav2_distance_traveled_condition_bt_node[0m
[122.610s] [ 27%] [32mBuilding CXX object CMakeFiles/nav2_distance_traveled_condition_bt_node.dir/plugins/condition/distance_traveled_condition.cpp.o[0m
[133.395s] [ 28%] [32m[1mLinking CXX shared library libnav2_distance_traveled_condition_bt_node.so[0m
[133.660s] [ 28%] Built target nav2_distance_traveled_condition_bt_node
[133.677s] [35m[1mScanning dependencies of target nav2_is_battery_low_condition_bt_node[0m
[133.744s] [ 29%] [32mBuilding CXX object CMakeFiles/nav2_is_battery_low_condition_bt_node.dir/plugins/condition/is_battery_low_condition.cpp.o[0m
[152.622s] [ 30%] [32m[1mLinking CXX shared library libnav2_is_battery_low_condition_bt_node.so[0m
[153.343s] [ 30%] Built target nav2_is_battery_low_condition_bt_node
[153.391s] [35m[1mScanning dependencies of target nav2_reinitialize_global_localization_service_bt_node[0m
[153.576s] [ 31%] [32mBuilding CXX object CMakeFiles/nav2_reinitialize_global_localization_service_bt_node.dir/plugins/action/reinitialize_global_localization_service.cpp.o[0m
[165.831s] [ 32%] [32m[1mLinking CXX shared library libnav2_reinitialize_global_localization_service_bt_node.so[0m
[166.149s] [ 32%] Built target nav2_reinitialize_global_localization_service_bt_node
[166.170s] [35m[1mScanning dependencies of target nav2_rate_controller_bt_node[0m
[166.205s] [ 33%] [32mBuilding CXX object CMakeFiles/nav2_rate_controller_bt_node.dir/plugins/decorator/rate_controller.cpp.o[0m
[169.283s] [ 34%] [32m[1mLinking CXX shared library libnav2_rate_controller_bt_node.so[0m
[169.444s] [ 34%] Built target nav2_rate_controller_bt_node
[169.459s] [35m[1mScanning dependencies of target nav2_distance_controller_bt_node[0m
[169.525s] [ 35%] [32mBuilding CXX object CMakeFiles/nav2_distance_controller_bt_node.dir/plugins/decorator/distance_controller.cpp.o[0m
[176.012s] [ 36%] [32m[1mLinking CXX shared library libnav2_distance_controller_bt_node.so[0m
[176.243s] [ 36%] Built target nav2_distance_controller_bt_node
[176.258s] [35m[1mScanning dependencies of target nav2_round_robin_node_bt_node[0m
[176.285s] [ 37%] [32mBuilding CXX object CMakeFiles/nav2_round_robin_node_bt_node.dir/plugins/control/round_robin_node.cpp.o[0m
[178.531s] [ 38%] [32m[1mLinking CXX shared library libnav2_round_robin_node_bt_node.so[0m
[178.686s] [ 38%] Built target nav2_round_robin_node_bt_node
[178.701s] [35m[1mScanning dependencies of target nav2_clear_costmap_service_bt_node[0m
[178.760s] [ 39%] [32mBuilding CXX object CMakeFiles/nav2_clear_costmap_service_bt_node.dir/plugins/action/clear_costmap_service.cpp.o[0m
[184.919s] [ 40%] [32m[1mLinking CXX shared library libnav2_clear_costmap_service_bt_node.so[0m
[185.180s] [ 40%] Built target nav2_clear_costmap_service_bt_node
[185.195s] [35m[1mScanning dependencies of target nav2_speed_controller_bt_node[0m
[185.268s] [ 41%] [32mBuilding CXX object CMakeFiles/nav2_speed_controller_bt_node.dir/plugins/decorator/speed_controller.cpp.o[0m
[191.846s] [ 42%] [32m[1mLinking CXX shared library libnav2_speed_controller_bt_node.so[0m
[192.088s] [ 42%] Built target nav2_speed_controller_bt_node
[192.103s] [35m[1mScanning dependencies of target nav2_truncate_path_action_bt_node[0m
[192.168s] [ 43%] [32mBuilding CXX object CMakeFiles/nav2_truncate_path_action_bt_node.dir/plugins/action/truncate_path_action.cpp.o[0m
[198.419s] [ 44%] [32m[1mLinking CXX shared library libnav2_truncate_path_action_bt_node.so[0m
[198.675s] [ 44%] Built target nav2_truncate_path_action_bt_node
[198.691s] [35m[1mScanning dependencies of target nav2_navigate_to_pose_action_bt_node[0m
[198.758s] [ 45%] [32mBuilding CXX object CMakeFiles/nav2_navigate_to_pose_action_bt_node.dir/plugins/action/navigate_to_pose_action.cpp.o[0m
[207.608s] [ 46%] [32m[1mLinking CXX shared library libnav2_navigate_to_pose_action_bt_node.so[0m
[207.864s] [ 46%] Built target nav2_navigate_to_pose_action_bt_node
[207.881s] [35m[1mScanning dependencies of target nav2_back_up_action_bt_node[0m
[207.968s] [ 47%] [32mBuilding CXX object CMakeFiles/nav2_back_up_action_bt_node.dir/plugins/action/back_up_action.cpp.o[0m
[216.470s] [ 48%] [32m[1mLinking CXX shared library libnav2_back_up_action_bt_node.so[0m
[216.768s] [ 48%] Built target nav2_back_up_action_bt_node
[216.785s] [35m[1mScanning dependencies of target nav2_recovery_node_bt_node[0m
[216.813s] [ 50%] [32mBuilding CXX object CMakeFiles/nav2_recovery_node_bt_node.dir/plugins/control/recovery_node.cpp.o[0m
[224.922s] [ 51%] [32m[1mLinking CXX shared library libnav2_recovery_node_bt_node.so[0m
[225.359s] [ 51%] Built target nav2_recovery_node_bt_node
[225.401s] [35m[1mScanning dependencies of target gtest[0m
[225.468s] [ 52%] [32mBuilding CXX object gtest/CMakeFiles/gtest.dir/src/gtest-all.cc.o[0m
[242.845s] [ 53%] [32m[1mLinking CXX static library libgtest.a[0m
[242.916s] [ 53%] Built target gtest
[242.926s] [35m[1mScanning dependencies of target gtest_main[0m
[242.949s] [ 54%] [32mBuilding CXX object gtest/CMakeFiles/gtest_main.dir/src/gtest_main.cc.o[0m
[245.137s] [ 55%] [32m[1mLinking CXX static library libgtest_main.a[0m
[245.246s] [ 55%] Built target gtest_main
[245.291s] [35m[1mScanning dependencies of target test_bt_conversions[0m
[245.360s] [ 56%] [32mBuilding CXX object test/CMakeFiles/test_bt_conversions.dir/test_bt_conversions.cpp.o[0m
[251.033s] [ 57%] [32m[1mLinking CXX executable test_bt_conversions[0m
[251.265s] [ 57%] Built target test_bt_conversions
[251.280s] [35m[1mScanning dependencies of target test_condition_distance_traveled[0m
[251.364s] [ 58%] [32mBuilding CXX object test/plugins/condition/CMakeFiles/test_condition_distance_traveled.dir/test_distance_traveled.cpp.o[0m
[259.903s] [ 59%] [32m[1mLinking CXX executable test_condition_distance_traveled[0m
[260.222s] [ 59%] Built target test_condition_distance_traveled
[260.238s] [35m[1mScanning dependencies of target test_condition_time_expired[0m
[260.316s] [ 60%] [32mBuilding CXX object test/plugins/condition/CMakeFiles/test_condition_time_expired.dir/test_time_expired.cpp.o[0m
[268.471s] [ 61%] [32m[1mLinking CXX executable test_condition_time_expired[0m
[268.785s] [ 61%] Built target test_condition_time_expired
[268.801s] [35m[1mScanning dependencies of target test_condition_goal_updated[0m
[268.878s] [ 62%] [32mBuilding CXX object test/plugins/condition/CMakeFiles/test_condition_goal_updated.dir/test_goal_updated.cpp.o[0m
[277.051s] [ 63%] [32m[1mLinking CXX executable test_condition_goal_updated[0m
[277.359s] [ 63%] Built target test_condition_goal_updated
[277.374s] [35m[1mScanning dependencies of target test_condition_initial_pose_received[0m
[277.448s] [ 64%] [32mBuilding CXX object test/plugins/condition/CMakeFiles/test_condition_initial_pose_received.dir/test_initial_pose_received.cpp.o[0m
[287.415s] [ 65%] [32m[1mLinking CXX executable test_condition_initial_pose_received[0m
[288.317s] [ 65%] Built target test_condition_initial_pose_received
[288.352s] [35m[1mScanning dependencies of target test_condition_is_battery_low[0m
[288.579s] [ 66%] [32mBuilding CXX object test/plugins/condition/CMakeFiles/test_condition_is_battery_low.dir/test_is_battery_low.cpp.o[0m
[311.979s] [ 67%] [32m[1mLinking CXX executable test_condition_is_battery_low[0m
[312.796s] [ 67%] Built target test_condition_is_battery_low
[312.843s] [35m[1mScanning dependencies of target test_condition_transform_available[0m
[313.067s] [ 68%] [32mBuilding CXX object test/plugins/condition/CMakeFiles/test_condition_transform_available.dir/test_transform_available.cpp.o[0m
[337.358s] [ 69%] [32m[1mLinking CXX executable test_condition_transform_available[0m
[338.058s] [ 69%] Built target test_condition_transform_available
[338.089s] [35m[1mScanning dependencies of target test_condition_is_stuck[0m
[338.272s] [ 70%] [32mBuilding CXX object test/plugins/condition/CMakeFiles/test_condition_is_stuck.dir/test_is_stuck.cpp.o[0m
[363.229s] [ 71%] [32m[1mLinking CXX executable test_condition_is_stuck[0m
[363.950s] [ 71%] Built target test_condition_is_stuck
[363.991s] [35m[1mScanning dependencies of target test_condition_goal_reached[0m
[364.213s] [ 72%] [32mBuilding CXX object test/plugins/condition/CMakeFiles/test_condition_goal_reached.dir/test_goal_reached.cpp.o[0m
[388.322s] [ 73%] [32m[1mLinking CXX executable test_condition_goal_reached[0m
[389.033s] [ 73%] Built target test_condition_goal_reached
[389.078s] [35m[1mScanning dependencies of target test_goal_updater_node[0m
[389.292s] [ 74%] [32mBuilding CXX object test/plugins/decorator/CMakeFiles/test_goal_updater_node.dir/test_goal_updater_node.cpp.o[0m
[409.456s] [ 75%] [32m[1mLinking CXX executable test_goal_updater_node[0m
[410.159s] [ 75%] Built target test_goal_updater_node
[410.203s] [35m[1mScanning dependencies of target test_decorator_rate_controller[0m
[410.423s] [ 76%] [32mBuilding CXX object test/plugins/decorator/CMakeFiles/test_decorator_rate_controller.dir/test_rate_controller.cpp.o[0m
[432.056s] [ 77%] [32m[1mLinking CXX executable test_decorator_rate_controller[0m
[432.898s] [ 77%] Built target test_decorator_rate_controller
[432.939s] [35m[1mScanning dependencies of target test_decorator_speed_controller[0m
[433.188s] [ 78%] [32mBuilding CXX object test/plugins/decorator/CMakeFiles/test_decorator_speed_controller.dir/test_speed_controller.cpp.o[0m
[460.245s] [ 79%] [32m[1mLinking CXX executable test_decorator_speed_controller[0m
[461.097s] [ 79%] Built target test_decorator_speed_controller
[461.143s] [35m[1mScanning dependencies of target test_decorator_distance_controller[0m
[461.390s] [ 80%] [32mBuilding CXX object test/plugins/decorator/CMakeFiles/test_decorator_distance_controller.dir/test_distance_controller.cpp.o[0m
[485.124s] [ 81%] [32m[1mLinking CXX executable test_decorator_distance_controller[0m
[485.938s] [ 81%] Built target test_decorator_distance_controller
[485.977s] [35m[1mScanning dependencies of target test_control_round_robin_node[0m
[486.190s] [ 82%] [32mBuilding CXX object test/plugins/control/CMakeFiles/test_control_round_robin_node.dir/test_round_robin_node.cpp.o[0m
[508.769s] [ 83%] [32m[1mLinking CXX executable test_control_round_robin_node[0m
[509.507s] [ 83%] Built target test_control_round_robin_node
[509.539s] [35m[1mScanning dependencies of target test_control_pipeline_sequence[0m
[509.738s] [ 84%] [32mBuilding CXX object test/plugins/control/CMakeFiles/test_control_pipeline_sequence.dir/test_pipeline_sequence.cpp.o[0m
[532.098s] [ 85%] [32m[1mLinking CXX executable test_control_pipeline_sequence[0m
[532.897s] [ 85%] Built target test_control_pipeline_sequence
[532.930s] [35m[1mScanning dependencies of target test_control_recovery_node[0m
[533.154s] [ 86%] [32mBuilding CXX object test/plugins/control/CMakeFiles/test_control_recovery_node.dir/test_recovery_node.cpp.o[0m
[555.264s] [ 87%] [32m[1mLinking CXX executable test_control_recovery_node[0m
[556.024s] [ 87%] Built target test_control_recovery_node
[556.058s] [35m[1mScanning dependencies of target test_truncate_path_action[0m
[556.298s] [ 88%] [32mBuilding CXX object test/plugins/action/CMakeFiles/test_truncate_path_action.dir/test_truncate_path_action.cpp.o[0m
[573.515s] [ 89%] [32m[1mLinking CXX executable test_truncate_path_action[0m
[574.249s] [ 89%] Built target test_truncate_path_action
[574.289s] [35m[1mScanning dependencies of target test_action_navigate_to_pose_action[0m
[574.501s] [ 90%] [32mBuilding CXX object test/plugins/action/CMakeFiles/test_action_navigate_to_pose_action.dir/test_navigate_to_pose_action.cpp.o[0m
[597.885s] [ 91%] [32m[1mLinking CXX executable test_action_navigate_to_pose_action[0m
[598.524s] [ 91%] Built target test_action_navigate_to_pose_action
[598.564s] [35m[1mScanning dependencies of target test_action_follow_path_action[0m
[598.733s] [ 92%] [32mBuilding CXX object test/plugins/action/CMakeFiles/test_action_follow_path_action.dir/test_follow_path_action.cpp.o[0m
[623.550s] [ 93%] [32m[1mLinking CXX executable test_action_follow_path_action[0m
[624.270s] [ 93%] Built target test_action_follow_path_action
[624.314s] [35m[1mScanning dependencies of target test_action_compute_path_to_pose_action[0m
[624.503s] [ 94%] [32mBuilding CXX object test/plugins/action/CMakeFiles/test_action_compute_path_to_pose_action.dir/test_compute_path_to_pose_action.cpp.o[0m
[650.034s] [ 95%] [32m[1mLinking CXX executable test_action_compute_path_to_pose_action[0m
[650.786s] [ 95%] Built target test_action_compute_path_to_pose_action
[650.829s] [35m[1mScanning dependencies of target test_action_reinitialize_global_localization_service[0m
[650.961s] [ 96%] [32mBuilding CXX object test/plugins/action/CMakeFiles/test_action_reinitialize_global_localization_service.dir/test_reinitialize_global_localization_service.cpp.o[0m
[668.653s] [ 97%] [32m[1mLinking CXX executable test_action_reinitialize_global_localization_service[0m
[669.407s] [ 97%] Built target test_action_reinitialize_global_localization_service
[669.447s] [35m[1mScanning dependencies of target test_action_clear_costmap_service[0m
[669.642s] [ 98%] [32mBuilding CXX object test/plugins/action/CMakeFiles/test_action_clear_costmap_service.dir/test_clear_costmap_service.cpp.o[0m
[687.101s] [100%] [32m[1mLinking CXX executable test_action_clear_costmap_service[0m
[687.832s] [100%] Built target test_action_clear_costmap_service
[687.886s] Invoked command in '/home/turtlebot/nav2_ws/build/nav2_behavior_tree' returned '0': AMENT_PREFIX_PATH=/home/turtlebot/nav2_ws/install/nav2_util:/home/turtlebot/nav2_ws/install/nav2_msgs:/home/turtlebot/nav2_ws/install/nav2_common:${AMENT_PREFIX_PATH} CMAKE_PREFIX_PATH=/home/turtlebot/nav2_ws/install/nav2_util:/home/turtlebot/nav2_ws/install/nav2_msgs:/home/turtlebot/nav2_ws/install/nav2_common:/home/turtlebot/robot_ws/install/turtlebot3:/home/turtlebot/robot_ws/install/nav2_example:/home/turtlebot/robot_ws/install/my_package:/home/turtlebot/robot_ws/install/my_navigation_pkg:/home/turtlebot/robot_ws/install/forward1:/opt/ros/foxy LD_LIBRARY_PATH=/home/turtlebot/nav2_ws/install/nav2_util/lib:/home/turtlebot/nav2_ws/install/nav2_msgs/lib:${LD_LIBRARY_PATH} PYTHONPATH=/home/turtlebot/nav2_ws/install/nav2_msgs/lib/python3.8/site-packages:/home/turtlebot/nav2_ws/install/nav2_common/lib/python3.8/site-packages:${PYTHONPATH} /usr/bin/cmake --build /home/turtlebot/nav2_ws/build/nav2_behavior_tree -- -j2 -l2
[688.227s] Invoking command in '/home/turtlebot/nav2_ws/build/nav2_behavior_tree': AMENT_PREFIX_PATH=/home/turtlebot/nav2_ws/install/nav2_util:/home/turtlebot/nav2_ws/install/nav2_msgs:/home/turtlebot/nav2_ws/install/nav2_common:${AMENT_PREFIX_PATH} CMAKE_PREFIX_PATH=/home/turtlebot/nav2_ws/install/nav2_util:/home/turtlebot/nav2_ws/install/nav2_msgs:/home/turtlebot/nav2_ws/install/nav2_common:/home/turtlebot/robot_ws/install/turtlebot3:/home/turtlebot/robot_ws/install/nav2_example:/home/turtlebot/robot_ws/install/my_package:/home/turtlebot/robot_ws/install/my_navigation_pkg:/home/turtlebot/robot_ws/install/forward1:/opt/ros/foxy LD_LIBRARY_PATH=/home/turtlebot/nav2_ws/install/nav2_util/lib:/home/turtlebot/nav2_ws/install/nav2_msgs/lib:${LD_LIBRARY_PATH} PYTHONPATH=/home/turtlebot/nav2_ws/install/nav2_msgs/lib/python3.8/site-packages:/home/turtlebot/nav2_ws/install/nav2_common/lib/python3.8/site-packages:${PYTHONPATH} /usr/bin/cmake --install /home/turtlebot/nav2_ws/build/nav2_behavior_tree
[688.268s] -- Install configuration: "Release"
[688.270s] -- Execute custom install script
[688.273s] -- Symlinking: /home/turtlebot/nav2_ws/install/nav2_behavior_tree/lib/libnav2_behavior_tree.so
[688.314s] -- Symlinking: /home/turtlebot/nav2_ws/install/nav2_behavior_tree/lib/libnav2_compute_path_to_pose_action_bt_node.so
[688.350s] -- Symlinking: /home/turtlebot/nav2_ws/install/nav2_behavior_tree/lib/libnav2_follow_path_action_bt_node.so
[688.383s] -- Symlinking: /home/turtlebot/nav2_ws/install/nav2_behavior_tree/lib/libnav2_back_up_action_bt_node.so
[688.422s] -- Symlinking: /home/turtlebot/nav2_ws/install/nav2_behavior_tree/lib/libnav2_spin_action_bt_node.so
[688.454s] -- Symlinking: /home/turtlebot/nav2_ws/install/nav2_behavior_tree/lib/libnav2_wait_action_bt_node.so
[688.493s] -- Symlinking: /home/turtlebot/nav2_ws/install/nav2_behavior_tree/lib/libnav2_clear_costmap_service_bt_node.so
[688.531s] -- Symlinking: /home/turtlebot/nav2_ws/install/nav2_behavior_tree/lib/libnav2_is_stuck_condition_bt_node.so
[688.566s] -- Symlinking: /home/turtlebot/nav2_ws/install/nav2_behavior_tree/lib/libnav2_transform_available_condition_bt_node.so
[688.601s] -- Symlinking: /home/turtlebot/nav2_ws/install/nav2_behavior_tree/lib/libnav2_goal_reached_condition_bt_node.so
[688.641s] -- Symlinking: /home/turtlebot/nav2_ws/install/nav2_behavior_tree/lib/libnav2_goal_updated_condition_bt_node.so
[688.675s] -- Symlinking: /home/turtlebot/nav2_ws/install/nav2_behavior_tree/lib/libnav2_time_expired_condition_bt_node.so
[688.714s] -- Symlinking: /home/turtlebot/nav2_ws/install/nav2_behavior_tree/lib/libnav2_distance_traveled_condition_bt_node.so
[688.750s] -- Symlinking: /home/turtlebot/nav2_ws/install/nav2_behavior_tree/lib/libnav2_initial_pose_received_condition_bt_node.so
[688.785s] -- Symlinking: /home/turtlebot/nav2_ws/install/nav2_behavior_tree/lib/libnav2_is_battery_low_condition_bt_node.so
[688.824s] -- Symlinking: /home/turtlebot/nav2_ws/install/nav2_behavior_tree/lib/libnav2_reinitialize_global_localization_service_bt_node.so
[688.858s] -- Symlinking: /home/turtlebot/nav2_ws/install/nav2_behavior_tree/lib/libnav2_rate_controller_bt_node.so
[688.896s] -- Symlinking: /home/turtlebot/nav2_ws/install/nav2_behavior_tree/lib/libnav2_distance_controller_bt_node.so
[688.935s] -- Symlinking: /home/turtlebot/nav2_ws/install/nav2_behavior_tree/lib/libnav2_speed_controller_bt_node.so
[688.966s] -- Symlinking: /home/turtlebot/nav2_ws/install/nav2_behavior_tree/lib/libnav2_truncate_path_action_bt_node.so
[689.000s] -- Symlinking: /home/turtlebot/nav2_ws/install/nav2_behavior_tree/lib/libnav2_goal_updater_node_bt_node.so
[689.035s] -- Symlinking: /home/turtlebot/nav2_ws/install/nav2_behavior_tree/lib/libnav2_recovery_node_bt_node.so
[689.070s] -- Symlinking: /home/turtlebot/nav2_ws/install/nav2_behavior_tree/lib/libnav2_navigate_to_pose_action_bt_node.so
[689.100s] -- Symlinking: /home/turtlebot/nav2_ws/install/nav2_behavior_tree/lib/libnav2_pipeline_sequence_bt_node.so
[689.140s] -- Symlinking: /home/turtlebot/nav2_ws/install/nav2_behavior_tree/lib/libnav2_round_robin_node_bt_node.so
[689.176s] -- Symlinking: /home/turtlebot/nav2_ws/install/nav2_behavior_tree/include//nav2_behavior_tree/behavior_tree_engine.hpp
[689.214s] -- Symlinking: /home/turtlebot/nav2_ws/install/nav2_behavior_tree/include//nav2_behavior_tree/bt_action_node.hpp
[689.247s] -- Symlinking: /home/turtlebot/nav2_ws/install/nav2_behavior_tree/include//nav2_behavior_tree/bt_conversions.hpp
[689.270s] -- Symlinking: /home/turtlebot/nav2_ws/install/nav2_behavior_tree/include//nav2_behavior_tree/bt_service_node.hpp
[689.299s] -- Symlinking: /home/turtlebot/nav2_ws/install/nav2_behavior_tree/include//nav2_behavior_tree/plugins/action/back_up_action.hpp
[689.324s] -- Symlinking: /home/turtlebot/nav2_ws/install/nav2_behavior_tree/include//nav2_behavior_tree/plugins/action/clear_costmap_service.hpp
[689.349s] -- Symlinking: /home/turtlebot/nav2_ws/install/nav2_behavior_tree/include//nav2_behavior_tree/plugins/action/compute_path_to_pose_action.hpp
[689.374s] -- Symlinking: /home/turtlebot/nav2_ws/install/nav2_behavior_tree/include//nav2_behavior_tree/plugins/action/follow_path_action.hpp
[689.406s] -- Symlinking: /home/turtlebot/nav2_ws/install/nav2_behavior_tree/include//nav2_behavior_tree/plugins/action/navigate_to_pose_action.hpp
[689.444s] -- Symlinking: /home/turtlebot/nav2_ws/install/nav2_behavior_tree/include//nav2_behavior_tree/plugins/action/reinitialize_global_localization_service.hpp
[689.478s] -- Symlinking: /home/turtlebot/nav2_ws/install/nav2_behavior_tree/include//nav2_behavior_tree/plugins/action/spin_action.hpp
[689.513s] -- Symlinking: /home/turtlebot/nav2_ws/install/nav2_behavior_tree/include//nav2_behavior_tree/plugins/action/truncate_path_action.hpp
[689.548s] -- Symlinking: /home/turtlebot/nav2_ws/install/nav2_behavior_tree/include//nav2_behavior_tree/plugins/action/wait_action.hpp
[689.584s] -- Symlinking: /home/turtlebot/nav2_ws/install/nav2_behavior_tree/include//nav2_behavior_tree/plugins/condition/distance_traveled_condition.hpp
[689.613s] -- Symlinking: /home/turtlebot/nav2_ws/install/nav2_behavior_tree/include//nav2_behavior_tree/plugins/condition/goal_reached_condition.hpp
[689.649s] -- Symlinking: /home/turtlebot/nav2_ws/install/nav2_behavior_tree/include//nav2_behavior_tree/plugins/condition/goal_updated_condition.hpp
[689.681s] -- Symlinking: /home/turtlebot/nav2_ws/install/nav2_behavior_tree/include//nav2_behavior_tree/plugins/condition/initial_pose_received_condition.hpp
[689.715s] -- Symlinking: /home/turtlebot/nav2_ws/install/nav2_behavior_tree/include//nav2_behavior_tree/plugins/condition/is_battery_low_condition.hpp
[689.751s] -- Symlinking: /home/turtlebot/nav2_ws/install/nav2_behavior_tree/include//nav2_behavior_tree/plugins/condition/is_stuck_condition.hpp
[689.781s] -- Symlinking: /home/turtlebot/nav2_ws/install/nav2_behavior_tree/include//nav2_behavior_tree/plugins/condition/time_expired_condition.hpp
[689.819s] -- Symlinking: /home/turtlebot/nav2_ws/install/nav2_behavior_tree/include//nav2_behavior_tree/plugins/condition/transform_available_condition.hpp
[689.859s] -- Symlinking: /home/turtlebot/nav2_ws/install/nav2_behavior_tree/include//nav2_behavior_tree/plugins/control/pipeline_sequence.hpp
[689.885s] -- Symlinking: /home/turtlebot/nav2_ws/install/nav2_behavior_tree/include//nav2_behavior_tree/plugins/control/recovery_node.hpp
[689.907s] -- Symlinking: /home/turtlebot/nav2_ws/install/nav2_behavior_tree/include//nav2_behavior_tree/plugins/control/round_robin_node.hpp
[689.932s] -- Symlinking: /home/turtlebot/nav2_ws/install/nav2_behavior_tree/include//nav2_behavior_tree/plugins/decorator/distance_controller.hpp
[689.964s] -- Symlinking: /home/turtlebot/nav2_ws/install/nav2_behavior_tree/include//nav2_behavior_tree/plugins/decorator/goal_updater_node.hpp
[689.997s] -- Symlinking: /home/turtlebot/nav2_ws/install/nav2_behavior_tree/include//nav2_behavior_tree/plugins/decorator/rate_controller.hpp
[690.037s] -- Symlinking: /home/turtlebot/nav2_ws/install/nav2_behavior_tree/include//nav2_behavior_tree/plugins/decorator/speed_controller.hpp
[690.073s] -- Symlinking: /home/turtlebot/nav2_ws/install/nav2_behavior_tree/share/nav2_behavior_tree/nav2_tree_nodes.xml
[690.108s] -- Symlinking: /home/turtlebot/nav2_ws/install/nav2_behavior_tree/share/nav2_behavior_tree/environment/library_path.sh
[690.138s] -- Symlinking: /home/turtlebot/nav2_ws/install/nav2_behavior_tree/share/nav2_behavior_tree/environment/library_path.dsv
[690.162s] -- Symlinking: /home/turtlebot/nav2_ws/install/nav2_behavior_tree/share/ament_index/resource_index/package_run_dependencies/nav2_behavior_tree
[690.185s] -- Symlinking: /home/turtlebot/nav2_ws/install/nav2_behavior_tree/share/ament_index/resource_index/parent_prefix_path/nav2_behavior_tree
[690.209s] -- Symlinking: /home/turtlebot/nav2_ws/install/nav2_behavior_tree/share/nav2_behavior_tree/environment/ament_prefix_path.sh
[690.235s] -- Symlinking: /home/turtlebot/nav2_ws/install/nav2_behavior_tree/share/nav2_behavior_tree/environment/ament_prefix_path.dsv
[690.266s] -- Symlinking: /home/turtlebot/nav2_ws/install/nav2_behavior_tree/share/nav2_behavior_tree/environment/path.sh
[690.301s] -- Symlinking: /home/turtlebot/nav2_ws/install/nav2_behavior_tree/share/nav2_behavior_tree/environment/path.dsv
[690.340s] -- Symlinking: /home/turtlebot/nav2_ws/install/nav2_behavior_tree/share/nav2_behavior_tree/local_setup.bash
[690.376s] -- Symlinking: /home/turtlebot/nav2_ws/install/nav2_behavior_tree/share/nav2_behavior_tree/local_setup.sh
[690.411s] -- Symlinking: /home/turtlebot/nav2_ws/install/nav2_behavior_tree/share/nav2_behavior_tree/local_setup.zsh
[690.450s] -- Symlinking: /home/turtlebot/nav2_ws/install/nav2_behavior_tree/share/nav2_behavior_tree/local_setup.dsv
[690.486s] -- Symlinking: /home/turtlebot/nav2_ws/install/nav2_behavior_tree/share/nav2_behavior_tree/package.dsv
[690.523s] -- Symlinking: /home/turtlebot/nav2_ws/install/nav2_behavior_tree/share/ament_index/resource_index/packages/nav2_behavior_tree
[690.560s] -- Symlinking: /home/turtlebot/nav2_ws/install/nav2_behavior_tree/share/nav2_behavior_tree/cmake/ament_cmake_export_include_directories-extras.cmake
[690.593s] -- Symlinking: /home/turtlebot/nav2_ws/install/nav2_behavior_tree/share/nav2_behavior_tree/cmake/ament_cmake_export_libraries-extras.cmake
[690.629s] -- Symlinking: /home/turtlebot/nav2_ws/install/nav2_behavior_tree/share/nav2_behavior_tree/cmake/ament_cmake_export_dependencies-extras.cmake
[690.655s] -- Symlinking: /home/turtlebot/nav2_ws/install/nav2_behavior_tree/share/nav2_behavior_tree/cmake/nav2_behavior_treeConfig.cmake
[690.689s] -- Symlinking: /home/turtlebot/nav2_ws/install/nav2_behavior_tree/share/nav2_behavior_tree/cmake/nav2_behavior_treeConfig-version.cmake
[690.724s] -- Symlinking: /home/turtlebot/nav2_ws/install/nav2_behavior_tree/share/nav2_behavior_tree/package.xml
[690.782s] Invoked command in '/home/turtlebot/nav2_ws/build/nav2_behavior_tree' returned '0': AMENT_PREFIX_PATH=/home/turtlebot/nav2_ws/install/nav2_util:/home/turtlebot/nav2_ws/install/nav2_msgs:/home/turtlebot/nav2_ws/install/nav2_common:${AMENT_PREFIX_PATH} CMAKE_PREFIX_PATH=/home/turtlebot/nav2_ws/install/nav2_util:/home/turtlebot/nav2_ws/install/nav2_msgs:/home/turtlebot/nav2_ws/install/nav2_common:/home/turtlebot/robot_ws/install/turtlebot3:/home/turtlebot/robot_ws/install/nav2_example:/home/turtlebot/robot_ws/install/my_package:/home/turtlebot/robot_ws/install/my_navigation_pkg:/home/turtlebot/robot_ws/install/forward1:/opt/ros/foxy LD_LIBRARY_PATH=/home/turtlebot/nav2_ws/install/nav2_util/lib:/home/turtlebot/nav2_ws/install/nav2_msgs/lib:${LD_LIBRARY_PATH} PYTHONPATH=/home/turtlebot/nav2_ws/install/nav2_msgs/lib/python3.8/site-packages:/home/turtlebot/nav2_ws/install/nav2_common/lib/python3.8/site-packages:${PYTHONPATH} /usr/bin/cmake --install /home/turtlebot/nav2_ws/build/nav2_behavior_tree
