running develop
Removing /home/turtlebot/robot_ws/install/waypoint_navigation/lib/python3.8/site-packages/waypoint-navigation.egg-link (link to .)
running egg_info
writing ../../../build/waypoint_navigation/waypoint_navigation.egg-info/PKG-INFO
writing dependency_links to ../../../build/waypoint_navigation/waypoint_navigation.egg-info/dependency_links.txt
writing entry points to ../../../build/waypoint_navigation/waypoint_navigation.egg-info/entry_points.txt
writing requirements to ../../../build/waypoint_navigation/waypoint_navigation.egg-info/requires.txt
writing top-level names to ../../../build/waypoint_navigation/waypoint_navigation.egg-info/top_level.txt
reading manifest file '../../../build/waypoint_navigation/waypoint_navigation.egg-info/SOURCES.txt'
writing manifest file '../../../build/waypoint_navigation/waypoint_navigation.egg-info/SOURCES.txt'
running build
running build_py
running install
running install_lib
creating /home/turtlebot/robot_ws/install/waypoint_navigation/lib/python3.8/site-packages/waypoint_navigation
copying /home/turtlebot/robot_ws/build/waypoint_navigation/build/lib/waypoint_navigation/waypoint_navigation_node.py -> /home/turtlebot/robot_ws/install/waypoint_navigation/lib/python3.8/site-packages/waypoint_navigation
copying /home/turtlebot/robot_ws/build/waypoint_navigation/build/lib/waypoint_navigation/__init__.py -> /home/turtlebot/robot_ws/install/waypoint_navigation/lib/python3.8/site-packages/waypoint_navigation
byte-compiling /home/turtlebot/robot_ws/install/waypoint_navigation/lib/python3.8/site-packages/waypoint_navigation/waypoint_navigation_node.py to waypoint_navigation_node.cpython-38.pyc
byte-compiling /home/turtlebot/robot_ws/install/waypoint_navigation/lib/python3.8/site-packages/waypoint_navigation/__init__.py to __init__.cpython-38.pyc
running install_data
running install_egg_info
Copying ../../../build/waypoint_navigation/waypoint_navigation.egg-info to /home/turtlebot/robot_ws/install/waypoint_navigation/lib/python3.8/site-packages/waypoint_navigation-0.0.0-py3.8.egg-info
running install_scripts
Installing waypoint_navigation_node script to /home/turtlebot/robot_ws/install/waypoint_navigation/lib/waypoint_navigation
writing list of installed files to '/home/turtlebot/robot_ws/build/waypoint_navigation/install.log'
