-- The C compiler identification is GNU 9.4.0
-- The CXX compiler identification is GNU 9.4.0
-- Check for working C compiler: /usr/bin/cc
-- Check for working C compiler: /usr/bin/cc -- works
-- Detecting C compiler ABI info
-- Detecting C compiler ABI info - done
-- Detecting C compile features
-- Detecting C compile features - done
-- Check for working CXX compiler: /usr/bin/c++
-- Check for working CXX compiler: /usr/bin/c++ -- works
-- Detecting CXX compiler ABI info
-- Detecting CXX compiler ABI info - done
-- Detecting CXX compile features
-- Detecting CXX compile features - done
-- Found ament_cmake: 0.9.11 (/opt/ros/foxy/share/ament_cmake/cmake)
-- Found PythonInterp: /usr/bin/python3 (found suitable version "3.8.10", minimum required is "3") 
-- Using PYTHON_EXECUTABLE: /usr/bin/python3
-- Override CMake install command with custom implementation using symlinks instead of copying resources
-- Found nav2_core: 0.4.7 (/home/turtlebot/nav2_ws/install/nav2_core/share/nav2_core/cmake)
-- Using all available rosidl_typesupport_c: rosidl_typesupport_fastrtps_c;rosidl_typesupport_introspection_c
-- Found rosidl_adapter: 1.3.0 (/opt/ros/foxy/share/rosidl_adapter/cmake)
-- Found OpenSSL: /usr/lib/x86_64-linux-gnu/libcrypto.so (found version "1.1.1f")  
-- Found FastRTPS: /opt/ros/foxy/include  
-- Using all available rosidl_typesupport_cpp: rosidl_typesupport_fastrtps_cpp;rosidl_typesupport_introspection_cpp
-- Found rmw_implementation_cmake: 1.0.4 (/opt/ros/foxy/share/rmw_implementation_cmake/cmake)
-- Using RMW implementation 'rmw_fastrtps_cpp' as default
-- Looking for pthread.h
-- Looking for pthread.h - found
-- Performing Test CMAKE_HAVE_LIBC_PTHREAD
-- Performing Test CMAKE_HAVE_LIBC_PTHREAD - Failed
-- Looking for pthread_create in pthreads
-- Looking for pthread_create in pthreads - not found
-- Looking for pthread_create in pthread
-- Looking for pthread_create in pthread - found
-- Found Threads: TRUE  
-- Found Eigen3: TRUE (found version "3.3.7") 
-- Found nav2_common: 0.4.7 (/home/turtlebot/nav2_ws/install/nav2_common/share/nav2_common/cmake)
-- Found nav_2d_utils: 0.4.7 (/home/turtlebot/nav2_ws/install/nav_2d_utils/share/nav_2d_utils/cmake)
-- Setting build type to Release as none was specified.
-- Found ament_lint_auto: 0.9.8 (/opt/ros/foxy/share/ament_lint_auto/cmake)
-- Found ament_cmake_gtest: 0.9.11 (/opt/ros/foxy/share/ament_cmake_gtest/cmake)
-- Found gtest sources under '/opt/ros/foxy/src/gtest_vendor': C++ tests using 'Google Test' will be built
-- Check if compiler accepts -pthread
-- Check if compiler accepts -pthread - yes
-- Added test 'cppcheck' to perform static code analysis on C / C++ code
-- Configured cppcheck include dirs: /home/turtlebot/nav2_ws/src/navigation2/nav2_controller/include
-- Configured cppcheck exclude dirs and/or files: 
-- Added test 'cpplint' to check C / C++ code against the Google style
-- Configured cpplint exclude dirs and/or files: 
-- Added test 'lint_cmake' to check CMake code style
-- Added test 'uncrustify' to check C / C++ code style
-- Configured uncrustify additional arguments: 
-- Added test 'xmllint' to check XML markup files
-- Configuring done
-- Generating done
-- Build files have been written to: /home/turtlebot/nav2_ws/build/nav2_controller
[35m[1mScanning dependencies of target simple_goal_checker[0m
[  5%] [32mBuilding CXX object CMakeFiles/simple_goal_checker.dir/plugins/simple_goal_checker.cpp.o[0m
[ 11%] [32m[1mLinking CXX shared library libsimple_goal_checker.so[0m
[ 11%] Built target simple_goal_checker
[35m[1mScanning dependencies of target simple_progress_checker[0m
[ 16%] [32mBuilding CXX object CMakeFiles/simple_progress_checker.dir/plugins/simple_progress_checker.cpp.o[0m
[ 22%] [32m[1mLinking CXX shared library libsimple_progress_checker.so[0m
[ 22%] Built target simple_progress_checker
[35m[1mScanning dependencies of target controller_server_core[0m
[ 27%] [32mBuilding CXX object CMakeFiles/controller_server_core.dir/src/nav2_controller.cpp.o[0m
[ 33%] [32m[1mLinking CXX static library libcontroller_server_core.a[0m
[ 33%] Built target controller_server_core
[35m[1mScanning dependencies of target gtest[0m
[ 38%] [32mBuilding CXX object gtest/CMakeFiles/gtest.dir/src/gtest-all.cc.o[0m
[ 44%] [32m[1mLinking CXX static library libgtest.a[0m
[ 44%] Built target gtest
[35m[1mScanning dependencies of target gtest_main[0m
[ 50%] [32mBuilding CXX object gtest/CMakeFiles/gtest_main.dir/src/gtest_main.cc.o[0m
[ 55%] [32m[1mLinking CXX static library libgtest_main.a[0m
[ 55%] Built target gtest_main
[35m[1mScanning dependencies of target stopped_goal_checker[0m
[ 61%] [32mBuilding CXX object CMakeFiles/stopped_goal_checker.dir/plugins/stopped_goal_checker.cpp.o[0m
[ 66%] [32m[1mLinking CXX shared library libstopped_goal_checker.so[0m
[ 66%] Built target stopped_goal_checker
[35m[1mScanning dependencies of target controller_server[0m
[ 72%] [32mBuilding CXX object CMakeFiles/controller_server.dir/src/main.cpp.o[0m
[ 77%] [32m[1mLinking CXX executable controller_server[0m
[ 77%] Built target controller_server
[35m[1mScanning dependencies of target pctest[0m
[ 83%] [32mBuilding CXX object plugins/test/CMakeFiles/pctest.dir/progress_checker.cpp.o[0m
[ 88%] [32m[1mLinking CXX executable pctest[0m
[ 88%] Built target pctest
[35m[1mScanning dependencies of target gctest[0m
[ 94%] [32mBuilding CXX object plugins/test/CMakeFiles/gctest.dir/goal_checker.cpp.o[0m
[100%] [32m[1mLinking CXX executable gctest[0m
[100%] Built target gctest
-- Install configuration: "Release"
-- Execute custom install script
-- Symlinking: /home/turtlebot/nav2_ws/install/nav2_controller/lib/libsimple_progress_checker.so
-- Symlinking: /home/turtlebot/nav2_ws/install/nav2_controller/lib/libsimple_goal_checker.so
-- Symlinking: /home/turtlebot/nav2_ws/install/nav2_controller/lib/libstopped_goal_checker.so
-- Symlinking: /home/turtlebot/nav2_ws/install/nav2_controller/lib/libcontroller_server_core.a
-- Symlinking: /home/turtlebot/nav2_ws/install/nav2_controller/lib/nav2_controller/controller_server
-- Symlinking: /home/turtlebot/nav2_ws/install/nav2_controller/include//nav2_controller/nav2_controller.hpp
-- Symlinking: /home/turtlebot/nav2_ws/install/nav2_controller/include//nav2_controller/plugins/simple_goal_checker.hpp
-- Symlinking: /home/turtlebot/nav2_ws/install/nav2_controller/include//nav2_controller/plugins/simple_progress_checker.hpp
-- Symlinking: /home/turtlebot/nav2_ws/install/nav2_controller/include//nav2_controller/plugins/stopped_goal_checker.hpp
-- Symlinking: /home/turtlebot/nav2_ws/install/nav2_controller/share/nav2_controller/environment/library_path.sh
-- Symlinking: /home/turtlebot/nav2_ws/install/nav2_controller/share/nav2_controller/environment/library_path.dsv
-- Symlinking: /home/turtlebot/nav2_ws/install/nav2_controller/share/nav2_controller//plugins.xml
-- Symlinking: /home/turtlebot/nav2_ws/install/nav2_controller/share/ament_index/resource_index/package_run_dependencies/nav2_controller
-- Symlinking: /home/turtlebot/nav2_ws/install/nav2_controller/share/ament_index/resource_index/parent_prefix_path/nav2_controller
-- Symlinking: /home/turtlebot/nav2_ws/install/nav2_controller/share/nav2_controller/environment/ament_prefix_path.sh
-- Symlinking: /home/turtlebot/nav2_ws/install/nav2_controller/share/nav2_controller/environment/ament_prefix_path.dsv
-- Symlinking: /home/turtlebot/nav2_ws/install/nav2_controller/share/nav2_controller/environment/path.sh
-- Symlinking: /home/turtlebot/nav2_ws/install/nav2_controller/share/nav2_controller/environment/path.dsv
-- Symlinking: /home/turtlebot/nav2_ws/install/nav2_controller/share/nav2_controller/local_setup.bash
-- Symlinking: /home/turtlebot/nav2_ws/install/nav2_controller/share/nav2_controller/local_setup.sh
-- Symlinking: /home/turtlebot/nav2_ws/install/nav2_controller/share/nav2_controller/local_setup.zsh
-- Symlinking: /home/turtlebot/nav2_ws/install/nav2_controller/share/nav2_controller/local_setup.dsv
-- Symlinking: /home/turtlebot/nav2_ws/install/nav2_controller/share/nav2_controller/package.dsv
-- Symlinking: /home/turtlebot/nav2_ws/install/nav2_controller/share/ament_index/resource_index/packages/nav2_controller
-- Symlinking: /home/turtlebot/nav2_ws/install/nav2_controller/share/ament_index/resource_index/nav2_core__pluginlib__plugin/nav2_controller
-- Symlinking: /home/turtlebot/nav2_ws/install/nav2_controller/share/nav2_controller/cmake/ament_cmake_export_include_directories-extras.cmake
-- Symlinking: /home/turtlebot/nav2_ws/install/nav2_controller/share/nav2_controller/cmake/ament_cmake_export_libraries-extras.cmake
-- Symlinking: /home/turtlebot/nav2_ws/install/nav2_controller/share/nav2_controller/cmake/ament_cmake_export_definitions-extras.cmake
-- Symlinking: /home/turtlebot/nav2_ws/install/nav2_controller/share/nav2_controller/cmake/nav2_controllerConfig.cmake
-- Symlinking: /home/turtlebot/nav2_ws/install/nav2_controller/share/nav2_controller/cmake/nav2_controllerConfig-version.cmake
-- Symlinking: /home/turtlebot/nav2_ws/install/nav2_controller/share/nav2_controller/package.xml
