[1.012s] Invoking command in '/home/turtlebot/robot_ws/build/forward1': PYTHONPATH=/home/turtlebot/robot_ws/build/forward1/prefix_override:/home/turtlebot/robot_ws/install/forward1/lib/python3.8/site-packages:${PYTHONPATH} /usr/bin/python3 setup.py develop --editable --build-directory /home/turtlebot/robot_ws/build/forward1/build --no-deps install_data
[1.319s] running develop
[1.506s] running egg_info
[1.507s] writing forward1.egg-info/PKG-INFO
[1.507s] writing dependency_links to forward1.egg-info/dependency_links.txt
[1.508s] writing entry points to forward1.egg-info/entry_points.txt
[1.509s] writing requirements to forward1.egg-info/requires.txt
[1.509s] writing top-level names to forward1.egg-info/top_level.txt
[1.552s] reading manifest file 'forward1.egg-info/SOURCES.txt'
[1.555s] writing manifest file 'forward1.egg-info/SOURCES.txt'
[1.602s] running build_ext
[1.602s] Creating /home/turtlebot/robot_ws/install/forward1/lib/python3.8/site-packages/forward1.egg-link (link to .)
[1.602s] Installing amcl1 script to /home/turtlebot/robot_ws/install/forward1/lib/forward1
[1.603s] Installing amcl2 script to /home/turtlebot/robot_ws/install/forward1/lib/forward1
[1.603s] Installing forward1_1 script to /home/turtlebot/robot_ws/install/forward1/lib/forward1
[1.604s] Installing forward1_2 script to /home/turtlebot/robot_ws/install/forward1/lib/forward1
[1.604s] Installing test1 script to /home/turtlebot/robot_ws/install/forward1/lib/forward1
[1.605s] 
[1.605s] Installed /home/turtlebot/robot_ws/build/forward1
[1.605s] running install_data
[1.636s] Invoked command in '/home/turtlebot/robot_ws/build/forward1' returned '0': PYTHONPATH=/home/turtlebot/robot_ws/build/forward1/prefix_override:/home/turtlebot/robot_ws/install/forward1/lib/python3.8/site-packages:${PYTHONPATH} /usr/bin/python3 setup.py develop --editable --build-directory /home/turtlebot/robot_ws/build/forward1/build --no-deps install_data
