-- The C compiler identification is GNU 9.4.0
-- The CXX compiler identification is GNU 9.4.0
-- Check for working C compiler: /usr/bin/cc
-- Check for working C compiler: /usr/bin/cc -- works
-- Detecting C compiler ABI info
-- Detecting C compiler ABI info - done
-- Detecting C compile features
-- Detecting C compile features - done
-- Check for working CXX compiler: /usr/bin/c++
-- Check for working CXX compiler: /usr/bin/c++ -- works
-- Detecting CXX compiler ABI info
-- Detecting CXX compiler ABI info - done
-- Detecting CXX compile features
-- Detecting CXX compile features - done
-- Found ament_cmake: 0.9.11 (/opt/ros/foxy/share/ament_cmake/cmake)
-- Found PythonInterp: /usr/bin/python3 (found suitable version "3.8.10", minimum required is "3") 
-- Using PYTHON_EXECUTABLE: /usr/bin/python3
-- Found geometry_msgs: 2.0.5 (/opt/ros/foxy/share/geometry_msgs/cmake)
-- Using all available rosidl_typesupport_c: rosidl_typesupport_fastrtps_c;rosidl_typesupport_introspection_c
-- Found rosidl_adapter: 1.3.0 (/opt/ros/foxy/share/rosidl_adapter/cmake)
-- Found OpenSSL: /usr/lib/x86_64-linux-gnu/libcrypto.so (found version "1.1.1f")  
-- Found FastRTPS: /opt/ros/foxy/include  
-- Using all available rosidl_typesupport_cpp: rosidl_typesupport_fastrtps_cpp;rosidl_typesupport_introspection_cpp
-- Found ament_lint_auto: 0.9.8 (/opt/ros/foxy/share/ament_lint_auto/cmake)
-- Found rosidl_default_generators: 1.0.1 (/opt/ros/foxy/share/rosidl_default_generators/cmake)
-- Found PythonInterp: /usr/bin/python3 (found version "3.8.10") 
-- Found ament_cmake_ros: 0.9.2 (/opt/ros/foxy/share/ament_cmake_ros/cmake)
-- Using all available rosidl_typesupport_c: rosidl_typesupport_fastrtps_c;rosidl_typesupport_introspection_c
-- Using all available rosidl_typesupport_cpp: rosidl_typesupport_fastrtps_cpp;rosidl_typesupport_introspection_cpp
-- Found PythonInterp: /usr/bin/python3 (found suitable version "3.8.10", minimum required is "3.5") 
-- Found python_cmake_module: 0.8.1 (/opt/ros/foxy/share/python_cmake_module/cmake)
-- Found PythonLibs: /usr/lib/x86_64-linux-gnu/libpython3.8.so (found suitable version "3.8.10", minimum required is "3.5") 
-- Using PYTHON_EXECUTABLE: /usr/bin/python3
-- Using PYTHON_INCLUDE_DIRS: /usr/include/python3.8
-- Using PYTHON_LIBRARIES: /usr/lib/x86_64-linux-gnu/libpython3.8.so
-- Found PythonExtra: .so  
-- Added test 'copyright' to check source files copyright and LICENSE
-- Added test 'lint_cmake' to check CMake code style
-- Added test 'xmllint' to check XML markup files
-- Configuring done
-- Generating done
-- Build files have been written to: /home/turtlebot/robot_ws/build/waypoint_navigation_interfaces
[35m[1mScanning dependencies of target waypoint_navigation_interfaces__cpp[0m
[  1%] [34m[1mGenerating C code for ROS interfaces[0m
[  3%] [34m[1mGenerating C++ code for ROS interfaces[0m
[  3%] Built target waypoint_navigation_interfaces__cpp
[  4%] [34m[1mGenerating C++ introspection for ROS interfaces[0m
[35m[1mScanning dependencies of target waypoint_navigation_interfaces__rosidl_generator_c[0m
[  6%] [32mBuilding C object CMakeFiles/waypoint_navigation_interfaces__rosidl_generator_c.dir/rosidl_generator_c/waypoint_navigation_interfaces/action/detail/navigate_to_wp__functions.c.o[0m
[  7%] [32mBuilding C object CMakeFiles/waypoint_navigation_interfaces__rosidl_generator_c.dir/rosidl_generator_c/waypoint_navigation_interfaces/srv/detail/add_wp__functions.c.o[0m
[  9%] [32mBuilding C object CMakeFiles/waypoint_navigation_interfaces__rosidl_generator_c.dir/rosidl_generator_c/waypoint_navigation_interfaces/srv/detail/get_wp__functions.c.o[0m
[ 11%] [32mBuilding C object CMakeFiles/waypoint_navigation_interfaces__rosidl_generator_c.dir/rosidl_generator_c/waypoint_navigation_interfaces/srv/detail/get_wps__functions.c.o[0m
[ 12%] [32mBuilding C object CMakeFiles/waypoint_navigation_interfaces__rosidl_generator_c.dir/rosidl_generator_c/waypoint_navigation_interfaces/msg/detail/wp__functions.c.o[0m
[ 14%] [32m[1mLinking C shared library libwaypoint_navigation_interfaces__rosidl_generator_c.so[0m
[35m[1mScanning dependencies of target waypoint_navigation_interfaces__rosidl_typesupport_introspection_cpp[0m
[ 15%] [32mBuilding CXX object CMakeFiles/waypoint_navigation_interfaces__rosidl_typesupport_introspection_cpp.dir/rosidl_typesupport_introspection_cpp/waypoint_navigation_interfaces/action/detail/navigate_to_wp__type_support.cpp.o[0m
[ 15%] Built target waypoint_navigation_interfaces__rosidl_generator_c
[ 17%] [34m[1mGenerating C++ type support for eProsima Fast-RTPS[0m
[ 19%] [32mBuilding CXX object CMakeFiles/waypoint_navigation_interfaces__rosidl_typesupport_introspection_cpp.dir/rosidl_typesupport_introspection_cpp/waypoint_navigation_interfaces/srv/detail/add_wp__type_support.cpp.o[0m
[35m[1mScanning dependencies of target waypoint_navigation_interfaces__rosidl_typesupport_fastrtps_cpp[0m
[ 20%] [32mBuilding CXX object CMakeFiles/waypoint_navigation_interfaces__rosidl_typesupport_introspection_cpp.dir/rosidl_typesupport_introspection_cpp/waypoint_navigation_interfaces/srv/detail/get_wp__type_support.cpp.o[0m
[ 22%] [32mBuilding CXX object CMakeFiles/waypoint_navigation_interfaces__rosidl_typesupport_fastrtps_cpp.dir/rosidl_typesupport_fastrtps_cpp/waypoint_navigation_interfaces/action/detail/dds_fastrtps/navigate_to_wp__type_support.cpp.o[0m
[ 23%] [32mBuilding CXX object CMakeFiles/waypoint_navigation_interfaces__rosidl_typesupport_introspection_cpp.dir/rosidl_typesupport_introspection_cpp/waypoint_navigation_interfaces/srv/detail/get_wps__type_support.cpp.o[0m
[ 25%] [32mBuilding CXX object CMakeFiles/waypoint_navigation_interfaces__rosidl_typesupport_fastrtps_cpp.dir/rosidl_typesupport_fastrtps_cpp/waypoint_navigation_interfaces/srv/detail/dds_fastrtps/add_wp__type_support.cpp.o[0m
[ 26%] [32mBuilding CXX object CMakeFiles/waypoint_navigation_interfaces__rosidl_typesupport_introspection_cpp.dir/rosidl_typesupport_introspection_cpp/waypoint_navigation_interfaces/msg/detail/wp__type_support.cpp.o[0m
[ 28%] [32m[1mLinking CXX shared library libwaypoint_navigation_interfaces__rosidl_typesupport_introspection_cpp.so[0m
[ 30%] [32mBuilding CXX object CMakeFiles/waypoint_navigation_interfaces__rosidl_typesupport_fastrtps_cpp.dir/rosidl_typesupport_fastrtps_cpp/waypoint_navigation_interfaces/srv/detail/dds_fastrtps/get_wp__type_support.cpp.o[0m
[ 30%] Built target waypoint_navigation_interfaces__rosidl_typesupport_introspection_cpp
[ 31%] [34m[1mGenerating C introspection for ROS interfaces[0m
[ 33%] [32mBuilding CXX object CMakeFiles/waypoint_navigation_interfaces__rosidl_typesupport_fastrtps_cpp.dir/rosidl_typesupport_fastrtps_cpp/waypoint_navigation_interfaces/srv/detail/dds_fastrtps/get_wps__type_support.cpp.o[0m
[35m[1mScanning dependencies of target waypoint_navigation_interfaces__rosidl_typesupport_introspection_c[0m
[ 34%] [32mBuilding C object CMakeFiles/waypoint_navigation_interfaces__rosidl_typesupport_introspection_c.dir/rosidl_typesupport_introspection_c/waypoint_navigation_interfaces/action/detail/navigate_to_wp__type_support.c.o[0m
[ 36%] [32mBuilding C object CMakeFiles/waypoint_navigation_interfaces__rosidl_typesupport_introspection_c.dir/rosidl_typesupport_introspection_c/waypoint_navigation_interfaces/srv/detail/add_wp__type_support.c.o[0m
[ 38%] [32mBuilding C object CMakeFiles/waypoint_navigation_interfaces__rosidl_typesupport_introspection_c.dir/rosidl_typesupport_introspection_c/waypoint_navigation_interfaces/srv/detail/get_wp__type_support.c.o[0m
[ 39%] [32mBuilding C object CMakeFiles/waypoint_navigation_interfaces__rosidl_typesupport_introspection_c.dir/rosidl_typesupport_introspection_c/waypoint_navigation_interfaces/srv/detail/get_wps__type_support.c.o[0m
[ 41%] [32mBuilding C object CMakeFiles/waypoint_navigation_interfaces__rosidl_typesupport_introspection_c.dir/rosidl_typesupport_introspection_c/waypoint_navigation_interfaces/msg/detail/wp__type_support.c.o[0m
[ 42%] [32m[1mLinking C shared library libwaypoint_navigation_interfaces__rosidl_typesupport_introspection_c.so[0m
[ 42%] Built target waypoint_navigation_interfaces__rosidl_typesupport_introspection_c
[ 44%] [34m[1mGenerating C type support dispatch for ROS interfaces[0m
[ 46%] [32mBuilding CXX object CMakeFiles/waypoint_navigation_interfaces__rosidl_typesupport_fastrtps_cpp.dir/rosidl_typesupport_fastrtps_cpp/waypoint_navigation_interfaces/msg/detail/dds_fastrtps/wp__type_support.cpp.o[0m
[35m[1mScanning dependencies of target waypoint_navigation_interfaces__rosidl_typesupport_c[0m
[ 47%] [32mBuilding CXX object CMakeFiles/waypoint_navigation_interfaces__rosidl_typesupport_c.dir/rosidl_typesupport_c/waypoint_navigation_interfaces/action/navigate_to_wp__type_support.cpp.o[0m
[ 49%] [32m[1mLinking CXX shared library libwaypoint_navigation_interfaces__rosidl_typesupport_fastrtps_cpp.so[0m
[ 50%] [32mBuilding CXX object CMakeFiles/waypoint_navigation_interfaces__rosidl_typesupport_c.dir/rosidl_typesupport_c/waypoint_navigation_interfaces/srv/add_wp__type_support.cpp.o[0m
[ 52%] [32mBuilding CXX object CMakeFiles/waypoint_navigation_interfaces__rosidl_typesupport_c.dir/rosidl_typesupport_c/waypoint_navigation_interfaces/srv/get_wp__type_support.cpp.o[0m
[ 53%] [32mBuilding CXX object CMakeFiles/waypoint_navigation_interfaces__rosidl_typesupport_c.dir/rosidl_typesupport_c/waypoint_navigation_interfaces/srv/get_wps__type_support.cpp.o[0m
[ 55%] [32mBuilding CXX object CMakeFiles/waypoint_navigation_interfaces__rosidl_typesupport_c.dir/rosidl_typesupport_c/waypoint_navigation_interfaces/msg/wp__type_support.cpp.o[0m
[ 55%] Built target waypoint_navigation_interfaces__rosidl_typesupport_fastrtps_cpp
[ 57%] [34m[1mGenerating C++ type support dispatch for ROS interfaces[0m
[ 58%] [32m[1mLinking CXX shared library libwaypoint_navigation_interfaces__rosidl_typesupport_c.so[0m
[ 58%] Built target waypoint_navigation_interfaces__rosidl_typesupport_c
[ 60%] [34m[1mGenerating C type support for eProsima Fast-RTPS[0m
[35m[1mScanning dependencies of target waypoint_navigation_interfaces__rosidl_typesupport_cpp[0m
[ 61%] [32mBuilding CXX object CMakeFiles/waypoint_navigation_interfaces__rosidl_typesupport_cpp.dir/rosidl_typesupport_cpp/waypoint_navigation_interfaces/action/navigate_to_wp__type_support.cpp.o[0m
[35m[1mScanning dependencies of target waypoint_navigation_interfaces__rosidl_typesupport_fastrtps_c[0m
[ 63%] [32mBuilding CXX object CMakeFiles/waypoint_navigation_interfaces__rosidl_typesupport_fastrtps_c.dir/rosidl_typesupport_fastrtps_c/waypoint_navigation_interfaces/action/detail/navigate_to_wp__type_support_c.cpp.o[0m
[ 65%] [32mBuilding CXX object CMakeFiles/waypoint_navigation_interfaces__rosidl_typesupport_cpp.dir/rosidl_typesupport_cpp/waypoint_navigation_interfaces/srv/add_wp__type_support.cpp.o[0m
[ 66%] [32mBuilding CXX object CMakeFiles/waypoint_navigation_interfaces__rosidl_typesupport_cpp.dir/rosidl_typesupport_cpp/waypoint_navigation_interfaces/srv/get_wp__type_support.cpp.o[0m
[ 68%] [32mBuilding CXX object CMakeFiles/waypoint_navigation_interfaces__rosidl_typesupport_fastrtps_c.dir/rosidl_typesupport_fastrtps_c/waypoint_navigation_interfaces/srv/detail/add_wp__type_support_c.cpp.o[0m
[ 69%] [32mBuilding CXX object CMakeFiles/waypoint_navigation_interfaces__rosidl_typesupport_cpp.dir/rosidl_typesupport_cpp/waypoint_navigation_interfaces/srv/get_wps__type_support.cpp.o[0m
[ 71%] [32mBuilding CXX object CMakeFiles/waypoint_navigation_interfaces__rosidl_typesupport_fastrtps_c.dir/rosidl_typesupport_fastrtps_c/waypoint_navigation_interfaces/srv/detail/get_wp__type_support_c.cpp.o[0m
[ 73%] [32mBuilding CXX object CMakeFiles/waypoint_navigation_interfaces__rosidl_typesupport_cpp.dir/rosidl_typesupport_cpp/waypoint_navigation_interfaces/msg/wp__type_support.cpp.o[0m
[ 74%] [32mBuilding CXX object CMakeFiles/waypoint_navigation_interfaces__rosidl_typesupport_fastrtps_c.dir/rosidl_typesupport_fastrtps_c/waypoint_navigation_interfaces/srv/detail/get_wps__type_support_c.cpp.o[0m
[ 76%] [32m[1mLinking CXX shared library libwaypoint_navigation_interfaces__rosidl_typesupport_cpp.so[0m
[ 76%] Built target waypoint_navigation_interfaces__rosidl_typesupport_cpp
[ 77%] [32mBuilding CXX object CMakeFiles/waypoint_navigation_interfaces__rosidl_typesupport_fastrtps_c.dir/rosidl_typesupport_fastrtps_c/waypoint_navigation_interfaces/msg/detail/wp__type_support_c.cpp.o[0m
[ 79%] [32m[1mLinking CXX shared library libwaypoint_navigation_interfaces__rosidl_typesupport_fastrtps_c.so[0m
[ 79%] Built target waypoint_navigation_interfaces__rosidl_typesupport_fastrtps_c
[35m[1mScanning dependencies of target waypoint_navigation_interfaces[0m
[ 79%] Built target waypoint_navigation_interfaces
[35m[1mScanning dependencies of target waypoint_navigation_interfaces__py[0m
[ 80%] [34m[1mGenerating Python code for ROS interfaces[0m
[ 80%] Built target waypoint_navigation_interfaces__py
[35m[1mScanning dependencies of target waypoint_navigation_interfaces__python[0m
[ 82%] [32mBuilding C object CMakeFiles/waypoint_navigation_interfaces__python.dir/rosidl_generator_py/waypoint_navigation_interfaces/action/_navigate_to_wp_s.c.o[0m
[ 84%] [32mBuilding C object CMakeFiles/waypoint_navigation_interfaces__python.dir/rosidl_generator_py/waypoint_navigation_interfaces/srv/_add_wp_s.c.o[0m
[ 85%] [32mBuilding C object CMakeFiles/waypoint_navigation_interfaces__python.dir/rosidl_generator_py/waypoint_navigation_interfaces/srv/_get_wp_s.c.o[0m
[ 87%] [32mBuilding C object CMakeFiles/waypoint_navigation_interfaces__python.dir/rosidl_generator_py/waypoint_navigation_interfaces/srv/_get_wps_s.c.o[0m
[ 88%] [32mBuilding C object CMakeFiles/waypoint_navigation_interfaces__python.dir/rosidl_generator_py/waypoint_navigation_interfaces/msg/_wp_s.c.o[0m
[ 90%] [32m[1mLinking C shared library rosidl_generator_py/waypoint_navigation_interfaces/libwaypoint_navigation_interfaces__python.so[0m
[ 90%] Built target waypoint_navigation_interfaces__python
[35m[1mScanning dependencies of target waypoint_navigation_interfaces__rosidl_typesupport_introspection_c__pyext[0m
[35m[1mScanning dependencies of target waypoint_navigation_interfaces__rosidl_typesupport_fastrtps_c__pyext[0m
[ 92%] [32mBuilding C object CMakeFiles/waypoint_navigation_interfaces__rosidl_typesupport_introspection_c__pyext.dir/rosidl_generator_py/waypoint_navigation_interfaces/_waypoint_navigation_interfaces_s.ep.rosidl_typesupport_introspection_c.c.o[0m
[ 93%] [32mBuilding C object CMakeFiles/waypoint_navigation_interfaces__rosidl_typesupport_fastrtps_c__pyext.dir/rosidl_generator_py/waypoint_navigation_interfaces/_waypoint_navigation_interfaces_s.ep.rosidl_typesupport_fastrtps_c.c.o[0m
[ 95%] [32m[1mLinking C shared library rosidl_generator_py/waypoint_navigation_interfaces/waypoint_navigation_interfaces_s__rosidl_typesupport_introspection_c.cpython-38-x86_64-linux-gnu.so[0m
[ 96%] [32m[1mLinking CXX shared library rosidl_generator_py/waypoint_navigation_interfaces/waypoint_navigation_interfaces_s__rosidl_typesupport_fastrtps_c.cpython-38-x86_64-linux-gnu.so[0m
[ 96%] Built target waypoint_navigation_interfaces__rosidl_typesupport_introspection_c__pyext
[35m[1mScanning dependencies of target waypoint_navigation_interfaces__rosidl_typesupport_c__pyext[0m
[ 98%] [32mBuilding C object CMakeFiles/waypoint_navigation_interfaces__rosidl_typesupport_c__pyext.dir/rosidl_generator_py/waypoint_navigation_interfaces/_waypoint_navigation_interfaces_s.ep.rosidl_typesupport_c.c.o[0m
[ 98%] Built target waypoint_navigation_interfaces__rosidl_typesupport_fastrtps_c__pyext
[100%] [32m[1mLinking C shared library rosidl_generator_py/waypoint_navigation_interfaces/waypoint_navigation_interfaces_s__rosidl_typesupport_c.cpython-38-x86_64-linux-gnu.so[0m
[100%] Built target waypoint_navigation_interfaces__rosidl_typesupport_c__pyext
-- Install configuration: ""
-- Installing: /home/turtlebot/robot_ws/install/waypoint_navigation_interfaces/share/ament_index/resource_index/rosidl_interfaces/waypoint_navigation_interfaces
-- Installing: /home/turtlebot/robot_ws/install/waypoint_navigation_interfaces/include/waypoint_navigation_interfaces
-- Installing: /home/turtlebot/robot_ws/install/waypoint_navigation_interfaces/include/waypoint_navigation_interfaces/msg
-- Installing: /home/turtlebot/robot_ws/install/waypoint_navigation_interfaces/include/waypoint_navigation_interfaces/msg/rosidl_generator_c__visibility_control.h
-- Installing: /home/turtlebot/robot_ws/install/waypoint_navigation_interfaces/include/waypoint_navigation_interfaces/msg/wp.h
-- Installing: /home/turtlebot/robot_ws/install/waypoint_navigation_interfaces/include/waypoint_navigation_interfaces/msg/detail
-- Installing: /home/turtlebot/robot_ws/install/waypoint_navigation_interfaces/include/waypoint_navigation_interfaces/msg/detail/wp__functions.c
-- Installing: /home/turtlebot/robot_ws/install/waypoint_navigation_interfaces/include/waypoint_navigation_interfaces/msg/detail/wp__type_support.h
-- Installing: /home/turtlebot/robot_ws/install/waypoint_navigation_interfaces/include/waypoint_navigation_interfaces/msg/detail/wp__struct.h
-- Installing: /home/turtlebot/robot_ws/install/waypoint_navigation_interfaces/include/waypoint_navigation_interfaces/msg/detail/wp__functions.h
-- Installing: /home/turtlebot/robot_ws/install/waypoint_navigation_interfaces/include/waypoint_navigation_interfaces/action
-- Installing: /home/turtlebot/robot_ws/install/waypoint_navigation_interfaces/include/waypoint_navigation_interfaces/action/detail
-- Installing: /home/turtlebot/robot_ws/install/waypoint_navigation_interfaces/include/waypoint_navigation_interfaces/action/detail/navigate_to_wp__functions.c
-- Installing: /home/turtlebot/robot_ws/install/waypoint_navigation_interfaces/include/waypoint_navigation_interfaces/action/detail/navigate_to_wp__type_support.h
-- Installing: /home/turtlebot/robot_ws/install/waypoint_navigation_interfaces/include/waypoint_navigation_interfaces/action/detail/navigate_to_wp__struct.h
-- Installing: /home/turtlebot/robot_ws/install/waypoint_navigation_interfaces/include/waypoint_navigation_interfaces/action/detail/navigate_to_wp__functions.h
-- Installing: /home/turtlebot/robot_ws/install/waypoint_navigation_interfaces/include/waypoint_navigation_interfaces/action/navigate_to_wp.h
-- Installing: /home/turtlebot/robot_ws/install/waypoint_navigation_interfaces/include/waypoint_navigation_interfaces/srv
-- Installing: /home/turtlebot/robot_ws/install/waypoint_navigation_interfaces/include/waypoint_navigation_interfaces/srv/get_wp.h
-- Installing: /home/turtlebot/robot_ws/install/waypoint_navigation_interfaces/include/waypoint_navigation_interfaces/srv/get_wps.h
-- Installing: /home/turtlebot/robot_ws/install/waypoint_navigation_interfaces/include/waypoint_navigation_interfaces/srv/detail
-- Installing: /home/turtlebot/robot_ws/install/waypoint_navigation_interfaces/include/waypoint_navigation_interfaces/srv/detail/get_wp__functions.h
-- Installing: /home/turtlebot/robot_ws/install/waypoint_navigation_interfaces/include/waypoint_navigation_interfaces/srv/detail/add_wp__struct.h
-- Installing: /home/turtlebot/robot_ws/install/waypoint_navigation_interfaces/include/waypoint_navigation_interfaces/srv/detail/get_wp__type_support.h
-- Installing: /home/turtlebot/robot_ws/install/waypoint_navigation_interfaces/include/waypoint_navigation_interfaces/srv/detail/add_wp__functions.c
-- Installing: /home/turtlebot/robot_ws/install/waypoint_navigation_interfaces/include/waypoint_navigation_interfaces/srv/detail/add_wp__functions.h
-- Installing: /home/turtlebot/robot_ws/install/waypoint_navigation_interfaces/include/waypoint_navigation_interfaces/srv/detail/get_wps__functions.c
-- Installing: /home/turtlebot/robot_ws/install/waypoint_navigation_interfaces/include/waypoint_navigation_interfaces/srv/detail/add_wp__type_support.h
-- Installing: /home/turtlebot/robot_ws/install/waypoint_navigation_interfaces/include/waypoint_navigation_interfaces/srv/detail/get_wp__struct.h
-- Installing: /home/turtlebot/robot_ws/install/waypoint_navigation_interfaces/include/waypoint_navigation_interfaces/srv/detail/get_wp__functions.c
-- Installing: /home/turtlebot/robot_ws/install/waypoint_navigation_interfaces/include/waypoint_navigation_interfaces/srv/detail/get_wps__struct.h
-- Installing: /home/turtlebot/robot_ws/install/waypoint_navigation_interfaces/include/waypoint_navigation_interfaces/srv/detail/get_wps__type_support.h
-- Installing: /home/turtlebot/robot_ws/install/waypoint_navigation_interfaces/include/waypoint_navigation_interfaces/srv/detail/get_wps__functions.h
-- Installing: /home/turtlebot/robot_ws/install/waypoint_navigation_interfaces/include/waypoint_navigation_interfaces/srv/add_wp.h
-- Installing: /home/turtlebot/robot_ws/install/waypoint_navigation_interfaces/share/waypoint_navigation_interfaces/environment/library_path.sh
-- Installing: /home/turtlebot/robot_ws/install/waypoint_navigation_interfaces/share/waypoint_navigation_interfaces/environment/library_path.dsv
-- Installing: /home/turtlebot/robot_ws/install/waypoint_navigation_interfaces/lib/libwaypoint_navigation_interfaces__rosidl_generator_c.so
-- Set runtime path of "/home/turtlebot/robot_ws/install/waypoint_navigation_interfaces/lib/libwaypoint_navigation_interfaces__rosidl_generator_c.so" to ""
-- Up-to-date: /home/turtlebot/robot_ws/install/waypoint_navigation_interfaces/include/waypoint_navigation_interfaces
-- Up-to-date: /home/turtlebot/robot_ws/install/waypoint_navigation_interfaces/include/waypoint_navigation_interfaces/msg
-- Up-to-date: /home/turtlebot/robot_ws/install/waypoint_navigation_interfaces/include/waypoint_navigation_interfaces/msg/detail
-- Installing: /home/turtlebot/robot_ws/install/waypoint_navigation_interfaces/include/waypoint_navigation_interfaces/msg/detail/wp__rosidl_typesupport_fastrtps_c.h
-- Installing: /home/turtlebot/robot_ws/install/waypoint_navigation_interfaces/include/waypoint_navigation_interfaces/msg/rosidl_typesupport_fastrtps_c__visibility_control.h
-- Up-to-date: /home/turtlebot/robot_ws/install/waypoint_navigation_interfaces/include/waypoint_navigation_interfaces/action
-- Up-to-date: /home/turtlebot/robot_ws/install/waypoint_navigation_interfaces/include/waypoint_navigation_interfaces/action/detail
-- Installing: /home/turtlebot/robot_ws/install/waypoint_navigation_interfaces/include/waypoint_navigation_interfaces/action/detail/navigate_to_wp__rosidl_typesupport_fastrtps_c.h
-- Up-to-date: /home/turtlebot/robot_ws/install/waypoint_navigation_interfaces/include/waypoint_navigation_interfaces/srv
-- Up-to-date: /home/turtlebot/robot_ws/install/waypoint_navigation_interfaces/include/waypoint_navigation_interfaces/srv/detail
-- Installing: /home/turtlebot/robot_ws/install/waypoint_navigation_interfaces/include/waypoint_navigation_interfaces/srv/detail/add_wp__rosidl_typesupport_fastrtps_c.h
-- Installing: /home/turtlebot/robot_ws/install/waypoint_navigation_interfaces/include/waypoint_navigation_interfaces/srv/detail/get_wp__rosidl_typesupport_fastrtps_c.h
-- Installing: /home/turtlebot/robot_ws/install/waypoint_navigation_interfaces/include/waypoint_navigation_interfaces/srv/detail/get_wps__rosidl_typesupport_fastrtps_c.h
-- Installing: /home/turtlebot/robot_ws/install/waypoint_navigation_interfaces/lib/libwaypoint_navigation_interfaces__rosidl_typesupport_fastrtps_c.so
-- Set runtime path of "/home/turtlebot/robot_ws/install/waypoint_navigation_interfaces/lib/libwaypoint_navigation_interfaces__rosidl_typesupport_fastrtps_c.so" to ""
-- Up-to-date: /home/turtlebot/robot_ws/install/waypoint_navigation_interfaces/include/waypoint_navigation_interfaces
-- Up-to-date: /home/turtlebot/robot_ws/install/waypoint_navigation_interfaces/include/waypoint_navigation_interfaces/msg
-- Installing: /home/turtlebot/robot_ws/install/waypoint_navigation_interfaces/include/waypoint_navigation_interfaces/msg/rosidl_typesupport_fastrtps_cpp__visibility_control.h
-- Up-to-date: /home/turtlebot/robot_ws/install/waypoint_navigation_interfaces/include/waypoint_navigation_interfaces/msg/detail
-- Installing: /home/turtlebot/robot_ws/install/waypoint_navigation_interfaces/include/waypoint_navigation_interfaces/msg/detail/dds_fastrtps
-- Installing: /home/turtlebot/robot_ws/install/waypoint_navigation_interfaces/include/waypoint_navigation_interfaces/msg/detail/wp__rosidl_typesupport_fastrtps_cpp.hpp
-- Up-to-date: /home/turtlebot/robot_ws/install/waypoint_navigation_interfaces/include/waypoint_navigation_interfaces/action
-- Up-to-date: /home/turtlebot/robot_ws/install/waypoint_navigation_interfaces/include/waypoint_navigation_interfaces/action/detail
-- Installing: /home/turtlebot/robot_ws/install/waypoint_navigation_interfaces/include/waypoint_navigation_interfaces/action/detail/dds_fastrtps
-- Installing: /home/turtlebot/robot_ws/install/waypoint_navigation_interfaces/include/waypoint_navigation_interfaces/action/detail/navigate_to_wp__rosidl_typesupport_fastrtps_cpp.hpp
-- Up-to-date: /home/turtlebot/robot_ws/install/waypoint_navigation_interfaces/include/waypoint_navigation_interfaces/srv
-- Up-to-date: /home/turtlebot/robot_ws/install/waypoint_navigation_interfaces/include/waypoint_navigation_interfaces/srv/detail
-- Installing: /home/turtlebot/robot_ws/install/waypoint_navigation_interfaces/include/waypoint_navigation_interfaces/srv/detail/add_wp__rosidl_typesupport_fastrtps_cpp.hpp
-- Installing: /home/turtlebot/robot_ws/install/waypoint_navigation_interfaces/include/waypoint_navigation_interfaces/srv/detail/get_wp__rosidl_typesupport_fastrtps_cpp.hpp
-- Installing: /home/turtlebot/robot_ws/install/waypoint_navigation_interfaces/include/waypoint_navigation_interfaces/srv/detail/dds_fastrtps
-- Installing: /home/turtlebot/robot_ws/install/waypoint_navigation_interfaces/include/waypoint_navigation_interfaces/srv/detail/get_wps__rosidl_typesupport_fastrtps_cpp.hpp
-- Installing: /home/turtlebot/robot_ws/install/waypoint_navigation_interfaces/lib/libwaypoint_navigation_interfaces__rosidl_typesupport_fastrtps_cpp.so
-- Set runtime path of "/home/turtlebot/robot_ws/install/waypoint_navigation_interfaces/lib/libwaypoint_navigation_interfaces__rosidl_typesupport_fastrtps_cpp.so" to ""
-- Up-to-date: /home/turtlebot/robot_ws/install/waypoint_navigation_interfaces/include/waypoint_navigation_interfaces
-- Up-to-date: /home/turtlebot/robot_ws/install/waypoint_navigation_interfaces/include/waypoint_navigation_interfaces/msg
-- Up-to-date: /home/turtlebot/robot_ws/install/waypoint_navigation_interfaces/include/waypoint_navigation_interfaces/msg/detail
-- Installing: /home/turtlebot/robot_ws/install/waypoint_navigation_interfaces/include/waypoint_navigation_interfaces/msg/detail/wp__type_support.c
-- Installing: /home/turtlebot/robot_ws/install/waypoint_navigation_interfaces/include/waypoint_navigation_interfaces/msg/detail/wp__rosidl_typesupport_introspection_c.h
-- Installing: /home/turtlebot/robot_ws/install/waypoint_navigation_interfaces/include/waypoint_navigation_interfaces/msg/rosidl_typesupport_introspection_c__visibility_control.h
-- Up-to-date: /home/turtlebot/robot_ws/install/waypoint_navigation_interfaces/include/waypoint_navigation_interfaces/action
-- Up-to-date: /home/turtlebot/robot_ws/install/waypoint_navigation_interfaces/include/waypoint_navigation_interfaces/action/detail
-- Installing: /home/turtlebot/robot_ws/install/waypoint_navigation_interfaces/include/waypoint_navigation_interfaces/action/detail/navigate_to_wp__type_support.c
-- Installing: /home/turtlebot/robot_ws/install/waypoint_navigation_interfaces/include/waypoint_navigation_interfaces/action/detail/navigate_to_wp__rosidl_typesupport_introspection_c.h
-- Up-to-date: /home/turtlebot/robot_ws/install/waypoint_navigation_interfaces/include/waypoint_navigation_interfaces/srv
-- Up-to-date: /home/turtlebot/robot_ws/install/waypoint_navigation_interfaces/include/waypoint_navigation_interfaces/srv/detail
-- Installing: /home/turtlebot/robot_ws/install/waypoint_navigation_interfaces/include/waypoint_navigation_interfaces/srv/detail/get_wps__rosidl_typesupport_introspection_c.h
-- Installing: /home/turtlebot/robot_ws/install/waypoint_navigation_interfaces/include/waypoint_navigation_interfaces/srv/detail/get_wps__type_support.c
-- Installing: /home/turtlebot/robot_ws/install/waypoint_navigation_interfaces/include/waypoint_navigation_interfaces/srv/detail/get_wp__type_support.c
-- Installing: /home/turtlebot/robot_ws/install/waypoint_navigation_interfaces/include/waypoint_navigation_interfaces/srv/detail/add_wp__type_support.c
-- Installing: /home/turtlebot/robot_ws/install/waypoint_navigation_interfaces/include/waypoint_navigation_interfaces/srv/detail/get_wp__rosidl_typesupport_introspection_c.h
-- Installing: /home/turtlebot/robot_ws/install/waypoint_navigation_interfaces/include/waypoint_navigation_interfaces/srv/detail/add_wp__rosidl_typesupport_introspection_c.h
-- Installing: /home/turtlebot/robot_ws/install/waypoint_navigation_interfaces/lib/libwaypoint_navigation_interfaces__rosidl_typesupport_introspection_c.so
-- Set runtime path of "/home/turtlebot/robot_ws/install/waypoint_navigation_interfaces/lib/libwaypoint_navigation_interfaces__rosidl_typesupport_introspection_c.so" to ""
-- Installing: /home/turtlebot/robot_ws/install/waypoint_navigation_interfaces/lib/libwaypoint_navigation_interfaces__rosidl_typesupport_c.so
-- Set runtime path of "/home/turtlebot/robot_ws/install/waypoint_navigation_interfaces/lib/libwaypoint_navigation_interfaces__rosidl_typesupport_c.so" to ""
-- Up-to-date: /home/turtlebot/robot_ws/install/waypoint_navigation_interfaces/include/waypoint_navigation_interfaces
-- Up-to-date: /home/turtlebot/robot_ws/install/waypoint_navigation_interfaces/include/waypoint_navigation_interfaces/msg
-- Up-to-date: /home/turtlebot/robot_ws/install/waypoint_navigation_interfaces/include/waypoint_navigation_interfaces/msg/detail
-- Installing: /home/turtlebot/robot_ws/install/waypoint_navigation_interfaces/include/waypoint_navigation_interfaces/msg/detail/wp__builder.hpp
-- Installing: /home/turtlebot/robot_ws/install/waypoint_navigation_interfaces/include/waypoint_navigation_interfaces/msg/detail/wp__struct.hpp
-- Installing: /home/turtlebot/robot_ws/install/waypoint_navigation_interfaces/include/waypoint_navigation_interfaces/msg/detail/wp__traits.hpp
-- Installing: /home/turtlebot/robot_ws/install/waypoint_navigation_interfaces/include/waypoint_navigation_interfaces/msg/wp.hpp
-- Up-to-date: /home/turtlebot/robot_ws/install/waypoint_navigation_interfaces/include/waypoint_navigation_interfaces/action
-- Installing: /home/turtlebot/robot_ws/install/waypoint_navigation_interfaces/include/waypoint_navigation_interfaces/action/navigate_to_wp.hpp
-- Up-to-date: /home/turtlebot/robot_ws/install/waypoint_navigation_interfaces/include/waypoint_navigation_interfaces/action/detail
-- Installing: /home/turtlebot/robot_ws/install/waypoint_navigation_interfaces/include/waypoint_navigation_interfaces/action/detail/navigate_to_wp__struct.hpp
-- Installing: /home/turtlebot/robot_ws/install/waypoint_navigation_interfaces/include/waypoint_navigation_interfaces/action/detail/navigate_to_wp__traits.hpp
-- Installing: /home/turtlebot/robot_ws/install/waypoint_navigation_interfaces/include/waypoint_navigation_interfaces/action/detail/navigate_to_wp__builder.hpp
-- Up-to-date: /home/turtlebot/robot_ws/install/waypoint_navigation_interfaces/include/waypoint_navigation_interfaces/srv
-- Installing: /home/turtlebot/robot_ws/install/waypoint_navigation_interfaces/include/waypoint_navigation_interfaces/srv/add_wp.hpp
-- Installing: /home/turtlebot/robot_ws/install/waypoint_navigation_interfaces/include/waypoint_navigation_interfaces/srv/get_wp.hpp
-- Up-to-date: /home/turtlebot/robot_ws/install/waypoint_navigation_interfaces/include/waypoint_navigation_interfaces/srv/detail
-- Installing: /home/turtlebot/robot_ws/install/waypoint_navigation_interfaces/include/waypoint_navigation_interfaces/srv/detail/get_wps__traits.hpp
-- Installing: /home/turtlebot/robot_ws/install/waypoint_navigation_interfaces/include/waypoint_navigation_interfaces/srv/detail/get_wps__builder.hpp
-- Installing: /home/turtlebot/robot_ws/install/waypoint_navigation_interfaces/include/waypoint_navigation_interfaces/srv/detail/get_wps__struct.hpp
-- Installing: /home/turtlebot/robot_ws/install/waypoint_navigation_interfaces/include/waypoint_navigation_interfaces/srv/detail/add_wp__struct.hpp
-- Installing: /home/turtlebot/robot_ws/install/waypoint_navigation_interfaces/include/waypoint_navigation_interfaces/srv/detail/get_wp__struct.hpp
-- Installing: /home/turtlebot/robot_ws/install/waypoint_navigation_interfaces/include/waypoint_navigation_interfaces/srv/detail/get_wp__traits.hpp
-- Installing: /home/turtlebot/robot_ws/install/waypoint_navigation_interfaces/include/waypoint_navigation_interfaces/srv/detail/add_wp__traits.hpp
-- Installing: /home/turtlebot/robot_ws/install/waypoint_navigation_interfaces/include/waypoint_navigation_interfaces/srv/detail/get_wp__builder.hpp
-- Installing: /home/turtlebot/robot_ws/install/waypoint_navigation_interfaces/include/waypoint_navigation_interfaces/srv/detail/add_wp__builder.hpp
-- Installing: /home/turtlebot/robot_ws/install/waypoint_navigation_interfaces/include/waypoint_navigation_interfaces/srv/get_wps.hpp
-- Up-to-date: /home/turtlebot/robot_ws/install/waypoint_navigation_interfaces/include/waypoint_navigation_interfaces
-- Up-to-date: /home/turtlebot/robot_ws/install/waypoint_navigation_interfaces/include/waypoint_navigation_interfaces/msg
-- Up-to-date: /home/turtlebot/robot_ws/install/waypoint_navigation_interfaces/include/waypoint_navigation_interfaces/msg/detail
-- Installing: /home/turtlebot/robot_ws/install/waypoint_navigation_interfaces/include/waypoint_navigation_interfaces/msg/detail/wp__rosidl_typesupport_introspection_cpp.hpp
-- Installing: /home/turtlebot/robot_ws/install/waypoint_navigation_interfaces/include/waypoint_navigation_interfaces/msg/detail/wp__type_support.cpp
-- Up-to-date: /home/turtlebot/robot_ws/install/waypoint_navigation_interfaces/include/waypoint_navigation_interfaces/action
-- Up-to-date: /home/turtlebot/robot_ws/install/waypoint_navigation_interfaces/include/waypoint_navigation_interfaces/action/detail
-- Installing: /home/turtlebot/robot_ws/install/waypoint_navigation_interfaces/include/waypoint_navigation_interfaces/action/detail/navigate_to_wp__type_support.cpp
-- Installing: /home/turtlebot/robot_ws/install/waypoint_navigation_interfaces/include/waypoint_navigation_interfaces/action/detail/navigate_to_wp__rosidl_typesupport_introspection_cpp.hpp
-- Up-to-date: /home/turtlebot/robot_ws/install/waypoint_navigation_interfaces/include/waypoint_navigation_interfaces/srv
-- Up-to-date: /home/turtlebot/robot_ws/install/waypoint_navigation_interfaces/include/waypoint_navigation_interfaces/srv/detail
-- Installing: /home/turtlebot/robot_ws/install/waypoint_navigation_interfaces/include/waypoint_navigation_interfaces/srv/detail/get_wps__rosidl_typesupport_introspection_cpp.hpp
-- Installing: /home/turtlebot/robot_ws/install/waypoint_navigation_interfaces/include/waypoint_navigation_interfaces/srv/detail/get_wps__type_support.cpp
-- Installing: /home/turtlebot/robot_ws/install/waypoint_navigation_interfaces/include/waypoint_navigation_interfaces/srv/detail/get_wp__rosidl_typesupport_introspection_cpp.hpp
-- Installing: /home/turtlebot/robot_ws/install/waypoint_navigation_interfaces/include/waypoint_navigation_interfaces/srv/detail/get_wp__type_support.cpp
-- Installing: /home/turtlebot/robot_ws/install/waypoint_navigation_interfaces/include/waypoint_navigation_interfaces/srv/detail/add_wp__type_support.cpp
-- Installing: /home/turtlebot/robot_ws/install/waypoint_navigation_interfaces/include/waypoint_navigation_interfaces/srv/detail/add_wp__rosidl_typesupport_introspection_cpp.hpp
-- Installing: /home/turtlebot/robot_ws/install/waypoint_navigation_interfaces/lib/libwaypoint_navigation_interfaces__rosidl_typesupport_introspection_cpp.so
-- Set runtime path of "/home/turtlebot/robot_ws/install/waypoint_navigation_interfaces/lib/libwaypoint_navigation_interfaces__rosidl_typesupport_introspection_cpp.so" to ""
-- Installing: /home/turtlebot/robot_ws/install/waypoint_navigation_interfaces/lib/libwaypoint_navigation_interfaces__rosidl_typesupport_cpp.so
-- Set runtime path of "/home/turtlebot/robot_ws/install/waypoint_navigation_interfaces/lib/libwaypoint_navigation_interfaces__rosidl_typesupport_cpp.so" to ""
-- Installing: /home/turtlebot/robot_ws/install/waypoint_navigation_interfaces/share/waypoint_navigation_interfaces/environment/pythonpath.sh
-- Installing: /home/turtlebot/robot_ws/install/waypoint_navigation_interfaces/share/waypoint_navigation_interfaces/environment/pythonpath.dsv
-- Installing: /home/turtlebot/robot_ws/install/waypoint_navigation_interfaces/lib/python3.8/site-packages/waypoint_navigation_interfaces/__init__.py
Compiling '/home/turtlebot/robot_ws/install/waypoint_navigation_interfaces/lib/python3.8/site-packages/waypoint_navigation_interfaces/__init__.py'...
-- Installing: /home/turtlebot/robot_ws/install/waypoint_navigation_interfaces/lib/python3.8/site-packages/waypoint_navigation_interfaces/action
-- Installing: /home/turtlebot/robot_ws/install/waypoint_navigation_interfaces/lib/python3.8/site-packages/waypoint_navigation_interfaces/action/__init__.py
-- Installing: /home/turtlebot/robot_ws/install/waypoint_navigation_interfaces/lib/python3.8/site-packages/waypoint_navigation_interfaces/action/_navigate_to_wp_s.c
-- Installing: /home/turtlebot/robot_ws/install/waypoint_navigation_interfaces/lib/python3.8/site-packages/waypoint_navigation_interfaces/action/_navigate_to_wp.py
-- Installing: /home/turtlebot/robot_ws/install/waypoint_navigation_interfaces/lib/python3.8/site-packages/waypoint_navigation_interfaces/srv
-- Installing: /home/turtlebot/robot_ws/install/waypoint_navigation_interfaces/lib/python3.8/site-packages/waypoint_navigation_interfaces/srv/_add_wp.py
-- Installing: /home/turtlebot/robot_ws/install/waypoint_navigation_interfaces/lib/python3.8/site-packages/waypoint_navigation_interfaces/srv/__init__.py
-- Installing: /home/turtlebot/robot_ws/install/waypoint_navigation_interfaces/lib/python3.8/site-packages/waypoint_navigation_interfaces/srv/_get_wp.py
-- Installing: /home/turtlebot/robot_ws/install/waypoint_navigation_interfaces/lib/python3.8/site-packages/waypoint_navigation_interfaces/srv/_add_wp_s.c
-- Installing: /home/turtlebot/robot_ws/install/waypoint_navigation_interfaces/lib/python3.8/site-packages/waypoint_navigation_interfaces/srv/_get_wps.py
-- Installing: /home/turtlebot/robot_ws/install/waypoint_navigation_interfaces/lib/python3.8/site-packages/waypoint_navigation_interfaces/srv/_get_wp_s.c
-- Installing: /home/turtlebot/robot_ws/install/waypoint_navigation_interfaces/lib/python3.8/site-packages/waypoint_navigation_interfaces/srv/_get_wps_s.c
-- Installing: /home/turtlebot/robot_ws/install/waypoint_navigation_interfaces/lib/python3.8/site-packages/waypoint_navigation_interfaces/msg
-- Installing: /home/turtlebot/robot_ws/install/waypoint_navigation_interfaces/lib/python3.8/site-packages/waypoint_navigation_interfaces/msg/_wp.py
-- Installing: /home/turtlebot/robot_ws/install/waypoint_navigation_interfaces/lib/python3.8/site-packages/waypoint_navigation_interfaces/msg/_wp_s.c
-- Installing: /home/turtlebot/robot_ws/install/waypoint_navigation_interfaces/lib/python3.8/site-packages/waypoint_navigation_interfaces/msg/__init__.py
-- Installing: /home/turtlebot/robot_ws/install/waypoint_navigation_interfaces/lib/python3.8/site-packages/waypoint_navigation_interfaces/waypoint_navigation_interfaces_s__rosidl_typesupport_fastrtps_c.cpython-38-x86_64-linux-gnu.so
-- Set runtime path of "/home/turtlebot/robot_ws/install/waypoint_navigation_interfaces/lib/python3.8/site-packages/waypoint_navigation_interfaces/waypoint_navigation_interfaces_s__rosidl_typesupport_fastrtps_c.cpython-38-x86_64-linux-gnu.so" to ""
-- Installing: /home/turtlebot/robot_ws/install/waypoint_navigation_interfaces/lib/python3.8/site-packages/waypoint_navigation_interfaces/waypoint_navigation_interfaces_s__rosidl_typesupport_introspection_c.cpython-38-x86_64-linux-gnu.so
-- Set runtime path of "/home/turtlebot/robot_ws/install/waypoint_navigation_interfaces/lib/python3.8/site-packages/waypoint_navigation_interfaces/waypoint_navigation_interfaces_s__rosidl_typesupport_introspection_c.cpython-38-x86_64-linux-gnu.so" to ""
-- Installing: /home/turtlebot/robot_ws/install/waypoint_navigation_interfaces/lib/python3.8/site-packages/waypoint_navigation_interfaces/waypoint_navigation_interfaces_s__rosidl_typesupport_c.cpython-38-x86_64-linux-gnu.so
-- Set runtime path of "/home/turtlebot/robot_ws/install/waypoint_navigation_interfaces/lib/python3.8/site-packages/waypoint_navigation_interfaces/waypoint_navigation_interfaces_s__rosidl_typesupport_c.cpython-38-x86_64-linux-gnu.so" to ""
-- Installing: /home/turtlebot/robot_ws/install/waypoint_navigation_interfaces/lib/libwaypoint_navigation_interfaces__python.so
-- Set runtime path of "/home/turtlebot/robot_ws/install/waypoint_navigation_interfaces/lib/libwaypoint_navigation_interfaces__python.so" to ""
-- Installing: /home/turtlebot/robot_ws/install/waypoint_navigation_interfaces/share/waypoint_navigation_interfaces/action/NavigateToWp.idl
-- Installing: /home/turtlebot/robot_ws/install/waypoint_navigation_interfaces/share/waypoint_navigation_interfaces/srv/AddWp.idl
-- Installing: /home/turtlebot/robot_ws/install/waypoint_navigation_interfaces/share/waypoint_navigation_interfaces/srv/GetWp.idl
-- Installing: /home/turtlebot/robot_ws/install/waypoint_navigation_interfaces/share/waypoint_navigation_interfaces/srv/GetWps.idl
-- Installing: /home/turtlebot/robot_ws/install/waypoint_navigation_interfaces/share/waypoint_navigation_interfaces/msg/Wp.idl
-- Installing: /home/turtlebot/robot_ws/install/waypoint_navigation_interfaces/share/waypoint_navigation_interfaces/action/NavigateToWp.action
-- Installing: /home/turtlebot/robot_ws/install/waypoint_navigation_interfaces/share/waypoint_navigation_interfaces/srv/AddWp.srv
-- Installing: /home/turtlebot/robot_ws/install/waypoint_navigation_interfaces/share/waypoint_navigation_interfaces/srv/AddWp_Request.msg
-- Installing: /home/turtlebot/robot_ws/install/waypoint_navigation_interfaces/share/waypoint_navigation_interfaces/srv/AddWp_Response.msg
-- Installing: /home/turtlebot/robot_ws/install/waypoint_navigation_interfaces/share/waypoint_navigation_interfaces/srv/GetWp.srv
-- Installing: /home/turtlebot/robot_ws/install/waypoint_navigation_interfaces/share/waypoint_navigation_interfaces/srv/GetWp_Request.msg
-- Installing: /home/turtlebot/robot_ws/install/waypoint_navigation_interfaces/share/waypoint_navigation_interfaces/srv/GetWp_Response.msg
-- Installing: /home/turtlebot/robot_ws/install/waypoint_navigation_interfaces/share/waypoint_navigation_interfaces/srv/GetWps.srv
-- Installing: /home/turtlebot/robot_ws/install/waypoint_navigation_interfaces/share/waypoint_navigation_interfaces/srv/GetWps_Request.msg
-- Installing: /home/turtlebot/robot_ws/install/waypoint_navigation_interfaces/share/waypoint_navigation_interfaces/srv/GetWps_Response.msg
-- Installing: /home/turtlebot/robot_ws/install/waypoint_navigation_interfaces/share/waypoint_navigation_interfaces/msg/Wp.msg
-- Installing: /home/turtlebot/robot_ws/install/waypoint_navigation_interfaces/share/ament_index/resource_index/package_run_dependencies/waypoint_navigation_interfaces
-- Installing: /home/turtlebot/robot_ws/install/waypoint_navigation_interfaces/share/ament_index/resource_index/parent_prefix_path/waypoint_navigation_interfaces
-- Installing: /home/turtlebot/robot_ws/install/waypoint_navigation_interfaces/share/waypoint_navigation_interfaces/environment/ament_prefix_path.sh
-- Installing: /home/turtlebot/robot_ws/install/waypoint_navigation_interfaces/share/waypoint_navigation_interfaces/environment/ament_prefix_path.dsv
-- Installing: /home/turtlebot/robot_ws/install/waypoint_navigation_interfaces/share/waypoint_navigation_interfaces/environment/path.sh
-- Installing: /home/turtlebot/robot_ws/install/waypoint_navigation_interfaces/share/waypoint_navigation_interfaces/environment/path.dsv
-- Installing: /home/turtlebot/robot_ws/install/waypoint_navigation_interfaces/share/waypoint_navigation_interfaces/local_setup.bash
-- Installing: /home/turtlebot/robot_ws/install/waypoint_navigation_interfaces/share/waypoint_navigation_interfaces/local_setup.sh
-- Installing: /home/turtlebot/robot_ws/install/waypoint_navigation_interfaces/share/waypoint_navigation_interfaces/local_setup.zsh
-- Installing: /home/turtlebot/robot_ws/install/waypoint_navigation_interfaces/share/waypoint_navigation_interfaces/local_setup.dsv
-- Installing: /home/turtlebot/robot_ws/install/waypoint_navigation_interfaces/share/waypoint_navigation_interfaces/package.dsv
-- Installing: /home/turtlebot/robot_ws/install/waypoint_navigation_interfaces/share/ament_index/resource_index/packages/waypoint_navigation_interfaces
-- Installing: /home/turtlebot/robot_ws/install/waypoint_navigation_interfaces/share/waypoint_navigation_interfaces/cmake/waypoint_navigation_interfaces__rosidl_generator_cExport.cmake
-- Installing: /home/turtlebot/robot_ws/install/waypoint_navigation_interfaces/share/waypoint_navigation_interfaces/cmake/waypoint_navigation_interfaces__rosidl_generator_cExport-noconfig.cmake
-- Installing: /home/turtlebot/robot_ws/install/waypoint_navigation_interfaces/share/waypoint_navigation_interfaces/cmake/waypoint_navigation_interfaces__rosidl_typesupport_introspection_cExport.cmake
-- Installing: /home/turtlebot/robot_ws/install/waypoint_navigation_interfaces/share/waypoint_navigation_interfaces/cmake/waypoint_navigation_interfaces__rosidl_typesupport_introspection_cExport-noconfig.cmake
-- Installing: /home/turtlebot/robot_ws/install/waypoint_navigation_interfaces/share/waypoint_navigation_interfaces/cmake/waypoint_navigation_interfaces__rosidl_typesupport_cExport.cmake
-- Installing: /home/turtlebot/robot_ws/install/waypoint_navigation_interfaces/share/waypoint_navigation_interfaces/cmake/waypoint_navigation_interfaces__rosidl_typesupport_cExport-noconfig.cmake
-- Installing: /home/turtlebot/robot_ws/install/waypoint_navigation_interfaces/share/waypoint_navigation_interfaces/cmake/waypoint_navigation_interfaces__rosidl_generator_cppExport.cmake
-- Installing: /home/turtlebot/robot_ws/install/waypoint_navigation_interfaces/share/waypoint_navigation_interfaces/cmake/waypoint_navigation_interfaces__rosidl_typesupport_introspection_cppExport.cmake
-- Installing: /home/turtlebot/robot_ws/install/waypoint_navigation_interfaces/share/waypoint_navigation_interfaces/cmake/waypoint_navigation_interfaces__rosidl_typesupport_introspection_cppExport-noconfig.cmake
-- Installing: /home/turtlebot/robot_ws/install/waypoint_navigation_interfaces/share/waypoint_navigation_interfaces/cmake/waypoint_navigation_interfaces__rosidl_typesupport_cppExport.cmake
-- Installing: /home/turtlebot/robot_ws/install/waypoint_navigation_interfaces/share/waypoint_navigation_interfaces/cmake/waypoint_navigation_interfaces__rosidl_typesupport_cppExport-noconfig.cmake
-- Installing: /home/turtlebot/robot_ws/install/waypoint_navigation_interfaces/share/waypoint_navigation_interfaces/cmake/rosidl_cmake-extras.cmake
-- Installing: /home/turtlebot/robot_ws/install/waypoint_navigation_interfaces/share/waypoint_navigation_interfaces/cmake/ament_cmake_export_dependencies-extras.cmake
-- Installing: /home/turtlebot/robot_ws/install/waypoint_navigation_interfaces/share/waypoint_navigation_interfaces/cmake/ament_cmake_export_libraries-extras.cmake
-- Installing: /home/turtlebot/robot_ws/install/waypoint_navigation_interfaces/share/waypoint_navigation_interfaces/cmake/ament_cmake_export_targets-extras.cmake
-- Installing: /home/turtlebot/robot_ws/install/waypoint_navigation_interfaces/share/waypoint_navigation_interfaces/cmake/ament_cmake_export_include_directories-extras.cmake
-- Installing: /home/turtlebot/robot_ws/install/waypoint_navigation_interfaces/share/waypoint_navigation_interfaces/cmake/rosidl_cmake_export_typesupport_libraries-extras.cmake
-- Installing: /home/turtlebot/robot_ws/install/waypoint_navigation_interfaces/share/waypoint_navigation_interfaces/cmake/rosidl_cmake_export_typesupport_targets-extras.cmake
-- Installing: /home/turtlebot/robot_ws/install/waypoint_navigation_interfaces/share/waypoint_navigation_interfaces/cmake/waypoint_navigation_interfacesConfig.cmake
-- Installing: /home/turtlebot/robot_ws/install/waypoint_navigation_interfaces/share/waypoint_navigation_interfaces/cmake/waypoint_navigation_interfacesConfig-version.cmake
-- Installing: /home/turtlebot/robot_ws/install/waypoint_navigation_interfaces/share/waypoint_navigation_interfaces/package.xml
