[0.043s] Invoking command in '/home/turtlebot/robot_ws/build/waypoint_navigation_interfaces': CMAKE_PREFIX_PATH=/opt/ros/foxy /usr/bin/cmake /home/turtlebot/robot_ws/src/waypoint_navigation/waypoint_navigation_interfaces -DCMAKE_INSTALL_PREFIX=/home/turtlebot/robot_ws/install/waypoint_navigation_interfaces
[0.330s] -- The C compiler identification is GNU 9.4.0
[0.587s] -- The CXX compiler identification is GNU 9.4.0
[0.609s] -- Check for working C compiler: /usr/bin/cc
[0.756s] -- Check for working C compiler: /usr/bin/cc -- works
[0.761s] -- Detecting C compiler ABI info
[0.883s] -- Detecting C compiler ABI info - done
[0.904s] -- Detecting C compile features
[0.905s] -- Detecting C compile features - done
[0.913s] -- Check for working CXX compiler: /usr/bin/c++
[1.040s] -- Check for working CXX compiler: /usr/bin/c++ -- works
[1.042s] -- Detecting CXX compiler ABI info
[1.215s] -- Detecting CXX compiler ABI info - done
[1.244s] -- Detecting CXX compile features
[1.246s] -- Detecting CXX compile features - done
[1.263s] -- Found ament_cmake: 0.9.11 (/opt/ros/foxy/share/ament_cmake/cmake)
[1.339s] -- Found PythonInterp: /usr/bin/python3 (found suitable version "3.8.10", minimum required is "3") 
[1.340s] -- Using PYTHON_EXECUTABLE: /usr/bin/python3
[1.729s] -- Found geometry_msgs: 2.0.5 (/opt/ros/foxy/share/geometry_msgs/cmake)
[1.823s] -- Using all available rosidl_typesupport_c: rosidl_typesupport_fastrtps_c;rosidl_typesupport_introspection_c
[1.846s] -- Found rosidl_adapter: 1.3.0 (/opt/ros/foxy/share/rosidl_adapter/cmake)
[2.078s] -- Found OpenSSL: /usr/lib/x86_64-linux-gnu/libcrypto.so (found version "1.1.1f")  
[2.153s] -- Found FastRTPS: /opt/ros/foxy/include  
[2.346s] -- Using all available rosidl_typesupport_cpp: rosidl_typesupport_fastrtps_cpp;rosidl_typesupport_introspection_cpp
[2.580s] -- Found ament_lint_auto: 0.9.8 (/opt/ros/foxy/share/ament_lint_auto/cmake)
[2.787s] -- Found rosidl_default_generators: 1.0.1 (/opt/ros/foxy/share/rosidl_default_generators/cmake)
[2.877s] -- Found PythonInterp: /usr/bin/python3 (found version "3.8.10") 
[3.403s] -- Found ament_cmake_ros: 0.9.2 (/opt/ros/foxy/share/ament_cmake_ros/cmake)
[3.870s] -- Using all available rosidl_typesupport_c: rosidl_typesupport_fastrtps_c;rosidl_typesupport_introspection_c
[4.087s] -- Using all available rosidl_typesupport_cpp: rosidl_typesupport_fastrtps_cpp;rosidl_typesupport_introspection_cpp
[4.129s] -- Found PythonInterp: /usr/bin/python3 (found suitable version "3.8.10", minimum required is "3.5") 
[4.133s] -- Found python_cmake_module: 0.8.1 (/opt/ros/foxy/share/python_cmake_module/cmake)
[4.179s] -- Found PythonLibs: /usr/lib/x86_64-linux-gnu/libpython3.8.so (found suitable version "3.8.10", minimum required is "3.5") 
[4.180s] -- Using PYTHON_EXECUTABLE: /usr/bin/python3
[4.180s] -- Using PYTHON_INCLUDE_DIRS: /usr/include/python3.8
[4.181s] -- Using PYTHON_LIBRARIES: /usr/lib/x86_64-linux-gnu/libpython3.8.so
[4.214s] -- Found PythonExtra: .so  
[4.443s] -- Added test 'copyright' to check source files copyright and LICENSE
[4.449s] -- Added test 'lint_cmake' to check CMake code style
[4.452s] -- Added test 'xmllint' to check XML markup files
[4.470s] -- Configuring done
[4.620s] -- Generating done
[4.627s] -- Build files have been written to: /home/turtlebot/robot_ws/build/waypoint_navigation_interfaces
[4.649s] Invoked command in '/home/turtlebot/robot_ws/build/waypoint_navigation_interfaces' returned '0': CMAKE_PREFIX_PATH=/opt/ros/foxy /usr/bin/cmake /home/turtlebot/robot_ws/src/waypoint_navigation/waypoint_navigation_interfaces -DCMAKE_INSTALL_PREFIX=/home/turtlebot/robot_ws/install/waypoint_navigation_interfaces
[4.651s] Invoking command in '/home/turtlebot/robot_ws/build/waypoint_navigation_interfaces': CMAKE_PREFIX_PATH=/opt/ros/foxy /usr/bin/cmake --build /home/turtlebot/robot_ws/build/waypoint_navigation_interfaces -- -j2 -l2
[4.741s] [35m[1mScanning dependencies of target waypoint_navigation_interfaces__cpp[0m
[4.742s] [  1%] [34m[1mGenerating C code for ROS interfaces[0m
[4.758s] [  3%] [34m[1mGenerating C++ code for ROS interfaces[0m
[5.740s] [  3%] Built target waypoint_navigation_interfaces__cpp
[5.770s] [  4%] [34m[1mGenerating C++ introspection for ROS interfaces[0m
[5.911s] [35m[1mScanning dependencies of target waypoint_navigation_interfaces__rosidl_generator_c[0m
[5.945s] [  6%] [32mBuilding C object CMakeFiles/waypoint_navigation_interfaces__rosidl_generator_c.dir/rosidl_generator_c/waypoint_navigation_interfaces/action/detail/navigate_to_wp__functions.c.o[0m
[6.158s] [  7%] [32mBuilding C object CMakeFiles/waypoint_navigation_interfaces__rosidl_generator_c.dir/rosidl_generator_c/waypoint_navigation_interfaces/srv/detail/add_wp__functions.c.o[0m
[6.237s] [  9%] [32mBuilding C object CMakeFiles/waypoint_navigation_interfaces__rosidl_generator_c.dir/rosidl_generator_c/waypoint_navigation_interfaces/srv/detail/get_wp__functions.c.o[0m
[6.316s] [ 11%] [32mBuilding C object CMakeFiles/waypoint_navigation_interfaces__rosidl_generator_c.dir/rosidl_generator_c/waypoint_navigation_interfaces/srv/detail/get_wps__functions.c.o[0m
[6.395s] [ 12%] [32mBuilding C object CMakeFiles/waypoint_navigation_interfaces__rosidl_generator_c.dir/rosidl_generator_c/waypoint_navigation_interfaces/msg/detail/wp__functions.c.o[0m
[6.458s] [ 14%] [32m[1mLinking C shared library libwaypoint_navigation_interfaces__rosidl_generator_c.so[0m
[6.469s] [35m[1mScanning dependencies of target waypoint_navigation_interfaces__rosidl_typesupport_introspection_cpp[0m
[6.519s] [ 15%] [32mBuilding CXX object CMakeFiles/waypoint_navigation_interfaces__rosidl_typesupport_introspection_cpp.dir/rosidl_typesupport_introspection_cpp/waypoint_navigation_interfaces/action/detail/navigate_to_wp__type_support.cpp.o[0m
[6.558s] [ 15%] Built target waypoint_navigation_interfaces__rosidl_generator_c
[6.576s] [ 17%] [34m[1mGenerating C++ type support for eProsima Fast-RTPS[0m
[7.054s] [ 19%] [32mBuilding CXX object CMakeFiles/waypoint_navigation_interfaces__rosidl_typesupport_introspection_cpp.dir/rosidl_typesupport_introspection_cpp/waypoint_navigation_interfaces/srv/detail/add_wp__type_support.cpp.o[0m
[7.407s] [35m[1mScanning dependencies of target waypoint_navigation_interfaces__rosidl_typesupport_fastrtps_cpp[0m
[7.459s] [ 20%] [32mBuilding CXX object CMakeFiles/waypoint_navigation_interfaces__rosidl_typesupport_introspection_cpp.dir/rosidl_typesupport_introspection_cpp/waypoint_navigation_interfaces/srv/detail/get_wp__type_support.cpp.o[0m
[7.461s] [ 22%] [32mBuilding CXX object CMakeFiles/waypoint_navigation_interfaces__rosidl_typesupport_fastrtps_cpp.dir/rosidl_typesupport_fastrtps_cpp/waypoint_navigation_interfaces/action/detail/dds_fastrtps/navigate_to_wp__type_support.cpp.o[0m
[7.862s] [ 23%] [32mBuilding CXX object CMakeFiles/waypoint_navigation_interfaces__rosidl_typesupport_introspection_cpp.dir/rosidl_typesupport_introspection_cpp/waypoint_navigation_interfaces/srv/detail/get_wps__type_support.cpp.o[0m
[8.166s] [ 25%] [32mBuilding CXX object CMakeFiles/waypoint_navigation_interfaces__rosidl_typesupport_fastrtps_cpp.dir/rosidl_typesupport_fastrtps_cpp/waypoint_navigation_interfaces/srv/detail/dds_fastrtps/add_wp__type_support.cpp.o[0m
[8.327s] [ 26%] [32mBuilding CXX object CMakeFiles/waypoint_navigation_interfaces__rosidl_typesupport_introspection_cpp.dir/rosidl_typesupport_introspection_cpp/waypoint_navigation_interfaces/msg/detail/wp__type_support.cpp.o[0m
[8.717s] [ 28%] [32m[1mLinking CXX shared library libwaypoint_navigation_interfaces__rosidl_typesupport_introspection_cpp.so[0m
[8.749s] [ 30%] [32mBuilding CXX object CMakeFiles/waypoint_navigation_interfaces__rosidl_typesupport_fastrtps_cpp.dir/rosidl_typesupport_fastrtps_cpp/waypoint_navigation_interfaces/srv/detail/dds_fastrtps/get_wp__type_support.cpp.o[0m
[8.817s] [ 30%] Built target waypoint_navigation_interfaces__rosidl_typesupport_introspection_cpp
[8.832s] [ 31%] [34m[1mGenerating C introspection for ROS interfaces[0m
[9.335s] [ 33%] [32mBuilding CXX object CMakeFiles/waypoint_navigation_interfaces__rosidl_typesupport_fastrtps_cpp.dir/rosidl_typesupport_fastrtps_cpp/waypoint_navigation_interfaces/srv/detail/dds_fastrtps/get_wps__type_support.cpp.o[0m
[9.583s] [35m[1mScanning dependencies of target waypoint_navigation_interfaces__rosidl_typesupport_introspection_c[0m
[9.623s] [ 34%] [32mBuilding C object CMakeFiles/waypoint_navigation_interfaces__rosidl_typesupport_introspection_c.dir/rosidl_typesupport_introspection_c/waypoint_navigation_interfaces/action/detail/navigate_to_wp__type_support.c.o[0m
[9.686s] [ 36%] [32mBuilding C object CMakeFiles/waypoint_navigation_interfaces__rosidl_typesupport_introspection_c.dir/rosidl_typesupport_introspection_c/waypoint_navigation_interfaces/srv/detail/add_wp__type_support.c.o[0m
[9.736s] [ 38%] [32mBuilding C object CMakeFiles/waypoint_navigation_interfaces__rosidl_typesupport_introspection_c.dir/rosidl_typesupport_introspection_c/waypoint_navigation_interfaces/srv/detail/get_wp__type_support.c.o[0m
[9.784s] [ 39%] [32mBuilding C object CMakeFiles/waypoint_navigation_interfaces__rosidl_typesupport_introspection_c.dir/rosidl_typesupport_introspection_c/waypoint_navigation_interfaces/srv/detail/get_wps__type_support.c.o[0m
[9.837s] [ 41%] [32mBuilding C object CMakeFiles/waypoint_navigation_interfaces__rosidl_typesupport_introspection_c.dir/rosidl_typesupport_introspection_c/waypoint_navigation_interfaces/msg/detail/wp__type_support.c.o[0m
[9.882s] [ 42%] [32m[1mLinking C shared library libwaypoint_navigation_interfaces__rosidl_typesupport_introspection_c.so[0m
[9.932s] [ 42%] Built target waypoint_navigation_interfaces__rosidl_typesupport_introspection_c
[9.948s] [ 44%] [34m[1mGenerating C type support dispatch for ROS interfaces[0m
[10.000s] [ 46%] [32mBuilding CXX object CMakeFiles/waypoint_navigation_interfaces__rosidl_typesupport_fastrtps_cpp.dir/rosidl_typesupport_fastrtps_cpp/waypoint_navigation_interfaces/msg/detail/dds_fastrtps/wp__type_support.cpp.o[0m
[10.470s] [35m[1mScanning dependencies of target waypoint_navigation_interfaces__rosidl_typesupport_c[0m
[10.505s] [ 47%] [32mBuilding CXX object CMakeFiles/waypoint_navigation_interfaces__rosidl_typesupport_c.dir/rosidl_typesupport_c/waypoint_navigation_interfaces/action/navigate_to_wp__type_support.cpp.o[0m
[10.570s] [ 49%] [32m[1mLinking CXX shared library libwaypoint_navigation_interfaces__rosidl_typesupport_fastrtps_cpp.so[0m
[10.571s] [ 50%] [32mBuilding CXX object CMakeFiles/waypoint_navigation_interfaces__rosidl_typesupport_c.dir/rosidl_typesupport_c/waypoint_navigation_interfaces/srv/add_wp__type_support.cpp.o[0m
[10.616s] [ 52%] [32mBuilding CXX object CMakeFiles/waypoint_navigation_interfaces__rosidl_typesupport_c.dir/rosidl_typesupport_c/waypoint_navigation_interfaces/srv/get_wp__type_support.cpp.o[0m
[10.663s] [ 53%] [32mBuilding CXX object CMakeFiles/waypoint_navigation_interfaces__rosidl_typesupport_c.dir/rosidl_typesupport_c/waypoint_navigation_interfaces/srv/get_wps__type_support.cpp.o[0m
[10.709s] [ 55%] [32mBuilding CXX object CMakeFiles/waypoint_navigation_interfaces__rosidl_typesupport_c.dir/rosidl_typesupport_c/waypoint_navigation_interfaces/msg/wp__type_support.cpp.o[0m
[10.711s] [ 55%] Built target waypoint_navigation_interfaces__rosidl_typesupport_fastrtps_cpp
[10.727s] [ 57%] [34m[1mGenerating C++ type support dispatch for ROS interfaces[0m
[10.753s] [ 58%] [32m[1mLinking CXX shared library libwaypoint_navigation_interfaces__rosidl_typesupport_c.so[0m
[10.819s] [ 58%] Built target waypoint_navigation_interfaces__rosidl_typesupport_c
[10.837s] [ 60%] [34m[1mGenerating C type support for eProsima Fast-RTPS[0m
[11.258s] [35m[1mScanning dependencies of target waypoint_navigation_interfaces__rosidl_typesupport_cpp[0m
[11.283s] [ 61%] [32mBuilding CXX object CMakeFiles/waypoint_navigation_interfaces__rosidl_typesupport_cpp.dir/rosidl_typesupport_cpp/waypoint_navigation_interfaces/action/navigate_to_wp__type_support.cpp.o[0m
[11.647s] [35m[1mScanning dependencies of target waypoint_navigation_interfaces__rosidl_typesupport_fastrtps_c[0m
[11.693s] [ 63%] [32mBuilding CXX object CMakeFiles/waypoint_navigation_interfaces__rosidl_typesupport_fastrtps_c.dir/rosidl_typesupport_fastrtps_c/waypoint_navigation_interfaces/action/detail/navigate_to_wp__type_support_c.cpp.o[0m
[11.720s] [ 65%] [32mBuilding CXX object CMakeFiles/waypoint_navigation_interfaces__rosidl_typesupport_cpp.dir/rosidl_typesupport_cpp/waypoint_navigation_interfaces/srv/add_wp__type_support.cpp.o[0m
[12.103s] [ 66%] [32mBuilding CXX object CMakeFiles/waypoint_navigation_interfaces__rosidl_typesupport_cpp.dir/rosidl_typesupport_cpp/waypoint_navigation_interfaces/srv/get_wp__type_support.cpp.o[0m
[12.239s] [ 68%] [32mBuilding CXX object CMakeFiles/waypoint_navigation_interfaces__rosidl_typesupport_fastrtps_c.dir/rosidl_typesupport_fastrtps_c/waypoint_navigation_interfaces/srv/detail/add_wp__type_support_c.cpp.o[0m
[12.492s] [ 69%] [32mBuilding CXX object CMakeFiles/waypoint_navigation_interfaces__rosidl_typesupport_cpp.dir/rosidl_typesupport_cpp/waypoint_navigation_interfaces/srv/get_wps__type_support.cpp.o[0m
[12.738s] [ 71%] [32mBuilding CXX object CMakeFiles/waypoint_navigation_interfaces__rosidl_typesupport_fastrtps_c.dir/rosidl_typesupport_fastrtps_c/waypoint_navigation_interfaces/srv/detail/get_wp__type_support_c.cpp.o[0m
[12.893s] [ 73%] [32mBuilding CXX object CMakeFiles/waypoint_navigation_interfaces__rosidl_typesupport_cpp.dir/rosidl_typesupport_cpp/waypoint_navigation_interfaces/msg/wp__type_support.cpp.o[0m
[13.244s] [ 74%] [32mBuilding CXX object CMakeFiles/waypoint_navigation_interfaces__rosidl_typesupport_fastrtps_c.dir/rosidl_typesupport_fastrtps_c/waypoint_navigation_interfaces/srv/detail/get_wps__type_support_c.cpp.o[0m
[13.290s] [ 76%] [32m[1mLinking CXX shared library libwaypoint_navigation_interfaces__rosidl_typesupport_cpp.so[0m
[13.350s] [ 76%] Built target waypoint_navigation_interfaces__rosidl_typesupport_cpp
[13.363s] [ 77%] [32mBuilding CXX object CMakeFiles/waypoint_navigation_interfaces__rosidl_typesupport_fastrtps_c.dir/rosidl_typesupport_fastrtps_c/waypoint_navigation_interfaces/msg/detail/wp__type_support_c.cpp.o[0m
[13.844s] [ 79%] [32m[1mLinking CXX shared library libwaypoint_navigation_interfaces__rosidl_typesupport_fastrtps_c.so[0m
[13.972s] [ 79%] Built target waypoint_navigation_interfaces__rosidl_typesupport_fastrtps_c
[13.987s] [35m[1mScanning dependencies of target waypoint_navigation_interfaces[0m
[14.002s] [ 79%] Built target waypoint_navigation_interfaces
[14.018s] [35m[1mScanning dependencies of target waypoint_navigation_interfaces__py[0m
[14.036s] [ 80%] [34m[1mGenerating Python code for ROS interfaces[0m
[16.075s] [ 80%] Built target waypoint_navigation_interfaces__py
[16.092s] [35m[1mScanning dependencies of target waypoint_navigation_interfaces__python[0m
[16.224s] [ 82%] [32mBuilding C object CMakeFiles/waypoint_navigation_interfaces__python.dir/rosidl_generator_py/waypoint_navigation_interfaces/action/_navigate_to_wp_s.c.o[0m
[16.225s] [ 84%] [32mBuilding C object CMakeFiles/waypoint_navigation_interfaces__python.dir/rosidl_generator_py/waypoint_navigation_interfaces/srv/_add_wp_s.c.o[0m
[16.535s] [ 85%] [32mBuilding C object CMakeFiles/waypoint_navigation_interfaces__python.dir/rosidl_generator_py/waypoint_navigation_interfaces/srv/_get_wp_s.c.o[0m
[16.585s] [ 87%] [32mBuilding C object CMakeFiles/waypoint_navigation_interfaces__python.dir/rosidl_generator_py/waypoint_navigation_interfaces/srv/_get_wps_s.c.o[0m
[16.664s] [ 88%] [32mBuilding C object CMakeFiles/waypoint_navigation_interfaces__python.dir/rosidl_generator_py/waypoint_navigation_interfaces/msg/_wp_s.c.o[0m
[16.785s] [ 90%] [32m[1mLinking C shared library rosidl_generator_py/waypoint_navigation_interfaces/libwaypoint_navigation_interfaces__python.so[0m
[16.918s] [ 90%] Built target waypoint_navigation_interfaces__python
[16.949s] [35m[1mScanning dependencies of target waypoint_navigation_interfaces__rosidl_typesupport_introspection_c__pyext[0m
[16.950s] [35m[1mScanning dependencies of target waypoint_navigation_interfaces__rosidl_typesupport_fastrtps_c__pyext[0m
[16.986s] [ 92%] [32mBuilding C object CMakeFiles/waypoint_navigation_interfaces__rosidl_typesupport_introspection_c__pyext.dir/rosidl_generator_py/waypoint_navigation_interfaces/_waypoint_navigation_interfaces_s.ep.rosidl_typesupport_introspection_c.c.o[0m
[16.990s] [ 93%] [32mBuilding C object CMakeFiles/waypoint_navigation_interfaces__rosidl_typesupport_fastrtps_c__pyext.dir/rosidl_generator_py/waypoint_navigation_interfaces/_waypoint_navigation_interfaces_s.ep.rosidl_typesupport_fastrtps_c.c.o[0m
[17.154s] [ 95%] [32m[1mLinking C shared library rosidl_generator_py/waypoint_navigation_interfaces/waypoint_navigation_interfaces_s__rosidl_typesupport_introspection_c.cpython-38-x86_64-linux-gnu.so[0m
[17.163s] [ 96%] [32m[1mLinking CXX shared library rosidl_generator_py/waypoint_navigation_interfaces/waypoint_navigation_interfaces_s__rosidl_typesupport_fastrtps_c.cpython-38-x86_64-linux-gnu.so[0m
[17.216s] [ 96%] Built target waypoint_navigation_interfaces__rosidl_typesupport_introspection_c__pyext
[17.231s] [35m[1mScanning dependencies of target waypoint_navigation_interfaces__rosidl_typesupport_c__pyext[0m
[17.260s] [ 98%] [32mBuilding C object CMakeFiles/waypoint_navigation_interfaces__rosidl_typesupport_c__pyext.dir/rosidl_generator_py/waypoint_navigation_interfaces/_waypoint_navigation_interfaces_s.ep.rosidl_typesupport_c.c.o[0m
[17.268s] [ 98%] Built target waypoint_navigation_interfaces__rosidl_typesupport_fastrtps_c__pyext
[17.431s] [100%] [32m[1mLinking C shared library rosidl_generator_py/waypoint_navigation_interfaces/waypoint_navigation_interfaces_s__rosidl_typesupport_c.cpython-38-x86_64-linux-gnu.so[0m
[17.560s] [100%] Built target waypoint_navigation_interfaces__rosidl_typesupport_c__pyext
[17.610s] Invoked command in '/home/turtlebot/robot_ws/build/waypoint_navigation_interfaces' returned '0': CMAKE_PREFIX_PATH=/opt/ros/foxy /usr/bin/cmake --build /home/turtlebot/robot_ws/build/waypoint_navigation_interfaces -- -j2 -l2
[18.049s] Invoking command in '/home/turtlebot/robot_ws/build/waypoint_navigation_interfaces': CMAKE_PREFIX_PATH=/opt/ros/foxy /usr/bin/cmake --install /home/turtlebot/robot_ws/build/waypoint_navigation_interfaces
[18.090s] -- Install configuration: ""
[18.091s] -- Installing: /home/turtlebot/robot_ws/install/waypoint_navigation_interfaces/share/ament_index/resource_index/rosidl_interfaces/waypoint_navigation_interfaces
[18.092s] -- Installing: /home/turtlebot/robot_ws/install/waypoint_navigation_interfaces/include/waypoint_navigation_interfaces
[18.093s] -- Installing: /home/turtlebot/robot_ws/install/waypoint_navigation_interfaces/include/waypoint_navigation_interfaces/msg
[18.094s] -- Installing: /home/turtlebot/robot_ws/install/waypoint_navigation_interfaces/include/waypoint_navigation_interfaces/msg/rosidl_generator_c__visibility_control.h
[18.095s] -- Installing: /home/turtlebot/robot_ws/install/waypoint_navigation_interfaces/include/waypoint_navigation_interfaces/msg/wp.h
[18.096s] -- Installing: /home/turtlebot/robot_ws/install/waypoint_navigation_interfaces/include/waypoint_navigation_interfaces/msg/detail
[18.097s] -- Installing: /home/turtlebot/robot_ws/install/waypoint_navigation_interfaces/include/waypoint_navigation_interfaces/msg/detail/wp__functions.c
[18.098s] -- Installing: /home/turtlebot/robot_ws/install/waypoint_navigation_interfaces/include/waypoint_navigation_interfaces/msg/detail/wp__type_support.h
[18.100s] -- Installing: /home/turtlebot/robot_ws/install/waypoint_navigation_interfaces/include/waypoint_navigation_interfaces/msg/detail/wp__struct.h
[18.101s] -- Installing: /home/turtlebot/robot_ws/install/waypoint_navigation_interfaces/include/waypoint_navigation_interfaces/msg/detail/wp__functions.h
[18.102s] -- Installing: /home/turtlebot/robot_ws/install/waypoint_navigation_interfaces/include/waypoint_navigation_interfaces/action
[18.104s] -- Installing: /home/turtlebot/robot_ws/install/waypoint_navigation_interfaces/include/waypoint_navigation_interfaces/action/detail
[18.104s] -- Installing: /home/turtlebot/robot_ws/install/waypoint_navigation_interfaces/include/waypoint_navigation_interfaces/action/detail/navigate_to_wp__functions.c
[18.105s] -- Installing: /home/turtlebot/robot_ws/install/waypoint_navigation_interfaces/include/waypoint_navigation_interfaces/action/detail/navigate_to_wp__type_support.h
[18.106s] -- Installing: /home/turtlebot/robot_ws/install/waypoint_navigation_interfaces/include/waypoint_navigation_interfaces/action/detail/navigate_to_wp__struct.h
[18.107s] -- Installing: /home/turtlebot/robot_ws/install/waypoint_navigation_interfaces/include/waypoint_navigation_interfaces/action/detail/navigate_to_wp__functions.h
[18.107s] -- Installing: /home/turtlebot/robot_ws/install/waypoint_navigation_interfaces/include/waypoint_navigation_interfaces/action/navigate_to_wp.h
[18.108s] -- Installing: /home/turtlebot/robot_ws/install/waypoint_navigation_interfaces/include/waypoint_navigation_interfaces/srv
[18.109s] -- Installing: /home/turtlebot/robot_ws/install/waypoint_navigation_interfaces/include/waypoint_navigation_interfaces/srv/get_wp.h
[18.109s] -- Installing: /home/turtlebot/robot_ws/install/waypoint_navigation_interfaces/include/waypoint_navigation_interfaces/srv/get_wps.h
[18.110s] -- Installing: /home/turtlebot/robot_ws/install/waypoint_navigation_interfaces/include/waypoint_navigation_interfaces/srv/detail
[18.111s] -- Installing: /home/turtlebot/robot_ws/install/waypoint_navigation_interfaces/include/waypoint_navigation_interfaces/srv/detail/get_wp__functions.h
[18.111s] -- Installing: /home/turtlebot/robot_ws/install/waypoint_navigation_interfaces/include/waypoint_navigation_interfaces/srv/detail/add_wp__struct.h
[18.111s] -- Installing: /home/turtlebot/robot_ws/install/waypoint_navigation_interfaces/include/waypoint_navigation_interfaces/srv/detail/get_wp__type_support.h
[18.112s] -- Installing: /home/turtlebot/robot_ws/install/waypoint_navigation_interfaces/include/waypoint_navigation_interfaces/srv/detail/add_wp__functions.c
[18.112s] -- Installing: /home/turtlebot/robot_ws/install/waypoint_navigation_interfaces/include/waypoint_navigation_interfaces/srv/detail/add_wp__functions.h
[18.112s] -- Installing: /home/turtlebot/robot_ws/install/waypoint_navigation_interfaces/include/waypoint_navigation_interfaces/srv/detail/get_wps__functions.c
[18.113s] -- Installing: /home/turtlebot/robot_ws/install/waypoint_navigation_interfaces/include/waypoint_navigation_interfaces/srv/detail/add_wp__type_support.h
[18.113s] -- Installing: /home/turtlebot/robot_ws/install/waypoint_navigation_interfaces/include/waypoint_navigation_interfaces/srv/detail/get_wp__struct.h
[18.113s] -- Installing: /home/turtlebot/robot_ws/install/waypoint_navigation_interfaces/include/waypoint_navigation_interfaces/srv/detail/get_wp__functions.c
[18.113s] -- Installing: /home/turtlebot/robot_ws/install/waypoint_navigation_interfaces/include/waypoint_navigation_interfaces/srv/detail/get_wps__struct.h
[18.114s] -- Installing: /home/turtlebot/robot_ws/install/waypoint_navigation_interfaces/include/waypoint_navigation_interfaces/srv/detail/get_wps__type_support.h
[18.115s] -- Installing: /home/turtlebot/robot_ws/install/waypoint_navigation_interfaces/include/waypoint_navigation_interfaces/srv/detail/get_wps__functions.h
[18.115s] -- Installing: /home/turtlebot/robot_ws/install/waypoint_navigation_interfaces/include/waypoint_navigation_interfaces/srv/add_wp.h
[18.116s] -- Installing: /home/turtlebot/robot_ws/install/waypoint_navigation_interfaces/share/waypoint_navigation_interfaces/environment/library_path.sh
[18.117s] -- Installing: /home/turtlebot/robot_ws/install/waypoint_navigation_interfaces/share/waypoint_navigation_interfaces/environment/library_path.dsv
[18.117s] -- Installing: /home/turtlebot/robot_ws/install/waypoint_navigation_interfaces/lib/libwaypoint_navigation_interfaces__rosidl_generator_c.so
[18.118s] -- Set runtime path of "/home/turtlebot/robot_ws/install/waypoint_navigation_interfaces/lib/libwaypoint_navigation_interfaces__rosidl_generator_c.so" to ""
[18.118s] -- Up-to-date: /home/turtlebot/robot_ws/install/waypoint_navigation_interfaces/include/waypoint_navigation_interfaces
[18.119s] -- Up-to-date: /home/turtlebot/robot_ws/install/waypoint_navigation_interfaces/include/waypoint_navigation_interfaces/msg
[18.119s] -- Up-to-date: /home/turtlebot/robot_ws/install/waypoint_navigation_interfaces/include/waypoint_navigation_interfaces/msg/detail
[18.119s] -- Installing: /home/turtlebot/robot_ws/install/waypoint_navigation_interfaces/include/waypoint_navigation_interfaces/msg/detail/wp__rosidl_typesupport_fastrtps_c.h
[18.119s] -- Installing: /home/turtlebot/robot_ws/install/waypoint_navigation_interfaces/include/waypoint_navigation_interfaces/msg/rosidl_typesupport_fastrtps_c__visibility_control.h
[18.120s] -- Up-to-date: /home/turtlebot/robot_ws/install/waypoint_navigation_interfaces/include/waypoint_navigation_interfaces/action
[18.121s] -- Up-to-date: /home/turtlebot/robot_ws/install/waypoint_navigation_interfaces/include/waypoint_navigation_interfaces/action/detail
[18.122s] -- Installing: /home/turtlebot/robot_ws/install/waypoint_navigation_interfaces/include/waypoint_navigation_interfaces/action/detail/navigate_to_wp__rosidl_typesupport_fastrtps_c.h
[18.123s] -- Up-to-date: /home/turtlebot/robot_ws/install/waypoint_navigation_interfaces/include/waypoint_navigation_interfaces/srv
[18.123s] -- Up-to-date: /home/turtlebot/robot_ws/install/waypoint_navigation_interfaces/include/waypoint_navigation_interfaces/srv/detail
[18.124s] -- Installing: /home/turtlebot/robot_ws/install/waypoint_navigation_interfaces/include/waypoint_navigation_interfaces/srv/detail/add_wp__rosidl_typesupport_fastrtps_c.h
[18.124s] -- Installing: /home/turtlebot/robot_ws/install/waypoint_navigation_interfaces/include/waypoint_navigation_interfaces/srv/detail/get_wp__rosidl_typesupport_fastrtps_c.h
[18.125s] -- Installing: /home/turtlebot/robot_ws/install/waypoint_navigation_interfaces/include/waypoint_navigation_interfaces/srv/detail/get_wps__rosidl_typesupport_fastrtps_c.h
[18.125s] -- Installing: /home/turtlebot/robot_ws/install/waypoint_navigation_interfaces/lib/libwaypoint_navigation_interfaces__rosidl_typesupport_fastrtps_c.so
[18.125s] -- Set runtime path of "/home/turtlebot/robot_ws/install/waypoint_navigation_interfaces/lib/libwaypoint_navigation_interfaces__rosidl_typesupport_fastrtps_c.so" to ""
[18.126s] -- Up-to-date: /home/turtlebot/robot_ws/install/waypoint_navigation_interfaces/include/waypoint_navigation_interfaces
[18.126s] -- Up-to-date: /home/turtlebot/robot_ws/install/waypoint_navigation_interfaces/include/waypoint_navigation_interfaces/msg
[18.126s] -- Installing: /home/turtlebot/robot_ws/install/waypoint_navigation_interfaces/include/waypoint_navigation_interfaces/msg/rosidl_typesupport_fastrtps_cpp__visibility_control.h
[18.126s] -- Up-to-date: /home/turtlebot/robot_ws/install/waypoint_navigation_interfaces/include/waypoint_navigation_interfaces/msg/detail
[18.127s] -- Installing: /home/turtlebot/robot_ws/install/waypoint_navigation_interfaces/include/waypoint_navigation_interfaces/msg/detail/dds_fastrtps
[18.128s] -- Installing: /home/turtlebot/robot_ws/install/waypoint_navigation_interfaces/include/waypoint_navigation_interfaces/msg/detail/wp__rosidl_typesupport_fastrtps_cpp.hpp
[18.129s] -- Up-to-date: /home/turtlebot/robot_ws/install/waypoint_navigation_interfaces/include/waypoint_navigation_interfaces/action
[18.129s] -- Up-to-date: /home/turtlebot/robot_ws/install/waypoint_navigation_interfaces/include/waypoint_navigation_interfaces/action/detail
[18.130s] -- Installing: /home/turtlebot/robot_ws/install/waypoint_navigation_interfaces/include/waypoint_navigation_interfaces/action/detail/dds_fastrtps
[18.131s] -- Installing: /home/turtlebot/robot_ws/install/waypoint_navigation_interfaces/include/waypoint_navigation_interfaces/action/detail/navigate_to_wp__rosidl_typesupport_fastrtps_cpp.hpp
[18.132s] -- Up-to-date: /home/turtlebot/robot_ws/install/waypoint_navigation_interfaces/include/waypoint_navigation_interfaces/srv
[18.132s] -- Up-to-date: /home/turtlebot/robot_ws/install/waypoint_navigation_interfaces/include/waypoint_navigation_interfaces/srv/detail
[18.133s] -- Installing: /home/turtlebot/robot_ws/install/waypoint_navigation_interfaces/include/waypoint_navigation_interfaces/srv/detail/add_wp__rosidl_typesupport_fastrtps_cpp.hpp
[18.133s] -- Installing: /home/turtlebot/robot_ws/install/waypoint_navigation_interfaces/include/waypoint_navigation_interfaces/srv/detail/get_wp__rosidl_typesupport_fastrtps_cpp.hpp
[18.133s] -- Installing: /home/turtlebot/robot_ws/install/waypoint_navigation_interfaces/include/waypoint_navigation_interfaces/srv/detail/dds_fastrtps
[18.134s] -- Installing: /home/turtlebot/robot_ws/install/waypoint_navigation_interfaces/include/waypoint_navigation_interfaces/srv/detail/get_wps__rosidl_typesupport_fastrtps_cpp.hpp
[18.134s] -- Installing: /home/turtlebot/robot_ws/install/waypoint_navigation_interfaces/lib/libwaypoint_navigation_interfaces__rosidl_typesupport_fastrtps_cpp.so
[18.134s] -- Set runtime path of "/home/turtlebot/robot_ws/install/waypoint_navigation_interfaces/lib/libwaypoint_navigation_interfaces__rosidl_typesupport_fastrtps_cpp.so" to ""
[18.134s] -- Up-to-date: /home/turtlebot/robot_ws/install/waypoint_navigation_interfaces/include/waypoint_navigation_interfaces
[18.135s] -- Up-to-date: /home/turtlebot/robot_ws/install/waypoint_navigation_interfaces/include/waypoint_navigation_interfaces/msg
[18.135s] -- Up-to-date: /home/turtlebot/robot_ws/install/waypoint_navigation_interfaces/include/waypoint_navigation_interfaces/msg/detail
[18.135s] -- Installing: /home/turtlebot/robot_ws/install/waypoint_navigation_interfaces/include/waypoint_navigation_interfaces/msg/detail/wp__type_support.c
[18.136s] -- Installing: /home/turtlebot/robot_ws/install/waypoint_navigation_interfaces/include/waypoint_navigation_interfaces/msg/detail/wp__rosidl_typesupport_introspection_c.h
[18.137s] -- Installing: /home/turtlebot/robot_ws/install/waypoint_navigation_interfaces/include/waypoint_navigation_interfaces/msg/rosidl_typesupport_introspection_c__visibility_control.h
[18.138s] -- Up-to-date: /home/turtlebot/robot_ws/install/waypoint_navigation_interfaces/include/waypoint_navigation_interfaces/action
[18.138s] -- Up-to-date: /home/turtlebot/robot_ws/install/waypoint_navigation_interfaces/include/waypoint_navigation_interfaces/action/detail
[18.139s] -- Installing: /home/turtlebot/robot_ws/install/waypoint_navigation_interfaces/include/waypoint_navigation_interfaces/action/detail/navigate_to_wp__type_support.c
[18.139s] -- Installing: /home/turtlebot/robot_ws/install/waypoint_navigation_interfaces/include/waypoint_navigation_interfaces/action/detail/navigate_to_wp__rosidl_typesupport_introspection_c.h
[18.140s] -- Up-to-date: /home/turtlebot/robot_ws/install/waypoint_navigation_interfaces/include/waypoint_navigation_interfaces/srv
[18.141s] -- Up-to-date: /home/turtlebot/robot_ws/install/waypoint_navigation_interfaces/include/waypoint_navigation_interfaces/srv/detail
[18.142s] -- Installing: /home/turtlebot/robot_ws/install/waypoint_navigation_interfaces/include/waypoint_navigation_interfaces/srv/detail/get_wps__rosidl_typesupport_introspection_c.h
[18.142s] -- Installing: /home/turtlebot/robot_ws/install/waypoint_navigation_interfaces/include/waypoint_navigation_interfaces/srv/detail/get_wps__type_support.c
[18.142s] -- Installing: /home/turtlebot/robot_ws/install/waypoint_navigation_interfaces/include/waypoint_navigation_interfaces/srv/detail/get_wp__type_support.c
[18.143s] -- Installing: /home/turtlebot/robot_ws/install/waypoint_navigation_interfaces/include/waypoint_navigation_interfaces/srv/detail/add_wp__type_support.c
[18.143s] -- Installing: /home/turtlebot/robot_ws/install/waypoint_navigation_interfaces/include/waypoint_navigation_interfaces/srv/detail/get_wp__rosidl_typesupport_introspection_c.h
[18.143s] -- Installing: /home/turtlebot/robot_ws/install/waypoint_navigation_interfaces/include/waypoint_navigation_interfaces/srv/detail/add_wp__rosidl_typesupport_introspection_c.h
[18.144s] -- Installing: /home/turtlebot/robot_ws/install/waypoint_navigation_interfaces/lib/libwaypoint_navigation_interfaces__rosidl_typesupport_introspection_c.so
[18.144s] -- Set runtime path of "/home/turtlebot/robot_ws/install/waypoint_navigation_interfaces/lib/libwaypoint_navigation_interfaces__rosidl_typesupport_introspection_c.so" to ""
[18.145s] -- Installing: /home/turtlebot/robot_ws/install/waypoint_navigation_interfaces/lib/libwaypoint_navigation_interfaces__rosidl_typesupport_c.so
[18.145s] -- Set runtime path of "/home/turtlebot/robot_ws/install/waypoint_navigation_interfaces/lib/libwaypoint_navigation_interfaces__rosidl_typesupport_c.so" to ""
[18.146s] -- Up-to-date: /home/turtlebot/robot_ws/install/waypoint_navigation_interfaces/include/waypoint_navigation_interfaces
[18.146s] -- Up-to-date: /home/turtlebot/robot_ws/install/waypoint_navigation_interfaces/include/waypoint_navigation_interfaces/msg
[18.147s] -- Up-to-date: /home/turtlebot/robot_ws/install/waypoint_navigation_interfaces/include/waypoint_navigation_interfaces/msg/detail
[18.147s] -- Installing: /home/turtlebot/robot_ws/install/waypoint_navigation_interfaces/include/waypoint_navigation_interfaces/msg/detail/wp__builder.hpp
[18.148s] -- Installing: /home/turtlebot/robot_ws/install/waypoint_navigation_interfaces/include/waypoint_navigation_interfaces/msg/detail/wp__struct.hpp
[18.148s] -- Installing: /home/turtlebot/robot_ws/install/waypoint_navigation_interfaces/include/waypoint_navigation_interfaces/msg/detail/wp__traits.hpp
[18.148s] -- Installing: /home/turtlebot/robot_ws/install/waypoint_navigation_interfaces/include/waypoint_navigation_interfaces/msg/wp.hpp
[18.148s] -- Up-to-date: /home/turtlebot/robot_ws/install/waypoint_navigation_interfaces/include/waypoint_navigation_interfaces/action
[18.149s] -- Installing: /home/turtlebot/robot_ws/install/waypoint_navigation_interfaces/include/waypoint_navigation_interfaces/action/navigate_to_wp.hpp
[18.149s] -- Up-to-date: /home/turtlebot/robot_ws/install/waypoint_navigation_interfaces/include/waypoint_navigation_interfaces/action/detail
[18.149s] -- Installing: /home/turtlebot/robot_ws/install/waypoint_navigation_interfaces/include/waypoint_navigation_interfaces/action/detail/navigate_to_wp__struct.hpp
[18.149s] -- Installing: /home/turtlebot/robot_ws/install/waypoint_navigation_interfaces/include/waypoint_navigation_interfaces/action/detail/navigate_to_wp__traits.hpp
[18.149s] -- Installing: /home/turtlebot/robot_ws/install/waypoint_navigation_interfaces/include/waypoint_navigation_interfaces/action/detail/navigate_to_wp__builder.hpp
[18.150s] -- Up-to-date: /home/turtlebot/robot_ws/install/waypoint_navigation_interfaces/include/waypoint_navigation_interfaces/srv
[18.150s] -- Installing: /home/turtlebot/robot_ws/install/waypoint_navigation_interfaces/include/waypoint_navigation_interfaces/srv/add_wp.hpp
[18.150s] -- Installing: /home/turtlebot/robot_ws/install/waypoint_navigation_interfaces/include/waypoint_navigation_interfaces/srv/get_wp.hpp
[18.150s] -- Up-to-date: /home/turtlebot/robot_ws/install/waypoint_navigation_interfaces/include/waypoint_navigation_interfaces/srv/detail
[18.150s] -- Installing: /home/turtlebot/robot_ws/install/waypoint_navigation_interfaces/include/waypoint_navigation_interfaces/srv/detail/get_wps__traits.hpp
[18.151s] -- Installing: /home/turtlebot/robot_ws/install/waypoint_navigation_interfaces/include/waypoint_navigation_interfaces/srv/detail/get_wps__builder.hpp
[18.151s] -- Installing: /home/turtlebot/robot_ws/install/waypoint_navigation_interfaces/include/waypoint_navigation_interfaces/srv/detail/get_wps__struct.hpp
[18.151s] -- Installing: /home/turtlebot/robot_ws/install/waypoint_navigation_interfaces/include/waypoint_navigation_interfaces/srv/detail/add_wp__struct.hpp
[18.151s] -- Installing: /home/turtlebot/robot_ws/install/waypoint_navigation_interfaces/include/waypoint_navigation_interfaces/srv/detail/get_wp__struct.hpp
[18.152s] -- Installing: /home/turtlebot/robot_ws/install/waypoint_navigation_interfaces/include/waypoint_navigation_interfaces/srv/detail/get_wp__traits.hpp
[18.152s] -- Installing: /home/turtlebot/robot_ws/install/waypoint_navigation_interfaces/include/waypoint_navigation_interfaces/srv/detail/add_wp__traits.hpp
[18.152s] -- Installing: /home/turtlebot/robot_ws/install/waypoint_navigation_interfaces/include/waypoint_navigation_interfaces/srv/detail/get_wp__builder.hpp
[18.152s] -- Installing: /home/turtlebot/robot_ws/install/waypoint_navigation_interfaces/include/waypoint_navigation_interfaces/srv/detail/add_wp__builder.hpp
[18.152s] -- Installing: /home/turtlebot/robot_ws/install/waypoint_navigation_interfaces/include/waypoint_navigation_interfaces/srv/get_wps.hpp
[18.152s] -- Up-to-date: /home/turtlebot/robot_ws/install/waypoint_navigation_interfaces/include/waypoint_navigation_interfaces
[18.152s] -- Up-to-date: /home/turtlebot/robot_ws/install/waypoint_navigation_interfaces/include/waypoint_navigation_interfaces/msg
[18.153s] -- Up-to-date: /home/turtlebot/robot_ws/install/waypoint_navigation_interfaces/include/waypoint_navigation_interfaces/msg/detail
[18.153s] -- Installing: /home/turtlebot/robot_ws/install/waypoint_navigation_interfaces/include/waypoint_navigation_interfaces/msg/detail/wp__rosidl_typesupport_introspection_cpp.hpp
[18.153s] -- Installing: /home/turtlebot/robot_ws/install/waypoint_navigation_interfaces/include/waypoint_navigation_interfaces/msg/detail/wp__type_support.cpp
[18.153s] -- Up-to-date: /home/turtlebot/robot_ws/install/waypoint_navigation_interfaces/include/waypoint_navigation_interfaces/action
[18.153s] -- Up-to-date: /home/turtlebot/robot_ws/install/waypoint_navigation_interfaces/include/waypoint_navigation_interfaces/action/detail
[18.153s] -- Installing: /home/turtlebot/robot_ws/install/waypoint_navigation_interfaces/include/waypoint_navigation_interfaces/action/detail/navigate_to_wp__type_support.cpp
[18.153s] -- Installing: /home/turtlebot/robot_ws/install/waypoint_navigation_interfaces/include/waypoint_navigation_interfaces/action/detail/navigate_to_wp__rosidl_typesupport_introspection_cpp.hpp
[18.154s] -- Up-to-date: /home/turtlebot/robot_ws/install/waypoint_navigation_interfaces/include/waypoint_navigation_interfaces/srv
[18.154s] -- Up-to-date: /home/turtlebot/robot_ws/install/waypoint_navigation_interfaces/include/waypoint_navigation_interfaces/srv/detail
[18.154s] -- Installing: /home/turtlebot/robot_ws/install/waypoint_navigation_interfaces/include/waypoint_navigation_interfaces/srv/detail/get_wps__rosidl_typesupport_introspection_cpp.hpp
[18.154s] -- Installing: /home/turtlebot/robot_ws/install/waypoint_navigation_interfaces/include/waypoint_navigation_interfaces/srv/detail/get_wps__type_support.cpp
[18.154s] -- Installing: /home/turtlebot/robot_ws/install/waypoint_navigation_interfaces/include/waypoint_navigation_interfaces/srv/detail/get_wp__rosidl_typesupport_introspection_cpp.hpp
[18.154s] -- Installing: /home/turtlebot/robot_ws/install/waypoint_navigation_interfaces/include/waypoint_navigation_interfaces/srv/detail/get_wp__type_support.cpp
[18.155s] -- Installing: /home/turtlebot/robot_ws/install/waypoint_navigation_interfaces/include/waypoint_navigation_interfaces/srv/detail/add_wp__type_support.cpp
[18.155s] -- Installing: /home/turtlebot/robot_ws/install/waypoint_navigation_interfaces/include/waypoint_navigation_interfaces/srv/detail/add_wp__rosidl_typesupport_introspection_cpp.hpp
[18.155s] -- Installing: /home/turtlebot/robot_ws/install/waypoint_navigation_interfaces/lib/libwaypoint_navigation_interfaces__rosidl_typesupport_introspection_cpp.so
[18.155s] -- Set runtime path of "/home/turtlebot/robot_ws/install/waypoint_navigation_interfaces/lib/libwaypoint_navigation_interfaces__rosidl_typesupport_introspection_cpp.so" to ""
[18.155s] -- Installing: /home/turtlebot/robot_ws/install/waypoint_navigation_interfaces/lib/libwaypoint_navigation_interfaces__rosidl_typesupport_cpp.so
[18.155s] -- Set runtime path of "/home/turtlebot/robot_ws/install/waypoint_navigation_interfaces/lib/libwaypoint_navigation_interfaces__rosidl_typesupport_cpp.so" to ""
[18.155s] -- Installing: /home/turtlebot/robot_ws/install/waypoint_navigation_interfaces/share/waypoint_navigation_interfaces/environment/pythonpath.sh
[18.156s] -- Installing: /home/turtlebot/robot_ws/install/waypoint_navigation_interfaces/share/waypoint_navigation_interfaces/environment/pythonpath.dsv
[18.156s] -- Installing: /home/turtlebot/robot_ws/install/waypoint_navigation_interfaces/lib/python3.8/site-packages/waypoint_navigation_interfaces/__init__.py
[18.230s] Compiling '/home/turtlebot/robot_ws/install/waypoint_navigation_interfaces/lib/python3.8/site-packages/waypoint_navigation_interfaces/__init__.py'...
[18.240s] -- Installing: /home/turtlebot/robot_ws/install/waypoint_navigation_interfaces/lib/python3.8/site-packages/waypoint_navigation_interfaces/action
[18.240s] -- Installing: /home/turtlebot/robot_ws/install/waypoint_navigation_interfaces/lib/python3.8/site-packages/waypoint_navigation_interfaces/action/__init__.py
[18.241s] -- Installing: /home/turtlebot/robot_ws/install/waypoint_navigation_interfaces/lib/python3.8/site-packages/waypoint_navigation_interfaces/action/_navigate_to_wp_s.c
[18.241s] -- Installing: /home/turtlebot/robot_ws/install/waypoint_navigation_interfaces/lib/python3.8/site-packages/waypoint_navigation_interfaces/action/_navigate_to_wp.py
[18.241s] -- Installing: /home/turtlebot/robot_ws/install/waypoint_navigation_interfaces/lib/python3.8/site-packages/waypoint_navigation_interfaces/srv
[18.242s] -- Installing: /home/turtlebot/robot_ws/install/waypoint_navigation_interfaces/lib/python3.8/site-packages/waypoint_navigation_interfaces/srv/_add_wp.py
[18.242s] -- Installing: /home/turtlebot/robot_ws/install/waypoint_navigation_interfaces/lib/python3.8/site-packages/waypoint_navigation_interfaces/srv/__init__.py
[18.243s] -- Installing: /home/turtlebot/robot_ws/install/waypoint_navigation_interfaces/lib/python3.8/site-packages/waypoint_navigation_interfaces/srv/_get_wp.py
[18.243s] -- Installing: /home/turtlebot/robot_ws/install/waypoint_navigation_interfaces/lib/python3.8/site-packages/waypoint_navigation_interfaces/srv/_add_wp_s.c
[18.243s] -- Installing: /home/turtlebot/robot_ws/install/waypoint_navigation_interfaces/lib/python3.8/site-packages/waypoint_navigation_interfaces/srv/_get_wps.py
[18.243s] -- Installing: /home/turtlebot/robot_ws/install/waypoint_navigation_interfaces/lib/python3.8/site-packages/waypoint_navigation_interfaces/srv/_get_wp_s.c
[18.244s] -- Installing: /home/turtlebot/robot_ws/install/waypoint_navigation_interfaces/lib/python3.8/site-packages/waypoint_navigation_interfaces/srv/_get_wps_s.c
[18.244s] -- Installing: /home/turtlebot/robot_ws/install/waypoint_navigation_interfaces/lib/python3.8/site-packages/waypoint_navigation_interfaces/msg
[18.244s] -- Installing: /home/turtlebot/robot_ws/install/waypoint_navigation_interfaces/lib/python3.8/site-packages/waypoint_navigation_interfaces/msg/_wp.py
[18.245s] -- Installing: /home/turtlebot/robot_ws/install/waypoint_navigation_interfaces/lib/python3.8/site-packages/waypoint_navigation_interfaces/msg/_wp_s.c
[18.245s] -- Installing: /home/turtlebot/robot_ws/install/waypoint_navigation_interfaces/lib/python3.8/site-packages/waypoint_navigation_interfaces/msg/__init__.py
[18.245s] -- Installing: /home/turtlebot/robot_ws/install/waypoint_navigation_interfaces/lib/python3.8/site-packages/waypoint_navigation_interfaces/waypoint_navigation_interfaces_s__rosidl_typesupport_fastrtps_c.cpython-38-x86_64-linux-gnu.so
[18.247s] -- Set runtime path of "/home/turtlebot/robot_ws/install/waypoint_navigation_interfaces/lib/python3.8/site-packages/waypoint_navigation_interfaces/waypoint_navigation_interfaces_s__rosidl_typesupport_fastrtps_c.cpython-38-x86_64-linux-gnu.so" to ""
[18.248s] -- Installing: /home/turtlebot/robot_ws/install/waypoint_navigation_interfaces/lib/python3.8/site-packages/waypoint_navigation_interfaces/waypoint_navigation_interfaces_s__rosidl_typesupport_introspection_c.cpython-38-x86_64-linux-gnu.so
[18.249s] -- Set runtime path of "/home/turtlebot/robot_ws/install/waypoint_navigation_interfaces/lib/python3.8/site-packages/waypoint_navigation_interfaces/waypoint_navigation_interfaces_s__rosidl_typesupport_introspection_c.cpython-38-x86_64-linux-gnu.so" to ""
[18.250s] -- Installing: /home/turtlebot/robot_ws/install/waypoint_navigation_interfaces/lib/python3.8/site-packages/waypoint_navigation_interfaces/waypoint_navigation_interfaces_s__rosidl_typesupport_c.cpython-38-x86_64-linux-gnu.so
[18.251s] -- Set runtime path of "/home/turtlebot/robot_ws/install/waypoint_navigation_interfaces/lib/python3.8/site-packages/waypoint_navigation_interfaces/waypoint_navigation_interfaces_s__rosidl_typesupport_c.cpython-38-x86_64-linux-gnu.so" to ""
[18.252s] -- Installing: /home/turtlebot/robot_ws/install/waypoint_navigation_interfaces/lib/libwaypoint_navigation_interfaces__python.so
[18.253s] -- Set runtime path of "/home/turtlebot/robot_ws/install/waypoint_navigation_interfaces/lib/libwaypoint_navigation_interfaces__python.so" to ""
[18.253s] -- Installing: /home/turtlebot/robot_ws/install/waypoint_navigation_interfaces/share/waypoint_navigation_interfaces/action/NavigateToWp.idl
[18.253s] -- Installing: /home/turtlebot/robot_ws/install/waypoint_navigation_interfaces/share/waypoint_navigation_interfaces/srv/AddWp.idl
[18.254s] -- Installing: /home/turtlebot/robot_ws/install/waypoint_navigation_interfaces/share/waypoint_navigation_interfaces/srv/GetWp.idl
[18.254s] -- Installing: /home/turtlebot/robot_ws/install/waypoint_navigation_interfaces/share/waypoint_navigation_interfaces/srv/GetWps.idl
[18.254s] -- Installing: /home/turtlebot/robot_ws/install/waypoint_navigation_interfaces/share/waypoint_navigation_interfaces/msg/Wp.idl
[18.255s] -- Installing: /home/turtlebot/robot_ws/install/waypoint_navigation_interfaces/share/waypoint_navigation_interfaces/action/NavigateToWp.action
[18.255s] -- Installing: /home/turtlebot/robot_ws/install/waypoint_navigation_interfaces/share/waypoint_navigation_interfaces/srv/AddWp.srv
[18.256s] -- Installing: /home/turtlebot/robot_ws/install/waypoint_navigation_interfaces/share/waypoint_navigation_interfaces/srv/AddWp_Request.msg
[18.256s] -- Installing: /home/turtlebot/robot_ws/install/waypoint_navigation_interfaces/share/waypoint_navigation_interfaces/srv/AddWp_Response.msg
[18.256s] -- Installing: /home/turtlebot/robot_ws/install/waypoint_navigation_interfaces/share/waypoint_navigation_interfaces/srv/GetWp.srv
[18.257s] -- Installing: /home/turtlebot/robot_ws/install/waypoint_navigation_interfaces/share/waypoint_navigation_interfaces/srv/GetWp_Request.msg
[18.257s] -- Installing: /home/turtlebot/robot_ws/install/waypoint_navigation_interfaces/share/waypoint_navigation_interfaces/srv/GetWp_Response.msg
[18.258s] -- Installing: /home/turtlebot/robot_ws/install/waypoint_navigation_interfaces/share/waypoint_navigation_interfaces/srv/GetWps.srv
[18.258s] -- Installing: /home/turtlebot/robot_ws/install/waypoint_navigation_interfaces/share/waypoint_navigation_interfaces/srv/GetWps_Request.msg
[18.259s] -- Installing: /home/turtlebot/robot_ws/install/waypoint_navigation_interfaces/share/waypoint_navigation_interfaces/srv/GetWps_Response.msg
[18.259s] -- Installing: /home/turtlebot/robot_ws/install/waypoint_navigation_interfaces/share/waypoint_navigation_interfaces/msg/Wp.msg
[18.260s] -- Installing: /home/turtlebot/robot_ws/install/waypoint_navigation_interfaces/share/ament_index/resource_index/package_run_dependencies/waypoint_navigation_interfaces
[18.260s] -- Installing: /home/turtlebot/robot_ws/install/waypoint_navigation_interfaces/share/ament_index/resource_index/parent_prefix_path/waypoint_navigation_interfaces
[18.260s] -- Installing: /home/turtlebot/robot_ws/install/waypoint_navigation_interfaces/share/waypoint_navigation_interfaces/environment/ament_prefix_path.sh
[18.262s] -- Installing: /home/turtlebot/robot_ws/install/waypoint_navigation_interfaces/share/waypoint_navigation_interfaces/environment/ament_prefix_path.dsv
[18.262s] -- Installing: /home/turtlebot/robot_ws/install/waypoint_navigation_interfaces/share/waypoint_navigation_interfaces/environment/path.sh
[18.263s] -- Installing: /home/turtlebot/robot_ws/install/waypoint_navigation_interfaces/share/waypoint_navigation_interfaces/environment/path.dsv
[18.263s] -- Installing: /home/turtlebot/robot_ws/install/waypoint_navigation_interfaces/share/waypoint_navigation_interfaces/local_setup.bash
[18.263s] -- Installing: /home/turtlebot/robot_ws/install/waypoint_navigation_interfaces/share/waypoint_navigation_interfaces/local_setup.sh
[18.263s] -- Installing: /home/turtlebot/robot_ws/install/waypoint_navigation_interfaces/share/waypoint_navigation_interfaces/local_setup.zsh
[18.264s] -- Installing: /home/turtlebot/robot_ws/install/waypoint_navigation_interfaces/share/waypoint_navigation_interfaces/local_setup.dsv
[18.264s] -- Installing: /home/turtlebot/robot_ws/install/waypoint_navigation_interfaces/share/waypoint_navigation_interfaces/package.dsv
[18.264s] -- Installing: /home/turtlebot/robot_ws/install/waypoint_navigation_interfaces/share/ament_index/resource_index/packages/waypoint_navigation_interfaces
[18.265s] -- Installing: /home/turtlebot/robot_ws/install/waypoint_navigation_interfaces/share/waypoint_navigation_interfaces/cmake/waypoint_navigation_interfaces__rosidl_generator_cExport.cmake
[18.265s] -- Installing: /home/turtlebot/robot_ws/install/waypoint_navigation_interfaces/share/waypoint_navigation_interfaces/cmake/waypoint_navigation_interfaces__rosidl_generator_cExport-noconfig.cmake
[18.265s] -- Installing: /home/turtlebot/robot_ws/install/waypoint_navigation_interfaces/share/waypoint_navigation_interfaces/cmake/waypoint_navigation_interfaces__rosidl_typesupport_introspection_cExport.cmake
[18.265s] -- Installing: /home/turtlebot/robot_ws/install/waypoint_navigation_interfaces/share/waypoint_navigation_interfaces/cmake/waypoint_navigation_interfaces__rosidl_typesupport_introspection_cExport-noconfig.cmake
[18.266s] -- Installing: /home/turtlebot/robot_ws/install/waypoint_navigation_interfaces/share/waypoint_navigation_interfaces/cmake/waypoint_navigation_interfaces__rosidl_typesupport_cExport.cmake
[18.267s] -- Installing: /home/turtlebot/robot_ws/install/waypoint_navigation_interfaces/share/waypoint_navigation_interfaces/cmake/waypoint_navigation_interfaces__rosidl_typesupport_cExport-noconfig.cmake
[18.267s] -- Installing: /home/turtlebot/robot_ws/install/waypoint_navigation_interfaces/share/waypoint_navigation_interfaces/cmake/waypoint_navigation_interfaces__rosidl_generator_cppExport.cmake
[18.268s] -- Installing: /home/turtlebot/robot_ws/install/waypoint_navigation_interfaces/share/waypoint_navigation_interfaces/cmake/waypoint_navigation_interfaces__rosidl_typesupport_introspection_cppExport.cmake
[18.268s] -- Installing: /home/turtlebot/robot_ws/install/waypoint_navigation_interfaces/share/waypoint_navigation_interfaces/cmake/waypoint_navigation_interfaces__rosidl_typesupport_introspection_cppExport-noconfig.cmake
[18.269s] -- Installing: /home/turtlebot/robot_ws/install/waypoint_navigation_interfaces/share/waypoint_navigation_interfaces/cmake/waypoint_navigation_interfaces__rosidl_typesupport_cppExport.cmake
[18.270s] -- Installing: /home/turtlebot/robot_ws/install/waypoint_navigation_interfaces/share/waypoint_navigation_interfaces/cmake/waypoint_navigation_interfaces__rosidl_typesupport_cppExport-noconfig.cmake
[18.270s] -- Installing: /home/turtlebot/robot_ws/install/waypoint_navigation_interfaces/share/waypoint_navigation_interfaces/cmake/rosidl_cmake-extras.cmake
[18.270s] -- Installing: /home/turtlebot/robot_ws/install/waypoint_navigation_interfaces/share/waypoint_navigation_interfaces/cmake/ament_cmake_export_dependencies-extras.cmake
[18.271s] -- Installing: /home/turtlebot/robot_ws/install/waypoint_navigation_interfaces/share/waypoint_navigation_interfaces/cmake/ament_cmake_export_libraries-extras.cmake
[18.271s] -- Installing: /home/turtlebot/robot_ws/install/waypoint_navigation_interfaces/share/waypoint_navigation_interfaces/cmake/ament_cmake_export_targets-extras.cmake
[18.271s] -- Installing: /home/turtlebot/robot_ws/install/waypoint_navigation_interfaces/share/waypoint_navigation_interfaces/cmake/ament_cmake_export_include_directories-extras.cmake
[18.272s] -- Installing: /home/turtlebot/robot_ws/install/waypoint_navigation_interfaces/share/waypoint_navigation_interfaces/cmake/rosidl_cmake_export_typesupport_libraries-extras.cmake
[18.272s] -- Installing: /home/turtlebot/robot_ws/install/waypoint_navigation_interfaces/share/waypoint_navigation_interfaces/cmake/rosidl_cmake_export_typesupport_targets-extras.cmake
[18.273s] -- Installing: /home/turtlebot/robot_ws/install/waypoint_navigation_interfaces/share/waypoint_navigation_interfaces/cmake/waypoint_navigation_interfacesConfig.cmake
[18.273s] -- Installing: /home/turtlebot/robot_ws/install/waypoint_navigation_interfaces/share/waypoint_navigation_interfaces/cmake/waypoint_navigation_interfacesConfig-version.cmake
[18.273s] -- Installing: /home/turtlebot/robot_ws/install/waypoint_navigation_interfaces/share/waypoint_navigation_interfaces/package.xml
[18.287s] Invoked command in '/home/turtlebot/robot_ws/build/waypoint_navigation_interfaces' returned '0': CMAKE_PREFIX_PATH=/opt/ros/foxy /usr/bin/cmake --install /home/turtlebot/robot_ws/build/waypoint_navigation_interfaces
