[0.037s] Invoking command in '/home/turtlebot/robot_ws/build/turtlebot3_gazebo': CMAKE_PREFIX_PATH=/opt/ros/foxy /usr/bin/cmake /home/turtlebot/robot_ws/src/turtlebot3_simulations/turtlebot3_gazebo -DCMAKE_INSTALL_PREFIX=/home/turtlebot/robot_ws/install/turtlebot3_gazebo
[0.195s] -- The C compiler identification is GNU 9.4.0
[0.274s] -- The CXX compiler identification is GNU 9.4.0
[0.278s] -- Check for working C compiler: /usr/bin/cc
[0.343s] -- Check for working C compiler: /usr/bin/cc -- works
[0.344s] -- Detecting C compiler ABI info
[0.404s] -- Detecting C compiler ABI info - done
[0.414s] -- Detecting C compile features
[0.414s] -- Detecting C compile features - done
[0.416s] -- Check for working CXX compiler: /usr/bin/c++
[0.483s] -- Check for working CXX compiler: /usr/bin/c++ -- works
[0.484s] -- Detecting CXX compiler ABI info
[0.547s] -- Detecting CXX compiler ABI info - done
[0.557s] -- Detecting CXX compile features
[0.558s] -- Detecting CXX compile features - done
[0.559s] -- Found ament_cmake: 0.9.11 (/opt/ros/foxy/share/ament_cmake/cmake)
[0.578s] -- Found PythonInterp: /usr/bin/python3 (found suitable version "3.8.10", minimum required is "3") 
[0.579s] -- Using PYTHON_EXECUTABLE: /usr/bin/python3
[0.924s] -- Found PkgConfig: /usr/bin/pkg-config (found version "0.29.1") 
[0.928s] -- Checking for module 'bullet>=2.82'
[0.972s] --   Found bullet, version 2.88
[1.136s] -- Found ccd: /usr/include (found suitable version "2.0", minimum required is "2.0") 
[1.188s] -- Found fcl: /usr/include (found suitable version "0.5.0", minimum required is "0.3.2") 
[1.268s] -- Found assimp: /usr/include (found version "5.0.0") 
[1.298s] -- Found DART: /usr/include (Required is at least version "6.6") found components: dart 
[1.705s] -- Found Boost: /usr/lib/x86_64-linux-gnu/cmake/Boost-1.71.0/BoostConfig.cmake (found suitable version "1.71.0", minimum required is "1.40.0") found components: thread system filesystem program_options regex iostreams date_time 
[1.752s] -- Found Protobuf: /usr/lib/x86_64-linux-gnu/libprotobuf.so;-lpthread (found version "3.6.1") 
[1.761s] -- Looking for ignition-math6 -- found version 6.13.0
[1.776s] -- Searching for dependencies of ignition-math6
[1.784s] -- Looking for OGRE...
[1.784s] -- OGRE_PREFIX_WATCH changed.
[1.795s] -- Checking for module 'OGRE'
[1.810s] --   Found OGRE, version 1.9.0
[1.949s] -- Found Ogre Ghadamon (1.9.0)
[1.957s] -- Found OGRE: optimized;/usr/lib/x86_64-linux-gnu/libOgreMain.so;debug;/usr/lib/x86_64-linux-gnu/libOgreMain.so
[1.976s] -- Looking for OGRE_Paging...
[1.986s] -- Found OGRE_Paging: optimized;/usr/lib/x86_64-linux-gnu/libOgrePaging.so;debug;/usr/lib/x86_64-linux-gnu/libOgrePaging.so
[1.987s] -- Looking for OGRE_Terrain...
[2.007s] -- Found OGRE_Terrain: optimized;/usr/lib/x86_64-linux-gnu/libOgreTerrain.so;debug;/usr/lib/x86_64-linux-gnu/libOgreTerrain.so
[2.007s] -- Looking for OGRE_Property...
[2.014s] -- Found OGRE_Property: optimized;/usr/lib/x86_64-linux-gnu/libOgreProperty.so;debug;/usr/lib/x86_64-linux-gnu/libOgreProperty.so
[2.014s] -- Looking for OGRE_RTShaderSystem...
[2.024s] -- Found OGRE_RTShaderSystem: optimized;/usr/lib/x86_64-linux-gnu/libOgreRTShaderSystem.so;debug;/usr/lib/x86_64-linux-gnu/libOgreRTShaderSystem.so
[2.024s] -- Looking for OGRE_Volume...
[2.034s] -- Found OGRE_Volume: optimized;/usr/lib/x86_64-linux-gnu/libOgreVolume.so;debug;/usr/lib/x86_64-linux-gnu/libOgreVolume.so
[2.034s] -- Looking for OGRE_Overlay...
[2.043s] -- Found OGRE_Overlay: optimized;/usr/lib/x86_64-linux-gnu/libOgreOverlay.so;debug;/usr/lib/x86_64-linux-gnu/libOgreOverlay.so
[2.227s] -- Looking for ignition-math6 -- found version 6.13.0
[2.236s] -- Looking for ignition-transport8 -- found version 8.3.0
[2.236s] -- Searching for dependencies of ignition-transport8
[2.280s] -- Found Protobuf: /usr/lib/x86_64-linux-gnu/libprotobuf.so;-lpthread (found suitable version "3.6.1", minimum required is "3") 
[2.297s] -- Config-file not installed for ZeroMQ -- checking for pkg-config
[2.301s] -- Checking for module 'libzmq >= 4'
[2.315s] --   Found libzmq , version 4.3.2
[2.347s] -- Found ZeroMQ: TRUE (Required is at least version "4") 
[2.361s] -- Checking for module 'uuid'
[2.414s] --   Found uuid, version 2.34.0
[2.555s] -- Found UUID: TRUE  
[2.559s] -- Looking for ignition-msgs5 -- found version 5.10.0
[2.559s] -- Searching for dependencies of ignition-msgs5
[2.592s] -- Looking for ignition-math6 -- found version 6.13.0
[2.606s] -- Checking for module 'tinyxml2'
[2.669s] --   Found tinyxml2, version 6.2.0
[2.801s] -- Looking for ignition-msgs5 -- found version 5.10.0
[2.805s] -- Looking for ignition-common3 -- found version 3.14.2
[2.805s] -- Searching for dependencies of ignition-common3
[2.806s] -- Looking for dlfcn.h - found
[2.807s] -- Looking for libdl - found
[2.808s] -- Found DL: TRUE  
[2.825s] -- Searching for <ignition-common3> component [graphics]
[2.838s] -- Looking for ignition-common3-graphics -- found version 3.14.2
[2.839s] -- Searching for dependencies of ignition-common3-graphics
[2.839s] -- Looking for ignition-math6 -- found version 6.13.0
[2.843s] -- Looking for ignition-fuel_tools4 -- found version 4.6.0
[2.844s] -- Searching for dependencies of ignition-fuel_tools4
[3.030s] -- Found CURL: /usr/lib/x86_64-linux-gnu/libcurl.so (found version "7.68.0")  
[3.049s] -- Checking for module 'jsoncpp'
[3.067s] --   Found jsoncpp, version 1.7.4
[3.143s] -- Found JSONCPP: TRUE  
[3.156s] -- Checking for module 'libzip'
[3.221s] --   Found libzip, version 1.5.1
[3.260s] -- Found ZIP: TRUE  
[3.261s] -- Looking for ignition-common3 -- found version 3.14.2
[3.262s] -- Looking for ignition-math6 -- found version 6.13.0
[3.262s] -- Looking for ignition-msgs5 -- found version 5.10.0
[3.268s] -- Found gazebo_ros_pkgs: 3.5.3 (/opt/ros/foxy/share/gazebo_ros_pkgs/cmake)
[3.271s] -- Found geometry_msgs: 2.0.5 (/opt/ros/foxy/share/geometry_msgs/cmake)
[3.295s] -- Using all available rosidl_typesupport_c: rosidl_typesupport_fastrtps_c;rosidl_typesupport_introspection_c
[3.304s] -- Found rosidl_adapter: 1.3.0 (/opt/ros/foxy/share/rosidl_adapter/cmake)
[3.381s] -- Found OpenSSL: /usr/lib/x86_64-linux-gnu/libcrypto.so (found version "1.1.1f")  
[3.404s] -- Found FastRTPS: /opt/ros/foxy/include  
[3.479s] -- Using all available rosidl_typesupport_cpp: rosidl_typesupport_fastrtps_cpp;rosidl_typesupport_introspection_cpp
[3.600s] -- Found nav_msgs: 2.0.5 (/opt/ros/foxy/share/nav_msgs/cmake)
[3.714s] -- Found rclcpp: 2.4.2 (/opt/ros/foxy/share/rclcpp/cmake)
[3.779s] -- Found rmw_implementation_cmake: 1.0.4 (/opt/ros/foxy/share/rmw_implementation_cmake/cmake)
[3.781s] -- Using RMW implementation 'rmw_fastrtps_cpp' as default
[3.784s] -- Found Threads: TRUE  
[4.002s] -- Found sensor_msgs: 2.0.5 (/opt/ros/foxy/share/sensor_msgs/cmake)
[4.143s] -- Found tf2: 0.13.14 (/opt/ros/foxy/share/tf2/cmake)
[4.269s] -- Configuring done
[4.356s] -- Generating done
[4.363s] -- Build files have been written to: /home/turtlebot/robot_ws/build/turtlebot3_gazebo
[4.372s] Invoked command in '/home/turtlebot/robot_ws/build/turtlebot3_gazebo' returned '0': CMAKE_PREFIX_PATH=/opt/ros/foxy /usr/bin/cmake /home/turtlebot/robot_ws/src/turtlebot3_simulations/turtlebot3_gazebo -DCMAKE_INSTALL_PREFIX=/home/turtlebot/robot_ws/install/turtlebot3_gazebo
[4.376s] Invoking command in '/home/turtlebot/robot_ws/build/turtlebot3_gazebo': CMAKE_PREFIX_PATH=/opt/ros/foxy /usr/bin/cmake --build /home/turtlebot/robot_ws/build/turtlebot3_gazebo -- -j2 -l2
[4.491s] [35m[1mScanning dependencies of target obstacle2[0m
[4.493s] [35m[1mScanning dependencies of target obstacles[0m
[4.765s] [ 12%] [32mBuilding CXX object CMakeFiles/obstacle2.dir/models/turtlebot3_dqn_world/obstacle_plugin/obstacle2.cc.o[0m
[4.848s] [ 25%] [32mBuilding CXX object CMakeFiles/obstacles.dir/models/turtlebot3_dqn_world/obstacle_plugin/obstacles.cc.o[0m
[20.472s] [ 37%] [32m[1mLinking CXX shared library libobstacles.so[0m
[20.509s] [ 50%] [32m[1mLinking CXX shared library libobstacle2.so[0m
[20.905s] [ 50%] Built target obstacles
[20.908s] [ 50%] Built target obstacle2
[20.916s] [35m[1mScanning dependencies of target turtlebot3_drive[0m
[20.928s] [35m[1mScanning dependencies of target obstacle1[0m
[21.069s] [ 62%] [32mBuilding CXX object CMakeFiles/turtlebot3_drive.dir/src/turtlebot3_drive.cpp.o[0m
[21.173s] [ 75%] [32mBuilding CXX object CMakeFiles/obstacle1.dir/models/turtlebot3_dqn_world/obstacle_plugin/obstacle1.cc.o[0m
[31.232s] [ 87%] [32m[1mLinking CXX executable turtlebot3_drive[0m
[31.771s] [ 87%] Built target turtlebot3_drive
[33.932s] [100%] [32m[1mLinking CXX shared library libobstacle1.so[0m
[34.150s] [100%] Built target obstacle1
[34.161s] Invoked command in '/home/turtlebot/robot_ws/build/turtlebot3_gazebo' returned '0': CMAKE_PREFIX_PATH=/opt/ros/foxy /usr/bin/cmake --build /home/turtlebot/robot_ws/build/turtlebot3_gazebo -- -j2 -l2
[34.194s] Invoking command in '/home/turtlebot/robot_ws/build/turtlebot3_gazebo': CMAKE_PREFIX_PATH=/opt/ros/foxy /usr/bin/cmake --install /home/turtlebot/robot_ws/build/turtlebot3_gazebo
[34.203s] -- Install configuration: ""
[34.204s] -- Installing: /home/turtlebot/robot_ws/install/turtlebot3_gazebo/lib/turtlebot3_gazebo/turtlebot3_drive
[34.207s] -- Set runtime path of "/home/turtlebot/robot_ws/install/turtlebot3_gazebo/lib/turtlebot3_gazebo/turtlebot3_drive" to ""
[34.207s] -- Installing: /home/turtlebot/robot_ws/install/turtlebot3_gazebo/share/turtlebot3_gazebo//launch
[34.207s] -- Installing: /home/turtlebot/robot_ws/install/turtlebot3_gazebo/share/turtlebot3_gazebo//launch/turtlebot3_dqn_stage2.launch.py
[34.208s] -- Installing: /home/turtlebot/robot_ws/install/turtlebot3_gazebo/share/turtlebot3_gazebo//launch/empty_world.launch.py
[34.208s] -- Installing: /home/turtlebot/robot_ws/install/turtlebot3_gazebo/share/turtlebot3_gazebo//launch/spawn_turtlebot3.launch.py
[34.209s] -- Installing: /home/turtlebot/robot_ws/install/turtlebot3_gazebo/share/turtlebot3_gazebo//launch/robot_state_publisher.launch.py
[34.209s] -- Installing: /home/turtlebot/robot_ws/install/turtlebot3_gazebo/share/turtlebot3_gazebo//launch/turtlebot3_house.launch.py
[34.209s] -- Installing: /home/turtlebot/robot_ws/install/turtlebot3_gazebo/share/turtlebot3_gazebo//launch/turtlebot3_dqn_stage4.launch.py
[34.210s] -- Installing: /home/turtlebot/robot_ws/install/turtlebot3_gazebo/share/turtlebot3_gazebo//launch/turtlebot3_world.launch.py
[34.210s] -- Installing: /home/turtlebot/robot_ws/install/turtlebot3_gazebo/share/turtlebot3_gazebo//launch/turtlebot3_dqn_stage3.launch.py
[34.211s] -- Installing: /home/turtlebot/robot_ws/install/turtlebot3_gazebo/share/turtlebot3_gazebo//launch/turtlebot3_dqn_stage1.launch.py
[34.211s] -- Installing: /home/turtlebot/robot_ws/install/turtlebot3_gazebo/share/turtlebot3_gazebo//models
[34.211s] -- Installing: /home/turtlebot/robot_ws/install/turtlebot3_gazebo/share/turtlebot3_gazebo//models/turtlebot3_waffle
[34.211s] -- Installing: /home/turtlebot/robot_ws/install/turtlebot3_gazebo/share/turtlebot3_gazebo//models/turtlebot3_waffle/model.sdf
[34.212s] -- Installing: /home/turtlebot/robot_ws/install/turtlebot3_gazebo/share/turtlebot3_gazebo//models/turtlebot3_waffle/model.config
[34.212s] -- Installing: /home/turtlebot/robot_ws/install/turtlebot3_gazebo/share/turtlebot3_gazebo//models/turtlebot3_waffle/model-1_4.sdf
[34.213s] -- Installing: /home/turtlebot/robot_ws/install/turtlebot3_gazebo/share/turtlebot3_gazebo//models/turtlebot3_waffle_pi
[34.213s] -- Installing: /home/turtlebot/robot_ws/install/turtlebot3_gazebo/share/turtlebot3_gazebo//models/turtlebot3_waffle_pi/model.sdf
[34.213s] -- Installing: /home/turtlebot/robot_ws/install/turtlebot3_gazebo/share/turtlebot3_gazebo//models/turtlebot3_waffle_pi/model-1_4_.sdf
[34.213s] -- Installing: /home/turtlebot/robot_ws/install/turtlebot3_gazebo/share/turtlebot3_gazebo//models/turtlebot3_waffle_pi/model.config
[34.214s] -- Installing: /home/turtlebot/robot_ws/install/turtlebot3_gazebo/share/turtlebot3_gazebo//models/turtlebot3_burger
[34.214s] -- Installing: /home/turtlebot/robot_ws/install/turtlebot3_gazebo/share/turtlebot3_gazebo//models/turtlebot3_burger/model.sdf
[34.214s] -- Installing: /home/turtlebot/robot_ws/install/turtlebot3_gazebo/share/turtlebot3_gazebo//models/turtlebot3_burger/model.config
[34.215s] -- Installing: /home/turtlebot/robot_ws/install/turtlebot3_gazebo/share/turtlebot3_gazebo//models/turtlebot3_burger/model-1_4.sdf
[34.215s] -- Installing: /home/turtlebot/robot_ws/install/turtlebot3_gazebo/share/turtlebot3_gazebo//models/turtlebot3_house
[34.215s] -- Installing: /home/turtlebot/robot_ws/install/turtlebot3_gazebo/share/turtlebot3_gazebo//models/turtlebot3_house/model.sdf
[34.216s] -- Installing: /home/turtlebot/robot_ws/install/turtlebot3_gazebo/share/turtlebot3_gazebo//models/turtlebot3_house/model.config
[34.216s] -- Installing: /home/turtlebot/robot_ws/install/turtlebot3_gazebo/share/turtlebot3_gazebo//models/turtlebot3_common
[34.216s] -- Installing: /home/turtlebot/robot_ws/install/turtlebot3_gazebo/share/turtlebot3_gazebo//models/turtlebot3_common/meshes
[34.216s] -- Installing: /home/turtlebot/robot_ws/install/turtlebot3_gazebo/share/turtlebot3_gazebo//models/turtlebot3_common/meshes/lds.dae
[34.217s] -- Installing: /home/turtlebot/robot_ws/install/turtlebot3_gazebo/share/turtlebot3_gazebo//models/turtlebot3_common/meshes/waffle_base.dae
[34.217s] -- Installing: /home/turtlebot/robot_ws/install/turtlebot3_gazebo/share/turtlebot3_gazebo//models/turtlebot3_common/meshes/waffle_pi_base.dae
[34.218s] -- Installing: /home/turtlebot/robot_ws/install/turtlebot3_gazebo/share/turtlebot3_gazebo//models/turtlebot3_common/meshes/tire.dae
[34.218s] -- Installing: /home/turtlebot/robot_ws/install/turtlebot3_gazebo/share/turtlebot3_gazebo//models/turtlebot3_common/meshes/r200.dae
[34.219s] -- Installing: /home/turtlebot/robot_ws/install/turtlebot3_gazebo/share/turtlebot3_gazebo//models/turtlebot3_common/meshes/burger_base.dae
[34.219s] -- Installing: /home/turtlebot/robot_ws/install/turtlebot3_gazebo/share/turtlebot3_gazebo//models/turtlebot3_common/model.config
[34.219s] -- Installing: /home/turtlebot/robot_ws/install/turtlebot3_gazebo/share/turtlebot3_gazebo//models/turtlebot3_dqn_world
[34.220s] -- Installing: /home/turtlebot/robot_ws/install/turtlebot3_gazebo/share/turtlebot3_gazebo//models/turtlebot3_dqn_world/model.sdf
[34.220s] -- Installing: /home/turtlebot/robot_ws/install/turtlebot3_gazebo/share/turtlebot3_gazebo//models/turtlebot3_dqn_world/obstacles
[34.220s] -- Installing: /home/turtlebot/robot_ws/install/turtlebot3_gazebo/share/turtlebot3_gazebo//models/turtlebot3_dqn_world/obstacles/model.sdf
[34.220s] -- Installing: /home/turtlebot/robot_ws/install/turtlebot3_gazebo/share/turtlebot3_gazebo//models/turtlebot3_dqn_world/obstacles/model.config
[34.221s] -- Installing: /home/turtlebot/robot_ws/install/turtlebot3_gazebo/share/turtlebot3_gazebo//models/turtlebot3_dqn_world/goal_box
[34.221s] -- Installing: /home/turtlebot/robot_ws/install/turtlebot3_gazebo/share/turtlebot3_gazebo//models/turtlebot3_dqn_world/goal_box/model.sdf
[34.221s] -- Installing: /home/turtlebot/robot_ws/install/turtlebot3_gazebo/share/turtlebot3_gazebo//models/turtlebot3_dqn_world/goal_box/model.config
[34.222s] -- Installing: /home/turtlebot/robot_ws/install/turtlebot3_gazebo/share/turtlebot3_gazebo//models/turtlebot3_dqn_world/obstacle2
[34.222s] -- Installing: /home/turtlebot/robot_ws/install/turtlebot3_gazebo/share/turtlebot3_gazebo//models/turtlebot3_dqn_world/obstacle2/model.sdf
[34.222s] -- Installing: /home/turtlebot/robot_ws/install/turtlebot3_gazebo/share/turtlebot3_gazebo//models/turtlebot3_dqn_world/obstacle2/model.config
[34.222s] -- Installing: /home/turtlebot/robot_ws/install/turtlebot3_gazebo/share/turtlebot3_gazebo//models/turtlebot3_dqn_world/inner_walls
[34.223s] -- Installing: /home/turtlebot/robot_ws/install/turtlebot3_gazebo/share/turtlebot3_gazebo//models/turtlebot3_dqn_world/inner_walls/model.sdf
[34.223s] -- Installing: /home/turtlebot/robot_ws/install/turtlebot3_gazebo/share/turtlebot3_gazebo//models/turtlebot3_dqn_world/inner_walls/model.config
[34.223s] -- Installing: /home/turtlebot/robot_ws/install/turtlebot3_gazebo/share/turtlebot3_gazebo//models/turtlebot3_dqn_world/obstacle_plugin
[34.223s] -- Installing: /home/turtlebot/robot_ws/install/turtlebot3_gazebo/share/turtlebot3_gazebo//models/turtlebot3_dqn_world/obstacle_plugin/obstacle2.cc
[34.224s] -- Installing: /home/turtlebot/robot_ws/install/turtlebot3_gazebo/share/turtlebot3_gazebo//models/turtlebot3_dqn_world/obstacle_plugin/obstacle1.cc
[34.224s] -- Installing: /home/turtlebot/robot_ws/install/turtlebot3_gazebo/share/turtlebot3_gazebo//models/turtlebot3_dqn_world/obstacle_plugin/CMakeLists.txt
[34.224s] -- Installing: /home/turtlebot/robot_ws/install/turtlebot3_gazebo/share/turtlebot3_gazebo//models/turtlebot3_dqn_world/obstacle_plugin/obstacles.cc
[34.225s] -- Installing: /home/turtlebot/robot_ws/install/turtlebot3_gazebo/share/turtlebot3_gazebo//models/turtlebot3_dqn_world/model.config
[34.225s] -- Installing: /home/turtlebot/robot_ws/install/turtlebot3_gazebo/share/turtlebot3_gazebo//models/turtlebot3_dqn_world/obstacle1
[34.225s] -- Installing: /home/turtlebot/robot_ws/install/turtlebot3_gazebo/share/turtlebot3_gazebo//models/turtlebot3_dqn_world/obstacle1/model.sdf
[34.226s] -- Installing: /home/turtlebot/robot_ws/install/turtlebot3_gazebo/share/turtlebot3_gazebo//models/turtlebot3_dqn_world/obstacle1/model.config
[34.226s] -- Installing: /home/turtlebot/robot_ws/install/turtlebot3_gazebo/share/turtlebot3_gazebo//models/turtlebot3_world
[34.226s] -- Installing: /home/turtlebot/robot_ws/install/turtlebot3_gazebo/share/turtlebot3_gazebo//models/turtlebot3_world/meshes
[34.226s] -- Installing: /home/turtlebot/robot_ws/install/turtlebot3_gazebo/share/turtlebot3_gazebo//models/turtlebot3_world/meshes/wall.dae
[34.227s] -- Installing: /home/turtlebot/robot_ws/install/turtlebot3_gazebo/share/turtlebot3_gazebo//models/turtlebot3_world/meshes/hexagon.dae
[34.227s] -- Installing: /home/turtlebot/robot_ws/install/turtlebot3_gazebo/share/turtlebot3_gazebo//models/turtlebot3_world/model.sdf
[34.227s] -- Installing: /home/turtlebot/robot_ws/install/turtlebot3_gazebo/share/turtlebot3_gazebo//models/turtlebot3_world/model.config
[34.228s] -- Installing: /home/turtlebot/robot_ws/install/turtlebot3_gazebo/share/turtlebot3_gazebo//models/turtlebot3_world/model-1_4.sdf
[34.228s] -- Installing: /home/turtlebot/robot_ws/install/turtlebot3_gazebo/share/turtlebot3_gazebo//rviz
[34.228s] -- Installing: /home/turtlebot/robot_ws/install/turtlebot3_gazebo/share/turtlebot3_gazebo//rviz/tb3_gazebo.rviz
[34.228s] -- Installing: /home/turtlebot/robot_ws/install/turtlebot3_gazebo/share/turtlebot3_gazebo//urdf
[34.229s] -- Installing: /home/turtlebot/robot_ws/install/turtlebot3_gazebo/share/turtlebot3_gazebo//urdf/turtlebot3_waffle_pi.urdf
[34.230s] -- Installing: /home/turtlebot/robot_ws/install/turtlebot3_gazebo/share/turtlebot3_gazebo//urdf/turtlebot3_waffle.urdf
[34.230s] -- Installing: /home/turtlebot/robot_ws/install/turtlebot3_gazebo/share/turtlebot3_gazebo//urdf/turtlebot3_burger.urdf
[34.230s] -- Installing: /home/turtlebot/robot_ws/install/turtlebot3_gazebo/share/turtlebot3_gazebo//urdf/common_properties.urdf
[34.231s] -- Installing: /home/turtlebot/robot_ws/install/turtlebot3_gazebo/share/turtlebot3_gazebo//worlds
[34.231s] -- Installing: /home/turtlebot/robot_ws/install/turtlebot3_gazebo/share/turtlebot3_gazebo//worlds/turtlebot3_dqn_stage1.world
[34.231s] -- Installing: /home/turtlebot/robot_ws/install/turtlebot3_gazebo/share/turtlebot3_gazebo//worlds/turtlebot3_dqn_stage2.world
[34.231s] -- Installing: /home/turtlebot/robot_ws/install/turtlebot3_gazebo/share/turtlebot3_gazebo//worlds/turtlebot3_dqn_stage4.world
[34.232s] -- Installing: /home/turtlebot/robot_ws/install/turtlebot3_gazebo/share/turtlebot3_gazebo//worlds/turtlebot3_house.world
[34.232s] -- Installing: /home/turtlebot/robot_ws/install/turtlebot3_gazebo/share/turtlebot3_gazebo//worlds/turtlebot3_world.world
[34.232s] -- Installing: /home/turtlebot/robot_ws/install/turtlebot3_gazebo/share/turtlebot3_gazebo//worlds/turtlebot3_dqn_stage3.world
[34.233s] -- Installing: /home/turtlebot/robot_ws/install/turtlebot3_gazebo/share/turtlebot3_gazebo//worlds/empty_world.world
[34.233s] -- Installing: /home/turtlebot/robot_ws/install/turtlebot3_gazebo/include/
[34.233s] -- Installing: /home/turtlebot/robot_ws/install/turtlebot3_gazebo/include//turtlebot3_gazebo
[34.233s] -- Installing: /home/turtlebot/robot_ws/install/turtlebot3_gazebo/include//turtlebot3_gazebo/turtlebot3_drive.hpp
[34.234s] -- Installing: /home/turtlebot/robot_ws/install/turtlebot3_gazebo/share/ament_index/resource_index/package_run_dependencies/turtlebot3_gazebo
[34.235s] -- Installing: /home/turtlebot/robot_ws/install/turtlebot3_gazebo/share/ament_index/resource_index/parent_prefix_path/turtlebot3_gazebo
[34.235s] -- Installing: /home/turtlebot/robot_ws/install/turtlebot3_gazebo/share/turtlebot3_gazebo/environment/ament_prefix_path.sh
[34.235s] -- Installing: /home/turtlebot/robot_ws/install/turtlebot3_gazebo/share/turtlebot3_gazebo/environment/ament_prefix_path.dsv
[34.236s] -- Installing: /home/turtlebot/robot_ws/install/turtlebot3_gazebo/share/turtlebot3_gazebo/environment/path.sh
[34.236s] -- Installing: /home/turtlebot/robot_ws/install/turtlebot3_gazebo/share/turtlebot3_gazebo/environment/path.dsv
[34.236s] -- Installing: /home/turtlebot/robot_ws/install/turtlebot3_gazebo/share/turtlebot3_gazebo/local_setup.bash
[34.237s] -- Installing: /home/turtlebot/robot_ws/install/turtlebot3_gazebo/share/turtlebot3_gazebo/local_setup.sh
[34.237s] -- Installing: /home/turtlebot/robot_ws/install/turtlebot3_gazebo/share/turtlebot3_gazebo/local_setup.zsh
[34.238s] -- Installing: /home/turtlebot/robot_ws/install/turtlebot3_gazebo/share/turtlebot3_gazebo/local_setup.dsv
[34.238s] -- Installing: /home/turtlebot/robot_ws/install/turtlebot3_gazebo/share/turtlebot3_gazebo/package.dsv
[34.238s] -- Installing: /home/turtlebot/robot_ws/install/turtlebot3_gazebo/share/ament_index/resource_index/packages/turtlebot3_gazebo
[34.239s] -- Installing: /home/turtlebot/robot_ws/install/turtlebot3_gazebo/share/turtlebot3_gazebo/cmake/ament_cmake_export_include_directories-extras.cmake
[34.239s] -- Installing: /home/turtlebot/robot_ws/install/turtlebot3_gazebo/share/turtlebot3_gazebo/cmake/ament_cmake_export_dependencies-extras.cmake
[34.239s] -- Installing: /home/turtlebot/robot_ws/install/turtlebot3_gazebo/share/turtlebot3_gazebo/cmake/turtlebot3_gazeboConfig.cmake
[34.240s] -- Installing: /home/turtlebot/robot_ws/install/turtlebot3_gazebo/share/turtlebot3_gazebo/cmake/turtlebot3_gazeboConfig-version.cmake
[34.240s] -- Installing: /home/turtlebot/robot_ws/install/turtlebot3_gazebo/share/turtlebot3_gazebo/package.xml
[34.246s] Invoked command in '/home/turtlebot/robot_ws/build/turtlebot3_gazebo' returned '0': CMAKE_PREFIX_PATH=/opt/ros/foxy /usr/bin/cmake --install /home/turtlebot/robot_ws/build/turtlebot3_gazebo
