[0.018s] Invoking command in '/home/turtlebot/robot_ws/build/turtlebot3_cartographer': CMAKE_PREFIX_PATH=/opt/ros/foxy /usr/bin/cmake /home/turtlebot/robot_ws/src/turtlebot3/turtlebot3_cartographer -DCMAKE_INSTALL_PREFIX=/home/turtlebot/robot_ws/install/turtlebot3_cartographer
[0.068s] -- The C compiler identification is GNU 9.4.0
[0.110s] -- The CXX compiler identification is GNU 9.4.0
[0.114s] -- Check for working C compiler: /usr/bin/cc
[0.176s] -- Check for working C compiler: /usr/bin/cc -- works
[0.177s] -- Detecting C compiler ABI info
[0.238s] -- Detecting C compiler ABI info - done
[0.251s] -- Detecting C compile features
[0.252s] -- Detecting C compile features - done
[0.255s] -- Check for working CXX compiler: /usr/bin/c++
[0.339s] -- Check for working CXX compiler: /usr/bin/c++ -- works
[0.340s] -- Detecting CXX compiler ABI info
[0.415s] -- Detecting CXX compiler ABI info - done
[0.424s] -- Detecting CXX compile features
[0.425s] -- Detecting CXX compile features - done
[0.427s] -- Found ament_cmake: 0.9.11 (/opt/ros/foxy/share/ament_cmake/cmake)
[0.446s] -- Found PythonInterp: /usr/bin/python3 (found suitable version "3.8.10", minimum required is "3") 
[0.446s] -- Using PYTHON_EXECUTABLE: /usr/bin/python3
[0.654s] -- Configuring done
[0.656s] -- Generating done
[0.657s] -- Build files have been written to: /home/turtlebot/robot_ws/build/turtlebot3_cartographer
[0.662s] Invoked command in '/home/turtlebot/robot_ws/build/turtlebot3_cartographer' returned '0': CMAKE_PREFIX_PATH=/opt/ros/foxy /usr/bin/cmake /home/turtlebot/robot_ws/src/turtlebot3/turtlebot3_cartographer -DCMAKE_INSTALL_PREFIX=/home/turtlebot/robot_ws/install/turtlebot3_cartographer
[0.663s] Invoking command in '/home/turtlebot/robot_ws/build/turtlebot3_cartographer': CMAKE_PREFIX_PATH=/opt/ros/foxy /usr/bin/cmake --build /home/turtlebot/robot_ws/build/turtlebot3_cartographer -- -j2 -l2
[0.703s] Invoked command in '/home/turtlebot/robot_ws/build/turtlebot3_cartographer' returned '0': CMAKE_PREFIX_PATH=/opt/ros/foxy /usr/bin/cmake --build /home/turtlebot/robot_ws/build/turtlebot3_cartographer -- -j2 -l2
[0.739s] Invoking command in '/home/turtlebot/robot_ws/build/turtlebot3_cartographer': CMAKE_PREFIX_PATH=/opt/ros/foxy /usr/bin/cmake --install /home/turtlebot/robot_ws/build/turtlebot3_cartographer
[0.749s] -- Install configuration: ""
[0.749s] -- Installing: /home/turtlebot/robot_ws/install/turtlebot3_cartographer/share/turtlebot3_cartographer/config
[0.749s] -- Installing: /home/turtlebot/robot_ws/install/turtlebot3_cartographer/share/turtlebot3_cartographer/config/turtlebot3_lds_2d.lua
[0.750s] -- Installing: /home/turtlebot/robot_ws/install/turtlebot3_cartographer/share/turtlebot3_cartographer/launch
[0.750s] -- Installing: /home/turtlebot/robot_ws/install/turtlebot3_cartographer/share/turtlebot3_cartographer/launch/occupancy_grid.launch.py
[0.750s] -- Installing: /home/turtlebot/robot_ws/install/turtlebot3_cartographer/share/turtlebot3_cartographer/launch/cartographer.launch.py
[0.750s] -- Installing: /home/turtlebot/robot_ws/install/turtlebot3_cartographer/share/turtlebot3_cartographer/rviz
[0.751s] -- Installing: /home/turtlebot/robot_ws/install/turtlebot3_cartographer/share/turtlebot3_cartographer/rviz/tb3_cartographer.rviz
[0.751s] -- Installing: /home/turtlebot/robot_ws/install/turtlebot3_cartographer/share/ament_index/resource_index/package_run_dependencies/turtlebot3_cartographer
[0.751s] -- Installing: /home/turtlebot/robot_ws/install/turtlebot3_cartographer/share/ament_index/resource_index/parent_prefix_path/turtlebot3_cartographer
[0.751s] -- Installing: /home/turtlebot/robot_ws/install/turtlebot3_cartographer/share/turtlebot3_cartographer/environment/ament_prefix_path.sh
[0.752s] -- Installing: /home/turtlebot/robot_ws/install/turtlebot3_cartographer/share/turtlebot3_cartographer/environment/ament_prefix_path.dsv
[0.752s] -- Installing: /home/turtlebot/robot_ws/install/turtlebot3_cartographer/share/turtlebot3_cartographer/environment/path.sh
[0.753s] -- Installing: /home/turtlebot/robot_ws/install/turtlebot3_cartographer/share/turtlebot3_cartographer/environment/path.dsv
[0.753s] -- Installing: /home/turtlebot/robot_ws/install/turtlebot3_cartographer/share/turtlebot3_cartographer/local_setup.bash
[0.754s] -- Installing: /home/turtlebot/robot_ws/install/turtlebot3_cartographer/share/turtlebot3_cartographer/local_setup.sh
[0.754s] -- Installing: /home/turtlebot/robot_ws/install/turtlebot3_cartographer/share/turtlebot3_cartographer/local_setup.zsh
[0.754s] -- Installing: /home/turtlebot/robot_ws/install/turtlebot3_cartographer/share/turtlebot3_cartographer/local_setup.dsv
[0.754s] -- Installing: /home/turtlebot/robot_ws/install/turtlebot3_cartographer/share/turtlebot3_cartographer/package.dsv
[0.754s] -- Installing: /home/turtlebot/robot_ws/install/turtlebot3_cartographer/share/ament_index/resource_index/packages/turtlebot3_cartographer
[0.755s] -- Installing: /home/turtlebot/robot_ws/install/turtlebot3_cartographer/share/turtlebot3_cartographer/cmake/turtlebot3_cartographerConfig.cmake
[0.755s] -- Installing: /home/turtlebot/robot_ws/install/turtlebot3_cartographer/share/turtlebot3_cartographer/cmake/turtlebot3_cartographerConfig-version.cmake
[0.755s] -- Installing: /home/turtlebot/robot_ws/install/turtlebot3_cartographer/share/turtlebot3_cartographer/package.xml
[0.760s] Invoked command in '/home/turtlebot/robot_ws/build/turtlebot3_cartographer' returned '0': CMAKE_PREFIX_PATH=/opt/ros/foxy /usr/bin/cmake --install /home/turtlebot/robot_ws/build/turtlebot3_cartographer
