[0.040s] Invoking command in '/home/turtlebot/robot_ws/build/turtlebot3_cartographer': CMAKE_PREFIX_PATH=${CMAKE_PREFIX_PATH}:/home/turtlebot/robot_ws/install/waypoint_navigation:/home/turtlebot/robot_ws/install/turtlebot3_teleop:/home/turtlebot/robot_ws/install/turtlebot3_example:/home/turtlebot/robot_ws/install/my_package:/home/turtlebot/robot_ws/install/my_navigation_pkg:/home/turtlebot/robot_ws/install/forward1:/opt/ros/foxy /usr/bin/cmake --build /home/turtlebot/robot_ws/build/turtlebot3_cartographer -- -j2 -l2
[0.106s] Invoked command in '/home/turtlebot/robot_ws/build/turtlebot3_cartographer' returned '0': CMAKE_PREFIX_PATH=${CMAKE_PREFIX_PATH}:/home/turtlebot/robot_ws/install/waypoint_navigation:/home/turtlebot/robot_ws/install/turtlebot3_teleop:/home/turtlebot/robot_ws/install/turtlebot3_example:/home/turtlebot/robot_ws/install/my_package:/home/turtlebot/robot_ws/install/my_navigation_pkg:/home/turtlebot/robot_ws/install/forward1:/opt/ros/foxy /usr/bin/cmake --build /home/turtlebot/robot_ws/build/turtlebot3_cartographer -- -j2 -l2
[0.144s] Invoking command in '/home/turtlebot/robot_ws/build/turtlebot3_cartographer': CMAKE_PREFIX_PATH=${CMAKE_PREFIX_PATH}:/home/turtlebot/robot_ws/install/waypoint_navigation:/home/turtlebot/robot_ws/install/turtlebot3_teleop:/home/turtlebot/robot_ws/install/turtlebot3_example:/home/turtlebot/robot_ws/install/my_package:/home/turtlebot/robot_ws/install/my_navigation_pkg:/home/turtlebot/robot_ws/install/forward1:/opt/ros/foxy /usr/bin/cmake --install /home/turtlebot/robot_ws/build/turtlebot3_cartographer
[0.157s] -- Install configuration: ""
[0.157s] -- Up-to-date: /home/turtlebot/robot_ws/install/turtlebot3_cartographer/share/turtlebot3_cartographer/config
[0.158s] -- Up-to-date: /home/turtlebot/robot_ws/install/turtlebot3_cartographer/share/turtlebot3_cartographer/config/turtlebot3_lds_2d.lua
[0.158s] -- Up-to-date: /home/turtlebot/robot_ws/install/turtlebot3_cartographer/share/turtlebot3_cartographer/launch
[0.158s] -- Up-to-date: /home/turtlebot/robot_ws/install/turtlebot3_cartographer/share/turtlebot3_cartographer/launch/occupancy_grid.launch.py
[0.158s] -- Up-to-date: /home/turtlebot/robot_ws/install/turtlebot3_cartographer/share/turtlebot3_cartographer/launch/cartographer.launch.py
[0.158s] -- Up-to-date: /home/turtlebot/robot_ws/install/turtlebot3_cartographer/share/turtlebot3_cartographer/rviz
[0.159s] -- Up-to-date: /home/turtlebot/robot_ws/install/turtlebot3_cartographer/share/turtlebot3_cartographer/rviz/tb3_cartographer.rviz
[0.159s] -- Up-to-date: /home/turtlebot/robot_ws/install/turtlebot3_cartographer/share/ament_index/resource_index/package_run_dependencies/turtlebot3_cartographer
[0.159s] -- Up-to-date: /home/turtlebot/robot_ws/install/turtlebot3_cartographer/share/ament_index/resource_index/parent_prefix_path/turtlebot3_cartographer
[0.159s] -- Up-to-date: /home/turtlebot/robot_ws/install/turtlebot3_cartographer/share/turtlebot3_cartographer/environment/ament_prefix_path.sh
[0.160s] -- Up-to-date: /home/turtlebot/robot_ws/install/turtlebot3_cartographer/share/turtlebot3_cartographer/environment/ament_prefix_path.dsv
[0.160s] -- Up-to-date: /home/turtlebot/robot_ws/install/turtlebot3_cartographer/share/turtlebot3_cartographer/environment/path.sh
[0.160s] -- Up-to-date: /home/turtlebot/robot_ws/install/turtlebot3_cartographer/share/turtlebot3_cartographer/environment/path.dsv
[0.160s] -- Up-to-date: /home/turtlebot/robot_ws/install/turtlebot3_cartographer/share/turtlebot3_cartographer/local_setup.bash
[0.160s] -- Up-to-date: /home/turtlebot/robot_ws/install/turtlebot3_cartographer/share/turtlebot3_cartographer/local_setup.sh
[0.160s] -- Up-to-date: /home/turtlebot/robot_ws/install/turtlebot3_cartographer/share/turtlebot3_cartographer/local_setup.zsh
[0.160s] -- Up-to-date: /home/turtlebot/robot_ws/install/turtlebot3_cartographer/share/turtlebot3_cartographer/local_setup.dsv
[0.161s] -- Up-to-date: /home/turtlebot/robot_ws/install/turtlebot3_cartographer/share/turtlebot3_cartographer/package.dsv
[0.161s] -- Up-to-date: /home/turtlebot/robot_ws/install/turtlebot3_cartographer/share/ament_index/resource_index/packages/turtlebot3_cartographer
[0.161s] -- Up-to-date: /home/turtlebot/robot_ws/install/turtlebot3_cartographer/share/turtlebot3_cartographer/cmake/turtlebot3_cartographerConfig.cmake
[0.161s] -- Up-to-date: /home/turtlebot/robot_ws/install/turtlebot3_cartographer/share/turtlebot3_cartographer/cmake/turtlebot3_cartographerConfig-version.cmake
[0.161s] -- Up-to-date: /home/turtlebot/robot_ws/install/turtlebot3_cartographer/share/turtlebot3_cartographer/package.xml
[0.169s] Invoked command in '/home/turtlebot/robot_ws/build/turtlebot3_cartographer' returned '0': CMAKE_PREFIX_PATH=${CMAKE_PREFIX_PATH}:/home/turtlebot/robot_ws/install/waypoint_navigation:/home/turtlebot/robot_ws/install/turtlebot3_teleop:/home/turtlebot/robot_ws/install/turtlebot3_example:/home/turtlebot/robot_ws/install/my_package:/home/turtlebot/robot_ws/install/my_navigation_pkg:/home/turtlebot/robot_ws/install/forward1:/opt/ros/foxy /usr/bin/cmake --install /home/turtlebot/robot_ws/build/turtlebot3_cartographer
