-- The C compiler identification is GNU 9.4.0
-- The CXX compiler identification is GNU 9.4.0
-- Check for working C compiler: /usr/bin/cc
-- Check for working C compiler: /usr/bin/cc -- works
-- Detecting C compiler ABI info
-- Detecting C compiler ABI info - done
-- Detecting C compile features
-- Detecting C compile features - done
-- Check for working CXX compiler: /usr/bin/c++
-- Check for working CXX compiler: /usr/bin/c++ -- works
-- Detecting CXX compiler ABI info
-- Detecting CXX compiler ABI info - done
-- Detecting CXX compile features
-- Detecting CXX compile features - done
-- Found ament_cmake: 0.9.11 (/opt/ros/foxy/share/ament_cmake/cmake)
-- Found PythonInterp: /usr/bin/python3 (found suitable version "3.8.10", minimum required is "3") 
-- Using PYTHON_EXECUTABLE: /usr/bin/python3
-- Override CMake install command with custom implementation using symlinks instead of copying resources
-- Found nav2_common: 0.4.7 (/home/turtlebot/nav2_ws/install/nav2_common/share/nav2_common/cmake)
-- Found nav2_msgs: 0.4.7 (/home/turtlebot/nav2_ws/install/nav2_msgs/share/nav2_msgs/cmake)
-- Using all available rosidl_typesupport_c: rosidl_typesupport_fastrtps_c;rosidl_typesupport_introspection_c
-- Found rosidl_adapter: 1.3.0 (/opt/ros/foxy/share/rosidl_adapter/cmake)
-- Found OpenSSL: /usr/lib/x86_64-linux-gnu/libcrypto.so (found version "1.1.1f")  
-- Found FastRTPS: /opt/ros/foxy/include  
-- Using all available rosidl_typesupport_cpp: rosidl_typesupport_fastrtps_cpp;rosidl_typesupport_introspection_cpp
-- Found tf2_ros: 0.13.14 (/opt/ros/foxy/share/tf2_ros/cmake)
-- Found rmw_implementation_cmake: 1.0.4 (/opt/ros/foxy/share/rmw_implementation_cmake/cmake)
-- Using RMW implementation 'rmw_fastrtps_cpp' as default
-- Looking for pthread.h
-- Looking for pthread.h - found
-- Performing Test CMAKE_HAVE_LIBC_PTHREAD
-- Performing Test CMAKE_HAVE_LIBC_PTHREAD - Failed
-- Looking for pthread_create in pthreads
-- Looking for pthread_create in pthreads - not found
-- Looking for pthread_create in pthread
-- Looking for pthread_create in pthread - found
-- Found Threads: TRUE  
-- Found tf2_geometry_msgs: 0.13.14 (/opt/ros/foxy/share/tf2_geometry_msgs/cmake)
-- Found eigen3_cmake_module: 0.1.1 (/opt/ros/foxy/share/eigen3_cmake_module/cmake)
-- Found Eigen3: TRUE (found version "3.3.7") 
-- Found lifecycle_msgs: 1.0.0 (/opt/ros/foxy/share/lifecycle_msgs/cmake)
-- Found test_msgs: 1.0.0 (/opt/ros/foxy/share/test_msgs/cmake)
-- Found rclcpp_lifecycle: 2.4.2 (/opt/ros/foxy/share/rclcpp_lifecycle/cmake)
-- Setting build type to Release as none was specified.
-- Found Boost: /usr/lib/x86_64-linux-gnu/cmake/Boost-1.71.0/BoostConfig.cmake (found version "1.71.0") found components: program_options 
-- Found ament_lint_auto: 0.9.8 (/opt/ros/foxy/share/ament_lint_auto/cmake)
-- Found ament_cmake_pytest: 0.9.11 (/opt/ros/foxy/share/ament_cmake_pytest/cmake)
-- Found launch_testing_ament_cmake: 0.10.10 (/opt/ros/foxy/share/launch_testing_ament_cmake/cmake)
-- Found python_cmake_module: 0.8.1 (/opt/ros/foxy/share/python_cmake_module/cmake)
-- Found PythonInterp: /usr/bin/python3 (found suitable version "3.8.10", minimum required is "3.5") 
-- Found PythonLibs: /usr/lib/x86_64-linux-gnu/libpython3.8.so (found suitable version "3.8.10", minimum required is "3.5") 
-- Using PYTHON_EXECUTABLE: /usr/bin/python3
-- Using PYTHON_INCLUDE_DIRS: /usr/include/python3.8
-- Using PYTHON_LIBRARIES: /usr/lib/x86_64-linux-gnu/libpython3.8.so
-- Found PythonExtra: .so  
-- Found gtest sources under '/opt/ros/foxy/src/gtest_vendor': C++ tests using 'Google Test' will be built
-- Check if compiler accepts -pthread
-- Check if compiler accepts -pthread - yes
-- Added test 'copyright' to check source files copyright and LICENSE
-- Added test 'cppcheck' to perform static code analysis on C / C++ code
-- Configured cppcheck include dirs: /home/turtlebot/nav2_ws/src/navigation2/nav2_util/include
-- Configured cppcheck exclude dirs and/or files: 
-- Added test 'cpplint' to check C / C++ code against the Google style
-- Configured cpplint exclude dirs and/or files: 
-- Added test 'flake8' to check Python code syntax and style conventions
-- Added test 'lint_cmake' to check CMake code style
-- Added test 'pep257' to check Python code against some of the style conventions in PEP 257
-- Added test 'uncrustify' to check C / C++ code style
-- Configured uncrustify additional arguments: 
-- Added test 'xmllint' to check XML markup files
-- Configuring done
-- Generating done
-- Build files have been written to: /home/turtlebot/nav2_ws/build/nav2_util
[35m[1mScanning dependencies of target nav2_util_core[0m
[35m[1mScanning dependencies of target dump_params[0m
[  2%] [32mBuilding CXX object src/CMakeFiles/dump_params.dir/dump_params.cpp.o[0m
[  5%] [32mBuilding CXX object src/CMakeFiles/nav2_util_core.dir/costmap.cpp.o[0m
[  7%] [32mBuilding CXX object src/CMakeFiles/nav2_util_core.dir/node_utils.cpp.o[0m
[ 10%] [32mBuilding CXX object src/CMakeFiles/nav2_util_core.dir/lifecycle_service_client.cpp.o[0m
[ 12%] [32m[1mLinking CXX executable dump_params[0m
[ 12%] Built target dump_params
[35m[1mScanning dependencies of target gtest[0m
[ 15%] [32mBuilding CXX object gtest/CMakeFiles/gtest.dir/src/gtest-all.cc.o[0m
[ 17%] [32mBuilding CXX object src/CMakeFiles/nav2_util_core.dir/string_utils.cpp.o[0m
[ 20%] [32mBuilding CXX object src/CMakeFiles/nav2_util_core.dir/lifecycle_utils.cpp.o[0m
[ 22%] [32mBuilding CXX object src/CMakeFiles/nav2_util_core.dir/lifecycle_node.cpp.o[0m
[ 25%] [32mBuilding CXX object src/CMakeFiles/nav2_util_core.dir/robot_utils.cpp.o[0m
[ 27%] [32mBuilding CXX object src/CMakeFiles/nav2_util_core.dir/node_thread.cpp.o[0m
[ 30%] [32m[1mLinking CXX static library libgtest.a[0m
[ 30%] Built target gtest
[35m[1mScanning dependencies of target gtest_main[0m
[ 32%] [32mBuilding CXX object gtest/CMakeFiles/gtest_main.dir/src/gtest_main.cc.o[0m
[ 35%] [32m[1mLinking CXX static library libgtest_main.a[0m
[ 35%] Built target gtest_main
[ 37%] [32mBuilding CXX object src/CMakeFiles/nav2_util_core.dir/odometry_utils.cpp.o[0m
[35m[1mScanning dependencies of target test_execution_timer[0m
[ 40%] [32mBuilding CXX object test/CMakeFiles/test_execution_timer.dir/test_execution_timer.cpp.o[0m
[ 42%] [32m[1mLinking CXX executable test_execution_timer[0m
[ 42%] Built target test_execution_timer
[ 45%] [32m[1mLinking CXX shared library libnav2_util_core.so[0m
[ 45%] Built target nav2_util_core
[35m[1mScanning dependencies of target lifecycle_bringup[0m
[35m[1mScanning dependencies of target test_service_client[0m
[ 47%] [32mBuilding CXX object src/CMakeFiles/lifecycle_bringup.dir/lifecycle_bringup_commandline.cpp.o[0m
[ 50%] [32mBuilding CXX object test/CMakeFiles/test_service_client.dir/test_service_client.cpp.o[0m
[ 52%] [32m[1mLinking CXX executable lifecycle_bringup[0m
[ 52%] Built target lifecycle_bringup
[35m[1mScanning dependencies of target test_string_utils[0m
[ 55%] [32mBuilding CXX object test/CMakeFiles/test_string_utils.dir/test_string_utils.cpp.o[0m
[ 57%] [32m[1mLinking CXX executable test_string_utils[0m
[ 57%] Built target test_string_utils
[35m[1mScanning dependencies of target test_lifecycle_node[0m
[ 60%] [32mBuilding CXX object test/CMakeFiles/test_lifecycle_node.dir/test_lifecycle_node.cpp.o[0m
[ 62%] [32m[1mLinking CXX executable test_service_client[0m
[ 62%] Built target test_service_client
[35m[1mScanning dependencies of target test_lifecycle_utils[0m
[ 65%] [32mBuilding CXX object test/CMakeFiles/test_lifecycle_utils.dir/test_lifecycle_utils.cpp.o[0m
[ 67%] [32m[1mLinking CXX executable test_lifecycle_node[0m
[ 67%] Built target test_lifecycle_node
[35m[1mScanning dependencies of target test_actions[0m
[ 70%] [32mBuilding CXX object test/CMakeFiles/test_actions.dir/test_actions.cpp.o[0m
[ 72%] [32m[1mLinking CXX executable test_lifecycle_utils[0m
[ 72%] Built target test_lifecycle_utils
[35m[1mScanning dependencies of target test_node_utils[0m
[ 75%] [32mBuilding CXX object test/CMakeFiles/test_node_utils.dir/test_node_utils.cpp.o[0m
[ 77%] [32m[1mLinking CXX executable test_node_utils[0m
[ 77%] Built target test_node_utils
[35m[1mScanning dependencies of target test_lifecycle_cli_node[0m
[ 80%] [32mBuilding CXX object test/CMakeFiles/test_lifecycle_cli_node.dir/test_lifecycle_cli_node.cpp.o[0m
[ 82%] [32m[1mLinking CXX executable test_lifecycle_cli_node[0m
[ 82%] Built target test_lifecycle_cli_node
[35m[1mScanning dependencies of target test_geometry_utils[0m
[ 85%] [32mBuilding CXX object test/CMakeFiles/test_geometry_utils.dir/test_geometry_utils.cpp.o[0m
[ 87%] [32m[1mLinking CXX executable test_geometry_utils[0m
[ 87%] Built target test_geometry_utils
[35m[1mScanning dependencies of target test_odometry_utils[0m
[ 90%] [32mBuilding CXX object test/CMakeFiles/test_odometry_utils.dir/test_odometry_utils.cpp.o[0m
[ 92%] [32m[1mLinking CXX executable test_actions[0m
[ 92%] Built target test_actions
[35m[1mScanning dependencies of target test_robot_utils[0m
[ 95%] [32mBuilding CXX object test/CMakeFiles/test_robot_utils.dir/test_robot_utils.cpp.o[0m
[ 97%] [32m[1mLinking CXX executable test_odometry_utils[0m
[ 97%] Built target test_odometry_utils
[100%] [32m[1mLinking CXX executable test_robot_utils[0m
[100%] Built target test_robot_utils
-- Install configuration: "Release"
-- Execute custom install script
-- Symlinking: /home/turtlebot/nav2_ws/install/nav2_util/lib/libnav2_util_core.so
-- Symlinking: /home/turtlebot/nav2_ws/install/nav2_util/lib/nav2_util/lifecycle_bringup
-- Symlinking: /home/turtlebot/nav2_ws/install/nav2_util/lib/nav2_util/dump_params
-- Symlinking: /home/turtlebot/nav2_ws/install/nav2_util/include//nav2_util/clear_entirely_costmap_service_client.hpp
-- Symlinking: /home/turtlebot/nav2_ws/install/nav2_util/include//nav2_util/costmap.hpp
-- Symlinking: /home/turtlebot/nav2_ws/install/nav2_util/include//nav2_util/execution_timer.hpp
-- Symlinking: /home/turtlebot/nav2_ws/install/nav2_util/include//nav2_util/geometry_utils.hpp
-- Symlinking: /home/turtlebot/nav2_ws/install/nav2_util/include//nav2_util/lifecycle_node.hpp
-- Symlinking: /home/turtlebot/nav2_ws/install/nav2_util/include//nav2_util/lifecycle_service_client.hpp
-- Symlinking: /home/turtlebot/nav2_ws/install/nav2_util/include//nav2_util/lifecycle_utils.hpp
-- Symlinking: /home/turtlebot/nav2_ws/install/nav2_util/include//nav2_util/line_iterator.hpp
-- Symlinking: /home/turtlebot/nav2_ws/install/nav2_util/include//nav2_util/node_thread.hpp
-- Symlinking: /home/turtlebot/nav2_ws/install/nav2_util/include//nav2_util/node_utils.hpp
-- Symlinking: /home/turtlebot/nav2_ws/install/nav2_util/include//nav2_util/odometry_utils.hpp
-- Symlinking: /home/turtlebot/nav2_ws/install/nav2_util/include//nav2_util/robot_utils.hpp
-- Symlinking: /home/turtlebot/nav2_ws/install/nav2_util/include//nav2_util/service_client.hpp
-- Symlinking: /home/turtlebot/nav2_ws/install/nav2_util/include//nav2_util/simple_action_server.hpp
-- Symlinking: /home/turtlebot/nav2_ws/install/nav2_util/include//nav2_util/string_utils.hpp
-- Symlinking: /home/turtlebot/nav2_ws/install/nav2_util/share/nav2_util/environment/library_path.sh
-- Symlinking: /home/turtlebot/nav2_ws/install/nav2_util/share/nav2_util/environment/library_path.dsv
-- Symlinking: /home/turtlebot/nav2_ws/install/nav2_util/share/ament_index/resource_index/package_run_dependencies/nav2_util
-- Symlinking: /home/turtlebot/nav2_ws/install/nav2_util/share/ament_index/resource_index/parent_prefix_path/nav2_util
-- Symlinking: /home/turtlebot/nav2_ws/install/nav2_util/share/nav2_util/environment/ament_prefix_path.sh
-- Symlinking: /home/turtlebot/nav2_ws/install/nav2_util/share/nav2_util/environment/ament_prefix_path.dsv
-- Symlinking: /home/turtlebot/nav2_ws/install/nav2_util/share/nav2_util/environment/path.sh
-- Symlinking: /home/turtlebot/nav2_ws/install/nav2_util/share/nav2_util/environment/path.dsv
-- Symlinking: /home/turtlebot/nav2_ws/install/nav2_util/share/nav2_util/local_setup.bash
-- Symlinking: /home/turtlebot/nav2_ws/install/nav2_util/share/nav2_util/local_setup.sh
-- Symlinking: /home/turtlebot/nav2_ws/install/nav2_util/share/nav2_util/local_setup.zsh
-- Symlinking: /home/turtlebot/nav2_ws/install/nav2_util/share/nav2_util/local_setup.dsv
-- Symlinking: /home/turtlebot/nav2_ws/install/nav2_util/share/nav2_util/package.dsv
-- Symlinking: /home/turtlebot/nav2_ws/install/nav2_util/share/ament_index/resource_index/packages/nav2_util
-- Symlinking: /home/turtlebot/nav2_ws/install/nav2_util/share/nav2_util/cmake/ament_cmake_export_include_directories-extras.cmake
-- Symlinking: /home/turtlebot/nav2_ws/install/nav2_util/share/nav2_util/cmake/ament_cmake_export_libraries-extras.cmake
-- Symlinking: /home/turtlebot/nav2_ws/install/nav2_util/share/nav2_util/cmake/ament_cmake_export_dependencies-extras.cmake
-- Symlinking: /home/turtlebot/nav2_ws/install/nav2_util/share/nav2_util/cmake/nav2_utilConfig.cmake
-- Symlinking: /home/turtlebot/nav2_ws/install/nav2_util/share/nav2_util/cmake/nav2_utilConfig-version.cmake
-- Symlinking: /home/turtlebot/nav2_ws/install/nav2_util/share/nav2_util/package.xml
