[0.036s] Invoking command in '/home/turtlebot/nav2_ws/build/nav2_msgs': AMENT_PREFIX_PATH=/home/turtlebot/nav2_ws/install/nav2_common:${AMENT_PREFIX_PATH} CMAKE_PREFIX_PATH=/home/turtlebot/nav2_ws/install/nav2_common:/home/turtlebot/robot_ws/install/turtlebot3:/home/turtlebot/robot_ws/install/nav2_example:/home/turtlebot/robot_ws/install/my_package:/home/turtlebot/robot_ws/install/my_navigation_pkg:/home/turtlebot/robot_ws/install/forward1:/opt/ros/foxy PYTHONPATH=/home/turtlebot/nav2_ws/install/nav2_common/lib/python3.8/site-packages:${PYTHONPATH} /usr/bin/cmake /home/turtlebot/nav2_ws/src/navigation2/nav2_msgs -DAMENT_CMAKE_SYMLINK_INSTALL=1 -DCMAKE_INSTALL_PREFIX=/home/turtlebot/nav2_ws/install/nav2_msgs
[0.118s] -- The C compiler identification is GNU 9.4.0
[0.189s] -- The CXX compiler identification is GNU 9.4.0
[0.195s] -- Check for working C compiler: /usr/bin/cc
[0.289s] -- Check for working C compiler: /usr/bin/cc -- works
[0.290s] -- Detecting C compiler ABI info
[0.402s] -- Detecting C compiler ABI info - done
[0.413s] -- Detecting C compile features
[0.414s] -- Detecting C compile features - done
[0.418s] -- Check for working CXX compiler: /usr/bin/c++
[0.536s] -- Check for working CXX compiler: /usr/bin/c++ -- works
[0.537s] -- Detecting CXX compiler ABI info
[0.662s] -- Detecting CXX compiler ABI info - done
[0.673s] -- Detecting CXX compile features
[0.674s] -- Detecting CXX compile features - done
[0.678s] -- Found ament_cmake: 0.9.11 (/opt/ros/foxy/share/ament_cmake/cmake)
[0.722s] -- Found PythonInterp: /usr/bin/python3 (found suitable version "3.8.10", minimum required is "3") 
[0.723s] -- Using PYTHON_EXECUTABLE: /usr/bin/python3
[0.982s] -- Override CMake install command with custom implementation using symlinks instead of copying resources
[1.015s] -- Found nav2_common: 0.4.7 (/home/turtlebot/nav2_ws/install/nav2_common/share/nav2_common/cmake)
[1.017s] -- Found builtin_interfaces: 1.0.0 (/opt/ros/foxy/share/builtin_interfaces/cmake)
[1.056s] -- Using all available rosidl_typesupport_c: rosidl_typesupport_fastrtps_c;rosidl_typesupport_introspection_c
[1.066s] -- Found rosidl_adapter: 1.3.0 (/opt/ros/foxy/share/rosidl_adapter/cmake)
[1.168s] -- Found OpenSSL: /usr/lib/x86_64-linux-gnu/libcrypto.so (found version "1.1.1f")  
[1.208s] -- Found FastRTPS: /opt/ros/foxy/include  
[1.316s] -- Using all available rosidl_typesupport_cpp: rosidl_typesupport_fastrtps_cpp;rosidl_typesupport_introspection_cpp
[1.363s] -- Found nav_msgs: 2.0.5 (/opt/ros/foxy/share/nav_msgs/cmake)
[1.574s] -- Found rosidl_default_generators: 1.0.1 (/opt/ros/foxy/share/rosidl_default_generators/cmake)
[1.595s] -- Found action_msgs: 1.0.0 (/opt/ros/foxy/share/action_msgs/cmake)
[1.667s] -- Setting build type to Release as none was specified.
[1.716s] -- Found PythonInterp: /usr/bin/python3 (found version "3.8.10") 
[2.481s] -- Found ament_cmake_ros: 0.9.2 (/opt/ros/foxy/share/ament_cmake_ros/cmake)
[2.966s] -- Using all available rosidl_typesupport_c: rosidl_typesupport_fastrtps_c;rosidl_typesupport_introspection_c
[3.161s] -- Using all available rosidl_typesupport_cpp: rosidl_typesupport_fastrtps_cpp;rosidl_typesupport_introspection_cpp
[3.214s] -- Found PythonInterp: /usr/bin/python3 (found suitable version "3.8.10", minimum required is "3.5") 
[3.215s] -- Found python_cmake_module: 0.8.1 (/opt/ros/foxy/share/python_cmake_module/cmake)
[3.287s] -- Found PythonLibs: /usr/lib/x86_64-linux-gnu/libpython3.8.so (found suitable version "3.8.10", minimum required is "3.5") 
[3.287s] -- Using PYTHON_EXECUTABLE: /usr/bin/python3
[3.288s] -- Using PYTHON_INCLUDE_DIRS: /usr/include/python3.8
[3.288s] -- Using PYTHON_LIBRARIES: /usr/lib/x86_64-linux-gnu/libpython3.8.so
[3.330s] -- Found PythonExtra: .so  
[3.578s] -- Configuring done
[3.913s] -- Generating done
[3.917s] -- Build files have been written to: /home/turtlebot/nav2_ws/build/nav2_msgs
[3.933s] Invoked command in '/home/turtlebot/nav2_ws/build/nav2_msgs' returned '0': AMENT_PREFIX_PATH=/home/turtlebot/nav2_ws/install/nav2_common:${AMENT_PREFIX_PATH} CMAKE_PREFIX_PATH=/home/turtlebot/nav2_ws/install/nav2_common:/home/turtlebot/robot_ws/install/turtlebot3:/home/turtlebot/robot_ws/install/nav2_example:/home/turtlebot/robot_ws/install/my_package:/home/turtlebot/robot_ws/install/my_navigation_pkg:/home/turtlebot/robot_ws/install/forward1:/opt/ros/foxy PYTHONPATH=/home/turtlebot/nav2_ws/install/nav2_common/lib/python3.8/site-packages:${PYTHONPATH} /usr/bin/cmake /home/turtlebot/nav2_ws/src/navigation2/nav2_msgs -DAMENT_CMAKE_SYMLINK_INSTALL=1 -DCMAKE_INSTALL_PREFIX=/home/turtlebot/nav2_ws/install/nav2_msgs
[3.934s] Invoking command in '/home/turtlebot/nav2_ws/build/nav2_msgs': AMENT_PREFIX_PATH=/home/turtlebot/nav2_ws/install/nav2_common:${AMENT_PREFIX_PATH} CMAKE_PREFIX_PATH=/home/turtlebot/nav2_ws/install/nav2_common:/home/turtlebot/robot_ws/install/turtlebot3:/home/turtlebot/robot_ws/install/nav2_example:/home/turtlebot/robot_ws/install/my_package:/home/turtlebot/robot_ws/install/my_navigation_pkg:/home/turtlebot/robot_ws/install/forward1:/opt/ros/foxy PYTHONPATH=/home/turtlebot/nav2_ws/install/nav2_common/lib/python3.8/site-packages:${PYTHONPATH} /usr/bin/cmake --build /home/turtlebot/nav2_ws/build/nav2_msgs -- -j2 -l2
[4.120s] [  1%] [34m[1mGenerating C code for ROS interfaces[0m
[4.122s] [35m[1mScanning dependencies of target nav2_msgs__cpp[0m
[4.175s] [  1%] [34m[1mGenerating C++ code for ROS interfaces[0m
[13.651s] [  1%] Built target nav2_msgs__cpp
[13.675s] [  2%] [34m[1mGenerating C++ type support dispatch for ROS interfaces[0m
[15.064s] [35m[1mScanning dependencies of target nav2_msgs__rosidl_generator_c[0m
[15.167s] [  2%] [32mBuilding C object CMakeFiles/nav2_msgs__rosidl_generator_c.dir/rosidl_generator_c/nav2_msgs/msg/detail/costmap__functions.c.o[0m
[15.469s] [  3%] [32mBuilding C object CMakeFiles/nav2_msgs__rosidl_generator_c.dir/rosidl_generator_c/nav2_msgs/msg/detail/costmap_meta_data__functions.c.o[0m
[15.676s] [  3%] [32mBuilding C object CMakeFiles/nav2_msgs__rosidl_generator_c.dir/rosidl_generator_c/nav2_msgs/msg/detail/voxel_grid__functions.c.o[0m
[15.903s] [  4%] [32mBuilding C object CMakeFiles/nav2_msgs__rosidl_generator_c.dir/rosidl_generator_c/nav2_msgs/msg/detail/behavior_tree_status_change__functions.c.o[0m
[16.102s] [  4%] [32mBuilding C object CMakeFiles/nav2_msgs__rosidl_generator_c.dir/rosidl_generator_c/nav2_msgs/msg/detail/behavior_tree_log__functions.c.o[0m
[16.389s] [  5%] [32mBuilding C object CMakeFiles/nav2_msgs__rosidl_generator_c.dir/rosidl_generator_c/nav2_msgs/msg/detail/particle__functions.c.o[0m
[16.653s] [  5%] [32mBuilding C object CMakeFiles/nav2_msgs__rosidl_generator_c.dir/rosidl_generator_c/nav2_msgs/msg/detail/particle_cloud__functions.c.o[0m
[16.869s] [  6%] [32mBuilding C object CMakeFiles/nav2_msgs__rosidl_generator_c.dir/rosidl_generator_c/nav2_msgs/srv/detail/get_costmap__functions.c.o[0m
[17.282s] [  6%] [32mBuilding C object CMakeFiles/nav2_msgs__rosidl_generator_c.dir/rosidl_generator_c/nav2_msgs/srv/detail/clear_costmap_except_region__functions.c.o[0m
[17.663s] [  7%] [32mBuilding C object CMakeFiles/nav2_msgs__rosidl_generator_c.dir/rosidl_generator_c/nav2_msgs/srv/detail/clear_costmap_around_robot__functions.c.o[0m
[17.692s] [35m[1mScanning dependencies of target nav2_msgs__rosidl_typesupport_cpp[0m
[17.814s] [  7%] [32mBuilding CXX object CMakeFiles/nav2_msgs__rosidl_typesupport_cpp.dir/rosidl_typesupport_cpp/nav2_msgs/msg/costmap__type_support.cpp.o[0m
[18.002s] [  7%] [32mBuilding C object CMakeFiles/nav2_msgs__rosidl_generator_c.dir/rosidl_generator_c/nav2_msgs/srv/detail/clear_entire_costmap__functions.c.o[0m
[18.423s] [  8%] [32mBuilding C object CMakeFiles/nav2_msgs__rosidl_generator_c.dir/rosidl_generator_c/nav2_msgs/srv/detail/manage_lifecycle_nodes__functions.c.o[0m
[18.747s] [  9%] [32mBuilding CXX object CMakeFiles/nav2_msgs__rosidl_typesupport_cpp.dir/rosidl_typesupport_cpp/nav2_msgs/msg/costmap_meta_data__type_support.cpp.o[0m
[18.794s] [  9%] [32mBuilding C object CMakeFiles/nav2_msgs__rosidl_generator_c.dir/rosidl_generator_c/nav2_msgs/srv/detail/load_map__functions.c.o[0m
[19.208s] [ 10%] [32mBuilding C object CMakeFiles/nav2_msgs__rosidl_generator_c.dir/rosidl_generator_c/nav2_msgs/srv/detail/save_map__functions.c.o[0m
[19.568s] [ 10%] [32mBuilding CXX object CMakeFiles/nav2_msgs__rosidl_typesupport_cpp.dir/rosidl_typesupport_cpp/nav2_msgs/msg/voxel_grid__type_support.cpp.o[0m
[19.594s] [ 10%] [32mBuilding C object CMakeFiles/nav2_msgs__rosidl_generator_c.dir/rosidl_generator_c/nav2_msgs/action/detail/back_up__functions.c.o[0m
[20.167s] [ 11%] [32mBuilding CXX object CMakeFiles/nav2_msgs__rosidl_typesupport_cpp.dir/rosidl_typesupport_cpp/nav2_msgs/msg/behavior_tree_status_change__type_support.cpp.o[0m
[20.355s] [ 12%] [32mBuilding C object CMakeFiles/nav2_msgs__rosidl_generator_c.dir/rosidl_generator_c/nav2_msgs/action/detail/compute_path_to_pose__functions.c.o[0m
[20.869s] [ 12%] [32mBuilding CXX object CMakeFiles/nav2_msgs__rosidl_typesupport_cpp.dir/rosidl_typesupport_cpp/nav2_msgs/msg/behavior_tree_log__type_support.cpp.o[0m
[21.189s] [ 12%] [32mBuilding C object CMakeFiles/nav2_msgs__rosidl_generator_c.dir/rosidl_generator_c/nav2_msgs/action/detail/follow_path__functions.c.o[0m
[21.577s] [ 13%] [32mBuilding CXX object CMakeFiles/nav2_msgs__rosidl_typesupport_cpp.dir/rosidl_typesupport_cpp/nav2_msgs/msg/particle__type_support.cpp.o[0m
[22.081s] [ 14%] [32mBuilding C object CMakeFiles/nav2_msgs__rosidl_generator_c.dir/rosidl_generator_c/nav2_msgs/action/detail/navigate_to_pose__functions.c.o[0m
[22.380s] [ 14%] [32mBuilding CXX object CMakeFiles/nav2_msgs__rosidl_typesupport_cpp.dir/rosidl_typesupport_cpp/nav2_msgs/msg/particle_cloud__type_support.cpp.o[0m
[23.186s] [ 15%] [32mBuilding CXX object CMakeFiles/nav2_msgs__rosidl_typesupport_cpp.dir/rosidl_typesupport_cpp/nav2_msgs/srv/get_costmap__type_support.cpp.o[0m
[23.189s] [ 15%] [32mBuilding C object CMakeFiles/nav2_msgs__rosidl_generator_c.dir/rosidl_generator_c/nav2_msgs/action/detail/wait__functions.c.o[0m
[23.823s] [ 15%] [32mBuilding CXX object CMakeFiles/nav2_msgs__rosidl_typesupport_cpp.dir/rosidl_typesupport_cpp/nav2_msgs/srv/clear_costmap_except_region__type_support.cpp.o[0m
[23.935s] [ 16%] [32mBuilding C object CMakeFiles/nav2_msgs__rosidl_generator_c.dir/rosidl_generator_c/nav2_msgs/action/detail/spin__functions.c.o[0m
[24.270s] [ 17%] [32mBuilding CXX object CMakeFiles/nav2_msgs__rosidl_typesupport_cpp.dir/rosidl_typesupport_cpp/nav2_msgs/srv/clear_costmap_around_robot__type_support.cpp.o[0m
[24.556s] [ 17%] [32mBuilding C object CMakeFiles/nav2_msgs__rosidl_generator_c.dir/rosidl_generator_c/nav2_msgs/action/detail/dummy_recovery__functions.c.o[0m
[24.717s] [ 17%] [32mBuilding CXX object CMakeFiles/nav2_msgs__rosidl_typesupport_cpp.dir/rosidl_typesupport_cpp/nav2_msgs/srv/clear_entire_costmap__type_support.cpp.o[0m
[25.167s] [ 18%] [32mBuilding CXX object CMakeFiles/nav2_msgs__rosidl_typesupport_cpp.dir/rosidl_typesupport_cpp/nav2_msgs/srv/manage_lifecycle_nodes__type_support.cpp.o[0m
[25.199s] [ 19%] [32mBuilding C object CMakeFiles/nav2_msgs__rosidl_generator_c.dir/rosidl_generator_c/nav2_msgs/action/detail/follow_waypoints__functions.c.o[0m
[25.821s] [ 19%] [32mBuilding CXX object CMakeFiles/nav2_msgs__rosidl_typesupport_cpp.dir/rosidl_typesupport_cpp/nav2_msgs/srv/load_map__type_support.cpp.o[0m
[25.850s] [ 19%] [32m[1mLinking C shared library libnav2_msgs__rosidl_generator_c.so[0m
[26.006s] [ 19%] Built target nav2_msgs__rosidl_generator_c
[26.047s] [ 20%] [34m[1mGenerating C++ introspection for ROS interfaces[0m
[26.292s] [ 21%] [32mBuilding CXX object CMakeFiles/nav2_msgs__rosidl_typesupport_cpp.dir/rosidl_typesupport_cpp/nav2_msgs/srv/save_map__type_support.cpp.o[0m
[27.182s] [ 21%] [32mBuilding CXX object CMakeFiles/nav2_msgs__rosidl_typesupport_cpp.dir/rosidl_typesupport_cpp/nav2_msgs/action/back_up__type_support.cpp.o[0m
[28.329s] [ 22%] [32mBuilding CXX object CMakeFiles/nav2_msgs__rosidl_typesupport_cpp.dir/rosidl_typesupport_cpp/nav2_msgs/action/compute_path_to_pose__type_support.cpp.o[0m
[29.191s] [ 22%] [32mBuilding CXX object CMakeFiles/nav2_msgs__rosidl_typesupport_cpp.dir/rosidl_typesupport_cpp/nav2_msgs/action/follow_path__type_support.cpp.o[0m
[29.924s] [ 23%] [32mBuilding CXX object CMakeFiles/nav2_msgs__rosidl_typesupport_cpp.dir/rosidl_typesupport_cpp/nav2_msgs/action/navigate_to_pose__type_support.cpp.o[0m
[30.420s] [ 23%] [32mBuilding CXX object CMakeFiles/nav2_msgs__rosidl_typesupport_cpp.dir/rosidl_typesupport_cpp/nav2_msgs/action/wait__type_support.cpp.o[0m
[30.909s] [ 24%] [32mBuilding CXX object CMakeFiles/nav2_msgs__rosidl_typesupport_cpp.dir/rosidl_typesupport_cpp/nav2_msgs/action/spin__type_support.cpp.o[0m
[30.925s] [35m[1mScanning dependencies of target nav2_msgs__rosidl_typesupport_introspection_cpp[0m
[30.974s] [ 24%] [32mBuilding CXX object CMakeFiles/nav2_msgs__rosidl_typesupport_introspection_cpp.dir/rosidl_typesupport_introspection_cpp/nav2_msgs/msg/detail/costmap__type_support.cpp.o[0m
[31.550s] [ 24%] [32mBuilding CXX object CMakeFiles/nav2_msgs__rosidl_typesupport_cpp.dir/rosidl_typesupport_cpp/nav2_msgs/action/dummy_recovery__type_support.cpp.o[0m
[31.668s] [ 25%] [32mBuilding CXX object CMakeFiles/nav2_msgs__rosidl_typesupport_introspection_cpp.dir/rosidl_typesupport_introspection_cpp/nav2_msgs/msg/detail/costmap_meta_data__type_support.cpp.o[0m
[32.171s] [ 25%] [32mBuilding CXX object CMakeFiles/nav2_msgs__rosidl_typesupport_introspection_cpp.dir/rosidl_typesupport_introspection_cpp/nav2_msgs/msg/detail/voxel_grid__type_support.cpp.o[0m
[32.194s] [ 26%] [32mBuilding CXX object CMakeFiles/nav2_msgs__rosidl_typesupport_cpp.dir/rosidl_typesupport_cpp/nav2_msgs/action/follow_waypoints__type_support.cpp.o[0m
[32.745s] [ 27%] [32mBuilding CXX object CMakeFiles/nav2_msgs__rosidl_typesupport_introspection_cpp.dir/rosidl_typesupport_introspection_cpp/nav2_msgs/msg/detail/behavior_tree_status_change__type_support.cpp.o[0m
[32.893s] [ 27%] [32m[1mLinking CXX shared library libnav2_msgs__rosidl_typesupport_cpp.so[0m
[32.988s] [ 27%] Built target nav2_msgs__rosidl_typesupport_cpp
[33.250s] [ 27%] [32mBuilding CXX object CMakeFiles/nav2_msgs__rosidl_typesupport_introspection_cpp.dir/rosidl_typesupport_introspection_cpp/nav2_msgs/msg/detail/behavior_tree_log__type_support.cpp.o[0m
[33.791s] [ 28%] [32mBuilding CXX object CMakeFiles/nav2_msgs__rosidl_typesupport_introspection_cpp.dir/rosidl_typesupport_introspection_cpp/nav2_msgs/msg/detail/particle__type_support.cpp.o[0m
[34.214s] [ 28%] [32mBuilding CXX object CMakeFiles/nav2_msgs__rosidl_typesupport_introspection_cpp.dir/rosidl_typesupport_introspection_cpp/nav2_msgs/msg/detail/particle_cloud__type_support.cpp.o[0m
[34.742s] [ 29%] [32mBuilding CXX object CMakeFiles/nav2_msgs__rosidl_typesupport_introspection_cpp.dir/rosidl_typesupport_introspection_cpp/nav2_msgs/srv/detail/get_costmap__type_support.cpp.o[0m
[35.211s] [ 29%] [32mBuilding CXX object CMakeFiles/nav2_msgs__rosidl_typesupport_introspection_cpp.dir/rosidl_typesupport_introspection_cpp/nav2_msgs/srv/detail/clear_costmap_except_region__type_support.cpp.o[0m
[35.628s] [ 30%] [32mBuilding CXX object CMakeFiles/nav2_msgs__rosidl_typesupport_introspection_cpp.dir/rosidl_typesupport_introspection_cpp/nav2_msgs/srv/detail/clear_costmap_around_robot__type_support.cpp.o[0m
[36.057s] [ 30%] [32mBuilding CXX object CMakeFiles/nav2_msgs__rosidl_typesupport_introspection_cpp.dir/rosidl_typesupport_introspection_cpp/nav2_msgs/srv/detail/clear_entire_costmap__type_support.cpp.o[0m
[36.491s] [ 31%] [32mBuilding CXX object CMakeFiles/nav2_msgs__rosidl_typesupport_introspection_cpp.dir/rosidl_typesupport_introspection_cpp/nav2_msgs/srv/detail/manage_lifecycle_nodes__type_support.cpp.o[0m
[36.982s] [ 31%] [32mBuilding CXX object CMakeFiles/nav2_msgs__rosidl_typesupport_introspection_cpp.dir/rosidl_typesupport_introspection_cpp/nav2_msgs/srv/detail/load_map__type_support.cpp.o[0m
[37.460s] [ 32%] [32mBuilding CXX object CMakeFiles/nav2_msgs__rosidl_typesupport_introspection_cpp.dir/rosidl_typesupport_introspection_cpp/nav2_msgs/srv/detail/save_map__type_support.cpp.o[0m
[37.911s] [ 32%] [32mBuilding CXX object CMakeFiles/nav2_msgs__rosidl_typesupport_introspection_cpp.dir/rosidl_typesupport_introspection_cpp/nav2_msgs/action/detail/back_up__type_support.cpp.o[0m
[38.416s] [ 33%] [32mBuilding CXX object CMakeFiles/nav2_msgs__rosidl_typesupport_introspection_cpp.dir/rosidl_typesupport_introspection_cpp/nav2_msgs/action/detail/compute_path_to_pose__type_support.cpp.o[0m
[38.997s] [ 33%] [32mBuilding CXX object CMakeFiles/nav2_msgs__rosidl_typesupport_introspection_cpp.dir/rosidl_typesupport_introspection_cpp/nav2_msgs/action/detail/follow_path__type_support.cpp.o[0m
[39.562s] [ 34%] [32mBuilding CXX object CMakeFiles/nav2_msgs__rosidl_typesupport_introspection_cpp.dir/rosidl_typesupport_introspection_cpp/nav2_msgs/action/detail/navigate_to_pose__type_support.cpp.o[0m
[40.130s] [ 34%] [32mBuilding CXX object CMakeFiles/nav2_msgs__rosidl_typesupport_introspection_cpp.dir/rosidl_typesupport_introspection_cpp/nav2_msgs/action/detail/wait__type_support.cpp.o[0m
[40.633s] [ 35%] [32mBuilding CXX object CMakeFiles/nav2_msgs__rosidl_typesupport_introspection_cpp.dir/rosidl_typesupport_introspection_cpp/nav2_msgs/action/detail/spin__type_support.cpp.o[0m
[41.140s] [ 35%] [32mBuilding CXX object CMakeFiles/nav2_msgs__rosidl_typesupport_introspection_cpp.dir/rosidl_typesupport_introspection_cpp/nav2_msgs/action/detail/dummy_recovery__type_support.cpp.o[0m
[41.665s] [ 36%] [32mBuilding CXX object CMakeFiles/nav2_msgs__rosidl_typesupport_introspection_cpp.dir/rosidl_typesupport_introspection_cpp/nav2_msgs/action/detail/follow_waypoints__type_support.cpp.o[0m
[42.337s] [ 37%] [32m[1mLinking CXX shared library libnav2_msgs__rosidl_typesupport_introspection_cpp.so[0m
[42.445s] [ 37%] Built target nav2_msgs__rosidl_typesupport_introspection_cpp
[42.462s] [ 38%] [34m[1mGenerating C introspection for ROS interfaces[0m
[45.980s] [35m[1mScanning dependencies of target nav2_msgs__rosidl_typesupport_introspection_c[0m
[46.053s] [ 38%] [32mBuilding C object CMakeFiles/nav2_msgs__rosidl_typesupport_introspection_c.dir/rosidl_typesupport_introspection_c/nav2_msgs/msg/detail/costmap__type_support.c.o[0m
[46.105s] [ 39%] [32mBuilding C object CMakeFiles/nav2_msgs__rosidl_typesupport_introspection_c.dir/rosidl_typesupport_introspection_c/nav2_msgs/msg/detail/costmap_meta_data__type_support.c.o[0m
[46.158s] [ 39%] [32mBuilding C object CMakeFiles/nav2_msgs__rosidl_typesupport_introspection_c.dir/rosidl_typesupport_introspection_c/nav2_msgs/msg/detail/voxel_grid__type_support.c.o[0m
[46.210s] [ 40%] [32mBuilding C object CMakeFiles/nav2_msgs__rosidl_typesupport_introspection_c.dir/rosidl_typesupport_introspection_c/nav2_msgs/msg/detail/behavior_tree_status_change__type_support.c.o[0m
[46.260s] [ 40%] [32mBuilding C object CMakeFiles/nav2_msgs__rosidl_typesupport_introspection_c.dir/rosidl_typesupport_introspection_c/nav2_msgs/msg/detail/behavior_tree_log__type_support.c.o[0m
[46.316s] [ 41%] [32mBuilding C object CMakeFiles/nav2_msgs__rosidl_typesupport_introspection_c.dir/rosidl_typesupport_introspection_c/nav2_msgs/msg/detail/particle__type_support.c.o[0m
[46.372s] [ 41%] [32mBuilding C object CMakeFiles/nav2_msgs__rosidl_typesupport_introspection_c.dir/rosidl_typesupport_introspection_c/nav2_msgs/msg/detail/particle_cloud__type_support.c.o[0m
[46.429s] [ 42%] [32mBuilding C object CMakeFiles/nav2_msgs__rosidl_typesupport_introspection_c.dir/rosidl_typesupport_introspection_c/nav2_msgs/srv/detail/get_costmap__type_support.c.o[0m
[46.491s] [ 42%] [32mBuilding C object CMakeFiles/nav2_msgs__rosidl_typesupport_introspection_c.dir/rosidl_typesupport_introspection_c/nav2_msgs/srv/detail/clear_costmap_except_region__type_support.c.o[0m
[46.552s] [ 43%] [32mBuilding C object CMakeFiles/nav2_msgs__rosidl_typesupport_introspection_c.dir/rosidl_typesupport_introspection_c/nav2_msgs/srv/detail/clear_costmap_around_robot__type_support.c.o[0m
[46.611s] [ 43%] [32mBuilding C object CMakeFiles/nav2_msgs__rosidl_typesupport_introspection_c.dir/rosidl_typesupport_introspection_c/nav2_msgs/srv/detail/clear_entire_costmap__type_support.c.o[0m
[46.672s] [ 44%] [32mBuilding C object CMakeFiles/nav2_msgs__rosidl_typesupport_introspection_c.dir/rosidl_typesupport_introspection_c/nav2_msgs/srv/detail/manage_lifecycle_nodes__type_support.c.o[0m
[46.729s] [ 44%] [32mBuilding C object CMakeFiles/nav2_msgs__rosidl_typesupport_introspection_c.dir/rosidl_typesupport_introspection_c/nav2_msgs/srv/detail/load_map__type_support.c.o[0m
[46.791s] [ 45%] [32mBuilding C object CMakeFiles/nav2_msgs__rosidl_typesupport_introspection_c.dir/rosidl_typesupport_introspection_c/nav2_msgs/srv/detail/save_map__type_support.c.o[0m
[46.851s] [ 45%] [32mBuilding C object CMakeFiles/nav2_msgs__rosidl_typesupport_introspection_c.dir/rosidl_typesupport_introspection_c/nav2_msgs/action/detail/back_up__type_support.c.o[0m
[46.949s] [ 46%] [32mBuilding C object CMakeFiles/nav2_msgs__rosidl_typesupport_introspection_c.dir/rosidl_typesupport_introspection_c/nav2_msgs/action/detail/compute_path_to_pose__type_support.c.o[0m
[47.058s] [ 46%] [32mBuilding C object CMakeFiles/nav2_msgs__rosidl_typesupport_introspection_c.dir/rosidl_typesupport_introspection_c/nav2_msgs/action/detail/follow_path__type_support.c.o[0m
[47.158s] [ 47%] [32mBuilding C object CMakeFiles/nav2_msgs__rosidl_typesupport_introspection_c.dir/rosidl_typesupport_introspection_c/nav2_msgs/action/detail/navigate_to_pose__type_support.c.o[0m
[47.258s] [ 47%] [32mBuilding C object CMakeFiles/nav2_msgs__rosidl_typesupport_introspection_c.dir/rosidl_typesupport_introspection_c/nav2_msgs/action/detail/wait__type_support.c.o[0m
[47.355s] [ 48%] [32mBuilding C object CMakeFiles/nav2_msgs__rosidl_typesupport_introspection_c.dir/rosidl_typesupport_introspection_c/nav2_msgs/action/detail/spin__type_support.c.o[0m
[47.452s] [ 48%] [32mBuilding C object CMakeFiles/nav2_msgs__rosidl_typesupport_introspection_c.dir/rosidl_typesupport_introspection_c/nav2_msgs/action/detail/dummy_recovery__type_support.c.o[0m
[47.552s] [ 49%] [32mBuilding C object CMakeFiles/nav2_msgs__rosidl_typesupport_introspection_c.dir/rosidl_typesupport_introspection_c/nav2_msgs/action/detail/follow_waypoints__type_support.c.o[0m
[47.661s] [ 49%] [32m[1mLinking C shared library libnav2_msgs__rosidl_typesupport_introspection_c.so[0m
[47.723s] [ 49%] Built target nav2_msgs__rosidl_typesupport_introspection_c
[47.742s] [ 50%] [34m[1mGenerating C++ type support for eProsima Fast-RTPS[0m
[53.923s] [35m[1mScanning dependencies of target nav2_msgs__rosidl_typesupport_fastrtps_cpp[0m
[54.101s] [ 50%] [32mBuilding CXX object CMakeFiles/nav2_msgs__rosidl_typesupport_fastrtps_cpp.dir/rosidl_typesupport_fastrtps_cpp/nav2_msgs/msg/detail/dds_fastrtps/costmap__type_support.cpp.o[0m
[56.035s] [ 51%] [32mBuilding CXX object CMakeFiles/nav2_msgs__rosidl_typesupport_fastrtps_cpp.dir/rosidl_typesupport_fastrtps_cpp/nav2_msgs/msg/detail/dds_fastrtps/costmap_meta_data__type_support.cpp.o[0m
[57.884s] [ 51%] [32mBuilding CXX object CMakeFiles/nav2_msgs__rosidl_typesupport_fastrtps_cpp.dir/rosidl_typesupport_fastrtps_cpp/nav2_msgs/msg/detail/dds_fastrtps/voxel_grid__type_support.cpp.o[0m
[59.851s] [ 52%] [32mBuilding CXX object CMakeFiles/nav2_msgs__rosidl_typesupport_fastrtps_cpp.dir/rosidl_typesupport_fastrtps_cpp/nav2_msgs/msg/detail/dds_fastrtps/behavior_tree_status_change__type_support.cpp.o[0m
[61.731s] [ 52%] [32mBuilding CXX object CMakeFiles/nav2_msgs__rosidl_typesupport_fastrtps_cpp.dir/rosidl_typesupport_fastrtps_cpp/nav2_msgs/msg/detail/dds_fastrtps/behavior_tree_log__type_support.cpp.o[0m
[63.768s] [ 53%] [32mBuilding CXX object CMakeFiles/nav2_msgs__rosidl_typesupport_fastrtps_cpp.dir/rosidl_typesupport_fastrtps_cpp/nav2_msgs/msg/detail/dds_fastrtps/particle__type_support.cpp.o[0m
[65.515s] [ 53%] [32mBuilding CXX object CMakeFiles/nav2_msgs__rosidl_typesupport_fastrtps_cpp.dir/rosidl_typesupport_fastrtps_cpp/nav2_msgs/msg/detail/dds_fastrtps/particle_cloud__type_support.cpp.o[0m
[67.439s] [ 54%] [32mBuilding CXX object CMakeFiles/nav2_msgs__rosidl_typesupport_fastrtps_cpp.dir/rosidl_typesupport_fastrtps_cpp/nav2_msgs/srv/detail/dds_fastrtps/get_costmap__type_support.cpp.o[0m
[69.241s] [ 54%] [32mBuilding CXX object CMakeFiles/nav2_msgs__rosidl_typesupport_fastrtps_cpp.dir/rosidl_typesupport_fastrtps_cpp/nav2_msgs/srv/detail/dds_fastrtps/clear_costmap_except_region__type_support.cpp.o[0m
[70.988s] [ 55%] [32mBuilding CXX object CMakeFiles/nav2_msgs__rosidl_typesupport_fastrtps_cpp.dir/rosidl_typesupport_fastrtps_cpp/nav2_msgs/srv/detail/dds_fastrtps/clear_costmap_around_robot__type_support.cpp.o[0m
[72.769s] [ 55%] [32mBuilding CXX object CMakeFiles/nav2_msgs__rosidl_typesupport_fastrtps_cpp.dir/rosidl_typesupport_fastrtps_cpp/nav2_msgs/srv/detail/dds_fastrtps/clear_entire_costmap__type_support.cpp.o[0m
[74.537s] [ 56%] [32mBuilding CXX object CMakeFiles/nav2_msgs__rosidl_typesupport_fastrtps_cpp.dir/rosidl_typesupport_fastrtps_cpp/nav2_msgs/srv/detail/dds_fastrtps/manage_lifecycle_nodes__type_support.cpp.o[0m
[76.277s] [ 56%] [32mBuilding CXX object CMakeFiles/nav2_msgs__rosidl_typesupport_fastrtps_cpp.dir/rosidl_typesupport_fastrtps_cpp/nav2_msgs/srv/detail/dds_fastrtps/load_map__type_support.cpp.o[0m
[78.154s] [ 57%] [32mBuilding CXX object CMakeFiles/nav2_msgs__rosidl_typesupport_fastrtps_cpp.dir/rosidl_typesupport_fastrtps_cpp/nav2_msgs/srv/detail/dds_fastrtps/save_map__type_support.cpp.o[0m
[80.165s] [ 57%] [32mBuilding CXX object CMakeFiles/nav2_msgs__rosidl_typesupport_fastrtps_cpp.dir/rosidl_typesupport_fastrtps_cpp/nav2_msgs/action/detail/dds_fastrtps/back_up__type_support.cpp.o[0m
[82.471s] [ 58%] [32mBuilding CXX object CMakeFiles/nav2_msgs__rosidl_typesupport_fastrtps_cpp.dir/rosidl_typesupport_fastrtps_cpp/nav2_msgs/action/detail/dds_fastrtps/compute_path_to_pose__type_support.cpp.o[0m
[84.591s] [ 58%] [32mBuilding CXX object CMakeFiles/nav2_msgs__rosidl_typesupport_fastrtps_cpp.dir/rosidl_typesupport_fastrtps_cpp/nav2_msgs/action/detail/dds_fastrtps/follow_path__type_support.cpp.o[0m
[86.998s] [ 59%] [32mBuilding CXX object CMakeFiles/nav2_msgs__rosidl_typesupport_fastrtps_cpp.dir/rosidl_typesupport_fastrtps_cpp/nav2_msgs/action/detail/dds_fastrtps/navigate_to_pose__type_support.cpp.o[0m
[89.367s] [ 59%] [32mBuilding CXX object CMakeFiles/nav2_msgs__rosidl_typesupport_fastrtps_cpp.dir/rosidl_typesupport_fastrtps_cpp/nav2_msgs/action/detail/dds_fastrtps/wait__type_support.cpp.o[0m
[91.570s] [ 60%] [32mBuilding CXX object CMakeFiles/nav2_msgs__rosidl_typesupport_fastrtps_cpp.dir/rosidl_typesupport_fastrtps_cpp/nav2_msgs/action/detail/dds_fastrtps/spin__type_support.cpp.o[0m
[93.786s] [ 60%] [32mBuilding CXX object CMakeFiles/nav2_msgs__rosidl_typesupport_fastrtps_cpp.dir/rosidl_typesupport_fastrtps_cpp/nav2_msgs/action/detail/dds_fastrtps/dummy_recovery__type_support.cpp.o[0m
[96.023s] [ 61%] [32mBuilding CXX object CMakeFiles/nav2_msgs__rosidl_typesupport_fastrtps_cpp.dir/rosidl_typesupport_fastrtps_cpp/nav2_msgs/action/detail/dds_fastrtps/follow_waypoints__type_support.cpp.o[0m
[98.700s] [ 61%] [32m[1mLinking CXX shared library libnav2_msgs__rosidl_typesupport_fastrtps_cpp.so[0m
[99.058s] [ 61%] Built target nav2_msgs__rosidl_typesupport_fastrtps_cpp
[99.103s] [ 62%] [34m[1mGenerating C type support dispatch for ROS interfaces[0m
[106.653s] [35m[1mScanning dependencies of target nav2_msgs__rosidl_typesupport_c[0m
[106.765s] [ 62%] [32mBuilding CXX object CMakeFiles/nav2_msgs__rosidl_typesupport_c.dir/rosidl_typesupport_c/nav2_msgs/msg/costmap__type_support.cpp.o[0m
[106.882s] [ 63%] [32mBuilding CXX object CMakeFiles/nav2_msgs__rosidl_typesupport_c.dir/rosidl_typesupport_c/nav2_msgs/msg/costmap_meta_data__type_support.cpp.o[0m
[106.998s] [ 63%] [32mBuilding CXX object CMakeFiles/nav2_msgs__rosidl_typesupport_c.dir/rosidl_typesupport_c/nav2_msgs/msg/voxel_grid__type_support.cpp.o[0m
[107.113s] [ 64%] [32mBuilding CXX object CMakeFiles/nav2_msgs__rosidl_typesupport_c.dir/rosidl_typesupport_c/nav2_msgs/msg/behavior_tree_status_change__type_support.cpp.o[0m
[107.225s] [ 64%] [32mBuilding CXX object CMakeFiles/nav2_msgs__rosidl_typesupport_c.dir/rosidl_typesupport_c/nav2_msgs/msg/behavior_tree_log__type_support.cpp.o[0m
[107.339s] [ 65%] [32mBuilding CXX object CMakeFiles/nav2_msgs__rosidl_typesupport_c.dir/rosidl_typesupport_c/nav2_msgs/msg/particle__type_support.cpp.o[0m
[107.453s] [ 65%] [32mBuilding CXX object CMakeFiles/nav2_msgs__rosidl_typesupport_c.dir/rosidl_typesupport_c/nav2_msgs/msg/particle_cloud__type_support.cpp.o[0m
[107.570s] [ 66%] [32mBuilding CXX object CMakeFiles/nav2_msgs__rosidl_typesupport_c.dir/rosidl_typesupport_c/nav2_msgs/srv/get_costmap__type_support.cpp.o[0m
[107.699s] [ 66%] [32mBuilding CXX object CMakeFiles/nav2_msgs__rosidl_typesupport_c.dir/rosidl_typesupport_c/nav2_msgs/srv/clear_costmap_except_region__type_support.cpp.o[0m
[107.823s] [ 67%] [32mBuilding CXX object CMakeFiles/nav2_msgs__rosidl_typesupport_c.dir/rosidl_typesupport_c/nav2_msgs/srv/clear_costmap_around_robot__type_support.cpp.o[0m
[107.942s] [ 67%] [32mBuilding CXX object CMakeFiles/nav2_msgs__rosidl_typesupport_c.dir/rosidl_typesupport_c/nav2_msgs/srv/clear_entire_costmap__type_support.cpp.o[0m
[108.063s] [ 68%] [32mBuilding CXX object CMakeFiles/nav2_msgs__rosidl_typesupport_c.dir/rosidl_typesupport_c/nav2_msgs/srv/manage_lifecycle_nodes__type_support.cpp.o[0m
[108.185s] [ 68%] [32mBuilding CXX object CMakeFiles/nav2_msgs__rosidl_typesupport_c.dir/rosidl_typesupport_c/nav2_msgs/srv/load_map__type_support.cpp.o[0m
[108.306s] [ 69%] [32mBuilding CXX object CMakeFiles/nav2_msgs__rosidl_typesupport_c.dir/rosidl_typesupport_c/nav2_msgs/srv/save_map__type_support.cpp.o[0m
[108.418s] [ 69%] [32mBuilding CXX object CMakeFiles/nav2_msgs__rosidl_typesupport_c.dir/rosidl_typesupport_c/nav2_msgs/action/back_up__type_support.cpp.o[0m
[108.560s] [ 70%] [32mBuilding CXX object CMakeFiles/nav2_msgs__rosidl_typesupport_c.dir/rosidl_typesupport_c/nav2_msgs/action/compute_path_to_pose__type_support.cpp.o[0m
[108.749s] [ 70%] [32mBuilding CXX object CMakeFiles/nav2_msgs__rosidl_typesupport_c.dir/rosidl_typesupport_c/nav2_msgs/action/follow_path__type_support.cpp.o[0m
[108.974s] [ 71%] [32mBuilding CXX object CMakeFiles/nav2_msgs__rosidl_typesupport_c.dir/rosidl_typesupport_c/nav2_msgs/action/navigate_to_pose__type_support.cpp.o[0m
[109.196s] [ 71%] [32mBuilding CXX object CMakeFiles/nav2_msgs__rosidl_typesupport_c.dir/rosidl_typesupport_c/nav2_msgs/action/wait__type_support.cpp.o[0m
[109.407s] [ 72%] [32mBuilding CXX object CMakeFiles/nav2_msgs__rosidl_typesupport_c.dir/rosidl_typesupport_c/nav2_msgs/action/spin__type_support.cpp.o[0m
[109.617s] [ 72%] [32mBuilding CXX object CMakeFiles/nav2_msgs__rosidl_typesupport_c.dir/rosidl_typesupport_c/nav2_msgs/action/dummy_recovery__type_support.cpp.o[0m
[109.833s] [ 73%] [32mBuilding CXX object CMakeFiles/nav2_msgs__rosidl_typesupport_c.dir/rosidl_typesupport_c/nav2_msgs/action/follow_waypoints__type_support.cpp.o[0m
[110.047s] [ 73%] [32m[1mLinking CXX shared library libnav2_msgs__rosidl_typesupport_c.so[0m
[110.232s] [ 73%] Built target nav2_msgs__rosidl_typesupport_c
[110.260s] [ 74%] [34m[1mGenerating C type support for eProsima Fast-RTPS[0m
[120.826s] [35m[1mScanning dependencies of target nav2_msgs__rosidl_typesupport_fastrtps_c[0m
[121.010s] [ 74%] [32mBuilding CXX object CMakeFiles/nav2_msgs__rosidl_typesupport_fastrtps_c.dir/rosidl_typesupport_fastrtps_c/nav2_msgs/msg/detail/costmap__type_support_c.cpp.o[0m
[122.377s] [ 75%] [32mBuilding CXX object CMakeFiles/nav2_msgs__rosidl_typesupport_fastrtps_c.dir/rosidl_typesupport_fastrtps_c/nav2_msgs/msg/detail/costmap_meta_data__type_support_c.cpp.o[0m
[123.767s] [ 75%] [32mBuilding CXX object CMakeFiles/nav2_msgs__rosidl_typesupport_fastrtps_c.dir/rosidl_typesupport_fastrtps_c/nav2_msgs/msg/detail/voxel_grid__type_support_c.cpp.o[0m
[125.314s] [ 76%] [32mBuilding CXX object CMakeFiles/nav2_msgs__rosidl_typesupport_fastrtps_c.dir/rosidl_typesupport_fastrtps_c/nav2_msgs/msg/detail/behavior_tree_status_change__type_support_c.cpp.o[0m
[127.154s] [ 76%] [32mBuilding CXX object CMakeFiles/nav2_msgs__rosidl_typesupport_fastrtps_c.dir/rosidl_typesupport_fastrtps_c/nav2_msgs/msg/detail/behavior_tree_log__type_support_c.cpp.o[0m
[128.739s] [ 77%] [32mBuilding CXX object CMakeFiles/nav2_msgs__rosidl_typesupport_fastrtps_c.dir/rosidl_typesupport_fastrtps_c/nav2_msgs/msg/detail/particle__type_support_c.cpp.o[0m
[130.256s] [ 77%] [32mBuilding CXX object CMakeFiles/nav2_msgs__rosidl_typesupport_fastrtps_c.dir/rosidl_typesupport_fastrtps_c/nav2_msgs/msg/detail/particle_cloud__type_support_c.cpp.o[0m
[131.581s] [ 78%] [32mBuilding CXX object CMakeFiles/nav2_msgs__rosidl_typesupport_fastrtps_c.dir/rosidl_typesupport_fastrtps_c/nav2_msgs/srv/detail/get_costmap__type_support_c.cpp.o[0m
[133.011s] [ 78%] [32mBuilding CXX object CMakeFiles/nav2_msgs__rosidl_typesupport_fastrtps_c.dir/rosidl_typesupport_fastrtps_c/nav2_msgs/srv/detail/clear_costmap_except_region__type_support_c.cpp.o[0m
[134.331s] [ 79%] [32mBuilding CXX object CMakeFiles/nav2_msgs__rosidl_typesupport_fastrtps_c.dir/rosidl_typesupport_fastrtps_c/nav2_msgs/srv/detail/clear_costmap_around_robot__type_support_c.cpp.o[0m
[135.865s] [ 79%] [32mBuilding CXX object CMakeFiles/nav2_msgs__rosidl_typesupport_fastrtps_c.dir/rosidl_typesupport_fastrtps_c/nav2_msgs/srv/detail/clear_entire_costmap__type_support_c.cpp.o[0m
[137.393s] [ 80%] [32mBuilding CXX object CMakeFiles/nav2_msgs__rosidl_typesupport_fastrtps_c.dir/rosidl_typesupport_fastrtps_c/nav2_msgs/srv/detail/manage_lifecycle_nodes__type_support_c.cpp.o[0m
[138.910s] [ 80%] [32mBuilding CXX object CMakeFiles/nav2_msgs__rosidl_typesupport_fastrtps_c.dir/rosidl_typesupport_fastrtps_c/nav2_msgs/srv/detail/load_map__type_support_c.cpp.o[0m
[140.611s] [ 81%] [32mBuilding CXX object CMakeFiles/nav2_msgs__rosidl_typesupport_fastrtps_c.dir/rosidl_typesupport_fastrtps_c/nav2_msgs/srv/detail/save_map__type_support_c.cpp.o[0m
[142.534s] [ 81%] [32mBuilding CXX object CMakeFiles/nav2_msgs__rosidl_typesupport_fastrtps_c.dir/rosidl_typesupport_fastrtps_c/nav2_msgs/action/detail/back_up__type_support_c.cpp.o[0m
[144.474s] [ 82%] [32mBuilding CXX object CMakeFiles/nav2_msgs__rosidl_typesupport_fastrtps_c.dir/rosidl_typesupport_fastrtps_c/nav2_msgs/action/detail/compute_path_to_pose__type_support_c.cpp.o[0m
[146.545s] [ 82%] [32mBuilding CXX object CMakeFiles/nav2_msgs__rosidl_typesupport_fastrtps_c.dir/rosidl_typesupport_fastrtps_c/nav2_msgs/action/detail/follow_path__type_support_c.cpp.o[0m
[148.624s] [ 83%] [32mBuilding CXX object CMakeFiles/nav2_msgs__rosidl_typesupport_fastrtps_c.dir/rosidl_typesupport_fastrtps_c/nav2_msgs/action/detail/navigate_to_pose__type_support_c.cpp.o[0m
[150.710s] [ 83%] [32mBuilding CXX object CMakeFiles/nav2_msgs__rosidl_typesupport_fastrtps_c.dir/rosidl_typesupport_fastrtps_c/nav2_msgs/action/detail/wait__type_support_c.cpp.o[0m
[152.623s] [ 84%] [32mBuilding CXX object CMakeFiles/nav2_msgs__rosidl_typesupport_fastrtps_c.dir/rosidl_typesupport_fastrtps_c/nav2_msgs/action/detail/spin__type_support_c.cpp.o[0m
[154.473s] [ 84%] [32mBuilding CXX object CMakeFiles/nav2_msgs__rosidl_typesupport_fastrtps_c.dir/rosidl_typesupport_fastrtps_c/nav2_msgs/action/detail/dummy_recovery__type_support_c.cpp.o[0m
[156.364s] [ 85%] [32mBuilding CXX object CMakeFiles/nav2_msgs__rosidl_typesupport_fastrtps_c.dir/rosidl_typesupport_fastrtps_c/nav2_msgs/action/detail/follow_waypoints__type_support_c.cpp.o[0m
[158.317s] [ 85%] [32m[1mLinking CXX shared library libnav2_msgs__rosidl_typesupport_fastrtps_c.so[0m
[158.695s] [ 85%] Built target nav2_msgs__rosidl_typesupport_fastrtps_c
[158.733s] [35m[1mScanning dependencies of target nav2_msgs[0m
[158.776s] [ 85%] Built target nav2_msgs
[158.816s] [35m[1mScanning dependencies of target nav2_msgs__py[0m
[158.862s] [ 86%] [34m[1mGenerating Python code for ROS interfaces[0m
[184.119s] [ 86%] Built target nav2_msgs__py
[184.135s] [35m[1mScanning dependencies of target nav2_msgs__python[0m
[184.275s] [ 86%] [32mBuilding C object CMakeFiles/nav2_msgs__python.dir/rosidl_generator_py/nav2_msgs/msg/_costmap_s.c.o[0m
[184.286s] [ 87%] [32mBuilding C object CMakeFiles/nav2_msgs__python.dir/rosidl_generator_py/nav2_msgs/msg/_costmap_meta_data_s.c.o[0m
[184.642s] [ 87%] [32mBuilding C object CMakeFiles/nav2_msgs__python.dir/rosidl_generator_py/nav2_msgs/msg/_voxel_grid_s.c.o[0m
[184.644s] [ 88%] [32mBuilding C object CMakeFiles/nav2_msgs__python.dir/rosidl_generator_py/nav2_msgs/msg/_behavior_tree_status_change_s.c.o[0m
[184.926s] [ 88%] [32mBuilding C object CMakeFiles/nav2_msgs__python.dir/rosidl_generator_py/nav2_msgs/msg/_behavior_tree_log_s.c.o[0m
[185.070s] [ 89%] [32mBuilding C object CMakeFiles/nav2_msgs__python.dir/rosidl_generator_py/nav2_msgs/msg/_particle_s.c.o[0m
[185.353s] [ 89%] [32mBuilding C object CMakeFiles/nav2_msgs__python.dir/rosidl_generator_py/nav2_msgs/msg/_particle_cloud_s.c.o[0m
[185.425s] [ 90%] [32mBuilding C object CMakeFiles/nav2_msgs__python.dir/rosidl_generator_py/nav2_msgs/srv/_get_costmap_s.c.o[0m
[185.814s] [ 90%] [32mBuilding C object CMakeFiles/nav2_msgs__python.dir/rosidl_generator_py/nav2_msgs/srv/_clear_costmap_except_region_s.c.o[0m
[185.929s] [ 91%] [32mBuilding C object CMakeFiles/nav2_msgs__python.dir/rosidl_generator_py/nav2_msgs/srv/_clear_costmap_around_robot_s.c.o[0m
[186.283s] [ 91%] [32mBuilding C object CMakeFiles/nav2_msgs__python.dir/rosidl_generator_py/nav2_msgs/srv/_clear_entire_costmap_s.c.o[0m
[186.395s] [ 92%] [32mBuilding C object CMakeFiles/nav2_msgs__python.dir/rosidl_generator_py/nav2_msgs/srv/_manage_lifecycle_nodes_s.c.o[0m
[186.736s] [ 92%] [32mBuilding C object CMakeFiles/nav2_msgs__python.dir/rosidl_generator_py/nav2_msgs/srv/_load_map_s.c.o[0m
[186.846s] [ 93%] [32mBuilding C object CMakeFiles/nav2_msgs__python.dir/rosidl_generator_py/nav2_msgs/srv/_save_map_s.c.o[0m
[187.241s] [ 93%] [32mBuilding C object CMakeFiles/nav2_msgs__python.dir/rosidl_generator_py/nav2_msgs/action/_back_up_s.c.o[0m
[187.419s] [ 94%] [32mBuilding C object CMakeFiles/nav2_msgs__python.dir/rosidl_generator_py/nav2_msgs/action/_compute_path_to_pose_s.c.o[0m
[188.087s] [ 94%] [32mBuilding C object CMakeFiles/nav2_msgs__python.dir/rosidl_generator_py/nav2_msgs/action/_follow_path_s.c.o[0m
[188.275s] [ 95%] [32mBuilding C object CMakeFiles/nav2_msgs__python.dir/rosidl_generator_py/nav2_msgs/action/_navigate_to_pose_s.c.o[0m
[188.967s] [ 95%] [32mBuilding C object CMakeFiles/nav2_msgs__python.dir/rosidl_generator_py/nav2_msgs/action/_wait_s.c.o[0m
[189.256s] [ 96%] [32mBuilding C object CMakeFiles/nav2_msgs__python.dir/rosidl_generator_py/nav2_msgs/action/_spin_s.c.o[0m
[189.892s] [ 96%] [32mBuilding C object CMakeFiles/nav2_msgs__python.dir/rosidl_generator_py/nav2_msgs/action/_dummy_recovery_s.c.o[0m
[190.204s] [ 97%] [32mBuilding C object CMakeFiles/nav2_msgs__python.dir/rosidl_generator_py/nav2_msgs/action/_follow_waypoints_s.c.o[0m
[191.055s] [ 97%] [32m[1mLinking C shared library rosidl_generator_py/nav2_msgs/libnav2_msgs__python.so[0m
[191.153s] [ 97%] Built target nav2_msgs__python
[191.175s] [35m[1mScanning dependencies of target nav2_msgs__rosidl_typesupport_c__pyext[0m
[191.175s] [35m[1mScanning dependencies of target nav2_msgs__rosidl_typesupport_introspection_c__pyext[0m
[191.250s] [ 98%] [32mBuilding C object CMakeFiles/nav2_msgs__rosidl_typesupport_c__pyext.dir/rosidl_generator_py/nav2_msgs/_nav2_msgs_s.ep.rosidl_typesupport_c.c.o[0m
[191.251s] [ 99%] [32mBuilding C object CMakeFiles/nav2_msgs__rosidl_typesupport_introspection_c__pyext.dir/rosidl_generator_py/nav2_msgs/_nav2_msgs_s.ep.rosidl_typesupport_introspection_c.c.o[0m
[195.749s] [ 99%] [32m[1mLinking C shared library rosidl_generator_py/nav2_msgs/nav2_msgs_s__rosidl_typesupport_c.cpython-38-x86_64-linux-gnu.so[0m
[195.906s] [ 99%] [32m[1mLinking C shared library rosidl_generator_py/nav2_msgs/nav2_msgs_s__rosidl_typesupport_introspection_c.cpython-38-x86_64-linux-gnu.so[0m
[195.930s] [ 99%] Built target nav2_msgs__rosidl_typesupport_c__pyext
[195.968s] [35m[1mScanning dependencies of target nav2_msgs__rosidl_typesupport_fastrtps_c__pyext[0m
[196.095s] [100%] [32mBuilding C object CMakeFiles/nav2_msgs__rosidl_typesupport_fastrtps_c__pyext.dir/rosidl_generator_py/nav2_msgs/_nav2_msgs_s.ep.rosidl_typesupport_fastrtps_c.c.o[0m
[196.097s] [100%] Built target nav2_msgs__rosidl_typesupport_introspection_c__pyext
[199.147s] [100%] [32m[1mLinking CXX shared library rosidl_generator_py/nav2_msgs/nav2_msgs_s__rosidl_typesupport_fastrtps_c.cpython-38-x86_64-linux-gnu.so[0m
[199.328s] [100%] Built target nav2_msgs__rosidl_typesupport_fastrtps_c__pyext
[199.374s] Invoked command in '/home/turtlebot/nav2_ws/build/nav2_msgs' returned '0': AMENT_PREFIX_PATH=/home/turtlebot/nav2_ws/install/nav2_common:${AMENT_PREFIX_PATH} CMAKE_PREFIX_PATH=/home/turtlebot/nav2_ws/install/nav2_common:/home/turtlebot/robot_ws/install/turtlebot3:/home/turtlebot/robot_ws/install/nav2_example:/home/turtlebot/robot_ws/install/my_package:/home/turtlebot/robot_ws/install/my_navigation_pkg:/home/turtlebot/robot_ws/install/forward1:/opt/ros/foxy PYTHONPATH=/home/turtlebot/nav2_ws/install/nav2_common/lib/python3.8/site-packages:${PYTHONPATH} /usr/bin/cmake --build /home/turtlebot/nav2_ws/build/nav2_msgs -- -j2 -l2
[200.583s] Invoking command in '/home/turtlebot/nav2_ws/build/nav2_msgs': AMENT_PREFIX_PATH=/home/turtlebot/nav2_ws/install/nav2_common:${AMENT_PREFIX_PATH} CMAKE_PREFIX_PATH=/home/turtlebot/nav2_ws/install/nav2_common:/home/turtlebot/robot_ws/install/turtlebot3:/home/turtlebot/robot_ws/install/nav2_example:/home/turtlebot/robot_ws/install/my_package:/home/turtlebot/robot_ws/install/my_navigation_pkg:/home/turtlebot/robot_ws/install/forward1:/opt/ros/foxy PYTHONPATH=/home/turtlebot/nav2_ws/install/nav2_common/lib/python3.8/site-packages:${PYTHONPATH} /usr/bin/cmake --install /home/turtlebot/nav2_ws/build/nav2_msgs
[200.612s] -- Install configuration: "Release"
[200.614s] -- Execute custom install script
[200.615s] -- Symlinking: /home/turtlebot/nav2_ws/install/nav2_msgs/share/ament_index/resource_index/rosidl_interfaces/nav2_msgs
[200.643s] -- Symlinking: /home/turtlebot/nav2_ws/install/nav2_msgs/include/nav2_msgs/action/back_up.h
[200.668s] -- Symlinking: /home/turtlebot/nav2_ws/install/nav2_msgs/include/nav2_msgs/action/compute_path_to_pose.h
[200.694s] -- Symlinking: /home/turtlebot/nav2_ws/install/nav2_msgs/include/nav2_msgs/action/detail/back_up__functions.h
[200.717s] -- Symlinking: /home/turtlebot/nav2_ws/install/nav2_msgs/include/nav2_msgs/action/detail/back_up__struct.h
[200.742s] -- Symlinking: /home/turtlebot/nav2_ws/install/nav2_msgs/include/nav2_msgs/action/detail/back_up__type_support.h
[200.767s] -- Symlinking: /home/turtlebot/nav2_ws/install/nav2_msgs/include/nav2_msgs/action/detail/compute_path_to_pose__functions.h
[200.791s] -- Symlinking: /home/turtlebot/nav2_ws/install/nav2_msgs/include/nav2_msgs/action/detail/compute_path_to_pose__struct.h
[200.816s] -- Symlinking: /home/turtlebot/nav2_ws/install/nav2_msgs/include/nav2_msgs/action/detail/compute_path_to_pose__type_support.h
[200.843s] -- Symlinking: /home/turtlebot/nav2_ws/install/nav2_msgs/include/nav2_msgs/action/detail/dummy_recovery__functions.h
[200.870s] -- Symlinking: /home/turtlebot/nav2_ws/install/nav2_msgs/include/nav2_msgs/action/detail/dummy_recovery__struct.h
[200.894s] -- Symlinking: /home/turtlebot/nav2_ws/install/nav2_msgs/include/nav2_msgs/action/detail/dummy_recovery__type_support.h
[200.918s] -- Symlinking: /home/turtlebot/nav2_ws/install/nav2_msgs/include/nav2_msgs/action/detail/follow_path__functions.h
[200.944s] -- Symlinking: /home/turtlebot/nav2_ws/install/nav2_msgs/include/nav2_msgs/action/detail/follow_path__struct.h
[200.972s] -- Symlinking: /home/turtlebot/nav2_ws/install/nav2_msgs/include/nav2_msgs/action/detail/follow_path__type_support.h
[200.989s] -- Symlinking: /home/turtlebot/nav2_ws/install/nav2_msgs/include/nav2_msgs/action/detail/follow_waypoints__functions.h
[201.007s] -- Symlinking: /home/turtlebot/nav2_ws/install/nav2_msgs/include/nav2_msgs/action/detail/follow_waypoints__struct.h
[201.028s] -- Symlinking: /home/turtlebot/nav2_ws/install/nav2_msgs/include/nav2_msgs/action/detail/follow_waypoints__type_support.h
[201.052s] -- Symlinking: /home/turtlebot/nav2_ws/install/nav2_msgs/include/nav2_msgs/action/detail/navigate_to_pose__functions.h
[201.078s] -- Symlinking: /home/turtlebot/nav2_ws/install/nav2_msgs/include/nav2_msgs/action/detail/navigate_to_pose__struct.h
[201.102s] -- Symlinking: /home/turtlebot/nav2_ws/install/nav2_msgs/include/nav2_msgs/action/detail/navigate_to_pose__type_support.h
[201.125s] -- Symlinking: /home/turtlebot/nav2_ws/install/nav2_msgs/include/nav2_msgs/action/detail/spin__functions.h
[201.148s] -- Symlinking: /home/turtlebot/nav2_ws/install/nav2_msgs/include/nav2_msgs/action/detail/spin__struct.h
[201.175s] -- Symlinking: /home/turtlebot/nav2_ws/install/nav2_msgs/include/nav2_msgs/action/detail/spin__type_support.h
[201.198s] -- Symlinking: /home/turtlebot/nav2_ws/install/nav2_msgs/include/nav2_msgs/action/detail/wait__functions.h
[201.220s] -- Symlinking: /home/turtlebot/nav2_ws/install/nav2_msgs/include/nav2_msgs/action/detail/wait__struct.h
[201.244s] -- Symlinking: /home/turtlebot/nav2_ws/install/nav2_msgs/include/nav2_msgs/action/detail/wait__type_support.h
[201.273s] -- Symlinking: /home/turtlebot/nav2_ws/install/nav2_msgs/include/nav2_msgs/action/dummy_recovery.h
[201.289s] -- Symlinking: /home/turtlebot/nav2_ws/install/nav2_msgs/include/nav2_msgs/action/follow_path.h
[201.309s] -- Symlinking: /home/turtlebot/nav2_ws/install/nav2_msgs/include/nav2_msgs/action/follow_waypoints.h
[201.333s] -- Symlinking: /home/turtlebot/nav2_ws/install/nav2_msgs/include/nav2_msgs/action/navigate_to_pose.h
[201.359s] -- Symlinking: /home/turtlebot/nav2_ws/install/nav2_msgs/include/nav2_msgs/action/spin.h
[201.382s] -- Symlinking: /home/turtlebot/nav2_ws/install/nav2_msgs/include/nav2_msgs/action/wait.h
[201.403s] -- Symlinking: /home/turtlebot/nav2_ws/install/nav2_msgs/include/nav2_msgs/msg/behavior_tree_log.h
[201.427s] -- Symlinking: /home/turtlebot/nav2_ws/install/nav2_msgs/include/nav2_msgs/msg/behavior_tree_status_change.h
[201.451s] -- Symlinking: /home/turtlebot/nav2_ws/install/nav2_msgs/include/nav2_msgs/msg/costmap.h
[201.476s] -- Symlinking: /home/turtlebot/nav2_ws/install/nav2_msgs/include/nav2_msgs/msg/costmap_meta_data.h
[201.500s] -- Symlinking: /home/turtlebot/nav2_ws/install/nav2_msgs/include/nav2_msgs/msg/detail/behavior_tree_log__functions.h
[201.524s] -- Symlinking: /home/turtlebot/nav2_ws/install/nav2_msgs/include/nav2_msgs/msg/detail/behavior_tree_log__struct.h
[201.548s] -- Symlinking: /home/turtlebot/nav2_ws/install/nav2_msgs/include/nav2_msgs/msg/detail/behavior_tree_log__type_support.h
[201.573s] -- Symlinking: /home/turtlebot/nav2_ws/install/nav2_msgs/include/nav2_msgs/msg/detail/behavior_tree_status_change__functions.h
[201.595s] -- Symlinking: /home/turtlebot/nav2_ws/install/nav2_msgs/include/nav2_msgs/msg/detail/behavior_tree_status_change__struct.h
[201.615s] -- Symlinking: /home/turtlebot/nav2_ws/install/nav2_msgs/include/nav2_msgs/msg/detail/behavior_tree_status_change__type_support.h
[201.640s] -- Symlinking: /home/turtlebot/nav2_ws/install/nav2_msgs/include/nav2_msgs/msg/detail/costmap__functions.h
[201.667s] -- Symlinking: /home/turtlebot/nav2_ws/install/nav2_msgs/include/nav2_msgs/msg/detail/costmap__struct.h
[201.691s] -- Symlinking: /home/turtlebot/nav2_ws/install/nav2_msgs/include/nav2_msgs/msg/detail/costmap__type_support.h
[201.715s] -- Symlinking: /home/turtlebot/nav2_ws/install/nav2_msgs/include/nav2_msgs/msg/detail/costmap_meta_data__functions.h
[201.739s] -- Symlinking: /home/turtlebot/nav2_ws/install/nav2_msgs/include/nav2_msgs/msg/detail/costmap_meta_data__struct.h
[201.760s] -- Symlinking: /home/turtlebot/nav2_ws/install/nav2_msgs/include/nav2_msgs/msg/detail/costmap_meta_data__type_support.h
[201.779s] -- Symlinking: /home/turtlebot/nav2_ws/install/nav2_msgs/include/nav2_msgs/msg/detail/particle__functions.h
[201.802s] -- Symlinking: /home/turtlebot/nav2_ws/install/nav2_msgs/include/nav2_msgs/msg/detail/particle__struct.h
[201.825s] -- Symlinking: /home/turtlebot/nav2_ws/install/nav2_msgs/include/nav2_msgs/msg/detail/particle__type_support.h
[201.850s] -- Symlinking: /home/turtlebot/nav2_ws/install/nav2_msgs/include/nav2_msgs/msg/detail/particle_cloud__functions.h
[201.874s] -- Symlinking: /home/turtlebot/nav2_ws/install/nav2_msgs/include/nav2_msgs/msg/detail/particle_cloud__struct.h
[201.897s] -- Symlinking: /home/turtlebot/nav2_ws/install/nav2_msgs/include/nav2_msgs/msg/detail/particle_cloud__type_support.h
[201.921s] -- Symlinking: /home/turtlebot/nav2_ws/install/nav2_msgs/include/nav2_msgs/msg/detail/voxel_grid__functions.h
[201.945s] -- Symlinking: /home/turtlebot/nav2_ws/install/nav2_msgs/include/nav2_msgs/msg/detail/voxel_grid__struct.h
[201.967s] -- Symlinking: /home/turtlebot/nav2_ws/install/nav2_msgs/include/nav2_msgs/msg/detail/voxel_grid__type_support.h
[201.993s] -- Symlinking: /home/turtlebot/nav2_ws/install/nav2_msgs/include/nav2_msgs/msg/particle.h
[202.018s] -- Symlinking: /home/turtlebot/nav2_ws/install/nav2_msgs/include/nav2_msgs/msg/particle_cloud.h
[202.045s] -- Symlinking: /home/turtlebot/nav2_ws/install/nav2_msgs/include/nav2_msgs/msg/rosidl_generator_c__visibility_control.h
[202.073s] -- Symlinking: /home/turtlebot/nav2_ws/install/nav2_msgs/include/nav2_msgs/msg/voxel_grid.h
[202.098s] -- Symlinking: /home/turtlebot/nav2_ws/install/nav2_msgs/include/nav2_msgs/srv/clear_costmap_around_robot.h
[202.122s] -- Symlinking: /home/turtlebot/nav2_ws/install/nav2_msgs/include/nav2_msgs/srv/clear_costmap_except_region.h
[202.146s] -- Symlinking: /home/turtlebot/nav2_ws/install/nav2_msgs/include/nav2_msgs/srv/clear_entire_costmap.h
[202.172s] -- Symlinking: /home/turtlebot/nav2_ws/install/nav2_msgs/include/nav2_msgs/srv/detail/clear_costmap_around_robot__functions.h
[202.196s] -- Symlinking: /home/turtlebot/nav2_ws/install/nav2_msgs/include/nav2_msgs/srv/detail/clear_costmap_around_robot__struct.h
[202.219s] -- Symlinking: /home/turtlebot/nav2_ws/install/nav2_msgs/include/nav2_msgs/srv/detail/clear_costmap_around_robot__type_support.h
[202.243s] -- Symlinking: /home/turtlebot/nav2_ws/install/nav2_msgs/include/nav2_msgs/srv/detail/clear_costmap_except_region__functions.h
[202.268s] -- Symlinking: /home/turtlebot/nav2_ws/install/nav2_msgs/include/nav2_msgs/srv/detail/clear_costmap_except_region__struct.h
[202.294s] -- Symlinking: /home/turtlebot/nav2_ws/install/nav2_msgs/include/nav2_msgs/srv/detail/clear_costmap_except_region__type_support.h
[202.318s] -- Symlinking: /home/turtlebot/nav2_ws/install/nav2_msgs/include/nav2_msgs/srv/detail/clear_entire_costmap__functions.h
[202.341s] -- Symlinking: /home/turtlebot/nav2_ws/install/nav2_msgs/include/nav2_msgs/srv/detail/clear_entire_costmap__struct.h
[202.364s] -- Symlinking: /home/turtlebot/nav2_ws/install/nav2_msgs/include/nav2_msgs/srv/detail/clear_entire_costmap__type_support.h
[202.393s] -- Symlinking: /home/turtlebot/nav2_ws/install/nav2_msgs/include/nav2_msgs/srv/detail/get_costmap__functions.h
[202.418s] -- Symlinking: /home/turtlebot/nav2_ws/install/nav2_msgs/include/nav2_msgs/srv/detail/get_costmap__struct.h
[202.439s] -- Symlinking: /home/turtlebot/nav2_ws/install/nav2_msgs/include/nav2_msgs/srv/detail/get_costmap__type_support.h
[202.462s] -- Symlinking: /home/turtlebot/nav2_ws/install/nav2_msgs/include/nav2_msgs/srv/detail/load_map__functions.h
[202.490s] -- Symlinking: /home/turtlebot/nav2_ws/install/nav2_msgs/include/nav2_msgs/srv/detail/load_map__struct.h
[202.514s] -- Symlinking: /home/turtlebot/nav2_ws/install/nav2_msgs/include/nav2_msgs/srv/detail/load_map__type_support.h
[202.539s] -- Symlinking: /home/turtlebot/nav2_ws/install/nav2_msgs/include/nav2_msgs/srv/detail/manage_lifecycle_nodes__functions.h
[202.562s] -- Symlinking: /home/turtlebot/nav2_ws/install/nav2_msgs/include/nav2_msgs/srv/detail/manage_lifecycle_nodes__struct.h
[202.588s] -- Symlinking: /home/turtlebot/nav2_ws/install/nav2_msgs/include/nav2_msgs/srv/detail/manage_lifecycle_nodes__type_support.h
[202.611s] -- Symlinking: /home/turtlebot/nav2_ws/install/nav2_msgs/include/nav2_msgs/srv/detail/save_map__functions.h
[202.634s] -- Symlinking: /home/turtlebot/nav2_ws/install/nav2_msgs/include/nav2_msgs/srv/detail/save_map__struct.h
[202.656s] -- Symlinking: /home/turtlebot/nav2_ws/install/nav2_msgs/include/nav2_msgs/srv/detail/save_map__type_support.h
[202.681s] -- Symlinking: /home/turtlebot/nav2_ws/install/nav2_msgs/include/nav2_msgs/srv/get_costmap.h
[202.704s] -- Symlinking: /home/turtlebot/nav2_ws/install/nav2_msgs/include/nav2_msgs/srv/load_map.h
[202.726s] -- Symlinking: /home/turtlebot/nav2_ws/install/nav2_msgs/include/nav2_msgs/srv/manage_lifecycle_nodes.h
[202.749s] -- Symlinking: /home/turtlebot/nav2_ws/install/nav2_msgs/include/nav2_msgs/srv/save_map.h
[202.775s] -- Symlinking: /home/turtlebot/nav2_ws/install/nav2_msgs/share/nav2_msgs/environment/library_path.sh
[202.799s] -- Symlinking: /home/turtlebot/nav2_ws/install/nav2_msgs/share/nav2_msgs/environment/library_path.dsv
[202.824s] -- Symlinking: /home/turtlebot/nav2_ws/install/nav2_msgs/include/nav2_msgs/action/detail/back_up__rosidl_typesupport_fastrtps_c.h
[202.847s] -- Symlinking: /home/turtlebot/nav2_ws/install/nav2_msgs/include/nav2_msgs/action/detail/compute_path_to_pose__rosidl_typesupport_fastrtps_c.h
[202.870s] -- Symlinking: /home/turtlebot/nav2_ws/install/nav2_msgs/include/nav2_msgs/action/detail/dummy_recovery__rosidl_typesupport_fastrtps_c.h
[202.893s] -- Symlinking: /home/turtlebot/nav2_ws/install/nav2_msgs/include/nav2_msgs/action/detail/follow_path__rosidl_typesupport_fastrtps_c.h
[202.917s] -- Symlinking: /home/turtlebot/nav2_ws/install/nav2_msgs/include/nav2_msgs/action/detail/follow_waypoints__rosidl_typesupport_fastrtps_c.h
[202.939s] -- Symlinking: /home/turtlebot/nav2_ws/install/nav2_msgs/include/nav2_msgs/action/detail/navigate_to_pose__rosidl_typesupport_fastrtps_c.h
[202.961s] -- Symlinking: /home/turtlebot/nav2_ws/install/nav2_msgs/include/nav2_msgs/action/detail/spin__rosidl_typesupport_fastrtps_c.h
[202.986s] -- Symlinking: /home/turtlebot/nav2_ws/install/nav2_msgs/include/nav2_msgs/action/detail/wait__rosidl_typesupport_fastrtps_c.h
[203.012s] -- Symlinking: /home/turtlebot/nav2_ws/install/nav2_msgs/include/nav2_msgs/msg/detail/behavior_tree_log__rosidl_typesupport_fastrtps_c.h
[203.035s] -- Symlinking: /home/turtlebot/nav2_ws/install/nav2_msgs/include/nav2_msgs/msg/detail/behavior_tree_status_change__rosidl_typesupport_fastrtps_c.h
[203.059s] -- Symlinking: /home/turtlebot/nav2_ws/install/nav2_msgs/include/nav2_msgs/msg/detail/costmap__rosidl_typesupport_fastrtps_c.h
[203.086s] -- Symlinking: /home/turtlebot/nav2_ws/install/nav2_msgs/include/nav2_msgs/msg/detail/costmap_meta_data__rosidl_typesupport_fastrtps_c.h
[203.109s] -- Symlinking: /home/turtlebot/nav2_ws/install/nav2_msgs/include/nav2_msgs/msg/detail/particle__rosidl_typesupport_fastrtps_c.h
[203.132s] -- Symlinking: /home/turtlebot/nav2_ws/install/nav2_msgs/include/nav2_msgs/msg/detail/particle_cloud__rosidl_typesupport_fastrtps_c.h
[203.155s] -- Symlinking: /home/turtlebot/nav2_ws/install/nav2_msgs/include/nav2_msgs/msg/detail/voxel_grid__rosidl_typesupport_fastrtps_c.h
[203.182s] -- Symlinking: /home/turtlebot/nav2_ws/install/nav2_msgs/include/nav2_msgs/msg/rosidl_typesupport_fastrtps_c__visibility_control.h
[203.204s] -- Symlinking: /home/turtlebot/nav2_ws/install/nav2_msgs/include/nav2_msgs/srv/detail/clear_costmap_around_robot__rosidl_typesupport_fastrtps_c.h
[203.227s] -- Symlinking: /home/turtlebot/nav2_ws/install/nav2_msgs/include/nav2_msgs/srv/detail/clear_costmap_except_region__rosidl_typesupport_fastrtps_c.h
[203.250s] -- Symlinking: /home/turtlebot/nav2_ws/install/nav2_msgs/include/nav2_msgs/srv/detail/clear_entire_costmap__rosidl_typesupport_fastrtps_c.h
[203.277s] -- Symlinking: /home/turtlebot/nav2_ws/install/nav2_msgs/include/nav2_msgs/srv/detail/get_costmap__rosidl_typesupport_fastrtps_c.h
[203.302s] -- Symlinking: /home/turtlebot/nav2_ws/install/nav2_msgs/include/nav2_msgs/srv/detail/load_map__rosidl_typesupport_fastrtps_c.h
[203.324s] -- Symlinking: /home/turtlebot/nav2_ws/install/nav2_msgs/include/nav2_msgs/srv/detail/manage_lifecycle_nodes__rosidl_typesupport_fastrtps_c.h
[203.347s] -- Symlinking: /home/turtlebot/nav2_ws/install/nav2_msgs/include/nav2_msgs/srv/detail/save_map__rosidl_typesupport_fastrtps_c.h
[203.371s] -- Symlinking: /home/turtlebot/nav2_ws/install/nav2_msgs/lib/libnav2_msgs__rosidl_typesupport_fastrtps_c.so
[203.398s] -- Symlinking: /home/turtlebot/nav2_ws/install/nav2_msgs/include/nav2_msgs/action/detail/back_up__rosidl_typesupport_fastrtps_cpp.hpp
[203.421s] -- Symlinking: /home/turtlebot/nav2_ws/install/nav2_msgs/include/nav2_msgs/action/detail/compute_path_to_pose__rosidl_typesupport_fastrtps_cpp.hpp
[203.446s] -- Symlinking: /home/turtlebot/nav2_ws/install/nav2_msgs/include/nav2_msgs/action/detail/dummy_recovery__rosidl_typesupport_fastrtps_cpp.hpp
[203.473s] -- Symlinking: /home/turtlebot/nav2_ws/install/nav2_msgs/include/nav2_msgs/action/detail/follow_path__rosidl_typesupport_fastrtps_cpp.hpp
[203.498s] -- Symlinking: /home/turtlebot/nav2_ws/install/nav2_msgs/include/nav2_msgs/action/detail/follow_waypoints__rosidl_typesupport_fastrtps_cpp.hpp
[203.524s] -- Symlinking: /home/turtlebot/nav2_ws/install/nav2_msgs/include/nav2_msgs/action/detail/navigate_to_pose__rosidl_typesupport_fastrtps_cpp.hpp
[203.548s] -- Symlinking: /home/turtlebot/nav2_ws/install/nav2_msgs/include/nav2_msgs/action/detail/spin__rosidl_typesupport_fastrtps_cpp.hpp
[203.574s] -- Symlinking: /home/turtlebot/nav2_ws/install/nav2_msgs/include/nav2_msgs/action/detail/wait__rosidl_typesupport_fastrtps_cpp.hpp
[203.599s] -- Symlinking: /home/turtlebot/nav2_ws/install/nav2_msgs/include/nav2_msgs/msg/detail/behavior_tree_log__rosidl_typesupport_fastrtps_cpp.hpp
[203.624s] -- Symlinking: /home/turtlebot/nav2_ws/install/nav2_msgs/include/nav2_msgs/msg/detail/behavior_tree_status_change__rosidl_typesupport_fastrtps_cpp.hpp
[203.646s] -- Symlinking: /home/turtlebot/nav2_ws/install/nav2_msgs/include/nav2_msgs/msg/detail/costmap__rosidl_typesupport_fastrtps_cpp.hpp
[203.670s] -- Symlinking: /home/turtlebot/nav2_ws/install/nav2_msgs/include/nav2_msgs/msg/detail/costmap_meta_data__rosidl_typesupport_fastrtps_cpp.hpp
[203.689s] -- Symlinking: /home/turtlebot/nav2_ws/install/nav2_msgs/include/nav2_msgs/msg/detail/particle__rosidl_typesupport_fastrtps_cpp.hpp
[203.707s] -- Symlinking: /home/turtlebot/nav2_ws/install/nav2_msgs/include/nav2_msgs/msg/detail/particle_cloud__rosidl_typesupport_fastrtps_cpp.hpp
[203.727s] -- Symlinking: /home/turtlebot/nav2_ws/install/nav2_msgs/include/nav2_msgs/msg/detail/voxel_grid__rosidl_typesupport_fastrtps_cpp.hpp
[203.752s] -- Symlinking: /home/turtlebot/nav2_ws/install/nav2_msgs/include/nav2_msgs/msg/rosidl_typesupport_fastrtps_cpp__visibility_control.h
[203.777s] -- Symlinking: /home/turtlebot/nav2_ws/install/nav2_msgs/include/nav2_msgs/srv/detail/clear_costmap_around_robot__rosidl_typesupport_fastrtps_cpp.hpp
[203.802s] -- Symlinking: /home/turtlebot/nav2_ws/install/nav2_msgs/include/nav2_msgs/srv/detail/clear_costmap_except_region__rosidl_typesupport_fastrtps_cpp.hpp
[203.826s] -- Symlinking: /home/turtlebot/nav2_ws/install/nav2_msgs/include/nav2_msgs/srv/detail/clear_entire_costmap__rosidl_typesupport_fastrtps_cpp.hpp
[203.850s] -- Symlinking: /home/turtlebot/nav2_ws/install/nav2_msgs/include/nav2_msgs/srv/detail/get_costmap__rosidl_typesupport_fastrtps_cpp.hpp
[203.875s] -- Symlinking: /home/turtlebot/nav2_ws/install/nav2_msgs/include/nav2_msgs/srv/detail/load_map__rosidl_typesupport_fastrtps_cpp.hpp
[203.898s] -- Symlinking: /home/turtlebot/nav2_ws/install/nav2_msgs/include/nav2_msgs/srv/detail/manage_lifecycle_nodes__rosidl_typesupport_fastrtps_cpp.hpp
[203.919s] -- Symlinking: /home/turtlebot/nav2_ws/install/nav2_msgs/include/nav2_msgs/srv/detail/save_map__rosidl_typesupport_fastrtps_cpp.hpp
[203.937s] -- Symlinking: /home/turtlebot/nav2_ws/install/nav2_msgs/lib/libnav2_msgs__rosidl_typesupport_fastrtps_cpp.so
[203.960s] -- Symlinking: /home/turtlebot/nav2_ws/install/nav2_msgs/include/nav2_msgs/action/detail/back_up__rosidl_typesupport_introspection_c.h
[203.987s] -- Symlinking: /home/turtlebot/nav2_ws/install/nav2_msgs/include/nav2_msgs/action/detail/compute_path_to_pose__rosidl_typesupport_introspection_c.h
[204.010s] -- Symlinking: /home/turtlebot/nav2_ws/install/nav2_msgs/include/nav2_msgs/action/detail/dummy_recovery__rosidl_typesupport_introspection_c.h
[204.032s] -- Symlinking: /home/turtlebot/nav2_ws/install/nav2_msgs/include/nav2_msgs/action/detail/follow_path__rosidl_typesupport_introspection_c.h
[204.056s] -- Symlinking: /home/turtlebot/nav2_ws/install/nav2_msgs/include/nav2_msgs/action/detail/follow_waypoints__rosidl_typesupport_introspection_c.h
[204.081s] -- Symlinking: /home/turtlebot/nav2_ws/install/nav2_msgs/include/nav2_msgs/action/detail/navigate_to_pose__rosidl_typesupport_introspection_c.h
[204.107s] -- Symlinking: /home/turtlebot/nav2_ws/install/nav2_msgs/include/nav2_msgs/action/detail/spin__rosidl_typesupport_introspection_c.h
[204.129s] -- Symlinking: /home/turtlebot/nav2_ws/install/nav2_msgs/include/nav2_msgs/action/detail/wait__rosidl_typesupport_introspection_c.h
[204.151s] -- Symlinking: /home/turtlebot/nav2_ws/install/nav2_msgs/include/nav2_msgs/msg/detail/behavior_tree_log__rosidl_typesupport_introspection_c.h
[204.174s] -- Symlinking: /home/turtlebot/nav2_ws/install/nav2_msgs/include/nav2_msgs/msg/detail/behavior_tree_status_change__rosidl_typesupport_introspection_c.h
[204.197s] -- Symlinking: /home/turtlebot/nav2_ws/install/nav2_msgs/include/nav2_msgs/msg/detail/costmap__rosidl_typesupport_introspection_c.h
[204.219s] -- Symlinking: /home/turtlebot/nav2_ws/install/nav2_msgs/include/nav2_msgs/msg/detail/costmap_meta_data__rosidl_typesupport_introspection_c.h
[204.242s] -- Symlinking: /home/turtlebot/nav2_ws/install/nav2_msgs/include/nav2_msgs/msg/detail/particle__rosidl_typesupport_introspection_c.h
[204.269s] -- Symlinking: /home/turtlebot/nav2_ws/install/nav2_msgs/include/nav2_msgs/msg/detail/particle_cloud__rosidl_typesupport_introspection_c.h
[204.285s] -- Symlinking: /home/turtlebot/nav2_ws/install/nav2_msgs/include/nav2_msgs/msg/detail/voxel_grid__rosidl_typesupport_introspection_c.h
[204.301s] -- Symlinking: /home/turtlebot/nav2_ws/install/nav2_msgs/include/nav2_msgs/msg/rosidl_typesupport_introspection_c__visibility_control.h
[204.319s] -- Symlinking: /home/turtlebot/nav2_ws/install/nav2_msgs/include/nav2_msgs/srv/detail/clear_costmap_around_robot__rosidl_typesupport_introspection_c.h
[204.342s] -- Symlinking: /home/turtlebot/nav2_ws/install/nav2_msgs/include/nav2_msgs/srv/detail/clear_costmap_except_region__rosidl_typesupport_introspection_c.h
[204.364s] -- Symlinking: /home/turtlebot/nav2_ws/install/nav2_msgs/include/nav2_msgs/srv/detail/clear_entire_costmap__rosidl_typesupport_introspection_c.h
[204.381s] -- Symlinking: /home/turtlebot/nav2_ws/install/nav2_msgs/include/nav2_msgs/srv/detail/get_costmap__rosidl_typesupport_introspection_c.h
[204.405s] -- Symlinking: /home/turtlebot/nav2_ws/install/nav2_msgs/include/nav2_msgs/srv/detail/load_map__rosidl_typesupport_introspection_c.h
[204.428s] -- Symlinking: /home/turtlebot/nav2_ws/install/nav2_msgs/include/nav2_msgs/srv/detail/manage_lifecycle_nodes__rosidl_typesupport_introspection_c.h
[204.451s] -- Symlinking: /home/turtlebot/nav2_ws/install/nav2_msgs/include/nav2_msgs/srv/detail/save_map__rosidl_typesupport_introspection_c.h
[204.476s] -- Symlinking: /home/turtlebot/nav2_ws/install/nav2_msgs/include/nav2_msgs/action/back_up.hpp
[204.501s] -- Symlinking: /home/turtlebot/nav2_ws/install/nav2_msgs/include/nav2_msgs/action/compute_path_to_pose.hpp
[204.527s] -- Symlinking: /home/turtlebot/nav2_ws/install/nav2_msgs/include/nav2_msgs/action/detail/back_up__builder.hpp
[204.549s] -- Symlinking: /home/turtlebot/nav2_ws/install/nav2_msgs/include/nav2_msgs/action/detail/back_up__struct.hpp
[204.573s] -- Symlinking: /home/turtlebot/nav2_ws/install/nav2_msgs/include/nav2_msgs/action/detail/back_up__traits.hpp
[204.599s] -- Symlinking: /home/turtlebot/nav2_ws/install/nav2_msgs/include/nav2_msgs/action/detail/compute_path_to_pose__builder.hpp
[204.618s] -- Symlinking: /home/turtlebot/nav2_ws/install/nav2_msgs/include/nav2_msgs/action/detail/compute_path_to_pose__struct.hpp
[204.638s] -- Symlinking: /home/turtlebot/nav2_ws/install/nav2_msgs/include/nav2_msgs/action/detail/compute_path_to_pose__traits.hpp
[204.660s] -- Symlinking: /home/turtlebot/nav2_ws/install/nav2_msgs/include/nav2_msgs/action/detail/dummy_recovery__builder.hpp
[204.685s] -- Symlinking: /home/turtlebot/nav2_ws/install/nav2_msgs/include/nav2_msgs/action/detail/dummy_recovery__struct.hpp
[204.708s] -- Symlinking: /home/turtlebot/nav2_ws/install/nav2_msgs/include/nav2_msgs/action/detail/dummy_recovery__traits.hpp
[204.732s] -- Symlinking: /home/turtlebot/nav2_ws/install/nav2_msgs/include/nav2_msgs/action/detail/follow_path__builder.hpp
[204.755s] -- Symlinking: /home/turtlebot/nav2_ws/install/nav2_msgs/include/nav2_msgs/action/detail/follow_path__struct.hpp
[204.778s] -- Symlinking: /home/turtlebot/nav2_ws/install/nav2_msgs/include/nav2_msgs/action/detail/follow_path__traits.hpp
[204.801s] -- Symlinking: /home/turtlebot/nav2_ws/install/nav2_msgs/include/nav2_msgs/action/detail/follow_waypoints__builder.hpp
[204.824s] -- Symlinking: /home/turtlebot/nav2_ws/install/nav2_msgs/include/nav2_msgs/action/detail/follow_waypoints__struct.hpp
[204.845s] -- Symlinking: /home/turtlebot/nav2_ws/install/nav2_msgs/include/nav2_msgs/action/detail/follow_waypoints__traits.hpp
[204.869s] -- Symlinking: /home/turtlebot/nav2_ws/install/nav2_msgs/include/nav2_msgs/action/detail/navigate_to_pose__builder.hpp
[204.909s] -- Symlinking: /home/turtlebot/nav2_ws/install/nav2_msgs/include/nav2_msgs/action/detail/navigate_to_pose__struct.hpp
[204.941s] -- Symlinking: /home/turtlebot/nav2_ws/install/nav2_msgs/include/nav2_msgs/action/detail/navigate_to_pose__traits.hpp
[204.974s] -- Symlinking: /home/turtlebot/nav2_ws/install/nav2_msgs/include/nav2_msgs/action/detail/spin__builder.hpp
[205.006s] -- Symlinking: /home/turtlebot/nav2_ws/install/nav2_msgs/include/nav2_msgs/action/detail/spin__struct.hpp
[205.023s] -- Symlinking: /home/turtlebot/nav2_ws/install/nav2_msgs/include/nav2_msgs/action/detail/spin__traits.hpp
[205.038s] -- Symlinking: /home/turtlebot/nav2_ws/install/nav2_msgs/include/nav2_msgs/action/detail/wait__builder.hpp
[205.054s] -- Symlinking: /home/turtlebot/nav2_ws/install/nav2_msgs/include/nav2_msgs/action/detail/wait__struct.hpp
[205.073s] -- Symlinking: /home/turtlebot/nav2_ws/install/nav2_msgs/include/nav2_msgs/action/detail/wait__traits.hpp
[205.104s] -- Symlinking: /home/turtlebot/nav2_ws/install/nav2_msgs/include/nav2_msgs/action/dummy_recovery.hpp
[205.130s] -- Symlinking: /home/turtlebot/nav2_ws/install/nav2_msgs/include/nav2_msgs/action/follow_path.hpp
[205.154s] -- Symlinking: /home/turtlebot/nav2_ws/install/nav2_msgs/include/nav2_msgs/action/follow_waypoints.hpp
[205.178s] -- Symlinking: /home/turtlebot/nav2_ws/install/nav2_msgs/include/nav2_msgs/action/navigate_to_pose.hpp
[205.201s] -- Symlinking: /home/turtlebot/nav2_ws/install/nav2_msgs/include/nav2_msgs/action/spin.hpp
[205.225s] -- Symlinking: /home/turtlebot/nav2_ws/install/nav2_msgs/include/nav2_msgs/action/wait.hpp
[205.248s] -- Symlinking: /home/turtlebot/nav2_ws/install/nav2_msgs/include/nav2_msgs/msg/behavior_tree_log.hpp
[205.272s] -- Symlinking: /home/turtlebot/nav2_ws/install/nav2_msgs/include/nav2_msgs/msg/behavior_tree_status_change.hpp
[205.297s] -- Symlinking: /home/turtlebot/nav2_ws/install/nav2_msgs/include/nav2_msgs/msg/costmap.hpp
[205.320s] -- Symlinking: /home/turtlebot/nav2_ws/install/nav2_msgs/include/nav2_msgs/msg/costmap_meta_data.hpp
[205.343s] -- Symlinking: /home/turtlebot/nav2_ws/install/nav2_msgs/include/nav2_msgs/msg/detail/behavior_tree_log__builder.hpp
[205.366s] -- Symlinking: /home/turtlebot/nav2_ws/install/nav2_msgs/include/nav2_msgs/msg/detail/behavior_tree_log__struct.hpp
[205.391s] -- Symlinking: /home/turtlebot/nav2_ws/install/nav2_msgs/include/nav2_msgs/msg/detail/behavior_tree_log__traits.hpp
[205.414s] -- Symlinking: /home/turtlebot/nav2_ws/install/nav2_msgs/include/nav2_msgs/msg/detail/behavior_tree_status_change__builder.hpp
[205.438s] -- Symlinking: /home/turtlebot/nav2_ws/install/nav2_msgs/include/nav2_msgs/msg/detail/behavior_tree_status_change__struct.hpp
[205.461s] -- Symlinking: /home/turtlebot/nav2_ws/install/nav2_msgs/include/nav2_msgs/msg/detail/behavior_tree_status_change__traits.hpp
[205.487s] -- Symlinking: /home/turtlebot/nav2_ws/install/nav2_msgs/include/nav2_msgs/msg/detail/costmap__builder.hpp
[205.512s] -- Symlinking: /home/turtlebot/nav2_ws/install/nav2_msgs/include/nav2_msgs/msg/detail/costmap__struct.hpp
[205.536s] -- Symlinking: /home/turtlebot/nav2_ws/install/nav2_msgs/include/nav2_msgs/msg/detail/costmap__traits.hpp
[205.560s] -- Symlinking: /home/turtlebot/nav2_ws/install/nav2_msgs/include/nav2_msgs/msg/detail/costmap_meta_data__builder.hpp
[205.588s] -- Symlinking: /home/turtlebot/nav2_ws/install/nav2_msgs/include/nav2_msgs/msg/detail/costmap_meta_data__struct.hpp
[205.613s] -- Symlinking: /home/turtlebot/nav2_ws/install/nav2_msgs/include/nav2_msgs/msg/detail/costmap_meta_data__traits.hpp
[205.635s] -- Symlinking: /home/turtlebot/nav2_ws/install/nav2_msgs/include/nav2_msgs/msg/detail/particle__builder.hpp
[205.650s] -- Symlinking: /home/turtlebot/nav2_ws/install/nav2_msgs/include/nav2_msgs/msg/detail/particle__struct.hpp
[205.667s] -- Symlinking: /home/turtlebot/nav2_ws/install/nav2_msgs/include/nav2_msgs/msg/detail/particle__traits.hpp
[205.683s] -- Symlinking: /home/turtlebot/nav2_ws/install/nav2_msgs/include/nav2_msgs/msg/detail/particle_cloud__builder.hpp
[205.704s] -- Symlinking: /home/turtlebot/nav2_ws/install/nav2_msgs/include/nav2_msgs/msg/detail/particle_cloud__struct.hpp
[205.724s] -- Symlinking: /home/turtlebot/nav2_ws/install/nav2_msgs/include/nav2_msgs/msg/detail/particle_cloud__traits.hpp
[205.738s] -- Symlinking: /home/turtlebot/nav2_ws/install/nav2_msgs/include/nav2_msgs/msg/detail/voxel_grid__builder.hpp
[205.763s] -- Symlinking: /home/turtlebot/nav2_ws/install/nav2_msgs/include/nav2_msgs/msg/detail/voxel_grid__struct.hpp
[205.790s] -- Symlinking: /home/turtlebot/nav2_ws/install/nav2_msgs/include/nav2_msgs/msg/detail/voxel_grid__traits.hpp
[205.815s] -- Symlinking: /home/turtlebot/nav2_ws/install/nav2_msgs/include/nav2_msgs/msg/particle.hpp
[205.838s] -- Symlinking: /home/turtlebot/nav2_ws/install/nav2_msgs/include/nav2_msgs/msg/particle_cloud.hpp
[205.868s] -- Symlinking: /home/turtlebot/nav2_ws/install/nav2_msgs/include/nav2_msgs/msg/voxel_grid.hpp
[205.901s] -- Symlinking: /home/turtlebot/nav2_ws/install/nav2_msgs/include/nav2_msgs/srv/clear_costmap_around_robot.hpp
[205.931s] -- Symlinking: /home/turtlebot/nav2_ws/install/nav2_msgs/include/nav2_msgs/srv/clear_costmap_except_region.hpp
[205.954s] -- Symlinking: /home/turtlebot/nav2_ws/install/nav2_msgs/include/nav2_msgs/srv/clear_entire_costmap.hpp
[205.981s] -- Symlinking: /home/turtlebot/nav2_ws/install/nav2_msgs/include/nav2_msgs/srv/detail/clear_costmap_around_robot__builder.hpp
[206.007s] -- Symlinking: /home/turtlebot/nav2_ws/install/nav2_msgs/include/nav2_msgs/srv/detail/clear_costmap_around_robot__struct.hpp
[206.032s] -- Symlinking: /home/turtlebot/nav2_ws/install/nav2_msgs/include/nav2_msgs/srv/detail/clear_costmap_around_robot__traits.hpp
[206.055s] -- Symlinking: /home/turtlebot/nav2_ws/install/nav2_msgs/include/nav2_msgs/srv/detail/clear_costmap_except_region__builder.hpp
[206.078s] -- Symlinking: /home/turtlebot/nav2_ws/install/nav2_msgs/include/nav2_msgs/srv/detail/clear_costmap_except_region__struct.hpp
[206.104s] -- Symlinking: /home/turtlebot/nav2_ws/install/nav2_msgs/include/nav2_msgs/srv/detail/clear_costmap_except_region__traits.hpp
[206.128s] -- Symlinking: /home/turtlebot/nav2_ws/install/nav2_msgs/include/nav2_msgs/srv/detail/clear_entire_costmap__builder.hpp
[206.151s] -- Symlinking: /home/turtlebot/nav2_ws/install/nav2_msgs/include/nav2_msgs/srv/detail/clear_entire_costmap__struct.hpp
[206.174s] -- Symlinking: /home/turtlebot/nav2_ws/install/nav2_msgs/include/nav2_msgs/srv/detail/clear_entire_costmap__traits.hpp
[206.200s] -- Symlinking: /home/turtlebot/nav2_ws/install/nav2_msgs/include/nav2_msgs/srv/detail/get_costmap__builder.hpp
[206.225s] -- Symlinking: /home/turtlebot/nav2_ws/install/nav2_msgs/include/nav2_msgs/srv/detail/get_costmap__struct.hpp
[206.246s] -- Symlinking: /home/turtlebot/nav2_ws/install/nav2_msgs/include/nav2_msgs/srv/detail/get_costmap__traits.hpp
[206.268s] -- Symlinking: /home/turtlebot/nav2_ws/install/nav2_msgs/include/nav2_msgs/srv/detail/load_map__builder.hpp
[206.292s] -- Symlinking: /home/turtlebot/nav2_ws/install/nav2_msgs/include/nav2_msgs/srv/detail/load_map__struct.hpp
[206.317s] -- Symlinking: /home/turtlebot/nav2_ws/install/nav2_msgs/include/nav2_msgs/srv/detail/load_map__traits.hpp
[206.341s] -- Symlinking: /home/turtlebot/nav2_ws/install/nav2_msgs/include/nav2_msgs/srv/detail/manage_lifecycle_nodes__builder.hpp
[206.363s] -- Symlinking: /home/turtlebot/nav2_ws/install/nav2_msgs/include/nav2_msgs/srv/detail/manage_lifecycle_nodes__struct.hpp
[206.388s] -- Symlinking: /home/turtlebot/nav2_ws/install/nav2_msgs/include/nav2_msgs/srv/detail/manage_lifecycle_nodes__traits.hpp
[206.413s] -- Symlinking: /home/turtlebot/nav2_ws/install/nav2_msgs/include/nav2_msgs/srv/detail/save_map__builder.hpp
[206.437s] -- Symlinking: /home/turtlebot/nav2_ws/install/nav2_msgs/include/nav2_msgs/srv/detail/save_map__struct.hpp
[206.459s] -- Symlinking: /home/turtlebot/nav2_ws/install/nav2_msgs/include/nav2_msgs/srv/detail/save_map__traits.hpp
[206.482s] -- Symlinking: /home/turtlebot/nav2_ws/install/nav2_msgs/include/nav2_msgs/srv/get_costmap.hpp
[206.506s] -- Symlinking: /home/turtlebot/nav2_ws/install/nav2_msgs/include/nav2_msgs/srv/load_map.hpp
[206.529s] -- Symlinking: /home/turtlebot/nav2_ws/install/nav2_msgs/include/nav2_msgs/srv/manage_lifecycle_nodes.hpp
[206.548s] -- Symlinking: /home/turtlebot/nav2_ws/install/nav2_msgs/include/nav2_msgs/srv/save_map.hpp
[206.572s] -- Symlinking: /home/turtlebot/nav2_ws/install/nav2_msgs/include/nav2_msgs/action/detail/back_up__rosidl_typesupport_introspection_cpp.hpp
[206.597s] -- Symlinking: /home/turtlebot/nav2_ws/install/nav2_msgs/include/nav2_msgs/action/detail/compute_path_to_pose__rosidl_typesupport_introspection_cpp.hpp
[206.624s] -- Symlinking: /home/turtlebot/nav2_ws/install/nav2_msgs/include/nav2_msgs/action/detail/dummy_recovery__rosidl_typesupport_introspection_cpp.hpp
[206.647s] -- Symlinking: /home/turtlebot/nav2_ws/install/nav2_msgs/include/nav2_msgs/action/detail/follow_path__rosidl_typesupport_introspection_cpp.hpp
[206.668s] -- Symlinking: /home/turtlebot/nav2_ws/install/nav2_msgs/include/nav2_msgs/action/detail/follow_waypoints__rosidl_typesupport_introspection_cpp.hpp
[206.694s] -- Symlinking: /home/turtlebot/nav2_ws/install/nav2_msgs/include/nav2_msgs/action/detail/navigate_to_pose__rosidl_typesupport_introspection_cpp.hpp
[206.721s] -- Symlinking: /home/turtlebot/nav2_ws/install/nav2_msgs/include/nav2_msgs/action/detail/spin__rosidl_typesupport_introspection_cpp.hpp
[206.744s] -- Symlinking: /home/turtlebot/nav2_ws/install/nav2_msgs/include/nav2_msgs/action/detail/wait__rosidl_typesupport_introspection_cpp.hpp
[206.771s] -- Symlinking: /home/turtlebot/nav2_ws/install/nav2_msgs/include/nav2_msgs/msg/detail/behavior_tree_log__rosidl_typesupport_introspection_cpp.hpp
[206.797s] -- Symlinking: /home/turtlebot/nav2_ws/install/nav2_msgs/include/nav2_msgs/msg/detail/behavior_tree_status_change__rosidl_typesupport_introspection_cpp.hpp
[206.823s] -- Symlinking: /home/turtlebot/nav2_ws/install/nav2_msgs/include/nav2_msgs/msg/detail/costmap__rosidl_typesupport_introspection_cpp.hpp
[206.847s] -- Symlinking: /home/turtlebot/nav2_ws/install/nav2_msgs/include/nav2_msgs/msg/detail/costmap_meta_data__rosidl_typesupport_introspection_cpp.hpp
[206.871s] -- Symlinking: /home/turtlebot/nav2_ws/install/nav2_msgs/include/nav2_msgs/msg/detail/particle__rosidl_typesupport_introspection_cpp.hpp
[206.897s] -- Symlinking: /home/turtlebot/nav2_ws/install/nav2_msgs/include/nav2_msgs/msg/detail/particle_cloud__rosidl_typesupport_introspection_cpp.hpp
[206.925s] -- Symlinking: /home/turtlebot/nav2_ws/install/nav2_msgs/include/nav2_msgs/msg/detail/voxel_grid__rosidl_typesupport_introspection_cpp.hpp
[206.949s] -- Symlinking: /home/turtlebot/nav2_ws/install/nav2_msgs/include/nav2_msgs/srv/detail/clear_costmap_around_robot__rosidl_typesupport_introspection_cpp.hpp
[206.973s] -- Symlinking: /home/turtlebot/nav2_ws/install/nav2_msgs/include/nav2_msgs/srv/detail/clear_costmap_except_region__rosidl_typesupport_introspection_cpp.hpp
[206.999s] -- Symlinking: /home/turtlebot/nav2_ws/install/nav2_msgs/include/nav2_msgs/srv/detail/clear_entire_costmap__rosidl_typesupport_introspection_cpp.hpp
[207.025s] -- Symlinking: /home/turtlebot/nav2_ws/install/nav2_msgs/include/nav2_msgs/srv/detail/get_costmap__rosidl_typesupport_introspection_cpp.hpp
[207.048s] -- Symlinking: /home/turtlebot/nav2_ws/install/nav2_msgs/include/nav2_msgs/srv/detail/load_map__rosidl_typesupport_introspection_cpp.hpp
[207.073s] -- Symlinking: /home/turtlebot/nav2_ws/install/nav2_msgs/include/nav2_msgs/srv/detail/manage_lifecycle_nodes__rosidl_typesupport_introspection_cpp.hpp
[207.101s] -- Symlinking: /home/turtlebot/nav2_ws/install/nav2_msgs/include/nav2_msgs/srv/detail/save_map__rosidl_typesupport_introspection_cpp.hpp
[207.124s] -- Symlinking: /home/turtlebot/nav2_ws/install/nav2_msgs/share/nav2_msgs/environment/pythonpath.sh
[207.148s] -- Symlinking: /home/turtlebot/nav2_ws/install/nav2_msgs/share/nav2_msgs/environment/pythonpath.dsv
[207.173s] -- Symlinking: /home/turtlebot/nav2_ws/install/nav2_msgs/lib/python3.8/site-packages/nav2_msgs/__init__.py
[207.201s] -- Symlinking: /home/turtlebot/nav2_ws/install/nav2_msgs/lib/python3.8/site-packages/nav2_msgs/msg/__init__.py
[207.226s] -- Symlinking: /home/turtlebot/nav2_ws/install/nav2_msgs/lib/python3.8/site-packages/nav2_msgs/msg/_behavior_tree_log.py
[207.249s] -- Symlinking: /home/turtlebot/nav2_ws/install/nav2_msgs/lib/python3.8/site-packages/nav2_msgs/msg/_behavior_tree_status_change.py
[207.281s] -- Symlinking: /home/turtlebot/nav2_ws/install/nav2_msgs/lib/python3.8/site-packages/nav2_msgs/msg/_costmap.py
[207.317s] -- Symlinking: /home/turtlebot/nav2_ws/install/nav2_msgs/lib/python3.8/site-packages/nav2_msgs/msg/_costmap_meta_data.py
[207.349s] -- Symlinking: /home/turtlebot/nav2_ws/install/nav2_msgs/lib/python3.8/site-packages/nav2_msgs/msg/_particle.py
[207.380s] -- Symlinking: /home/turtlebot/nav2_ws/install/nav2_msgs/lib/python3.8/site-packages/nav2_msgs/msg/_particle_cloud.py
[207.414s] -- Symlinking: /home/turtlebot/nav2_ws/install/nav2_msgs/lib/python3.8/site-packages/nav2_msgs/msg/_voxel_grid.py
[207.448s] -- Symlinking: /home/turtlebot/nav2_ws/install/nav2_msgs/lib/python3.8/site-packages/nav2_msgs/srv/__init__.py
[207.479s] -- Symlinking: /home/turtlebot/nav2_ws/install/nav2_msgs/lib/python3.8/site-packages/nav2_msgs/srv/_clear_costmap_around_robot.py
[207.514s] -- Symlinking: /home/turtlebot/nav2_ws/install/nav2_msgs/lib/python3.8/site-packages/nav2_msgs/srv/_clear_costmap_except_region.py
[207.546s] -- Symlinking: /home/turtlebot/nav2_ws/install/nav2_msgs/lib/python3.8/site-packages/nav2_msgs/srv/_clear_entire_costmap.py
[207.577s] -- Symlinking: /home/turtlebot/nav2_ws/install/nav2_msgs/lib/python3.8/site-packages/nav2_msgs/srv/_get_costmap.py
[207.610s] -- Symlinking: /home/turtlebot/nav2_ws/install/nav2_msgs/lib/python3.8/site-packages/nav2_msgs/srv/_load_map.py
[207.634s] -- Symlinking: /home/turtlebot/nav2_ws/install/nav2_msgs/lib/python3.8/site-packages/nav2_msgs/srv/_manage_lifecycle_nodes.py
[207.657s] -- Symlinking: /home/turtlebot/nav2_ws/install/nav2_msgs/lib/python3.8/site-packages/nav2_msgs/srv/_save_map.py
[207.680s] -- Symlinking: /home/turtlebot/nav2_ws/install/nav2_msgs/lib/python3.8/site-packages/nav2_msgs/action/__init__.py
[207.707s] -- Symlinking: /home/turtlebot/nav2_ws/install/nav2_msgs/lib/python3.8/site-packages/nav2_msgs/action/_back_up.py
[207.731s] -- Symlinking: /home/turtlebot/nav2_ws/install/nav2_msgs/lib/python3.8/site-packages/nav2_msgs/action/_compute_path_to_pose.py
[207.755s] -- Symlinking: /home/turtlebot/nav2_ws/install/nav2_msgs/lib/python3.8/site-packages/nav2_msgs/action/_dummy_recovery.py
[207.778s] -- Symlinking: /home/turtlebot/nav2_ws/install/nav2_msgs/lib/python3.8/site-packages/nav2_msgs/action/_follow_path.py
[207.802s] -- Symlinking: /home/turtlebot/nav2_ws/install/nav2_msgs/lib/python3.8/site-packages/nav2_msgs/action/_follow_waypoints.py
[207.827s] -- Symlinking: /home/turtlebot/nav2_ws/install/nav2_msgs/lib/python3.8/site-packages/nav2_msgs/action/_navigate_to_pose.py
[207.851s] -- Symlinking: /home/turtlebot/nav2_ws/install/nav2_msgs/lib/python3.8/site-packages/nav2_msgs/action/_spin.py
[207.875s] -- Symlinking: /home/turtlebot/nav2_ws/install/nav2_msgs/lib/python3.8/site-packages/nav2_msgs/action/_wait.py
[207.903s] -- Symlinking: /home/turtlebot/nav2_ws/install/nav2_msgs/lib/python3.8/site-packages/nav2_msgs/nav2_msgs_s__rosidl_typesupport_fastrtps_c.cpython-38-x86_64-linux-gnu.so
[207.928s] -- Symlinking: /home/turtlebot/nav2_ws/install/nav2_msgs/lib/python3.8/site-packages/nav2_msgs/nav2_msgs_s__rosidl_typesupport_introspection_c.cpython-38-x86_64-linux-gnu.so
[207.952s] -- Symlinking: /home/turtlebot/nav2_ws/install/nav2_msgs/lib/python3.8/site-packages/nav2_msgs/nav2_msgs_s__rosidl_typesupport_c.cpython-38-x86_64-linux-gnu.so
[207.972s] -- Symlinking: /home/turtlebot/nav2_ws/install/nav2_msgs/lib/libnav2_msgs__python.so
[207.989s] -- Symlinking: /home/turtlebot/nav2_ws/install/nav2_msgs/share/nav2_msgs/msg/Costmap.idl
[208.010s] -- Symlinking: /home/turtlebot/nav2_ws/install/nav2_msgs/share/nav2_msgs/msg/CostmapMetaData.idl
[208.035s] -- Symlinking: /home/turtlebot/nav2_ws/install/nav2_msgs/share/nav2_msgs/msg/VoxelGrid.idl
[208.065s] -- Symlinking: /home/turtlebot/nav2_ws/install/nav2_msgs/share/nav2_msgs/msg/BehaviorTreeStatusChange.idl
[208.097s] -- Symlinking: /home/turtlebot/nav2_ws/install/nav2_msgs/share/nav2_msgs/msg/BehaviorTreeLog.idl
[208.132s] -- Symlinking: /home/turtlebot/nav2_ws/install/nav2_msgs/share/nav2_msgs/msg/Particle.idl
[208.162s] -- Symlinking: /home/turtlebot/nav2_ws/install/nav2_msgs/share/nav2_msgs/msg/ParticleCloud.idl
[208.190s] -- Symlinking: /home/turtlebot/nav2_ws/install/nav2_msgs/share/nav2_msgs/srv/GetCostmap.idl
[208.220s] -- Symlinking: /home/turtlebot/nav2_ws/install/nav2_msgs/share/nav2_msgs/srv/ClearCostmapExceptRegion.idl
[208.241s] -- Symlinking: /home/turtlebot/nav2_ws/install/nav2_msgs/share/nav2_msgs/srv/ClearCostmapAroundRobot.idl
[208.264s] -- Symlinking: /home/turtlebot/nav2_ws/install/nav2_msgs/share/nav2_msgs/srv/ClearEntireCostmap.idl
[208.289s] -- Symlinking: /home/turtlebot/nav2_ws/install/nav2_msgs/share/nav2_msgs/srv/ManageLifecycleNodes.idl
[208.315s] -- Symlinking: /home/turtlebot/nav2_ws/install/nav2_msgs/share/nav2_msgs/srv/LoadMap.idl
[208.345s] -- Symlinking: /home/turtlebot/nav2_ws/install/nav2_msgs/share/nav2_msgs/srv/SaveMap.idl
[208.374s] -- Symlinking: /home/turtlebot/nav2_ws/install/nav2_msgs/share/nav2_msgs/action/BackUp.idl
[208.407s] -- Symlinking: /home/turtlebot/nav2_ws/install/nav2_msgs/share/nav2_msgs/action/ComputePathToPose.idl
[208.436s] -- Symlinking: /home/turtlebot/nav2_ws/install/nav2_msgs/share/nav2_msgs/action/FollowPath.idl
[208.465s] -- Symlinking: /home/turtlebot/nav2_ws/install/nav2_msgs/share/nav2_msgs/action/NavigateToPose.idl
[208.498s] -- Symlinking: /home/turtlebot/nav2_ws/install/nav2_msgs/share/nav2_msgs/action/Wait.idl
[208.539s] -- Symlinking: /home/turtlebot/nav2_ws/install/nav2_msgs/share/nav2_msgs/action/Spin.idl
[208.574s] -- Symlinking: /home/turtlebot/nav2_ws/install/nav2_msgs/share/nav2_msgs/action/DummyRecovery.idl
[208.612s] -- Symlinking: /home/turtlebot/nav2_ws/install/nav2_msgs/share/nav2_msgs/action/FollowWaypoints.idl
[208.652s] -- Symlinking: /home/turtlebot/nav2_ws/install/nav2_msgs/share/nav2_msgs/msg/Costmap.msg
[208.687s] -- Symlinking: /home/turtlebot/nav2_ws/install/nav2_msgs/share/nav2_msgs/msg/CostmapMetaData.msg
[208.727s] -- Symlinking: /home/turtlebot/nav2_ws/install/nav2_msgs/share/nav2_msgs/msg/VoxelGrid.msg
[208.762s] -- Symlinking: /home/turtlebot/nav2_ws/install/nav2_msgs/share/nav2_msgs/msg/BehaviorTreeStatusChange.msg
[208.792s] -- Symlinking: /home/turtlebot/nav2_ws/install/nav2_msgs/share/nav2_msgs/msg/BehaviorTreeLog.msg
[208.817s] -- Symlinking: /home/turtlebot/nav2_ws/install/nav2_msgs/share/nav2_msgs/msg/Particle.msg
[208.843s] -- Symlinking: /home/turtlebot/nav2_ws/install/nav2_msgs/share/nav2_msgs/msg/ParticleCloud.msg
[208.867s] -- Symlinking: /home/turtlebot/nav2_ws/install/nav2_msgs/share/nav2_msgs/srv/GetCostmap.srv
[208.891s] -- Symlinking: /home/turtlebot/nav2_ws/install/nav2_msgs/share/nav2_msgs/srv/GetCostmap_Request.msg
[208.912s] -- Symlinking: /home/turtlebot/nav2_ws/install/nav2_msgs/share/nav2_msgs/srv/GetCostmap_Response.msg
[208.936s] -- Symlinking: /home/turtlebot/nav2_ws/install/nav2_msgs/share/nav2_msgs/srv/ClearCostmapExceptRegion.srv
[208.961s] -- Symlinking: /home/turtlebot/nav2_ws/install/nav2_msgs/share/nav2_msgs/srv/ClearCostmapExceptRegion_Request.msg
[208.985s] -- Symlinking: /home/turtlebot/nav2_ws/install/nav2_msgs/share/nav2_msgs/srv/ClearCostmapExceptRegion_Response.msg
[209.009s] -- Symlinking: /home/turtlebot/nav2_ws/install/nav2_msgs/share/nav2_msgs/srv/ClearCostmapAroundRobot.srv
[209.033s] -- Symlinking: /home/turtlebot/nav2_ws/install/nav2_msgs/share/nav2_msgs/srv/ClearCostmapAroundRobot_Request.msg
[209.057s] -- Symlinking: /home/turtlebot/nav2_ws/install/nav2_msgs/share/nav2_msgs/srv/ClearCostmapAroundRobot_Response.msg
[209.080s] -- Symlinking: /home/turtlebot/nav2_ws/install/nav2_msgs/share/nav2_msgs/srv/ClearEntireCostmap.srv
[209.104s] -- Symlinking: /home/turtlebot/nav2_ws/install/nav2_msgs/share/nav2_msgs/srv/ClearEntireCostmap_Request.msg
[209.133s] -- Symlinking: /home/turtlebot/nav2_ws/install/nav2_msgs/share/nav2_msgs/srv/ClearEntireCostmap_Response.msg
[209.156s] -- Symlinking: /home/turtlebot/nav2_ws/install/nav2_msgs/share/nav2_msgs/srv/ManageLifecycleNodes.srv
[209.180s] -- Symlinking: /home/turtlebot/nav2_ws/install/nav2_msgs/share/nav2_msgs/srv/ManageLifecycleNodes_Request.msg
[209.201s] -- Symlinking: /home/turtlebot/nav2_ws/install/nav2_msgs/share/nav2_msgs/srv/ManageLifecycleNodes_Response.msg
[209.227s] -- Symlinking: /home/turtlebot/nav2_ws/install/nav2_msgs/share/nav2_msgs/srv/LoadMap.srv
[209.251s] -- Symlinking: /home/turtlebot/nav2_ws/install/nav2_msgs/share/nav2_msgs/srv/LoadMap_Request.msg
[209.277s] -- Symlinking: /home/turtlebot/nav2_ws/install/nav2_msgs/share/nav2_msgs/srv/LoadMap_Response.msg
[209.312s] -- Symlinking: /home/turtlebot/nav2_ws/install/nav2_msgs/share/nav2_msgs/srv/SaveMap.srv
[209.342s] -- Symlinking: /home/turtlebot/nav2_ws/install/nav2_msgs/share/nav2_msgs/srv/SaveMap_Request.msg
[209.371s] -- Symlinking: /home/turtlebot/nav2_ws/install/nav2_msgs/share/nav2_msgs/srv/SaveMap_Response.msg
[209.404s] -- Symlinking: /home/turtlebot/nav2_ws/install/nav2_msgs/share/nav2_msgs/action/BackUp.action
[209.437s] -- Symlinking: /home/turtlebot/nav2_ws/install/nav2_msgs/share/nav2_msgs/action/ComputePathToPose.action
[209.470s] -- Symlinking: /home/turtlebot/nav2_ws/install/nav2_msgs/share/nav2_msgs/action/FollowPath.action
[209.503s] -- Symlinking: /home/turtlebot/nav2_ws/install/nav2_msgs/share/nav2_msgs/action/NavigateToPose.action
[209.546s] -- Symlinking: /home/turtlebot/nav2_ws/install/nav2_msgs/share/nav2_msgs/action/Wait.action
[209.582s] -- Symlinking: /home/turtlebot/nav2_ws/install/nav2_msgs/share/nav2_msgs/action/Spin.action
[209.613s] -- Symlinking: /home/turtlebot/nav2_ws/install/nav2_msgs/share/nav2_msgs/action/DummyRecovery.action
[209.639s] -- Symlinking: /home/turtlebot/nav2_ws/install/nav2_msgs/share/nav2_msgs/action/FollowWaypoints.action
[209.663s] -- Symlinking: /home/turtlebot/nav2_ws/install/nav2_msgs/share/ament_index/resource_index/package_run_dependencies/nav2_msgs
[209.688s] -- Symlinking: /home/turtlebot/nav2_ws/install/nav2_msgs/share/ament_index/resource_index/parent_prefix_path/nav2_msgs
[209.712s] -- Symlinking: /home/turtlebot/nav2_ws/install/nav2_msgs/share/nav2_msgs/environment/ament_prefix_path.sh
[209.738s] -- Symlinking: /home/turtlebot/nav2_ws/install/nav2_msgs/share/nav2_msgs/environment/ament_prefix_path.dsv
[209.763s] -- Symlinking: /home/turtlebot/nav2_ws/install/nav2_msgs/share/nav2_msgs/environment/path.sh
[209.787s] -- Symlinking: /home/turtlebot/nav2_ws/install/nav2_msgs/share/nav2_msgs/environment/path.dsv
[209.810s] -- Symlinking: /home/turtlebot/nav2_ws/install/nav2_msgs/share/nav2_msgs/local_setup.bash
[209.835s] -- Symlinking: /home/turtlebot/nav2_ws/install/nav2_msgs/share/nav2_msgs/local_setup.sh
[209.859s] -- Symlinking: /home/turtlebot/nav2_ws/install/nav2_msgs/share/nav2_msgs/local_setup.zsh
[209.883s] -- Symlinking: /home/turtlebot/nav2_ws/install/nav2_msgs/share/nav2_msgs/local_setup.dsv
[209.908s] -- Symlinking: /home/turtlebot/nav2_ws/install/nav2_msgs/share/nav2_msgs/package.dsv
[209.932s] -- Symlinking: /home/turtlebot/nav2_ws/install/nav2_msgs/share/ament_index/resource_index/packages/nav2_msgs
[209.954s] -- Symlinking: /home/turtlebot/nav2_ws/install/nav2_msgs/share/nav2_msgs/cmake/rosidl_cmake-extras.cmake
[209.977s] -- Symlinking: /home/turtlebot/nav2_ws/install/nav2_msgs/share/nav2_msgs/cmake/ament_cmake_export_dependencies-extras.cmake
[210.000s] -- Symlinking: /home/turtlebot/nav2_ws/install/nav2_msgs/share/nav2_msgs/cmake/ament_cmake_export_libraries-extras.cmake
[210.024s] -- Symlinking: /home/turtlebot/nav2_ws/install/nav2_msgs/share/nav2_msgs/cmake/ament_cmake_export_targets-extras.cmake
[210.048s] -- Symlinking: /home/turtlebot/nav2_ws/install/nav2_msgs/share/nav2_msgs/cmake/ament_cmake_export_include_directories-extras.cmake
[210.071s] -- Symlinking: /home/turtlebot/nav2_ws/install/nav2_msgs/share/nav2_msgs/cmake/rosidl_cmake_export_typesupport_libraries-extras.cmake
[210.096s] -- Symlinking: /home/turtlebot/nav2_ws/install/nav2_msgs/share/nav2_msgs/cmake/rosidl_cmake_export_typesupport_targets-extras.cmake
[210.124s] -- Symlinking: /home/turtlebot/nav2_ws/install/nav2_msgs/share/nav2_msgs/cmake/nav2_msgsConfig.cmake
[210.149s] -- Symlinking: /home/turtlebot/nav2_ws/install/nav2_msgs/share/nav2_msgs/cmake/nav2_msgsConfig-version.cmake
[210.173s] -- Symlinking: /home/turtlebot/nav2_ws/install/nav2_msgs/share/nav2_msgs/package.xml
[210.197s] -- Installing: /home/turtlebot/nav2_ws/install/nav2_msgs/lib/libnav2_msgs__rosidl_generator_c.so
[210.199s] -- Set runtime path of "/home/turtlebot/nav2_ws/install/nav2_msgs/lib/libnav2_msgs__rosidl_generator_c.so" to ""
[210.200s] -- Installing: /home/turtlebot/nav2_ws/install/nav2_msgs/lib/libnav2_msgs__rosidl_typesupport_introspection_c.so
[210.201s] -- Set runtime path of "/home/turtlebot/nav2_ws/install/nav2_msgs/lib/libnav2_msgs__rosidl_typesupport_introspection_c.so" to ""
[210.204s] -- Installing: /home/turtlebot/nav2_ws/install/nav2_msgs/lib/libnav2_msgs__rosidl_typesupport_c.so
[210.205s] -- Set runtime path of "/home/turtlebot/nav2_ws/install/nav2_msgs/lib/libnav2_msgs__rosidl_typesupport_c.so" to ""
[210.206s] -- Installing: /home/turtlebot/nav2_ws/install/nav2_msgs/lib/libnav2_msgs__rosidl_typesupport_introspection_cpp.so
[210.208s] -- Set runtime path of "/home/turtlebot/nav2_ws/install/nav2_msgs/lib/libnav2_msgs__rosidl_typesupport_introspection_cpp.so" to ""
[210.209s] -- Installing: /home/turtlebot/nav2_ws/install/nav2_msgs/lib/libnav2_msgs__rosidl_typesupport_cpp.so
[210.210s] -- Set runtime path of "/home/turtlebot/nav2_ws/install/nav2_msgs/lib/libnav2_msgs__rosidl_typesupport_cpp.so" to ""
[210.304s] Compiling '/home/turtlebot/nav2_ws/install/nav2_msgs/lib/python3.8/site-packages/nav2_msgs/__init__.py'...
[210.315s] -- Installing: /home/turtlebot/nav2_ws/install/nav2_msgs/share/nav2_msgs/cmake/nav2_msgs__rosidl_generator_cExport.cmake
[210.316s] -- Installing: /home/turtlebot/nav2_ws/install/nav2_msgs/share/nav2_msgs/cmake/nav2_msgs__rosidl_generator_cExport-release.cmake
[210.318s] -- Installing: /home/turtlebot/nav2_ws/install/nav2_msgs/share/nav2_msgs/cmake/nav2_msgs__rosidl_typesupport_introspection_cExport.cmake
[210.319s] -- Installing: /home/turtlebot/nav2_ws/install/nav2_msgs/share/nav2_msgs/cmake/nav2_msgs__rosidl_typesupport_introspection_cExport-release.cmake
[210.321s] -- Installing: /home/turtlebot/nav2_ws/install/nav2_msgs/share/nav2_msgs/cmake/nav2_msgs__rosidl_typesupport_cExport.cmake
[210.321s] -- Installing: /home/turtlebot/nav2_ws/install/nav2_msgs/share/nav2_msgs/cmake/nav2_msgs__rosidl_typesupport_cExport-release.cmake
[210.322s] -- Installing: /home/turtlebot/nav2_ws/install/nav2_msgs/share/nav2_msgs/cmake/nav2_msgs__rosidl_generator_cppExport.cmake
[210.322s] -- Installing: /home/turtlebot/nav2_ws/install/nav2_msgs/share/nav2_msgs/cmake/nav2_msgs__rosidl_typesupport_introspection_cppExport.cmake
[210.323s] -- Installing: /home/turtlebot/nav2_ws/install/nav2_msgs/share/nav2_msgs/cmake/nav2_msgs__rosidl_typesupport_introspection_cppExport-release.cmake
[210.323s] -- Installing: /home/turtlebot/nav2_ws/install/nav2_msgs/share/nav2_msgs/cmake/nav2_msgs__rosidl_typesupport_cppExport.cmake
[210.324s] -- Installing: /home/turtlebot/nav2_ws/install/nav2_msgs/share/nav2_msgs/cmake/nav2_msgs__rosidl_typesupport_cppExport-release.cmake
[210.337s] Invoked command in '/home/turtlebot/nav2_ws/build/nav2_msgs' returned '0': AMENT_PREFIX_PATH=/home/turtlebot/nav2_ws/install/nav2_common:${AMENT_PREFIX_PATH} CMAKE_PREFIX_PATH=/home/turtlebot/nav2_ws/install/nav2_common:/home/turtlebot/robot_ws/install/turtlebot3:/home/turtlebot/robot_ws/install/nav2_example:/home/turtlebot/robot_ws/install/my_package:/home/turtlebot/robot_ws/install/my_navigation_pkg:/home/turtlebot/robot_ws/install/forward1:/opt/ros/foxy PYTHONPATH=/home/turtlebot/nav2_ws/install/nav2_common/lib/python3.8/site-packages:${PYTHONPATH} /usr/bin/cmake --install /home/turtlebot/nav2_ws/build/nav2_msgs
