-- The C compiler identification is GNU 9.4.0
-- The CXX compiler identification is GNU 9.4.0
-- Check for working C compiler: /usr/bin/cc
-- Check for working C compiler: /usr/bin/cc -- works
-- Detecting C compiler ABI info
-- Detecting C compiler ABI info - done
-- Detecting C compile features
-- Detecting C compile features - done
-- Check for working CXX compiler: /usr/bin/c++
-- Check for working CXX compiler: /usr/bin/c++ -- works
-- Detecting CXX compiler ABI info
-- Detecting CXX compiler ABI info - done
-- Detecting CXX compile features
-- Detecting CXX compile features - done
-- Found ament_cmake: 0.9.11 (/opt/ros/foxy/share/ament_cmake/cmake)
-- Found PythonInterp: /usr/bin/python3 (found suitable version "3.8.10", minimum required is "3") 
-- Using PYTHON_EXECUTABLE: /usr/bin/python3
-- Override CMake install command with custom implementation using symlinks instead of copying resources
-- Found nav2_common: 0.4.7 (/home/turtlebot/nav2_ws/install/nav2_common/share/nav2_common/cmake)
-- Found angles: 1.12.6 (/opt/ros/foxy/share/angles/cmake)
-- Found nav2_costmap_2d: 0.4.7 (/home/turtlebot/nav2_ws/install/nav2_costmap_2d/share/nav2_costmap_2d/cmake)
-- Using all available rosidl_typesupport_c: rosidl_typesupport_fastrtps_c;rosidl_typesupport_introspection_c
-- Found rosidl_adapter: 1.3.0 (/opt/ros/foxy/share/rosidl_adapter/cmake)
-- Found OpenSSL: /usr/lib/x86_64-linux-gnu/libcrypto.so (found version "1.1.1f")  
-- Found FastRTPS: /opt/ros/foxy/include  
-- Using all available rosidl_typesupport_cpp: rosidl_typesupport_fastrtps_cpp;rosidl_typesupport_introspection_cpp
-- Found rmw_implementation_cmake: 1.0.4 (/opt/ros/foxy/share/rmw_implementation_cmake/cmake)
-- Using RMW implementation 'rmw_fastrtps_cpp' as default
-- Looking for pthread.h
-- Looking for pthread.h - found
-- Performing Test CMAKE_HAVE_LIBC_PTHREAD
-- Performing Test CMAKE_HAVE_LIBC_PTHREAD - Failed
-- Looking for pthread_create in pthreads
-- Looking for pthread_create in pthreads - not found
-- Looking for pthread_create in pthread
-- Looking for pthread_create in pthread - found
-- Found Threads: TRUE  
-- Found Eigen3: TRUE (found version "3.3.7") 
-- Found costmap_queue: 0.4.7 (/home/turtlebot/nav2_ws/install/costmap_queue/share/costmap_queue/cmake)
-- Found dwb_core: 0.4.7 (/home/turtlebot/nav2_ws/install/dwb_core/share/dwb_core/cmake)
-- Setting build type to Release as none was specified.
-- Found ament_lint_auto: 0.9.8 (/opt/ros/foxy/share/ament_lint_auto/cmake)
-- Added test 'cppcheck' to perform static code analysis on C / C++ code
-- Configured cppcheck include dirs: /home/turtlebot/nav2_ws/src/navigation2/nav2_dwb_controller/dwb_critics/include
-- Configured cppcheck exclude dirs and/or files: 
-- Added test 'cpplint' to check C / C++ code against the Google style
-- Configured cpplint exclude dirs and/or files: 
-- Added test 'lint_cmake' to check CMake code style
-- Added test 'uncrustify' to check C / C++ code style
-- Configured uncrustify additional arguments: 
-- Added test 'xmllint' to check XML markup files
-- Configuring done
-- Generating done
-- Build files have been written to: /home/turtlebot/nav2_ws/build/dwb_critics
[35m[1mScanning dependencies of target dwb_critics[0m
[  7%] [32mBuilding CXX object CMakeFiles/dwb_critics.dir/src/alignment_util.cpp.o[0m
[ 15%] [32mBuilding CXX object CMakeFiles/dwb_critics.dir/src/map_grid.cpp.o[0m
[ 23%] [32mBuilding CXX object CMakeFiles/dwb_critics.dir/src/goal_dist.cpp.o[0m
[ 30%] [32mBuilding CXX object CMakeFiles/dwb_critics.dir/src/path_dist.cpp.o[0m
[ 38%] [32mBuilding CXX object CMakeFiles/dwb_critics.dir/src/goal_align.cpp.o[0m
[ 46%] [32mBuilding CXX object CMakeFiles/dwb_critics.dir/src/path_align.cpp.o[0m
[ 53%] [32mBuilding CXX object CMakeFiles/dwb_critics.dir/src/base_obstacle.cpp.o[0m
[ 61%] [32mBuilding CXX object CMakeFiles/dwb_critics.dir/src/obstacle_footprint.cpp.o[0m
[ 69%] [32mBuilding CXX object CMakeFiles/dwb_critics.dir/src/oscillation.cpp.o[0m
[ 76%] [32mBuilding CXX object CMakeFiles/dwb_critics.dir/src/prefer_forward.cpp.o[0m
[ 84%] [32mBuilding CXX object CMakeFiles/dwb_critics.dir/src/rotate_to_goal.cpp.o[0m
[ 92%] [32mBuilding CXX object CMakeFiles/dwb_critics.dir/src/twirling.cpp.o[0m
[100%] [32m[1mLinking CXX shared library libdwb_critics.so[0m
[100%] Built target dwb_critics
-- Install configuration: "Release"
-- Execute custom install script
-- Symlinking: /home/turtlebot/nav2_ws/install/dwb_critics/lib/libdwb_critics.so
-- Symlinking: /home/turtlebot/nav2_ws/install/dwb_critics/include//dwb_critics/alignment_util.hpp
-- Symlinking: /home/turtlebot/nav2_ws/install/dwb_critics/include//dwb_critics/base_obstacle.hpp
-- Symlinking: /home/turtlebot/nav2_ws/install/dwb_critics/include//dwb_critics/goal_align.hpp
-- Symlinking: /home/turtlebot/nav2_ws/install/dwb_critics/include//dwb_critics/goal_dist.hpp
-- Symlinking: /home/turtlebot/nav2_ws/install/dwb_critics/include//dwb_critics/line_iterator.hpp
-- Symlinking: /home/turtlebot/nav2_ws/install/dwb_critics/include//dwb_critics/map_grid.hpp
-- Symlinking: /home/turtlebot/nav2_ws/install/dwb_critics/include//dwb_critics/obstacle_footprint.hpp
-- Symlinking: /home/turtlebot/nav2_ws/install/dwb_critics/include//dwb_critics/oscillation.hpp
-- Symlinking: /home/turtlebot/nav2_ws/install/dwb_critics/include//dwb_critics/path_align.hpp
-- Symlinking: /home/turtlebot/nav2_ws/install/dwb_critics/include//dwb_critics/path_dist.hpp
-- Symlinking: /home/turtlebot/nav2_ws/install/dwb_critics/include//dwb_critics/prefer_forward.hpp
-- Symlinking: /home/turtlebot/nav2_ws/install/dwb_critics/include//dwb_critics/rotate_to_goal.hpp
-- Symlinking: /home/turtlebot/nav2_ws/install/dwb_critics/include//dwb_critics/twirling.hpp
-- Symlinking: /home/turtlebot/nav2_ws/install/dwb_critics/share/dwb_critics/default_critics.xml
-- Symlinking: /home/turtlebot/nav2_ws/install/dwb_critics/share/dwb_critics/environment/library_path.sh
-- Symlinking: /home/turtlebot/nav2_ws/install/dwb_critics/share/dwb_critics/environment/library_path.dsv
-- Up-to-date symlink: /home/turtlebot/nav2_ws/install/dwb_critics/share/dwb_critics//default_critics.xml
-- Symlinking: /home/turtlebot/nav2_ws/install/dwb_critics/share/ament_index/resource_index/package_run_dependencies/dwb_critics
-- Symlinking: /home/turtlebot/nav2_ws/install/dwb_critics/share/ament_index/resource_index/parent_prefix_path/dwb_critics
-- Symlinking: /home/turtlebot/nav2_ws/install/dwb_critics/share/dwb_critics/environment/ament_prefix_path.sh
-- Symlinking: /home/turtlebot/nav2_ws/install/dwb_critics/share/dwb_critics/environment/ament_prefix_path.dsv
-- Symlinking: /home/turtlebot/nav2_ws/install/dwb_critics/share/dwb_critics/environment/path.sh
-- Symlinking: /home/turtlebot/nav2_ws/install/dwb_critics/share/dwb_critics/environment/path.dsv
-- Symlinking: /home/turtlebot/nav2_ws/install/dwb_critics/share/dwb_critics/local_setup.bash
-- Symlinking: /home/turtlebot/nav2_ws/install/dwb_critics/share/dwb_critics/local_setup.sh
-- Symlinking: /home/turtlebot/nav2_ws/install/dwb_critics/share/dwb_critics/local_setup.zsh
-- Symlinking: /home/turtlebot/nav2_ws/install/dwb_critics/share/dwb_critics/local_setup.dsv
-- Symlinking: /home/turtlebot/nav2_ws/install/dwb_critics/share/dwb_critics/package.dsv
-- Symlinking: /home/turtlebot/nav2_ws/install/dwb_critics/share/ament_index/resource_index/packages/dwb_critics
-- Symlinking: /home/turtlebot/nav2_ws/install/dwb_critics/share/ament_index/resource_index/dwb_core__pluginlib__plugin/dwb_critics
-- Symlinking: /home/turtlebot/nav2_ws/install/dwb_critics/share/dwb_critics/cmake/ament_cmake_export_include_directories-extras.cmake
-- Symlinking: /home/turtlebot/nav2_ws/install/dwb_critics/share/dwb_critics/cmake/ament_cmake_export_libraries-extras.cmake
-- Symlinking: /home/turtlebot/nav2_ws/install/dwb_critics/share/dwb_critics/cmake/ament_cmake_export_dependencies-extras.cmake
-- Symlinking: /home/turtlebot/nav2_ws/install/dwb_critics/share/dwb_critics/cmake/ament_cmake_export_definitions-extras.cmake
-- Symlinking: /home/turtlebot/nav2_ws/install/dwb_critics/share/dwb_critics/cmake/dwb_criticsConfig.cmake
-- Symlinking: /home/turtlebot/nav2_ws/install/dwb_critics/share/dwb_critics/cmake/dwb_criticsConfig-version.cmake
-- Symlinking: /home/turtlebot/nav2_ws/install/dwb_critics/share/dwb_critics/package.xml
