[0.065s] Invoking command in '/home/turtlebot/nav2_ws/build/dwb_critics': AMENT_PREFIX_PATH=/home/turtlebot/nav2_ws/install/dwb_core:/home/turtlebot/nav2_ws/install/nav2_core:/home/turtlebot/nav2_ws/install/costmap_queue:/home/turtlebot/nav2_ws/install/nav2_costmap_2d:/home/turtlebot/nav2_ws/install/nav_2d_utils:/home/turtlebot/nav2_ws/install/nav2_util:/home/turtlebot/nav2_ws/install/nav2_voxel_grid:/home/turtlebot/nav2_ws/install/nav2_msgs:/home/turtlebot/nav2_ws/install/dwb_msgs:/home/turtlebot/nav2_ws/install/nav_2d_msgs:/home/turtlebot/nav2_ws/install/nav2_common:${AMENT_PREFIX_PATH} CMAKE_PREFIX_PATH=/home/turtlebot/nav2_ws/install/dwb_core:/home/turtlebot/nav2_ws/install/nav2_core:/home/turtlebot/nav2_ws/install/costmap_queue:/home/turtlebot/nav2_ws/install/nav2_costmap_2d:/home/turtlebot/nav2_ws/install/nav_2d_utils:/home/turtlebot/nav2_ws/install/nav2_util:/home/turtlebot/nav2_ws/install/nav2_voxel_grid:/home/turtlebot/nav2_ws/install/nav2_msgs:/home/turtlebot/nav2_ws/install/dwb_msgs:/home/turtlebot/nav2_ws/install/nav_2d_msgs:/home/turtlebot/nav2_ws/install/nav2_common:/home/turtlebot/robot_ws/install/turtlebot3:/home/turtlebot/robot_ws/install/nav2_example:/home/turtlebot/robot_ws/install/my_package:/home/turtlebot/robot_ws/install/my_navigation_pkg:/home/turtlebot/robot_ws/install/forward1:/opt/ros/foxy LD_LIBRARY_PATH=/home/turtlebot/nav2_ws/install/dwb_core/lib:/home/turtlebot/nav2_ws/install/costmap_queue/lib:/home/turtlebot/nav2_ws/install/nav2_costmap_2d/lib:/home/turtlebot/nav2_ws/install/nav_2d_utils/lib:/home/turtlebot/nav2_ws/install/nav2_util/lib:/home/turtlebot/nav2_ws/install/nav2_voxel_grid/lib:/home/turtlebot/nav2_ws/install/nav2_msgs/lib:/home/turtlebot/nav2_ws/install/dwb_msgs/lib:/home/turtlebot/nav2_ws/install/nav_2d_msgs/lib:${LD_LIBRARY_PATH} PYTHONPATH=/home/turtlebot/nav2_ws/install/nav2_msgs/lib/python3.8/site-packages:/home/turtlebot/nav2_ws/install/dwb_msgs/lib/python3.8/site-packages:/home/turtlebot/nav2_ws/install/nav_2d_msgs/lib/python3.8/site-packages:/home/turtlebot/nav2_ws/install/nav2_common/lib/python3.8/site-packages:${PYTHONPATH} /usr/bin/cmake /home/turtlebot/nav2_ws/src/navigation2/nav2_dwb_controller/dwb_critics -DAMENT_CMAKE_SYMLINK_INSTALL=1 -DCMAKE_INSTALL_PREFIX=/home/turtlebot/nav2_ws/install/dwb_critics
[0.160s] -- The C compiler identification is GNU 9.4.0
[0.237s] -- The CXX compiler identification is GNU 9.4.0
[0.248s] -- Check for working C compiler: /usr/bin/cc
[0.374s] -- Check for working C compiler: /usr/bin/cc -- works
[0.376s] -- Detecting C compiler ABI info
[0.473s] -- Detecting C compiler ABI info - done
[0.490s] -- Detecting C compile features
[0.491s] -- Detecting C compile features - done
[0.495s] -- Check for working CXX compiler: /usr/bin/c++
[0.607s] -- Check for working CXX compiler: /usr/bin/c++ -- works
[0.609s] -- Detecting CXX compiler ABI info
[0.731s] -- Detecting CXX compiler ABI info - done
[0.749s] -- Detecting CXX compile features
[0.750s] -- Detecting CXX compile features - done
[0.754s] -- Found ament_cmake: 0.9.11 (/opt/ros/foxy/share/ament_cmake/cmake)
[0.801s] -- Found PythonInterp: /usr/bin/python3 (found suitable version "3.8.10", minimum required is "3") 
[0.802s] -- Using PYTHON_EXECUTABLE: /usr/bin/python3
[1.066s] -- Override CMake install command with custom implementation using symlinks instead of copying resources
[1.111s] -- Found nav2_common: 0.4.7 (/home/turtlebot/nav2_ws/install/nav2_common/share/nav2_common/cmake)
[1.115s] -- Found angles: 1.12.6 (/opt/ros/foxy/share/angles/cmake)
[1.117s] -- Found nav2_costmap_2d: 0.4.7 (/home/turtlebot/nav2_ws/install/nav2_costmap_2d/share/nav2_costmap_2d/cmake)
[1.178s] -- Using all available rosidl_typesupport_c: rosidl_typesupport_fastrtps_c;rosidl_typesupport_introspection_c
[1.191s] -- Found rosidl_adapter: 1.3.0 (/opt/ros/foxy/share/rosidl_adapter/cmake)
[1.309s] -- Found OpenSSL: /usr/lib/x86_64-linux-gnu/libcrypto.so (found version "1.1.1f")  
[1.352s] -- Found FastRTPS: /opt/ros/foxy/include  
[1.469s] -- Using all available rosidl_typesupport_cpp: rosidl_typesupport_fastrtps_cpp;rosidl_typesupport_introspection_cpp
[2.701s] -- Found rmw_implementation_cmake: 1.0.4 (/opt/ros/foxy/share/rmw_implementation_cmake/cmake)
[2.704s] -- Using RMW implementation 'rmw_fastrtps_cpp' as default
[2.706s] -- Looking for pthread.h
[2.813s] -- Looking for pthread.h - found
[2.814s] -- Performing Test CMAKE_HAVE_LIBC_PTHREAD
[2.921s] -- Performing Test CMAKE_HAVE_LIBC_PTHREAD - Failed
[2.922s] -- Looking for pthread_create in pthreads
[3.009s] -- Looking for pthread_create in pthreads - not found
[3.009s] -- Looking for pthread_create in pthread
[3.109s] -- Looking for pthread_create in pthread - found
[3.111s] -- Found Threads: TRUE  
[3.887s] -- Found Eigen3: TRUE (found version "3.3.7") 
[4.577s] -- Found costmap_queue: 0.4.7 (/home/turtlebot/nav2_ws/install/costmap_queue/share/costmap_queue/cmake)
[4.580s] -- Found dwb_core: 0.4.7 (/home/turtlebot/nav2_ws/install/dwb_core/share/dwb_core/cmake)
[7.822s] -- Setting build type to Release as none was specified.
[13.319s] -- Found ament_lint_auto: 0.9.8 (/opt/ros/foxy/share/ament_lint_auto/cmake)
[13.447s] -- Added test 'cppcheck' to perform static code analysis on C / C++ code
[13.447s] -- Configured cppcheck include dirs: /home/turtlebot/nav2_ws/src/navigation2/nav2_dwb_controller/dwb_critics/include
[13.448s] -- Configured cppcheck exclude dirs and/or files: 
[13.450s] -- Added test 'cpplint' to check C / C++ code against the Google style
[13.450s] -- Configured cpplint exclude dirs and/or files: 
[13.452s] -- Added test 'lint_cmake' to check CMake code style
[13.454s] -- Added test 'uncrustify' to check C / C++ code style
[13.454s] -- Configured uncrustify additional arguments: 
[13.456s] -- Added test 'xmllint' to check XML markup files
[13.466s] -- Configuring done
[13.530s] -- Generating done
[13.533s] -- Build files have been written to: /home/turtlebot/nav2_ws/build/dwb_critics
[13.546s] Invoked command in '/home/turtlebot/nav2_ws/build/dwb_critics' returned '0': AMENT_PREFIX_PATH=/home/turtlebot/nav2_ws/install/dwb_core:/home/turtlebot/nav2_ws/install/nav2_core:/home/turtlebot/nav2_ws/install/costmap_queue:/home/turtlebot/nav2_ws/install/nav2_costmap_2d:/home/turtlebot/nav2_ws/install/nav_2d_utils:/home/turtlebot/nav2_ws/install/nav2_util:/home/turtlebot/nav2_ws/install/nav2_voxel_grid:/home/turtlebot/nav2_ws/install/nav2_msgs:/home/turtlebot/nav2_ws/install/dwb_msgs:/home/turtlebot/nav2_ws/install/nav_2d_msgs:/home/turtlebot/nav2_ws/install/nav2_common:${AMENT_PREFIX_PATH} CMAKE_PREFIX_PATH=/home/turtlebot/nav2_ws/install/dwb_core:/home/turtlebot/nav2_ws/install/nav2_core:/home/turtlebot/nav2_ws/install/costmap_queue:/home/turtlebot/nav2_ws/install/nav2_costmap_2d:/home/turtlebot/nav2_ws/install/nav_2d_utils:/home/turtlebot/nav2_ws/install/nav2_util:/home/turtlebot/nav2_ws/install/nav2_voxel_grid:/home/turtlebot/nav2_ws/install/nav2_msgs:/home/turtlebot/nav2_ws/install/dwb_msgs:/home/turtlebot/nav2_ws/install/nav_2d_msgs:/home/turtlebot/nav2_ws/install/nav2_common:/home/turtlebot/robot_ws/install/turtlebot3:/home/turtlebot/robot_ws/install/nav2_example:/home/turtlebot/robot_ws/install/my_package:/home/turtlebot/robot_ws/install/my_navigation_pkg:/home/turtlebot/robot_ws/install/forward1:/opt/ros/foxy LD_LIBRARY_PATH=/home/turtlebot/nav2_ws/install/dwb_core/lib:/home/turtlebot/nav2_ws/install/costmap_queue/lib:/home/turtlebot/nav2_ws/install/nav2_costmap_2d/lib:/home/turtlebot/nav2_ws/install/nav_2d_utils/lib:/home/turtlebot/nav2_ws/install/nav2_util/lib:/home/turtlebot/nav2_ws/install/nav2_voxel_grid/lib:/home/turtlebot/nav2_ws/install/nav2_msgs/lib:/home/turtlebot/nav2_ws/install/dwb_msgs/lib:/home/turtlebot/nav2_ws/install/nav_2d_msgs/lib:${LD_LIBRARY_PATH} PYTHONPATH=/home/turtlebot/nav2_ws/install/nav2_msgs/lib/python3.8/site-packages:/home/turtlebot/nav2_ws/install/dwb_msgs/lib/python3.8/site-packages:/home/turtlebot/nav2_ws/install/nav_2d_msgs/lib/python3.8/site-packages:/home/turtlebot/nav2_ws/install/nav2_common/lib/python3.8/site-packages:${PYTHONPATH} /usr/bin/cmake /home/turtlebot/nav2_ws/src/navigation2/nav2_dwb_controller/dwb_critics -DAMENT_CMAKE_SYMLINK_INSTALL=1 -DCMAKE_INSTALL_PREFIX=/home/turtlebot/nav2_ws/install/dwb_critics
[13.551s] Invoking command in '/home/turtlebot/nav2_ws/build/dwb_critics': AMENT_PREFIX_PATH=/home/turtlebot/nav2_ws/install/dwb_core:/home/turtlebot/nav2_ws/install/nav2_core:/home/turtlebot/nav2_ws/install/costmap_queue:/home/turtlebot/nav2_ws/install/nav2_costmap_2d:/home/turtlebot/nav2_ws/install/nav_2d_utils:/home/turtlebot/nav2_ws/install/nav2_util:/home/turtlebot/nav2_ws/install/nav2_voxel_grid:/home/turtlebot/nav2_ws/install/nav2_msgs:/home/turtlebot/nav2_ws/install/dwb_msgs:/home/turtlebot/nav2_ws/install/nav_2d_msgs:/home/turtlebot/nav2_ws/install/nav2_common:${AMENT_PREFIX_PATH} CMAKE_PREFIX_PATH=/home/turtlebot/nav2_ws/install/dwb_core:/home/turtlebot/nav2_ws/install/nav2_core:/home/turtlebot/nav2_ws/install/costmap_queue:/home/turtlebot/nav2_ws/install/nav2_costmap_2d:/home/turtlebot/nav2_ws/install/nav_2d_utils:/home/turtlebot/nav2_ws/install/nav2_util:/home/turtlebot/nav2_ws/install/nav2_voxel_grid:/home/turtlebot/nav2_ws/install/nav2_msgs:/home/turtlebot/nav2_ws/install/dwb_msgs:/home/turtlebot/nav2_ws/install/nav_2d_msgs:/home/turtlebot/nav2_ws/install/nav2_common:/home/turtlebot/robot_ws/install/turtlebot3:/home/turtlebot/robot_ws/install/nav2_example:/home/turtlebot/robot_ws/install/my_package:/home/turtlebot/robot_ws/install/my_navigation_pkg:/home/turtlebot/robot_ws/install/forward1:/opt/ros/foxy LD_LIBRARY_PATH=/home/turtlebot/nav2_ws/install/dwb_core/lib:/home/turtlebot/nav2_ws/install/costmap_queue/lib:/home/turtlebot/nav2_ws/install/nav2_costmap_2d/lib:/home/turtlebot/nav2_ws/install/nav_2d_utils/lib:/home/turtlebot/nav2_ws/install/nav2_util/lib:/home/turtlebot/nav2_ws/install/nav2_voxel_grid/lib:/home/turtlebot/nav2_ws/install/nav2_msgs/lib:/home/turtlebot/nav2_ws/install/dwb_msgs/lib:/home/turtlebot/nav2_ws/install/nav_2d_msgs/lib:${LD_LIBRARY_PATH} PYTHONPATH=/home/turtlebot/nav2_ws/install/nav2_msgs/lib/python3.8/site-packages:/home/turtlebot/nav2_ws/install/dwb_msgs/lib/python3.8/site-packages:/home/turtlebot/nav2_ws/install/nav_2d_msgs/lib/python3.8/site-packages:/home/turtlebot/nav2_ws/install/nav2_common/lib/python3.8/site-packages:${PYTHONPATH} /usr/bin/cmake --build /home/turtlebot/nav2_ws/build/dwb_critics -- -j2 -l2
[13.617s] [35m[1mScanning dependencies of target dwb_critics[0m
[13.798s] [  7%] [32mBuilding CXX object CMakeFiles/dwb_critics.dir/src/alignment_util.cpp.o[0m
[14.297s] [ 15%] [32mBuilding CXX object CMakeFiles/dwb_critics.dir/src/map_grid.cpp.o[0m
[22.335s] [ 23%] [32mBuilding CXX object CMakeFiles/dwb_critics.dir/src/goal_dist.cpp.o[0m
[34.857s] [ 30%] [32mBuilding CXX object CMakeFiles/dwb_critics.dir/src/path_dist.cpp.o[0m
[48.316s] [ 38%] [32mBuilding CXX object CMakeFiles/dwb_critics.dir/src/goal_align.cpp.o[0m
[54.002s] [ 46%] [32mBuilding CXX object CMakeFiles/dwb_critics.dir/src/path_align.cpp.o[0m
[58.888s] [ 53%] [32mBuilding CXX object CMakeFiles/dwb_critics.dir/src/base_obstacle.cpp.o[0m
[63.998s] [ 61%] [32mBuilding CXX object CMakeFiles/dwb_critics.dir/src/obstacle_footprint.cpp.o[0m
[68.927s] [ 69%] [32mBuilding CXX object CMakeFiles/dwb_critics.dir/src/oscillation.cpp.o[0m
[74.024s] [ 76%] [32mBuilding CXX object CMakeFiles/dwb_critics.dir/src/prefer_forward.cpp.o[0m
[79.431s] [ 84%] [32mBuilding CXX object CMakeFiles/dwb_critics.dir/src/rotate_to_goal.cpp.o[0m
[84.988s] [ 92%] [32mBuilding CXX object CMakeFiles/dwb_critics.dir/src/twirling.cpp.o[0m
[89.844s] [100%] [32m[1mLinking CXX shared library libdwb_critics.so[0m
[90.161s] [100%] Built target dwb_critics
[90.183s] Invoked command in '/home/turtlebot/nav2_ws/build/dwb_critics' returned '0': AMENT_PREFIX_PATH=/home/turtlebot/nav2_ws/install/dwb_core:/home/turtlebot/nav2_ws/install/nav2_core:/home/turtlebot/nav2_ws/install/costmap_queue:/home/turtlebot/nav2_ws/install/nav2_costmap_2d:/home/turtlebot/nav2_ws/install/nav_2d_utils:/home/turtlebot/nav2_ws/install/nav2_util:/home/turtlebot/nav2_ws/install/nav2_voxel_grid:/home/turtlebot/nav2_ws/install/nav2_msgs:/home/turtlebot/nav2_ws/install/dwb_msgs:/home/turtlebot/nav2_ws/install/nav_2d_msgs:/home/turtlebot/nav2_ws/install/nav2_common:${AMENT_PREFIX_PATH} CMAKE_PREFIX_PATH=/home/turtlebot/nav2_ws/install/dwb_core:/home/turtlebot/nav2_ws/install/nav2_core:/home/turtlebot/nav2_ws/install/costmap_queue:/home/turtlebot/nav2_ws/install/nav2_costmap_2d:/home/turtlebot/nav2_ws/install/nav_2d_utils:/home/turtlebot/nav2_ws/install/nav2_util:/home/turtlebot/nav2_ws/install/nav2_voxel_grid:/home/turtlebot/nav2_ws/install/nav2_msgs:/home/turtlebot/nav2_ws/install/dwb_msgs:/home/turtlebot/nav2_ws/install/nav_2d_msgs:/home/turtlebot/nav2_ws/install/nav2_common:/home/turtlebot/robot_ws/install/turtlebot3:/home/turtlebot/robot_ws/install/nav2_example:/home/turtlebot/robot_ws/install/my_package:/home/turtlebot/robot_ws/install/my_navigation_pkg:/home/turtlebot/robot_ws/install/forward1:/opt/ros/foxy LD_LIBRARY_PATH=/home/turtlebot/nav2_ws/install/dwb_core/lib:/home/turtlebot/nav2_ws/install/costmap_queue/lib:/home/turtlebot/nav2_ws/install/nav2_costmap_2d/lib:/home/turtlebot/nav2_ws/install/nav_2d_utils/lib:/home/turtlebot/nav2_ws/install/nav2_util/lib:/home/turtlebot/nav2_ws/install/nav2_voxel_grid/lib:/home/turtlebot/nav2_ws/install/nav2_msgs/lib:/home/turtlebot/nav2_ws/install/dwb_msgs/lib:/home/turtlebot/nav2_ws/install/nav_2d_msgs/lib:${LD_LIBRARY_PATH} PYTHONPATH=/home/turtlebot/nav2_ws/install/nav2_msgs/lib/python3.8/site-packages:/home/turtlebot/nav2_ws/install/dwb_msgs/lib/python3.8/site-packages:/home/turtlebot/nav2_ws/install/nav_2d_msgs/lib/python3.8/site-packages:/home/turtlebot/nav2_ws/install/nav2_common/lib/python3.8/site-packages:${PYTHONPATH} /usr/bin/cmake --build /home/turtlebot/nav2_ws/build/dwb_critics -- -j2 -l2
[90.248s] Invoking command in '/home/turtlebot/nav2_ws/build/dwb_critics': AMENT_PREFIX_PATH=/home/turtlebot/nav2_ws/install/dwb_core:/home/turtlebot/nav2_ws/install/nav2_core:/home/turtlebot/nav2_ws/install/costmap_queue:/home/turtlebot/nav2_ws/install/nav2_costmap_2d:/home/turtlebot/nav2_ws/install/nav_2d_utils:/home/turtlebot/nav2_ws/install/nav2_util:/home/turtlebot/nav2_ws/install/nav2_voxel_grid:/home/turtlebot/nav2_ws/install/nav2_msgs:/home/turtlebot/nav2_ws/install/dwb_msgs:/home/turtlebot/nav2_ws/install/nav_2d_msgs:/home/turtlebot/nav2_ws/install/nav2_common:${AMENT_PREFIX_PATH} CMAKE_PREFIX_PATH=/home/turtlebot/nav2_ws/install/dwb_core:/home/turtlebot/nav2_ws/install/nav2_core:/home/turtlebot/nav2_ws/install/costmap_queue:/home/turtlebot/nav2_ws/install/nav2_costmap_2d:/home/turtlebot/nav2_ws/install/nav_2d_utils:/home/turtlebot/nav2_ws/install/nav2_util:/home/turtlebot/nav2_ws/install/nav2_voxel_grid:/home/turtlebot/nav2_ws/install/nav2_msgs:/home/turtlebot/nav2_ws/install/dwb_msgs:/home/turtlebot/nav2_ws/install/nav_2d_msgs:/home/turtlebot/nav2_ws/install/nav2_common:/home/turtlebot/robot_ws/install/turtlebot3:/home/turtlebot/robot_ws/install/nav2_example:/home/turtlebot/robot_ws/install/my_package:/home/turtlebot/robot_ws/install/my_navigation_pkg:/home/turtlebot/robot_ws/install/forward1:/opt/ros/foxy LD_LIBRARY_PATH=/home/turtlebot/nav2_ws/install/dwb_core/lib:/home/turtlebot/nav2_ws/install/costmap_queue/lib:/home/turtlebot/nav2_ws/install/nav2_costmap_2d/lib:/home/turtlebot/nav2_ws/install/nav_2d_utils/lib:/home/turtlebot/nav2_ws/install/nav2_util/lib:/home/turtlebot/nav2_ws/install/nav2_voxel_grid/lib:/home/turtlebot/nav2_ws/install/nav2_msgs/lib:/home/turtlebot/nav2_ws/install/dwb_msgs/lib:/home/turtlebot/nav2_ws/install/nav_2d_msgs/lib:${LD_LIBRARY_PATH} PYTHONPATH=/home/turtlebot/nav2_ws/install/nav2_msgs/lib/python3.8/site-packages:/home/turtlebot/nav2_ws/install/dwb_msgs/lib/python3.8/site-packages:/home/turtlebot/nav2_ws/install/nav_2d_msgs/lib/python3.8/site-packages:/home/turtlebot/nav2_ws/install/nav2_common/lib/python3.8/site-packages:${PYTHONPATH} /usr/bin/cmake --install /home/turtlebot/nav2_ws/build/dwb_critics
[90.265s] -- Install configuration: "Release"
[90.266s] -- Execute custom install script
[90.267s] -- Symlinking: /home/turtlebot/nav2_ws/install/dwb_critics/lib/libdwb_critics.so
[90.283s] -- Symlinking: /home/turtlebot/nav2_ws/install/dwb_critics/include//dwb_critics/alignment_util.hpp
[90.298s] -- Symlinking: /home/turtlebot/nav2_ws/install/dwb_critics/include//dwb_critics/base_obstacle.hpp
[90.312s] -- Symlinking: /home/turtlebot/nav2_ws/install/dwb_critics/include//dwb_critics/goal_align.hpp
[90.326s] -- Symlinking: /home/turtlebot/nav2_ws/install/dwb_critics/include//dwb_critics/goal_dist.hpp
[90.340s] -- Symlinking: /home/turtlebot/nav2_ws/install/dwb_critics/include//dwb_critics/line_iterator.hpp
[90.355s] -- Symlinking: /home/turtlebot/nav2_ws/install/dwb_critics/include//dwb_critics/map_grid.hpp
[90.369s] -- Symlinking: /home/turtlebot/nav2_ws/install/dwb_critics/include//dwb_critics/obstacle_footprint.hpp
[90.384s] -- Symlinking: /home/turtlebot/nav2_ws/install/dwb_critics/include//dwb_critics/oscillation.hpp
[90.399s] -- Symlinking: /home/turtlebot/nav2_ws/install/dwb_critics/include//dwb_critics/path_align.hpp
[90.414s] -- Symlinking: /home/turtlebot/nav2_ws/install/dwb_critics/include//dwb_critics/path_dist.hpp
[90.428s] -- Symlinking: /home/turtlebot/nav2_ws/install/dwb_critics/include//dwb_critics/prefer_forward.hpp
[90.442s] -- Symlinking: /home/turtlebot/nav2_ws/install/dwb_critics/include//dwb_critics/rotate_to_goal.hpp
[90.456s] -- Symlinking: /home/turtlebot/nav2_ws/install/dwb_critics/include//dwb_critics/twirling.hpp
[90.473s] -- Symlinking: /home/turtlebot/nav2_ws/install/dwb_critics/share/dwb_critics/default_critics.xml
[90.488s] -- Symlinking: /home/turtlebot/nav2_ws/install/dwb_critics/share/dwb_critics/environment/library_path.sh
[90.503s] -- Symlinking: /home/turtlebot/nav2_ws/install/dwb_critics/share/dwb_critics/environment/library_path.dsv
[90.518s] -- Up-to-date symlink: /home/turtlebot/nav2_ws/install/dwb_critics/share/dwb_critics//default_critics.xml
[90.519s] -- Symlinking: /home/turtlebot/nav2_ws/install/dwb_critics/share/ament_index/resource_index/package_run_dependencies/dwb_critics
[90.533s] -- Symlinking: /home/turtlebot/nav2_ws/install/dwb_critics/share/ament_index/resource_index/parent_prefix_path/dwb_critics
[90.548s] -- Symlinking: /home/turtlebot/nav2_ws/install/dwb_critics/share/dwb_critics/environment/ament_prefix_path.sh
[90.563s] -- Symlinking: /home/turtlebot/nav2_ws/install/dwb_critics/share/dwb_critics/environment/ament_prefix_path.dsv
[90.577s] -- Symlinking: /home/turtlebot/nav2_ws/install/dwb_critics/share/dwb_critics/environment/path.sh
[90.594s] -- Symlinking: /home/turtlebot/nav2_ws/install/dwb_critics/share/dwb_critics/environment/path.dsv
[90.608s] -- Symlinking: /home/turtlebot/nav2_ws/install/dwb_critics/share/dwb_critics/local_setup.bash
[90.623s] -- Symlinking: /home/turtlebot/nav2_ws/install/dwb_critics/share/dwb_critics/local_setup.sh
[90.637s] -- Symlinking: /home/turtlebot/nav2_ws/install/dwb_critics/share/dwb_critics/local_setup.zsh
[90.652s] -- Symlinking: /home/turtlebot/nav2_ws/install/dwb_critics/share/dwb_critics/local_setup.dsv
[90.667s] -- Symlinking: /home/turtlebot/nav2_ws/install/dwb_critics/share/dwb_critics/package.dsv
[90.682s] -- Symlinking: /home/turtlebot/nav2_ws/install/dwb_critics/share/ament_index/resource_index/packages/dwb_critics
[90.698s] -- Symlinking: /home/turtlebot/nav2_ws/install/dwb_critics/share/ament_index/resource_index/dwb_core__pluginlib__plugin/dwb_critics
[90.713s] -- Symlinking: /home/turtlebot/nav2_ws/install/dwb_critics/share/dwb_critics/cmake/ament_cmake_export_include_directories-extras.cmake
[90.728s] -- Symlinking: /home/turtlebot/nav2_ws/install/dwb_critics/share/dwb_critics/cmake/ament_cmake_export_libraries-extras.cmake
[90.743s] -- Symlinking: /home/turtlebot/nav2_ws/install/dwb_critics/share/dwb_critics/cmake/ament_cmake_export_dependencies-extras.cmake
[90.761s] -- Symlinking: /home/turtlebot/nav2_ws/install/dwb_critics/share/dwb_critics/cmake/ament_cmake_export_definitions-extras.cmake
[90.777s] -- Symlinking: /home/turtlebot/nav2_ws/install/dwb_critics/share/dwb_critics/cmake/dwb_criticsConfig.cmake
[90.792s] -- Symlinking: /home/turtlebot/nav2_ws/install/dwb_critics/share/dwb_critics/cmake/dwb_criticsConfig-version.cmake
[90.809s] -- Symlinking: /home/turtlebot/nav2_ws/install/dwb_critics/share/dwb_critics/package.xml
[90.833s] Invoked command in '/home/turtlebot/nav2_ws/build/dwb_critics' returned '0': AMENT_PREFIX_PATH=/home/turtlebot/nav2_ws/install/dwb_core:/home/turtlebot/nav2_ws/install/nav2_core:/home/turtlebot/nav2_ws/install/costmap_queue:/home/turtlebot/nav2_ws/install/nav2_costmap_2d:/home/turtlebot/nav2_ws/install/nav_2d_utils:/home/turtlebot/nav2_ws/install/nav2_util:/home/turtlebot/nav2_ws/install/nav2_voxel_grid:/home/turtlebot/nav2_ws/install/nav2_msgs:/home/turtlebot/nav2_ws/install/dwb_msgs:/home/turtlebot/nav2_ws/install/nav_2d_msgs:/home/turtlebot/nav2_ws/install/nav2_common:${AMENT_PREFIX_PATH} CMAKE_PREFIX_PATH=/home/turtlebot/nav2_ws/install/dwb_core:/home/turtlebot/nav2_ws/install/nav2_core:/home/turtlebot/nav2_ws/install/costmap_queue:/home/turtlebot/nav2_ws/install/nav2_costmap_2d:/home/turtlebot/nav2_ws/install/nav_2d_utils:/home/turtlebot/nav2_ws/install/nav2_util:/home/turtlebot/nav2_ws/install/nav2_voxel_grid:/home/turtlebot/nav2_ws/install/nav2_msgs:/home/turtlebot/nav2_ws/install/dwb_msgs:/home/turtlebot/nav2_ws/install/nav_2d_msgs:/home/turtlebot/nav2_ws/install/nav2_common:/home/turtlebot/robot_ws/install/turtlebot3:/home/turtlebot/robot_ws/install/nav2_example:/home/turtlebot/robot_ws/install/my_package:/home/turtlebot/robot_ws/install/my_navigation_pkg:/home/turtlebot/robot_ws/install/forward1:/opt/ros/foxy LD_LIBRARY_PATH=/home/turtlebot/nav2_ws/install/dwb_core/lib:/home/turtlebot/nav2_ws/install/costmap_queue/lib:/home/turtlebot/nav2_ws/install/nav2_costmap_2d/lib:/home/turtlebot/nav2_ws/install/nav_2d_utils/lib:/home/turtlebot/nav2_ws/install/nav2_util/lib:/home/turtlebot/nav2_ws/install/nav2_voxel_grid/lib:/home/turtlebot/nav2_ws/install/nav2_msgs/lib:/home/turtlebot/nav2_ws/install/dwb_msgs/lib:/home/turtlebot/nav2_ws/install/nav_2d_msgs/lib:${LD_LIBRARY_PATH} PYTHONPATH=/home/turtlebot/nav2_ws/install/nav2_msgs/lib/python3.8/site-packages:/home/turtlebot/nav2_ws/install/dwb_msgs/lib/python3.8/site-packages:/home/turtlebot/nav2_ws/install/nav_2d_msgs/lib/python3.8/site-packages:/home/turtlebot/nav2_ws/install/nav2_common/lib/python3.8/site-packages:${PYTHONPATH} /usr/bin/cmake --install /home/turtlebot/nav2_ws/build/dwb_critics
