[0.055s] Invoking command in '/home/turtlebot/robot_ws/build/turtlebot3_node': AMENT_PREFIX_PATH=/home/turtlebot/robot_ws/install/turtlebot3_msgs:${AMENT_PREFIX_PATH} CMAKE_PREFIX_PATH=/home/turtlebot/robot_ws/install/turtlebot3_msgs:/opt/ros/foxy LD_LIBRARY_PATH=/home/turtlebot/robot_ws/install/turtlebot3_msgs/lib:${LD_LIBRARY_PATH} PYTHONPATH=/home/turtlebot/robot_ws/install/turtlebot3_msgs/lib/python3.8/site-packages:${PYTHONPATH} /usr/bin/cmake /home/turtlebot/robot_ws/src/turtlebot3/turtlebot3_node -DCMAKE_INSTALL_PREFIX=/home/turtlebot/robot_ws/install/turtlebot3_node
[0.161s] -- The C compiler identification is GNU 9.4.0
[0.276s] -- The CXX compiler identification is GNU 9.4.0
[0.288s] -- Check for working C compiler: /usr/bin/cc
[0.417s] -- Check for working C compiler: /usr/bin/cc -- works
[0.423s] -- Detecting C compiler ABI info
[0.478s] -- Detecting C compiler ABI info - done
[0.493s] -- Detecting C compile features
[0.495s] -- Detecting C compile features - done
[0.498s] -- Check for working CXX compiler: /usr/bin/c++
[0.702s] -- Check for working CXX compiler: /usr/bin/c++ -- works
[0.702s] -- Detecting CXX compiler ABI info
[0.894s] -- Detecting CXX compiler ABI info - done
[0.904s] -- Detecting CXX compile features
[0.909s] -- Detecting CXX compile features - done
[0.916s] -- Found ament_cmake: 0.9.11 (/opt/ros/foxy/share/ament_cmake/cmake)
[0.971s] -- Found PythonInterp: /usr/bin/python3 (found suitable version "3.8.10", minimum required is "3") 
[0.971s] -- Using PYTHON_EXECUTABLE: /usr/bin/python3
[1.270s] -- Found dynamixel_sdk: 3.7.40 (/opt/ros/foxy/share/dynamixel_sdk/cmake)
[1.278s] -- Found geometry_msgs: 2.0.5 (/opt/ros/foxy/share/geometry_msgs/cmake)
[1.338s] -- Using all available rosidl_typesupport_c: rosidl_typesupport_fastrtps_c;rosidl_typesupport_introspection_c
[1.363s] -- Found rosidl_adapter: 1.3.0 (/opt/ros/foxy/share/rosidl_adapter/cmake)
[1.563s] -- Found OpenSSL: /usr/lib/x86_64-linux-gnu/libcrypto.so (found version "1.1.1f")  
[1.611s] -- Found FastRTPS: /opt/ros/foxy/include  
[1.754s] -- Using all available rosidl_typesupport_cpp: rosidl_typesupport_fastrtps_cpp;rosidl_typesupport_introspection_cpp
[1.903s] -- Found message_filters: 3.2.5 (/opt/ros/foxy/share/message_filters/cmake)
[1.907s] -- Found nav_msgs: 2.0.5 (/opt/ros/foxy/share/nav_msgs/cmake)
[1.989s] -- Found rclcpp: 2.4.2 (/opt/ros/foxy/share/rclcpp/cmake)
[2.060s] -- Found rmw_implementation_cmake: 1.0.4 (/opt/ros/foxy/share/rmw_implementation_cmake/cmake)
[2.062s] -- Using RMW implementation 'rmw_fastrtps_cpp' as default
[2.063s] -- Looking for pthread.h
[2.122s] -- Looking for pthread.h - found
[2.123s] -- Performing Test CMAKE_HAVE_LIBC_PTHREAD
[2.182s] -- Performing Test CMAKE_HAVE_LIBC_PTHREAD - Failed
[2.182s] -- Looking for pthread_create in pthreads
[2.231s] -- Looking for pthread_create in pthreads - not found
[2.231s] -- Looking for pthread_create in pthread
[2.288s] -- Looking for pthread_create in pthread - found
[2.289s] -- Found Threads: TRUE  
[2.458s] -- Found sensor_msgs: 2.0.5 (/opt/ros/foxy/share/sensor_msgs/cmake)
[2.543s] -- Found std_srvs: 2.0.5 (/opt/ros/foxy/share/std_srvs/cmake)
[2.562s] -- Found tf2: 0.13.14 (/opt/ros/foxy/share/tf2/cmake)
[2.574s] -- Found tf2_ros: 0.13.14 (/opt/ros/foxy/share/tf2_ros/cmake)
[3.002s] -- Found turtlebot3_msgs: 2.2.1 (/home/turtlebot/robot_ws/install/turtlebot3_msgs/share/turtlebot3_msgs/cmake)
[3.222s] -- Configuring done
[3.243s] -- Generating done
[3.244s] -- Build files have been written to: /home/turtlebot/robot_ws/build/turtlebot3_node
[3.251s] Invoked command in '/home/turtlebot/robot_ws/build/turtlebot3_node' returned '0': AMENT_PREFIX_PATH=/home/turtlebot/robot_ws/install/turtlebot3_msgs:${AMENT_PREFIX_PATH} CMAKE_PREFIX_PATH=/home/turtlebot/robot_ws/install/turtlebot3_msgs:/opt/ros/foxy LD_LIBRARY_PATH=/home/turtlebot/robot_ws/install/turtlebot3_msgs/lib:${LD_LIBRARY_PATH} PYTHONPATH=/home/turtlebot/robot_ws/install/turtlebot3_msgs/lib/python3.8/site-packages:${PYTHONPATH} /usr/bin/cmake /home/turtlebot/robot_ws/src/turtlebot3/turtlebot3_node -DCMAKE_INSTALL_PREFIX=/home/turtlebot/robot_ws/install/turtlebot3_node
[3.252s] Invoking command in '/home/turtlebot/robot_ws/build/turtlebot3_node': AMENT_PREFIX_PATH=/home/turtlebot/robot_ws/install/turtlebot3_msgs:${AMENT_PREFIX_PATH} CMAKE_PREFIX_PATH=/home/turtlebot/robot_ws/install/turtlebot3_msgs:/opt/ros/foxy LD_LIBRARY_PATH=/home/turtlebot/robot_ws/install/turtlebot3_msgs/lib:${LD_LIBRARY_PATH} PYTHONPATH=/home/turtlebot/robot_ws/install/turtlebot3_msgs/lib/python3.8/site-packages:${PYTHONPATH} /usr/bin/cmake --build /home/turtlebot/robot_ws/build/turtlebot3_node -- -j2 -l2
[3.293s] [35m[1mScanning dependencies of target turtlebot3_node_lib[0m
[3.368s] [  7%] [32mBuilding CXX object CMakeFiles/turtlebot3_node_lib.dir/src/devices/motor_power.cpp.o[0m
[3.393s] [ 14%] [32mBuilding CXX object CMakeFiles/turtlebot3_node_lib.dir/src/devices/sound.cpp.o[0m
[7.521s] [ 21%] [32mBuilding CXX object CMakeFiles/turtlebot3_node_lib.dir/src/devices/reset.cpp.o[0m
[10.345s] [ 28%] [32mBuilding CXX object CMakeFiles/turtlebot3_node_lib.dir/src/diff_drive_controller.cpp.o[0m
[12.054s] [ 35%] [32mBuilding CXX object CMakeFiles/turtlebot3_node_lib.dir/src/dynamixel_sdk_wrapper.cpp.o[0m
[12.395s] [ 42%] [32mBuilding CXX object CMakeFiles/turtlebot3_node_lib.dir/src/odometry.cpp.o[0m
[20.876s] [ 50%] [32mBuilding CXX object CMakeFiles/turtlebot3_node_lib.dir/src/turtlebot3.cpp.o[0m
[22.886s] [ 57%] [32mBuilding CXX object CMakeFiles/turtlebot3_node_lib.dir/src/sensors/battery_state.cpp.o[0m
[25.249s] [ 64%] [32mBuilding CXX object CMakeFiles/turtlebot3_node_lib.dir/src/sensors/imu.cpp.o[0m
[26.649s] [ 71%] [32mBuilding CXX object CMakeFiles/turtlebot3_node_lib.dir/src/sensors/joint_state.cpp.o[0m
[27.952s] [ 78%] [32mBuilding CXX object CMakeFiles/turtlebot3_node_lib.dir/src/sensors/sensor_state.cpp.o[0m
[30.339s] [ 85%] [32m[1mLinking CXX static library libturtlebot3_node_lib.a[0m
[30.566s] [ 85%] Built target turtlebot3_node_lib
[30.574s] [35m[1mScanning dependencies of target turtlebot3_ros[0m
[30.607s] [ 92%] [32mBuilding CXX object CMakeFiles/turtlebot3_ros.dir/src/node_main.cpp.o[0m
[32.413s] [100%] [32m[1mLinking CXX executable turtlebot3_ros[0m
[33.190s] [100%] Built target turtlebot3_ros
