[0.047s] Invoking command in '/home/turtlebot/nav2_ws/build/nav2_lifecycle_manager': AMENT_PREFIX_PATH=/home/turtlebot/nav2_ws/install/nav2_util:/home/turtlebot/nav2_ws/install/nav2_msgs:/home/turtlebot/nav2_ws/install/nav2_common:${AMENT_PREFIX_PATH} CMAKE_PREFIX_PATH=/home/turtlebot/nav2_ws/install/nav2_util:/home/turtlebot/nav2_ws/install/nav2_msgs:/home/turtlebot/nav2_ws/install/nav2_common:/home/turtlebot/robot_ws/install/turtlebot3:/home/turtlebot/robot_ws/install/nav2_example:/home/turtlebot/robot_ws/install/my_package:/home/turtlebot/robot_ws/install/my_navigation_pkg:/home/turtlebot/robot_ws/install/forward1:/opt/ros/foxy LD_LIBRARY_PATH=/home/turtlebot/nav2_ws/install/nav2_util/lib:/home/turtlebot/nav2_ws/install/nav2_msgs/lib:${LD_LIBRARY_PATH} PYTHONPATH=/home/turtlebot/nav2_ws/install/nav2_msgs/lib/python3.8/site-packages:/home/turtlebot/nav2_ws/install/nav2_common/lib/python3.8/site-packages:${PYTHONPATH} /usr/bin/cmake /home/turtlebot/nav2_ws/src/navigation2/nav2_lifecycle_manager -DAMENT_CMAKE_SYMLINK_INSTALL=1 -DCMAKE_INSTALL_PREFIX=/home/turtlebot/nav2_ws/install/nav2_lifecycle_manager
[0.135s] -- The C compiler identification is GNU 9.4.0
[0.220s] -- The CXX compiler identification is GNU 9.4.0
[0.229s] -- Check for working C compiler: /usr/bin/cc
[0.345s] -- Check for working C compiler: /usr/bin/cc -- works
[0.347s] -- Detecting C compiler ABI info
[0.463s] -- Detecting C compiler ABI info - done
[0.482s] -- Detecting C compile features
[0.483s] -- Detecting C compile features - done
[0.486s] -- Check for working CXX compiler: /usr/bin/c++
[0.619s] -- Check for working CXX compiler: /usr/bin/c++ -- works
[0.622s] -- Detecting CXX compiler ABI info
[0.762s] -- Detecting CXX compiler ABI info - done
[0.781s] -- Detecting CXX compile features
[0.782s] -- Detecting CXX compile features - done
[0.785s] -- Found ament_cmake: 0.9.11 (/opt/ros/foxy/share/ament_cmake/cmake)
[0.853s] -- Found PythonInterp: /usr/bin/python3 (found suitable version "3.8.10", minimum required is "3") 
[0.854s] -- Using PYTHON_EXECUTABLE: /usr/bin/python3
[1.172s] -- Override CMake install command with custom implementation using symlinks instead of copying resources
[1.210s] -- Found geometry_msgs: 2.0.5 (/opt/ros/foxy/share/geometry_msgs/cmake)
[1.259s] -- Using all available rosidl_typesupport_c: rosidl_typesupport_fastrtps_c;rosidl_typesupport_introspection_c
[1.271s] -- Found rosidl_adapter: 1.3.0 (/opt/ros/foxy/share/rosidl_adapter/cmake)
[1.384s] -- Found OpenSSL: /usr/lib/x86_64-linux-gnu/libcrypto.so (found version "1.1.1f")  
[1.422s] -- Found FastRTPS: /opt/ros/foxy/include  
[1.539s] -- Using all available rosidl_typesupport_cpp: rosidl_typesupport_fastrtps_cpp;rosidl_typesupport_introspection_cpp
[1.672s] -- Found lifecycle_msgs: 1.0.0 (/opt/ros/foxy/share/lifecycle_msgs/cmake)
[1.689s] -- Found nav2_common: 0.4.7 (/home/turtlebot/nav2_ws/install/nav2_common/share/nav2_common/cmake)
[1.690s] -- Found nav2_msgs: 0.4.7 (/home/turtlebot/nav2_ws/install/nav2_msgs/share/nav2_msgs/cmake)
[2.227s] -- Found nav2_util: 0.4.7 (/home/turtlebot/nav2_ws/install/nav2_util/share/nav2_util/cmake)
[2.387s] -- Found rmw_implementation_cmake: 1.0.4 (/opt/ros/foxy/share/rmw_implementation_cmake/cmake)
[2.390s] -- Using RMW implementation 'rmw_fastrtps_cpp' as default
[2.391s] -- Looking for pthread.h
[2.527s] -- Looking for pthread.h - found
[2.528s] -- Performing Test CMAKE_HAVE_LIBC_PTHREAD
[2.651s] -- Performing Test CMAKE_HAVE_LIBC_PTHREAD - Failed
[2.652s] -- Looking for pthread_create in pthreads
[2.745s] -- Looking for pthread_create in pthreads - not found
[2.746s] -- Looking for pthread_create in pthread
[2.862s] -- Looking for pthread_create in pthread - found
[2.864s] -- Found Threads: TRUE  
[3.564s] -- Found eigen3_cmake_module: 0.1.1 (/opt/ros/foxy/share/eigen3_cmake_module/cmake)
[3.569s] -- Found Eigen3: TRUE (found version "3.3.7") 
[3.793s] -- Found std_srvs: 2.0.5 (/opt/ros/foxy/share/std_srvs/cmake)
[3.806s] -- Setting build type to Release as none was specified.
[4.194s] -- Found ament_lint_auto: 0.9.8 (/opt/ros/foxy/share/ament_lint_auto/cmake)
[4.313s] -- Found ament_cmake_gtest: 0.9.11 (/opt/ros/foxy/share/ament_cmake_gtest/cmake)
[4.316s] -- Found ament_cmake_pytest: 0.9.11 (/opt/ros/foxy/share/ament_cmake_pytest/cmake)
[4.323s] -- Found gtest sources under '/opt/ros/foxy/src/gtest_vendor': C++ tests using 'Google Test' will be built
[4.327s] -- Check if compiler accepts -pthread
[4.458s] -- Check if compiler accepts -pthread - yes
[4.697s] -- Added test 'copyright' to check source files copyright and LICENSE
[4.699s] -- Added test 'cppcheck' to perform static code analysis on C / C++ code
[4.700s] -- Configured cppcheck include dirs: /home/turtlebot/nav2_ws/src/navigation2/nav2_lifecycle_manager/include
[4.700s] -- Configured cppcheck exclude dirs and/or files: 
[4.702s] -- Added test 'cpplint' to check C / C++ code against the Google style
[4.702s] -- Configured cpplint exclude dirs and/or files: 
[4.703s] -- Added test 'flake8' to check Python code syntax and style conventions
[4.704s] -- Added test 'lint_cmake' to check CMake code style
[4.705s] -- Added test 'pep257' to check Python code against some of the style conventions in PEP 257
[4.707s] -- Added test 'uncrustify' to check C / C++ code style
[4.707s] -- Configured uncrustify additional arguments: 
[4.708s] -- Added test 'xmllint' to check XML markup files
[4.718s] -- Configuring done
[4.870s] -- Generating done
[4.874s] -- Build files have been written to: /home/turtlebot/nav2_ws/build/nav2_lifecycle_manager
[4.897s] Invoked command in '/home/turtlebot/nav2_ws/build/nav2_lifecycle_manager' returned '0': AMENT_PREFIX_PATH=/home/turtlebot/nav2_ws/install/nav2_util:/home/turtlebot/nav2_ws/install/nav2_msgs:/home/turtlebot/nav2_ws/install/nav2_common:${AMENT_PREFIX_PATH} CMAKE_PREFIX_PATH=/home/turtlebot/nav2_ws/install/nav2_util:/home/turtlebot/nav2_ws/install/nav2_msgs:/home/turtlebot/nav2_ws/install/nav2_common:/home/turtlebot/robot_ws/install/turtlebot3:/home/turtlebot/robot_ws/install/nav2_example:/home/turtlebot/robot_ws/install/my_package:/home/turtlebot/robot_ws/install/my_navigation_pkg:/home/turtlebot/robot_ws/install/forward1:/opt/ros/foxy LD_LIBRARY_PATH=/home/turtlebot/nav2_ws/install/nav2_util/lib:/home/turtlebot/nav2_ws/install/nav2_msgs/lib:${LD_LIBRARY_PATH} PYTHONPATH=/home/turtlebot/nav2_ws/install/nav2_msgs/lib/python3.8/site-packages:/home/turtlebot/nav2_ws/install/nav2_common/lib/python3.8/site-packages:${PYTHONPATH} /usr/bin/cmake /home/turtlebot/nav2_ws/src/navigation2/nav2_lifecycle_manager -DAMENT_CMAKE_SYMLINK_INSTALL=1 -DCMAKE_INSTALL_PREFIX=/home/turtlebot/nav2_ws/install/nav2_lifecycle_manager
[4.899s] Invoking command in '/home/turtlebot/nav2_ws/build/nav2_lifecycle_manager': AMENT_PREFIX_PATH=/home/turtlebot/nav2_ws/install/nav2_util:/home/turtlebot/nav2_ws/install/nav2_msgs:/home/turtlebot/nav2_ws/install/nav2_common:${AMENT_PREFIX_PATH} CMAKE_PREFIX_PATH=/home/turtlebot/nav2_ws/install/nav2_util:/home/turtlebot/nav2_ws/install/nav2_msgs:/home/turtlebot/nav2_ws/install/nav2_common:/home/turtlebot/robot_ws/install/turtlebot3:/home/turtlebot/robot_ws/install/nav2_example:/home/turtlebot/robot_ws/install/my_package:/home/turtlebot/robot_ws/install/my_navigation_pkg:/home/turtlebot/robot_ws/install/forward1:/opt/ros/foxy LD_LIBRARY_PATH=/home/turtlebot/nav2_ws/install/nav2_util/lib:/home/turtlebot/nav2_ws/install/nav2_msgs/lib:${LD_LIBRARY_PATH} PYTHONPATH=/home/turtlebot/nav2_ws/install/nav2_msgs/lib/python3.8/site-packages:/home/turtlebot/nav2_ws/install/nav2_common/lib/python3.8/site-packages:${PYTHONPATH} /usr/bin/cmake --build /home/turtlebot/nav2_ws/build/nav2_lifecycle_manager -- -j2 -l2
[4.981s] [35m[1mScanning dependencies of target nav2_lifecycle_manager_core[0m
[5.050s] [  9%] [32mBuilding CXX object CMakeFiles/nav2_lifecycle_manager_core.dir/src/lifecycle_manager.cpp.o[0m
[14.940s] [ 18%] [32mBuilding CXX object CMakeFiles/nav2_lifecycle_manager_core.dir/src/lifecycle_manager_client.cpp.o[0m
[28.296s] [ 27%] [32m[1mLinking CXX shared library libnav2_lifecycle_manager_core.so[0m
[28.502s] [ 27%] Built target nav2_lifecycle_manager_core
[28.516s] [35m[1mScanning dependencies of target gtest[0m
[28.540s] [ 36%] [32mBuilding CXX object gtest/CMakeFiles/gtest.dir/src/gtest-all.cc.o[0m
[39.185s] [ 45%] [32m[1mLinking CXX static library libgtest.a[0m
[39.241s] [ 45%] Built target gtest
[39.256s] [35m[1mScanning dependencies of target gtest_main[0m
[39.277s] [ 54%] [32mBuilding CXX object gtest/CMakeFiles/gtest_main.dir/src/gtest_main.cc.o[0m
[40.284s] [ 63%] [32m[1mLinking CXX static library libgtest_main.a[0m
[40.331s] [ 63%] Built target gtest_main
[40.346s] [35m[1mScanning dependencies of target lifecycle_manager[0m
[40.401s] [ 72%] [32mBuilding CXX object CMakeFiles/lifecycle_manager.dir/src/main.cpp.o[0m
[42.942s] [ 81%] [32m[1mLinking CXX executable lifecycle_manager[0m
[43.164s] [ 81%] Built target lifecycle_manager
[43.180s] [35m[1mScanning dependencies of target test_lifecycle_gtest[0m
[43.258s] [ 90%] [32mBuilding CXX object test/CMakeFiles/test_lifecycle_gtest.dir/test_lifecycle_manager.cpp.o[0m
[47.792s] [100%] [32m[1mLinking CXX executable test_lifecycle_gtest[0m
[48.505s] [100%] Built target test_lifecycle_gtest
[48.553s] Invoked command in '/home/turtlebot/nav2_ws/build/nav2_lifecycle_manager' returned '0': AMENT_PREFIX_PATH=/home/turtlebot/nav2_ws/install/nav2_util:/home/turtlebot/nav2_ws/install/nav2_msgs:/home/turtlebot/nav2_ws/install/nav2_common:${AMENT_PREFIX_PATH} CMAKE_PREFIX_PATH=/home/turtlebot/nav2_ws/install/nav2_util:/home/turtlebot/nav2_ws/install/nav2_msgs:/home/turtlebot/nav2_ws/install/nav2_common:/home/turtlebot/robot_ws/install/turtlebot3:/home/turtlebot/robot_ws/install/nav2_example:/home/turtlebot/robot_ws/install/my_package:/home/turtlebot/robot_ws/install/my_navigation_pkg:/home/turtlebot/robot_ws/install/forward1:/opt/ros/foxy LD_LIBRARY_PATH=/home/turtlebot/nav2_ws/install/nav2_util/lib:/home/turtlebot/nav2_ws/install/nav2_msgs/lib:${LD_LIBRARY_PATH} PYTHONPATH=/home/turtlebot/nav2_ws/install/nav2_msgs/lib/python3.8/site-packages:/home/turtlebot/nav2_ws/install/nav2_common/lib/python3.8/site-packages:${PYTHONPATH} /usr/bin/cmake --build /home/turtlebot/nav2_ws/build/nav2_lifecycle_manager -- -j2 -l2
[48.666s] Invoking command in '/home/turtlebot/nav2_ws/build/nav2_lifecycle_manager': AMENT_PREFIX_PATH=/home/turtlebot/nav2_ws/install/nav2_util:/home/turtlebot/nav2_ws/install/nav2_msgs:/home/turtlebot/nav2_ws/install/nav2_common:${AMENT_PREFIX_PATH} CMAKE_PREFIX_PATH=/home/turtlebot/nav2_ws/install/nav2_util:/home/turtlebot/nav2_ws/install/nav2_msgs:/home/turtlebot/nav2_ws/install/nav2_common:/home/turtlebot/robot_ws/install/turtlebot3:/home/turtlebot/robot_ws/install/nav2_example:/home/turtlebot/robot_ws/install/my_package:/home/turtlebot/robot_ws/install/my_navigation_pkg:/home/turtlebot/robot_ws/install/forward1:/opt/ros/foxy LD_LIBRARY_PATH=/home/turtlebot/nav2_ws/install/nav2_util/lib:/home/turtlebot/nav2_ws/install/nav2_msgs/lib:${LD_LIBRARY_PATH} PYTHONPATH=/home/turtlebot/nav2_ws/install/nav2_msgs/lib/python3.8/site-packages:/home/turtlebot/nav2_ws/install/nav2_common/lib/python3.8/site-packages:${PYTHONPATH} /usr/bin/cmake --install /home/turtlebot/nav2_ws/build/nav2_lifecycle_manager
[48.715s] -- Install configuration: "Release"
[48.718s] -- Execute custom install script
[48.720s] -- Symlinking: /home/turtlebot/nav2_ws/install/nav2_lifecycle_manager/lib/libnav2_lifecycle_manager_core.so
[48.757s] -- Symlinking: /home/turtlebot/nav2_ws/install/nav2_lifecycle_manager/lib/nav2_lifecycle_manager/lifecycle_manager
[48.796s] -- Symlinking: /home/turtlebot/nav2_ws/install/nav2_lifecycle_manager/include//nav2_lifecycle_manager/lifecycle_manager.hpp
[48.835s] -- Symlinking: /home/turtlebot/nav2_ws/install/nav2_lifecycle_manager/include//nav2_lifecycle_manager/lifecycle_manager_client.hpp
[48.870s] -- Symlinking: /home/turtlebot/nav2_ws/install/nav2_lifecycle_manager/share/nav2_lifecycle_manager/environment/library_path.sh
[48.909s] -- Symlinking: /home/turtlebot/nav2_ws/install/nav2_lifecycle_manager/share/nav2_lifecycle_manager/environment/library_path.dsv
[48.943s] -- Symlinking: /home/turtlebot/nav2_ws/install/nav2_lifecycle_manager/share/ament_index/resource_index/package_run_dependencies/nav2_lifecycle_manager
[48.982s] -- Symlinking: /home/turtlebot/nav2_ws/install/nav2_lifecycle_manager/share/ament_index/resource_index/parent_prefix_path/nav2_lifecycle_manager
[49.021s] -- Symlinking: /home/turtlebot/nav2_ws/install/nav2_lifecycle_manager/share/nav2_lifecycle_manager/environment/ament_prefix_path.sh
[49.052s] -- Symlinking: /home/turtlebot/nav2_ws/install/nav2_lifecycle_manager/share/nav2_lifecycle_manager/environment/ament_prefix_path.dsv
[49.089s] -- Symlinking: /home/turtlebot/nav2_ws/install/nav2_lifecycle_manager/share/nav2_lifecycle_manager/environment/path.sh
[49.127s] -- Symlinking: /home/turtlebot/nav2_ws/install/nav2_lifecycle_manager/share/nav2_lifecycle_manager/environment/path.dsv
[49.163s] -- Symlinking: /home/turtlebot/nav2_ws/install/nav2_lifecycle_manager/share/nav2_lifecycle_manager/local_setup.bash
[49.199s] -- Symlinking: /home/turtlebot/nav2_ws/install/nav2_lifecycle_manager/share/nav2_lifecycle_manager/local_setup.sh
[49.238s] -- Symlinking: /home/turtlebot/nav2_ws/install/nav2_lifecycle_manager/share/nav2_lifecycle_manager/local_setup.zsh
[49.275s] -- Symlinking: /home/turtlebot/nav2_ws/install/nav2_lifecycle_manager/share/nav2_lifecycle_manager/local_setup.dsv
[49.315s] -- Symlinking: /home/turtlebot/nav2_ws/install/nav2_lifecycle_manager/share/nav2_lifecycle_manager/package.dsv
[49.350s] -- Symlinking: /home/turtlebot/nav2_ws/install/nav2_lifecycle_manager/share/ament_index/resource_index/packages/nav2_lifecycle_manager
[49.387s] -- Symlinking: /home/turtlebot/nav2_ws/install/nav2_lifecycle_manager/share/nav2_lifecycle_manager/cmake/ament_cmake_export_include_directories-extras.cmake
[49.425s] -- Symlinking: /home/turtlebot/nav2_ws/install/nav2_lifecycle_manager/share/nav2_lifecycle_manager/cmake/ament_cmake_export_libraries-extras.cmake
[49.460s] -- Symlinking: /home/turtlebot/nav2_ws/install/nav2_lifecycle_manager/share/nav2_lifecycle_manager/cmake/ament_cmake_export_dependencies-extras.cmake
[49.498s] -- Symlinking: /home/turtlebot/nav2_ws/install/nav2_lifecycle_manager/share/nav2_lifecycle_manager/cmake/nav2_lifecycle_managerConfig.cmake
[49.536s] -- Symlinking: /home/turtlebot/nav2_ws/install/nav2_lifecycle_manager/share/nav2_lifecycle_manager/cmake/nav2_lifecycle_managerConfig-version.cmake
[49.572s] -- Symlinking: /home/turtlebot/nav2_ws/install/nav2_lifecycle_manager/share/nav2_lifecycle_manager/package.xml
[49.625s] Invoked command in '/home/turtlebot/nav2_ws/build/nav2_lifecycle_manager' returned '0': AMENT_PREFIX_PATH=/home/turtlebot/nav2_ws/install/nav2_util:/home/turtlebot/nav2_ws/install/nav2_msgs:/home/turtlebot/nav2_ws/install/nav2_common:${AMENT_PREFIX_PATH} CMAKE_PREFIX_PATH=/home/turtlebot/nav2_ws/install/nav2_util:/home/turtlebot/nav2_ws/install/nav2_msgs:/home/turtlebot/nav2_ws/install/nav2_common:/home/turtlebot/robot_ws/install/turtlebot3:/home/turtlebot/robot_ws/install/nav2_example:/home/turtlebot/robot_ws/install/my_package:/home/turtlebot/robot_ws/install/my_navigation_pkg:/home/turtlebot/robot_ws/install/forward1:/opt/ros/foxy LD_LIBRARY_PATH=/home/turtlebot/nav2_ws/install/nav2_util/lib:/home/turtlebot/nav2_ws/install/nav2_msgs/lib:${LD_LIBRARY_PATH} PYTHONPATH=/home/turtlebot/nav2_ws/install/nav2_msgs/lib/python3.8/site-packages:/home/turtlebot/nav2_ws/install/nav2_common/lib/python3.8/site-packages:${PYTHONPATH} /usr/bin/cmake --install /home/turtlebot/nav2_ws/build/nav2_lifecycle_manager
