running develop
running egg_info
creating my_navigation_pkg.egg-info
writing my_navigation_pkg.egg-info/PKG-INFO
writing dependency_links to my_navigation_pkg.egg-info/dependency_links.txt
writing entry points to my_navigation_pkg.egg-info/entry_points.txt
writing requirements to my_navigation_pkg.egg-info/requires.txt
writing top-level names to my_navigation_pkg.egg-info/top_level.txt
writing manifest file 'my_navigation_pkg.egg-info/SOURCES.txt'
reading manifest file 'my_navigation_pkg.egg-info/SOURCES.txt'
writing manifest file 'my_navigation_pkg.egg-info/SOURCES.txt'
running build_ext
Creating /home/turtlebot/robot_ws/install/my_navigation_pkg/lib/python3.8/site-packages/site.py
Creating /home/turtlebot/robot_ws/install/my_navigation_pkg/lib/python3.8/site-packages/my-navigation-pkg.egg-link (link to .)
Installing my_navigation_node script to /home/turtlebot/robot_ws/install/my_navigation_pkg/lib/my_navigation_pkg

Installed /home/turtlebot/robot_ws/build/my_navigation_pkg
running install_data
creating /home/turtlebot/robot_ws/install/my_navigation_pkg/share/ament_index
creating /home/turtlebot/robot_ws/install/my_navigation_pkg/share/ament_index/resource_index
creating /home/turtlebot/robot_ws/install/my_navigation_pkg/share/ament_index/resource_index/packages
copying resource/my_navigation_pkg -> /home/turtlebot/robot_ws/install/my_navigation_pkg/share/ament_index/resource_index/packages
copying package.xml -> /home/turtlebot/robot_ws/install/my_navigation_pkg/share/my_navigation_pkg
