[0.057s] Invoking command in '/home/turtlebot/nav2_ws/build/nav_2d_utils': AMENT_PREFIX_PATH=/home/turtlebot/nav2_ws/install/nav2_util:/home/turtlebot/nav2_ws/install/nav2_msgs:/home/turtlebot/nav2_ws/install/nav_2d_msgs:/home/turtlebot/nav2_ws/install/nav2_common:${AMENT_PREFIX_PATH} CMAKE_PREFIX_PATH=/home/turtlebot/nav2_ws/install/nav2_util:/home/turtlebot/nav2_ws/install/nav2_msgs:/home/turtlebot/nav2_ws/install/nav_2d_msgs:/home/turtlebot/nav2_ws/install/nav2_common:/home/turtlebot/robot_ws/install/turtlebot3:/home/turtlebot/robot_ws/install/nav2_example:/home/turtlebot/robot_ws/install/my_package:/home/turtlebot/robot_ws/install/my_navigation_pkg:/home/turtlebot/robot_ws/install/forward1:/opt/ros/foxy LD_LIBRARY_PATH=/home/turtlebot/nav2_ws/install/nav2_util/lib:/home/turtlebot/nav2_ws/install/nav2_msgs/lib:/home/turtlebot/nav2_ws/install/nav_2d_msgs/lib:${LD_LIBRARY_PATH} PYTHONPATH=/home/turtlebot/nav2_ws/install/nav2_msgs/lib/python3.8/site-packages:/home/turtlebot/nav2_ws/install/nav_2d_msgs/lib/python3.8/site-packages:/home/turtlebot/nav2_ws/install/nav2_common/lib/python3.8/site-packages:${PYTHONPATH} /usr/bin/cmake /home/turtlebot/nav2_ws/src/navigation2/nav2_dwb_controller/nav_2d_utils -DAMENT_CMAKE_SYMLINK_INSTALL=1 -DCMAKE_INSTALL_PREFIX=/home/turtlebot/nav2_ws/install/nav_2d_utils
[0.164s] -- The C compiler identification is GNU 9.4.0
[0.244s] -- The CXX compiler identification is GNU 9.4.0
[0.250s] -- Check for working C compiler: /usr/bin/cc
[0.358s] -- Check for working C compiler: /usr/bin/cc -- works
[0.359s] -- Detecting C compiler ABI info
[0.472s] -- Detecting C compiler ABI info - done
[0.490s] -- Detecting C compile features
[0.491s] -- Detecting C compile features - done
[0.495s] -- Check for working CXX compiler: /usr/bin/c++
[0.618s] -- Check for working CXX compiler: /usr/bin/c++ -- works
[0.621s] -- Detecting CXX compiler ABI info
[0.731s] -- Detecting CXX compiler ABI info - done
[0.748s] -- Detecting CXX compile features
[0.749s] -- Detecting CXX compile features - done
[0.753s] -- Found ament_cmake: 0.9.11 (/opt/ros/foxy/share/ament_cmake/cmake)
[0.804s] -- Found PythonInterp: /usr/bin/python3 (found suitable version "3.8.10", minimum required is "3") 
[0.804s] -- Using PYTHON_EXECUTABLE: /usr/bin/python3
[1.069s] -- Override CMake install command with custom implementation using symlinks instead of copying resources
[1.107s] -- Found nav2_common: 0.4.7 (/home/turtlebot/nav2_ws/install/nav2_common/share/nav2_common/cmake)
[1.109s] -- Found geometry_msgs: 2.0.5 (/opt/ros/foxy/share/geometry_msgs/cmake)
[1.159s] -- Using all available rosidl_typesupport_c: rosidl_typesupport_fastrtps_c;rosidl_typesupport_introspection_c
[1.170s] -- Found rosidl_adapter: 1.3.0 (/opt/ros/foxy/share/rosidl_adapter/cmake)
[1.277s] -- Found OpenSSL: /usr/lib/x86_64-linux-gnu/libcrypto.so (found version "1.1.1f")  
[1.316s] -- Found FastRTPS: /opt/ros/foxy/include  
[1.507s] -- Using all available rosidl_typesupport_cpp: rosidl_typesupport_fastrtps_cpp;rosidl_typesupport_introspection_cpp
[1.645s] -- Found nav_2d_msgs: 0.4.7 (/home/turtlebot/nav2_ws/install/nav_2d_msgs/share/nav_2d_msgs/cmake)
[1.762s] -- Found nav_msgs: 2.0.5 (/opt/ros/foxy/share/nav_msgs/cmake)
[1.882s] -- Found rclcpp: 2.4.2 (/opt/ros/foxy/share/rclcpp/cmake)
[1.963s] -- Found rmw_implementation_cmake: 1.0.4 (/opt/ros/foxy/share/rmw_implementation_cmake/cmake)
[1.966s] -- Using RMW implementation 'rmw_fastrtps_cpp' as default
[1.968s] -- Looking for pthread.h
[2.092s] -- Looking for pthread.h - found
[2.093s] -- Performing Test CMAKE_HAVE_LIBC_PTHREAD
[2.202s] -- Performing Test CMAKE_HAVE_LIBC_PTHREAD - Failed
[2.202s] -- Looking for pthread_create in pthreads
[2.287s] -- Looking for pthread_create in pthreads - not found
[2.287s] -- Looking for pthread_create in pthread
[2.401s] -- Looking for pthread_create in pthread - found
[2.403s] -- Found Threads: TRUE  
[2.626s] -- Found tf2: 0.13.14 (/opt/ros/foxy/share/tf2/cmake)
[2.644s] -- Found tf2_geometry_msgs: 0.13.14 (/opt/ros/foxy/share/tf2_geometry_msgs/cmake)
[2.657s] -- Found eigen3_cmake_module: 0.1.1 (/opt/ros/foxy/share/eigen3_cmake_module/cmake)
[2.662s] -- Found Eigen3: TRUE (found version "3.3.7") 
[3.289s] -- Found nav2_msgs: 0.4.7 (/home/turtlebot/nav2_ws/install/nav2_msgs/share/nav2_msgs/cmake)
[3.629s] -- Found nav2_util: 0.4.7 (/home/turtlebot/nav2_ws/install/nav2_util/share/nav2_util/cmake)
[3.885s] -- Setting build type to Release as none was specified.
[4.335s] -- Found ament_lint_auto: 0.9.8 (/opt/ros/foxy/share/ament_lint_auto/cmake)
[4.464s] -- Added test 'cppcheck' to perform static code analysis on C / C++ code
[4.465s] -- Configured cppcheck include dirs: /home/turtlebot/nav2_ws/src/navigation2/nav2_dwb_controller/nav_2d_utils/include
[4.465s] -- Configured cppcheck exclude dirs and/or files: 
[4.467s] -- Added test 'cpplint' to check C / C++ code against the Google style
[4.468s] -- Configured cpplint exclude dirs and/or files: 
[4.469s] -- Added test 'lint_cmake' to check CMake code style
[4.471s] -- Added test 'uncrustify' to check C / C++ code style
[4.471s] -- Configured uncrustify additional arguments: 
[4.472s] -- Added test 'xmllint' to check XML markup files
[4.481s] -- Configuring done
[4.598s] -- Generating done
[4.601s] -- Build files have been written to: /home/turtlebot/nav2_ws/build/nav_2d_utils
[4.618s] Invoked command in '/home/turtlebot/nav2_ws/build/nav_2d_utils' returned '0': AMENT_PREFIX_PATH=/home/turtlebot/nav2_ws/install/nav2_util:/home/turtlebot/nav2_ws/install/nav2_msgs:/home/turtlebot/nav2_ws/install/nav_2d_msgs:/home/turtlebot/nav2_ws/install/nav2_common:${AMENT_PREFIX_PATH} CMAKE_PREFIX_PATH=/home/turtlebot/nav2_ws/install/nav2_util:/home/turtlebot/nav2_ws/install/nav2_msgs:/home/turtlebot/nav2_ws/install/nav_2d_msgs:/home/turtlebot/nav2_ws/install/nav2_common:/home/turtlebot/robot_ws/install/turtlebot3:/home/turtlebot/robot_ws/install/nav2_example:/home/turtlebot/robot_ws/install/my_package:/home/turtlebot/robot_ws/install/my_navigation_pkg:/home/turtlebot/robot_ws/install/forward1:/opt/ros/foxy LD_LIBRARY_PATH=/home/turtlebot/nav2_ws/install/nav2_util/lib:/home/turtlebot/nav2_ws/install/nav2_msgs/lib:/home/turtlebot/nav2_ws/install/nav_2d_msgs/lib:${LD_LIBRARY_PATH} PYTHONPATH=/home/turtlebot/nav2_ws/install/nav2_msgs/lib/python3.8/site-packages:/home/turtlebot/nav2_ws/install/nav_2d_msgs/lib/python3.8/site-packages:/home/turtlebot/nav2_ws/install/nav2_common/lib/python3.8/site-packages:${PYTHONPATH} /usr/bin/cmake /home/turtlebot/nav2_ws/src/navigation2/nav2_dwb_controller/nav_2d_utils -DAMENT_CMAKE_SYMLINK_INSTALL=1 -DCMAKE_INSTALL_PREFIX=/home/turtlebot/nav2_ws/install/nav_2d_utils
[4.620s] Invoking command in '/home/turtlebot/nav2_ws/build/nav_2d_utils': AMENT_PREFIX_PATH=/home/turtlebot/nav2_ws/install/nav2_util:/home/turtlebot/nav2_ws/install/nav2_msgs:/home/turtlebot/nav2_ws/install/nav_2d_msgs:/home/turtlebot/nav2_ws/install/nav2_common:${AMENT_PREFIX_PATH} CMAKE_PREFIX_PATH=/home/turtlebot/nav2_ws/install/nav2_util:/home/turtlebot/nav2_ws/install/nav2_msgs:/home/turtlebot/nav2_ws/install/nav_2d_msgs:/home/turtlebot/nav2_ws/install/nav2_common:/home/turtlebot/robot_ws/install/turtlebot3:/home/turtlebot/robot_ws/install/nav2_example:/home/turtlebot/robot_ws/install/my_package:/home/turtlebot/robot_ws/install/my_navigation_pkg:/home/turtlebot/robot_ws/install/forward1:/opt/ros/foxy LD_LIBRARY_PATH=/home/turtlebot/nav2_ws/install/nav2_util/lib:/home/turtlebot/nav2_ws/install/nav2_msgs/lib:/home/turtlebot/nav2_ws/install/nav_2d_msgs/lib:${LD_LIBRARY_PATH} PYTHONPATH=/home/turtlebot/nav2_ws/install/nav2_msgs/lib/python3.8/site-packages:/home/turtlebot/nav2_ws/install/nav_2d_msgs/lib/python3.8/site-packages:/home/turtlebot/nav2_ws/install/nav2_common/lib/python3.8/site-packages:${PYTHONPATH} /usr/bin/cmake --build /home/turtlebot/nav2_ws/build/nav_2d_utils -- -j2 -l2
[4.687s] [35m[1mScanning dependencies of target conversions[0m
[4.717s] [35m[1mScanning dependencies of target path_ops[0m
[4.764s] [ 16%] [32mBuilding CXX object CMakeFiles/path_ops.dir/src/path_ops.cpp.o[0m
[4.786s] [ 33%] [32mBuilding CXX object CMakeFiles/conversions.dir/src/conversions.cpp.o[0m
[5.499s] [ 50%] [32m[1mLinking CXX shared library libpath_ops.so[0m
[6.416s] [ 50%] Built target path_ops
[8.656s] [ 66%] [32m[1mLinking CXX shared library libconversions.so[0m
[8.869s] [ 66%] Built target conversions
[8.887s] [35m[1mScanning dependencies of target tf_help[0m
[8.957s] [ 83%] [32mBuilding CXX object CMakeFiles/tf_help.dir/src/tf_help.cpp.o[0m
[12.082s] [100%] [32m[1mLinking CXX shared library libtf_help.so[0m
[12.281s] [100%] Built target tf_help
[12.299s] Invoked command in '/home/turtlebot/nav2_ws/build/nav_2d_utils' returned '0': AMENT_PREFIX_PATH=/home/turtlebot/nav2_ws/install/nav2_util:/home/turtlebot/nav2_ws/install/nav2_msgs:/home/turtlebot/nav2_ws/install/nav_2d_msgs:/home/turtlebot/nav2_ws/install/nav2_common:${AMENT_PREFIX_PATH} CMAKE_PREFIX_PATH=/home/turtlebot/nav2_ws/install/nav2_util:/home/turtlebot/nav2_ws/install/nav2_msgs:/home/turtlebot/nav2_ws/install/nav_2d_msgs:/home/turtlebot/nav2_ws/install/nav2_common:/home/turtlebot/robot_ws/install/turtlebot3:/home/turtlebot/robot_ws/install/nav2_example:/home/turtlebot/robot_ws/install/my_package:/home/turtlebot/robot_ws/install/my_navigation_pkg:/home/turtlebot/robot_ws/install/forward1:/opt/ros/foxy LD_LIBRARY_PATH=/home/turtlebot/nav2_ws/install/nav2_util/lib:/home/turtlebot/nav2_ws/install/nav2_msgs/lib:/home/turtlebot/nav2_ws/install/nav_2d_msgs/lib:${LD_LIBRARY_PATH} PYTHONPATH=/home/turtlebot/nav2_ws/install/nav2_msgs/lib/python3.8/site-packages:/home/turtlebot/nav2_ws/install/nav_2d_msgs/lib/python3.8/site-packages:/home/turtlebot/nav2_ws/install/nav2_common/lib/python3.8/site-packages:${PYTHONPATH} /usr/bin/cmake --build /home/turtlebot/nav2_ws/build/nav_2d_utils -- -j2 -l2
[12.348s] Invoking command in '/home/turtlebot/nav2_ws/build/nav_2d_utils': AMENT_PREFIX_PATH=/home/turtlebot/nav2_ws/install/nav2_util:/home/turtlebot/nav2_ws/install/nav2_msgs:/home/turtlebot/nav2_ws/install/nav_2d_msgs:/home/turtlebot/nav2_ws/install/nav2_common:${AMENT_PREFIX_PATH} CMAKE_PREFIX_PATH=/home/turtlebot/nav2_ws/install/nav2_util:/home/turtlebot/nav2_ws/install/nav2_msgs:/home/turtlebot/nav2_ws/install/nav_2d_msgs:/home/turtlebot/nav2_ws/install/nav2_common:/home/turtlebot/robot_ws/install/turtlebot3:/home/turtlebot/robot_ws/install/nav2_example:/home/turtlebot/robot_ws/install/my_package:/home/turtlebot/robot_ws/install/my_navigation_pkg:/home/turtlebot/robot_ws/install/forward1:/opt/ros/foxy LD_LIBRARY_PATH=/home/turtlebot/nav2_ws/install/nav2_util/lib:/home/turtlebot/nav2_ws/install/nav2_msgs/lib:/home/turtlebot/nav2_ws/install/nav_2d_msgs/lib:${LD_LIBRARY_PATH} PYTHONPATH=/home/turtlebot/nav2_ws/install/nav2_msgs/lib/python3.8/site-packages:/home/turtlebot/nav2_ws/install/nav_2d_msgs/lib/python3.8/site-packages:/home/turtlebot/nav2_ws/install/nav2_common/lib/python3.8/site-packages:${PYTHONPATH} /usr/bin/cmake --install /home/turtlebot/nav2_ws/build/nav_2d_utils
[12.364s] -- Install configuration: "Release"
[12.365s] -- Execute custom install script
[12.366s] -- Symlinking: /home/turtlebot/nav2_ws/install/nav_2d_utils/lib/libconversions.so
[12.381s] -- Symlinking: /home/turtlebot/nav2_ws/install/nav_2d_utils/lib/libpath_ops.so
[12.396s] -- Symlinking: /home/turtlebot/nav2_ws/install/nav_2d_utils/lib/libtf_help.so
[12.412s] -- Symlinking: /home/turtlebot/nav2_ws/install/nav_2d_utils/include//nav_2d_utils/conversions.hpp
[12.429s] -- Symlinking: /home/turtlebot/nav2_ws/install/nav_2d_utils/include//nav_2d_utils/odom_subscriber.hpp
[12.443s] -- Symlinking: /home/turtlebot/nav2_ws/install/nav_2d_utils/include//nav_2d_utils/parameters.hpp
[12.457s] -- Symlinking: /home/turtlebot/nav2_ws/install/nav_2d_utils/include//nav_2d_utils/path_ops.hpp
[12.471s] -- Symlinking: /home/turtlebot/nav2_ws/install/nav_2d_utils/include//nav_2d_utils/tf_help.hpp
[12.487s] -- Symlinking: /home/turtlebot/nav2_ws/install/nav_2d_utils/share/nav_2d_utils/environment/library_path.sh
[12.501s] -- Symlinking: /home/turtlebot/nav2_ws/install/nav_2d_utils/share/nav_2d_utils/environment/library_path.dsv
[12.516s] -- Symlinking: /home/turtlebot/nav2_ws/install/nav_2d_utils/share/ament_index/resource_index/package_run_dependencies/nav_2d_utils
[12.532s] -- Symlinking: /home/turtlebot/nav2_ws/install/nav_2d_utils/share/ament_index/resource_index/parent_prefix_path/nav_2d_utils
[12.546s] -- Symlinking: /home/turtlebot/nav2_ws/install/nav_2d_utils/share/nav_2d_utils/environment/ament_prefix_path.sh
[12.560s] -- Symlinking: /home/turtlebot/nav2_ws/install/nav_2d_utils/share/nav_2d_utils/environment/ament_prefix_path.dsv
[12.575s] -- Symlinking: /home/turtlebot/nav2_ws/install/nav_2d_utils/share/nav_2d_utils/environment/path.sh
[12.589s] -- Symlinking: /home/turtlebot/nav2_ws/install/nav_2d_utils/share/nav_2d_utils/environment/path.dsv
[12.602s] -- Symlinking: /home/turtlebot/nav2_ws/install/nav_2d_utils/share/nav_2d_utils/local_setup.bash
[12.617s] -- Symlinking: /home/turtlebot/nav2_ws/install/nav_2d_utils/share/nav_2d_utils/local_setup.sh
[12.633s] -- Symlinking: /home/turtlebot/nav2_ws/install/nav_2d_utils/share/nav_2d_utils/local_setup.zsh
[12.647s] -- Symlinking: /home/turtlebot/nav2_ws/install/nav_2d_utils/share/nav_2d_utils/local_setup.dsv
[12.661s] -- Symlinking: /home/turtlebot/nav2_ws/install/nav_2d_utils/share/nav_2d_utils/package.dsv
[12.675s] -- Symlinking: /home/turtlebot/nav2_ws/install/nav_2d_utils/share/ament_index/resource_index/packages/nav_2d_utils
[12.689s] -- Symlinking: /home/turtlebot/nav2_ws/install/nav_2d_utils/share/nav_2d_utils/cmake/ament_cmake_export_include_directories-extras.cmake
[12.702s] -- Symlinking: /home/turtlebot/nav2_ws/install/nav_2d_utils/share/nav_2d_utils/cmake/ament_cmake_export_libraries-extras.cmake
[12.715s] -- Symlinking: /home/turtlebot/nav2_ws/install/nav_2d_utils/share/nav_2d_utils/cmake/ament_cmake_export_dependencies-extras.cmake
[12.729s] -- Symlinking: /home/turtlebot/nav2_ws/install/nav_2d_utils/share/nav_2d_utils/cmake/nav_2d_utilsConfig.cmake
[12.745s] -- Symlinking: /home/turtlebot/nav2_ws/install/nav_2d_utils/share/nav_2d_utils/cmake/nav_2d_utilsConfig-version.cmake
[12.759s] -- Symlinking: /home/turtlebot/nav2_ws/install/nav_2d_utils/share/nav_2d_utils/package.xml
[12.781s] Invoked command in '/home/turtlebot/nav2_ws/build/nav_2d_utils' returned '0': AMENT_PREFIX_PATH=/home/turtlebot/nav2_ws/install/nav2_util:/home/turtlebot/nav2_ws/install/nav2_msgs:/home/turtlebot/nav2_ws/install/nav_2d_msgs:/home/turtlebot/nav2_ws/install/nav2_common:${AMENT_PREFIX_PATH} CMAKE_PREFIX_PATH=/home/turtlebot/nav2_ws/install/nav2_util:/home/turtlebot/nav2_ws/install/nav2_msgs:/home/turtlebot/nav2_ws/install/nav_2d_msgs:/home/turtlebot/nav2_ws/install/nav2_common:/home/turtlebot/robot_ws/install/turtlebot3:/home/turtlebot/robot_ws/install/nav2_example:/home/turtlebot/robot_ws/install/my_package:/home/turtlebot/robot_ws/install/my_navigation_pkg:/home/turtlebot/robot_ws/install/forward1:/opt/ros/foxy LD_LIBRARY_PATH=/home/turtlebot/nav2_ws/install/nav2_util/lib:/home/turtlebot/nav2_ws/install/nav2_msgs/lib:/home/turtlebot/nav2_ws/install/nav_2d_msgs/lib:${LD_LIBRARY_PATH} PYTHONPATH=/home/turtlebot/nav2_ws/install/nav2_msgs/lib/python3.8/site-packages:/home/turtlebot/nav2_ws/install/nav_2d_msgs/lib/python3.8/site-packages:/home/turtlebot/nav2_ws/install/nav2_common/lib/python3.8/site-packages:${PYTHONPATH} /usr/bin/cmake --install /home/turtlebot/nav2_ws/build/nav_2d_utils
