[1.223s] Invoking command in '/home/turtlebot/robot_ws/src/waypoint_navigation/waypoint_navigation': PYTHONPATH=/home/turtlebot/robot_ws/build/waypoint_navigation/prefix_override:/home/turtlebot/robot_ws/install/waypoint_navigation/lib/python3.8/site-packages:${PYTHONPATH} /usr/bin/python3 setup.py egg_info --egg-base ../../../build/waypoint_navigation build --build-base /home/turtlebot/robot_ws/build/waypoint_navigation/build install --record /home/turtlebot/robot_ws/build/waypoint_navigation/install.log --install-scripts $base/lib/waypoint_navigation --single-version-externally-managed
[1.509s] running egg_info
[1.510s] creating ../../../build/waypoint_navigation/waypoint_navigation.egg-info
[1.510s] writing ../../../build/waypoint_navigation/waypoint_navigation.egg-info/PKG-INFO
[1.511s] writing dependency_links to ../../../build/waypoint_navigation/waypoint_navigation.egg-info/dependency_links.txt
[1.511s] writing entry points to ../../../build/waypoint_navigation/waypoint_navigation.egg-info/entry_points.txt
[1.511s] writing requirements to ../../../build/waypoint_navigation/waypoint_navigation.egg-info/requires.txt
[1.511s] writing top-level names to ../../../build/waypoint_navigation/waypoint_navigation.egg-info/top_level.txt
[1.513s] writing manifest file '../../../build/waypoint_navigation/waypoint_navigation.egg-info/SOURCES.txt'
[1.559s] reading manifest file '../../../build/waypoint_navigation/waypoint_navigation.egg-info/SOURCES.txt'
[1.560s] writing manifest file '../../../build/waypoint_navigation/waypoint_navigation.egg-info/SOURCES.txt'
[1.560s] running build
[1.560s] running build_py
[1.560s] creating /home/turtlebot/robot_ws/build/waypoint_navigation/build
[1.560s] creating /home/turtlebot/robot_ws/build/waypoint_navigation/build/lib
[1.561s] creating /home/turtlebot/robot_ws/build/waypoint_navigation/build/lib/waypoint_navigation
[1.561s] copying waypoint_navigation/waypoint_navigation_node.py -> /home/turtlebot/robot_ws/build/waypoint_navigation/build/lib/waypoint_navigation
[1.561s] copying waypoint_navigation/__init__.py -> /home/turtlebot/robot_ws/build/waypoint_navigation/build/lib/waypoint_navigation
[1.561s] running install
[1.562s] running install_lib
[1.563s] creating /home/turtlebot/robot_ws/install/waypoint_navigation/lib/python3.8/site-packages/waypoint_navigation
[1.564s] copying /home/turtlebot/robot_ws/build/waypoint_navigation/build/lib/waypoint_navigation/waypoint_navigation_node.py -> /home/turtlebot/robot_ws/install/waypoint_navigation/lib/python3.8/site-packages/waypoint_navigation
[1.564s] copying /home/turtlebot/robot_ws/build/waypoint_navigation/build/lib/waypoint_navigation/__init__.py -> /home/turtlebot/robot_ws/install/waypoint_navigation/lib/python3.8/site-packages/waypoint_navigation
[1.564s] byte-compiling /home/turtlebot/robot_ws/install/waypoint_navigation/lib/python3.8/site-packages/waypoint_navigation/waypoint_navigation_node.py to waypoint_navigation_node.cpython-38.pyc
[1.567s] byte-compiling /home/turtlebot/robot_ws/install/waypoint_navigation/lib/python3.8/site-packages/waypoint_navigation/__init__.py to __init__.cpython-38.pyc
[1.567s] running install_data
[1.568s] creating /home/turtlebot/robot_ws/install/waypoint_navigation/share/ament_index
[1.568s] creating /home/turtlebot/robot_ws/install/waypoint_navigation/share/ament_index/resource_index
[1.568s] creating /home/turtlebot/robot_ws/install/waypoint_navigation/share/ament_index/resource_index/packages
[1.569s] copying resource/waypoint_navigation -> /home/turtlebot/robot_ws/install/waypoint_navigation/share/ament_index/resource_index/packages
[1.569s] copying package.xml -> /home/turtlebot/robot_ws/install/waypoint_navigation/share/waypoint_navigation
[1.569s] creating /home/turtlebot/robot_ws/install/waypoint_navigation/share/waypoint_navigation/params
[1.569s] copying params/apartamento_leon.yaml -> /home/turtlebot/robot_ws/install/waypoint_navigation/share/waypoint_navigation/params
[1.569s] copying launch/waypoint_navigation.launch.py -> /home/turtlebot/robot_ws/install/waypoint_navigation/share/waypoint_navigation
[1.569s] running install_egg_info
[1.571s] Copying ../../../build/waypoint_navigation/waypoint_navigation.egg-info to /home/turtlebot/robot_ws/install/waypoint_navigation/lib/python3.8/site-packages/waypoint_navigation-0.0.0-py3.8.egg-info
[1.572s] running install_scripts
[1.594s] Installing waypoint_navigation_node script to /home/turtlebot/robot_ws/install/waypoint_navigation/lib/waypoint_navigation
[1.595s] writing list of installed files to '/home/turtlebot/robot_ws/build/waypoint_navigation/install.log'
[1.678s] Invoked command in '/home/turtlebot/robot_ws/src/waypoint_navigation/waypoint_navigation' returned '0': PYTHONPATH=/home/turtlebot/robot_ws/build/waypoint_navigation/prefix_override:/home/turtlebot/robot_ws/install/waypoint_navigation/lib/python3.8/site-packages:${PYTHONPATH} /usr/bin/python3 setup.py egg_info --egg-base ../../../build/waypoint_navigation build --build-base /home/turtlebot/robot_ws/build/waypoint_navigation/build install --record /home/turtlebot/robot_ws/build/waypoint_navigation/install.log --install-scripts $base/lib/waypoint_navigation --single-version-externally-managed
